[1, 3, 4, 5, 7, 8, 9, 11]
                            OLS Regression Results                            
==============================================================================
Dep. Variable:                      y   R-squared:                       0.134
Model:                            OLS   Adj. R-squared:                  0.131
Method:                 Least Squares   F-statistic:                     45.80
Date:                Thu, 06 Dec 2018   Prob (F-statistic):           7.21e-69
Time:                        01:30:58   Log-Likelihood:                -28329.
No. Observations:                2373   AIC:                         5.668e+04
Df Residuals:                    2364   BIC:                         5.673e+04
Df Model:                           8                                         
Covariance Type:            nonrobust                                         
==============================================================================
                 coef    std err          t      P>|t|      [0.025      0.975]
------------------------------------------------------------------------------
const       1.947e+04   2727.259      7.140      0.000    1.41e+04    2.48e+04
x1           516.6093    103.671      4.983      0.000     313.314     719.905
x2           -80.4885     50.384     -1.598      0.110    -179.289      18.312
x3          1.549e+04   1487.518     10.414      0.000    1.26e+04    1.84e+04
x4          2805.4984   1769.721      1.585      0.113    -664.868    6275.864
x5           233.2356   1071.386      0.218      0.828   -1867.718    2334.189
x6         -2.443e+04   2773.279     -8.808      0.000   -2.99e+04    -1.9e+04
x7         -4920.7592   2625.124     -1.874      0.061   -1.01e+04     227.026
x8           392.1134    233.564      1.679      0.093     -65.898     850.124
==============================================================================
Omnibus:                     1269.951   Durbin-Watson:                   1.969
Prob(Omnibus):                  0.000   Jarque-Bera (JB):            10150.481
Skew:                           2.429   Prob(JB):                         0.00
Kurtosis:                      11.892   Cond. No.                         166.
==============================================================================

Warnings:
[1] Standard Errors assume that the covariance matrix of the errors is correctly specified.



