[1, 3, 5, 7, 8, 9, 11]
                            OLS Regression Results                            
==============================================================================
Dep. Variable:                      y   R-squared:                       0.106
Model:                            OLS   Adj. R-squared:                  0.103
Method:                 Least Squares   F-statistic:                     32.83
Date:                Wed, 05 Dec 2018   Prob (F-statistic):           2.28e-43
Time:                        04:59:53   Log-Likelihood:                -23747.
No. Observations:                1950   AIC:                         4.751e+04
Df Residuals:                    1942   BIC:                         4.756e+04
Df Model:                           7                                         
Covariance Type:            nonrobust                                         
==============================================================================
                 coef    std err          t      P>|t|      [0.025      0.975]
------------------------------------------------------------------------------
const       9980.1206   3495.553      2.855      0.004    3124.690    1.68e+04
x1          1041.0816    158.615      6.564      0.000     730.008    1352.155
x2           -12.9901     69.791     -0.186      0.852    -149.863     123.883
x3          1.624e+04   2247.195      7.227      0.000    1.18e+04    2.06e+04
x4          1670.2023   1673.990      0.998      0.319   -1612.804    4953.208
x5         -7920.7139   2753.343     -2.877      0.004   -1.33e+04   -2520.895
x6         -1.094e+04   3681.692     -2.970      0.003   -1.82e+04   -3715.285
x7           225.8443    356.576      0.633      0.527    -473.469     925.157
==============================================================================
Omnibus:                     1253.107   Durbin-Watson:                   1.927
Prob(Omnibus):                  0.000   Jarque-Bera (JB):            18339.799
Skew:                           2.812   Prob(JB):                         0.00
Kurtosis:                      16.931   Cond. No.                         133.
==============================================================================

Warnings:
[1] Standard Errors assume that the covariance matrix of the errors is correctly specified.



