[1, 3, 4, 5, 7, 8, 9, 11]
                            OLS Regression Results                            
==============================================================================
Dep. Variable:                      y   R-squared:                       0.143
Model:                            OLS   Adj. R-squared:                  0.137
Method:                 Least Squares   F-statistic:                     25.18
Date:                Thu, 06 Dec 2018   Prob (F-statistic):           3.84e-36
Time:                        01:29:30   Log-Likelihood:                -15220.
No. Observations:                1217   AIC:                         3.046e+04
Df Residuals:                    1208   BIC:                         3.050e+04
Df Model:                           8                                         
Covariance Type:            nonrobust                                         
==============================================================================
                 coef    std err          t      P>|t|      [0.025      0.975]
------------------------------------------------------------------------------
const        3.03e+04   8064.523      3.758      0.000    1.45e+04    4.61e+04
x1          2426.4686    405.905      5.978      0.000    1630.111    3222.826
x2           -39.1111    117.503     -0.333      0.739    -269.643     191.421
x3          3.525e+04   6763.646      5.211      0.000     2.2e+04    4.85e+04
x4          8792.8832   6074.321      1.448      0.148   -3124.508    2.07e+04
x5          1821.4554   4378.432      0.416      0.677   -6768.721    1.04e+04
x6         -4.916e+04   9356.962     -5.254      0.000   -6.75e+04   -3.08e+04
x7         -1.396e+04   6363.114     -2.195      0.028   -2.64e+04   -1480.577
x8            12.6759    861.591      0.015      0.988   -1677.706    1703.058
==============================================================================
Omnibus:                      759.082   Durbin-Watson:                   1.959
Prob(Omnibus):                  0.000   Jarque-Bera (JB):            12130.249
Skew:                           2.606   Prob(JB):                         0.00
Kurtosis:                      17.562   Cond. No.                         237.
==============================================================================

Warnings:
[1] Standard Errors assume that the covariance matrix of the errors is correctly specified.



