[1, 3, 4, 5, 7, 8, 9, 11]
                            OLS Regression Results                            
==============================================================================
Dep. Variable:                      y   R-squared:                       0.162
Model:                            OLS   Adj. R-squared:                  0.158
Method:                 Least Squares   F-statistic:                     37.59
Date:                Thu, 06 Dec 2018   Prob (F-statistic):           6.83e-55
Time:                        01:28:11   Log-Likelihood:                -19293.
No. Observations:                1564   AIC:                         3.860e+04
Df Residuals:                    1555   BIC:                         3.865e+04
Df Model:                           8                                         
Covariance Type:            nonrobust                                         
==============================================================================
                 coef    std err          t      P>|t|      [0.025      0.975]
------------------------------------------------------------------------------
const       3.786e+04   5356.238      7.068      0.000    2.74e+04    4.84e+04
x1          1408.3599    241.921      5.822      0.000     933.835    1882.885
x2           -59.2664     92.038     -0.644      0.520    -239.798     121.265
x3          3.674e+04   3728.867      9.852      0.000    2.94e+04    4.41e+04
x4         -1499.7067   3701.625     -0.405      0.685   -8760.411    5760.997
x5           826.6950   2604.337      0.317      0.751   -4281.688    5935.078
x6          -5.43e+04   5870.021     -9.250      0.000   -6.58e+04   -4.28e+04
x7         -1.038e+04   4825.411     -2.150      0.032   -1.98e+04    -910.921
x8           349.5065    532.474      0.656      0.512    -694.936    1393.949
==============================================================================
Omnibus:                      953.078   Durbin-Watson:                   1.923
Prob(Omnibus):                  0.000   Jarque-Bera (JB):            12572.192
Skew:                           2.628   Prob(JB):                         0.00
Kurtosis:                      15.856   Cond. No.                         189.
==============================================================================

Warnings:
[1] Standard Errors assume that the covariance matrix of the errors is correctly specified.



