[1, 3, 4, 5, 7, 8, 9, 11]
                            OLS Regression Results                            
==============================================================================
Dep. Variable:                      y   R-squared:                       0.143
Model:                            OLS   Adj. R-squared:                  0.139
Method:                 Least Squares   F-statistic:                     40.39
Date:                Thu, 06 Dec 2018   Prob (F-statistic):           5.77e-60
Time:                        01:23:34   Log-Likelihood:                -23706.
No. Observations:                1950   AIC:                         4.743e+04
Df Residuals:                    1941   BIC:                         4.748e+04
Df Model:                           8                                         
Covariance Type:            nonrobust                                         
==============================================================================
                 coef    std err          t      P>|t|      [0.025      0.975]
------------------------------------------------------------------------------
const       2.637e+04   3864.655      6.823      0.000    1.88e+04    3.39e+04
x1           872.0333    156.446      5.574      0.000     565.214    1178.853
x2           -27.6500     68.372     -0.404      0.686    -161.741     106.441
x3          2.024e+04   2214.256      9.139      0.000    1.59e+04    2.46e+04
x4          3564.9027   2601.465      1.370      0.171   -1537.057    8666.863
x5          1394.0656   1639.794      0.850      0.395   -1821.877    4610.008
x6         -3.377e+04   3908.136     -8.642      0.000   -4.14e+04   -2.61e+04
x7         -1.001e+04   3607.287     -2.776      0.006   -1.71e+04   -2937.630
x8           369.5053    349.587      1.057      0.291    -316.099    1055.110
==============================================================================
Omnibus:                     1102.952   Durbin-Watson:                   1.927
Prob(Omnibus):                  0.000   Jarque-Bera (JB):            11259.821
Skew:                           2.492   Prob(JB):                         0.00
Kurtosis:                      13.665   Cond. No.                         174.
==============================================================================

Warnings:
[1] Standard Errors assume that the covariance matrix of the errors is correctly specified.



