[0, 1, 3, 5, 7, 8, 9, 11]
                            OLS Regression Results                            
==============================================================================
Dep. Variable:                      y   R-squared:                       0.177
Model:                            OLS   Adj. R-squared:                  0.174
Method:                 Least Squares   F-statistic:                     52.27
Date:                Wed, 05 Dec 2018   Prob (F-statistic):           5.12e-77
Time:                        05:01:13   Log-Likelihood:                -23666.
No. Observations:                1950   AIC:                         4.735e+04
Df Residuals:                    1941   BIC:                         4.740e+04
Df Model:                           8                                         
Covariance Type:            nonrobust                                         
==============================================================================
                 coef    std err          t      P>|t|      [0.025      0.975]
------------------------------------------------------------------------------
const       6842.5064   3362.588      2.035      0.042     247.843    1.34e+04
x1            2.1e+04   1617.608     12.981      0.000    1.78e+04    2.42e+04
x2           569.2390    156.467      3.638      0.000     262.378     876.100
x3           -36.2529     66.986     -0.541      0.588    -167.626      95.120
x4         -5965.9819   2752.301     -2.168      0.030   -1.14e+04    -568.206
x5           379.6120   1609.223      0.236      0.814   -2776.375    3535.599
x6         -1644.0638   2685.642     -0.612      0.540   -6911.111    3622.983
x7         -9611.6748   3533.958     -2.720      0.007   -1.65e+04   -2680.922
x8           395.7688    342.376      1.156      0.248    -275.694    1067.232
==============================================================================
Omnibus:                     1106.699   Durbin-Watson:                   1.942
Prob(Omnibus):                  0.000   Jarque-Bera (JB):            11256.187
Skew:                           2.505   Prob(JB):                         0.00
Kurtosis:                      13.650   Cond. No.                         133.
==============================================================================

Warnings:
[1] Standard Errors assume that the covariance matrix of the errors is correctly specified.



