[1, 3, 4, 5, 7, 8, 9, 11]
                            OLS Regression Results                            
==============================================================================
Dep. Variable:                      y   R-squared:                       0.091
Model:                            OLS   Adj. R-squared:                  0.088
Method:                 Least Squares   F-statistic:                     35.06
Date:                Thu, 06 Dec 2018   Prob (F-statistic):           3.09e-53
Time:                        01:32:32   Log-Likelihood:                -33279.
No. Observations:                2821   AIC:                         6.658e+04
Df Residuals:                    2812   BIC:                         6.663e+04
Df Model:                           8                                         
Covariance Type:            nonrobust                                         
==============================================================================
                 coef    std err          t      P>|t|      [0.025      0.975]
------------------------------------------------------------------------------
const       1.232e+04   2102.968      5.857      0.000    8192.545    1.64e+04
x1           291.5398     76.126      3.830      0.000     142.272     440.808
x2           -85.2151     40.389     -2.110      0.035    -164.411      -6.020
x3          8931.5327   1081.942      8.255      0.000    6810.053    1.11e+04
x4          3663.3983   1278.509      2.865      0.004    1156.488    6170.309
x5            36.8867    767.639      0.048      0.962   -1468.305    1542.079
x6         -1.414e+04   2136.709     -6.617      0.000   -1.83e+04   -9948.085
x7         -3193.1373   2038.109     -1.567      0.117   -7189.479     803.204
x8           265.2238    171.828      1.544      0.123     -71.698     602.146
==============================================================================
Omnibus:                     2869.433   Durbin-Watson:                   2.016
Prob(Omnibus):                  0.000   Jarque-Bera (JB):           337222.106
Skew:                           4.690   Prob(JB):                         0.00
Kurtosis:                      55.735   Cond. No.                         156.
==============================================================================

Warnings:
[1] Standard Errors assume that the covariance matrix of the errors is correctly specified.



