[1, 3, 4, 5, 7, 8, 9, 11]
                            OLS Regression Results                            
==============================================================================
Dep. Variable:                      y   R-squared:                       0.131
Model:                            OLS   Adj. R-squared:                  0.128
Method:                 Least Squares   F-statistic:                     44.68
Date:                Thu, 06 Dec 2018   Prob (F-statistic):           3.30e-67
Time:                        01:30:58   Log-Likelihood:                -28316.
No. Observations:                2373   AIC:                         5.665e+04
Df Residuals:                    2364   BIC:                         5.670e+04
Df Model:                           8                                         
Covariance Type:            nonrobust                                         
==============================================================================
                 coef    std err          t      P>|t|      [0.025      0.975]
------------------------------------------------------------------------------
const       1.925e+04   2712.568      7.096      0.000    1.39e+04    2.46e+04
x1           538.0412    103.112      5.218      0.000     335.841     740.241
x2           -70.1370     50.112     -1.400      0.162    -168.405      28.131
x3          1.543e+04   1479.505     10.428      0.000    1.25e+04    1.83e+04
x4          2777.8025   1760.188      1.578      0.115    -673.870    6229.475
x5           335.3214   1065.615      0.315      0.753   -1754.315    2424.958
x6         -2.477e+04   2758.340     -8.978      0.000   -3.02e+04   -1.94e+04
x7         -5143.3148   2610.983     -1.970      0.049   -1.03e+04     -23.260
x8            70.6149    232.306      0.304      0.761    -384.929     526.159
==============================================================================
Omnibus:                     1272.458   Durbin-Watson:                   1.966
Prob(Omnibus):                  0.000   Jarque-Bera (JB):            10227.947
Skew:                           2.433   Prob(JB):                         0.00
Kurtosis:                      11.931   Cond. No.                         166.
==============================================================================

Warnings:
[1] Standard Errors assume that the covariance matrix of the errors is correctly specified.



