[1, 3, 4, 5, 7, 8, 9, 11]
                            OLS Regression Results                            
==============================================================================
Dep. Variable:                      y   R-squared:                       0.139
Model:                            OLS   Adj. R-squared:                  0.136
Method:                 Least Squares   F-statistic:                     39.28
Date:                Thu, 06 Dec 2018   Prob (F-statistic):           2.41e-58
Time:                        01:26:36   Log-Likelihood:                -23700.
No. Observations:                1950   AIC:                         4.742e+04
Df Residuals:                    1941   BIC:                         4.747e+04
Df Model:                           8                                         
Covariance Type:            nonrobust                                         
==============================================================================
                 coef    std err          t      P>|t|      [0.025      0.975]
------------------------------------------------------------------------------
const       2.628e+04   3852.870      6.821      0.000    1.87e+04    3.38e+04
x1           900.6347    155.969      5.774      0.000     594.751    1206.518
x2           -16.3780     68.164     -0.240      0.810    -150.060     117.304
x3          2.009e+04   2207.504      9.103      0.000    1.58e+04    2.44e+04
x4          3419.1182   2593.532      1.318      0.188   -1667.283    8505.520
x5          1609.2479   1634.793      0.984      0.325   -1596.888    4815.383
x6         -3.421e+04   3896.218     -8.780      0.000   -4.19e+04   -2.66e+04
x7         -1.024e+04   3596.286     -2.847      0.004   -1.73e+04   -3186.377
x8           -59.8255    348.521     -0.172      0.864    -743.340     623.688
==============================================================================
Omnibus:                     1111.571   Durbin-Watson:                   1.927
Prob(Omnibus):                  0.000   Jarque-Bera (JB):            11518.150
Skew:                           2.512   Prob(JB):                         0.00
Kurtosis:                      13.794   Cond. No.                         174.
==============================================================================

Warnings:
[1] Standard Errors assume that the covariance matrix of the errors is correctly specified.



