[0, 1, 3, 5, 7, 8, 9, 11]
                            OLS Regression Results                            
==============================================================================
Dep. Variable:                      y   R-squared:                       0.175
Model:                            OLS   Adj. R-squared:                  0.171
Method:                 Least Squares   F-statistic:                     51.32
Date:                Wed, 05 Dec 2018   Prob (F-statistic):           1.12e-75
Time:                        05:01:13   Log-Likelihood:                -23659.
No. Observations:                1950   AIC:                         4.734e+04
Df Residuals:                    1941   BIC:                         4.739e+04
Df Model:                           8                                         
Covariance Type:            nonrobust                                         
==============================================================================
                 coef    std err          t      P>|t|      [0.025      0.975]
------------------------------------------------------------------------------
const       6873.7723   3351.168      2.051      0.040     301.505    1.34e+04
x1          2.098e+04   1612.114     13.011      0.000    1.78e+04    2.41e+04
x2           597.1763    155.936      3.830      0.000     291.357     902.996
x3           -25.0581     66.759     -0.375      0.707    -155.985     105.869
x4         -6176.2070   2742.953     -2.252      0.024   -1.16e+04    -796.763
x5           594.2872   1603.758      0.371      0.711   -2550.981    3739.556
x6         -2268.3473   2676.521     -0.847      0.397   -7517.506    2980.812
x7         -9833.8261   3521.956     -2.792      0.005   -1.67e+04   -2926.612
x8           -32.7409    341.213     -0.096      0.924    -701.924     636.442
==============================================================================
Omnibus:                     1114.212   Durbin-Watson:                   1.943
Prob(Omnibus):                  0.000   Jarque-Bera (JB):            11490.055
Skew:                           2.523   Prob(JB):                         0.00
Kurtosis:                      13.769   Cond. No.                         133.
==============================================================================

Warnings:
[1] Standard Errors assume that the covariance matrix of the errors is correctly specified.



