[1, 3, 4, 5, 7, 8, 9, 11]
                            OLS Regression Results                            
==============================================================================
Dep. Variable:                      y   R-squared:                       0.139
Model:                            OLS   Adj. R-squared:                  0.133
Method:                 Least Squares   F-statistic:                     24.37
Date:                Thu, 06 Dec 2018   Prob (F-statistic):           5.83e-35
Time:                        01:29:30   Log-Likelihood:                -15215.
No. Observations:                1217   AIC:                         3.045e+04
Df Residuals:                    1208   BIC:                         3.049e+04
Df Model:                           8                                         
Covariance Type:            nonrobust                                         
==============================================================================
                 coef    std err          t      P>|t|      [0.025      0.975]
------------------------------------------------------------------------------
const       3.068e+04   8032.969      3.820      0.000    1.49e+04    4.64e+04
x1          2501.1371    404.317      6.186      0.000    1707.896    3294.379
x2           -51.0301    117.043     -0.436      0.663    -280.660     178.600
x3          3.531e+04   6737.181      5.241      0.000    2.21e+04    4.85e+04
x4          8159.7490   6050.553      1.349      0.178   -3711.011       2e+04
x5          2105.3258   4361.300      0.483      0.629   -6451.239    1.07e+04
x6         -5.032e+04   9320.350     -5.399      0.000   -6.86e+04    -3.2e+04
x7         -1.286e+04   6338.217     -2.029      0.043   -2.53e+04    -425.425
x8          -765.7353    858.220     -0.892      0.372   -2449.503     918.032
==============================================================================
Omnibus:                      767.804   Durbin-Watson:                   1.956
Prob(Omnibus):                  0.000   Jarque-Bera (JB):            12511.950
Skew:                           2.641   Prob(JB):                         0.00
Kurtosis:                      17.793   Cond. No.                         237.
==============================================================================

Warnings:
[1] Standard Errors assume that the covariance matrix of the errors is correctly specified.



