[1, 3, 4, 5, 7, 8, 9, 11]
                            OLS Regression Results                            
==============================================================================
Dep. Variable:                      y   R-squared:                       0.089
Model:                            OLS   Adj. R-squared:                  0.086
Method:                 Least Squares   F-statistic:                     34.26
Date:                Thu, 06 Dec 2018   Prob (F-statistic):           5.48e-52
Time:                        01:32:32   Log-Likelihood:                -33265.
No. Observations:                2821   AIC:                         6.655e+04
Df Residuals:                    2812   BIC:                         6.660e+04
Df Model:                           8                                         
Covariance Type:            nonrobust                                         
==============================================================================
                 coef    std err          t      P>|t|      [0.025      0.975]
------------------------------------------------------------------------------
const       1.218e+04   2092.293      5.821      0.000    8076.348    1.63e+04
x1           306.6102     75.739      4.048      0.000     158.100     455.120
x2           -80.3442     40.184     -1.999      0.046    -159.138      -1.551
x3          8919.9785   1076.450      8.286      0.000    6809.267     1.1e+04
x4          3600.8959   1272.019      2.831      0.005    1106.711    6095.081
x5           116.3862    763.742      0.152      0.879   -1381.165    1613.938
x6         -1.445e+04   2125.863     -6.799      0.000   -1.86e+04   -1.03e+04
x7         -3230.4874   2027.764     -1.593      0.111   -7206.543     745.568
x8            59.1009    170.956      0.346      0.730    -276.111     394.312
==============================================================================
Omnibus:                     2885.195   Durbin-Watson:                   2.015
Prob(Omnibus):                  0.000   Jarque-Bera (JB):           349559.361
Skew:                           4.724   Prob(JB):                         0.00
Kurtosis:                      56.709   Cond. No.                         156.
==============================================================================

Warnings:
[1] Standard Errors assume that the covariance matrix of the errors is correctly specified.



