[1, 3, 4, 5, 7, 8, 9, 11]
                            OLS Regression Results                            
==============================================================================
Dep. Variable:                      y   R-squared:                       0.159
Model:                            OLS   Adj. R-squared:                  0.154
Method:                 Least Squares   F-statistic:                     36.66
Date:                Thu, 06 Dec 2018   Prob (F-statistic):           1.49e-53
Time:                        01:28:11   Log-Likelihood:                -19287.
No. Observations:                1564   AIC:                         3.859e+04
Df Residuals:                    1555   BIC:                         3.864e+04
Df Model:                           8                                         
Covariance Type:            nonrobust                                         
==============================================================================
                 coef    std err          t      P>|t|      [0.025      0.975]
------------------------------------------------------------------------------
const       3.792e+04   5337.321      7.104      0.000    2.74e+04    4.84e+04
x1          1451.8717    241.066      6.023      0.000     979.022    1924.721
x2           -58.7125     91.713     -0.640      0.522    -238.607     121.182
x3          3.657e+04   3715.697      9.842      0.000    2.93e+04    4.39e+04
x4         -1761.2975   3688.552     -0.478      0.633   -8996.358    5473.763
x5          1176.6321   2595.139      0.453      0.650   -3913.709    6266.973
x6         -5.497e+04   5849.289     -9.398      0.000   -6.64e+04   -4.35e+04
x7         -1.008e+04   4808.369     -2.096      0.036   -1.95e+04    -647.296
x8          -238.5738    530.593     -0.450      0.653   -1279.327     802.180
==============================================================================
Omnibus:                      958.982   Durbin-Watson:                   1.917
Prob(Omnibus):                  0.000   Jarque-Bera (JB):            12747.197
Skew:                           2.648   Prob(JB):                         0.00
Kurtosis:                      15.944   Cond. No.                         189.
==============================================================================

Warnings:
[1] Standard Errors assume that the covariance matrix of the errors is correctly specified.



