[1, 3, 5, 7, 8, 9, 11]
                            OLS Regression Results                            
==============================================================================
Dep. Variable:                      y   R-squared:                       0.103
Model:                            OLS   Adj. R-squared:                  0.099
Method:                 Least Squares   F-statistic:                     31.72
Date:                Wed, 05 Dec 2018   Prob (F-statistic):           6.90e-42
Time:                        04:59:53   Log-Likelihood:                -23741.
No. Observations:                1950   AIC:                         4.750e+04
Df Residuals:                    1942   BIC:                         4.754e+04
Df Model:                           7                                         
Covariance Type:            nonrobust                                         
==============================================================================
                 coef    std err          t      P>|t|      [0.025      0.975]
------------------------------------------------------------------------------
const       1.001e+04   3484.320      2.872      0.004    3174.499    1.68e+04
x1          1068.4945    158.105      6.758      0.000     758.421    1378.568
x2            -1.8212     69.567     -0.026      0.979    -138.254     134.612
x3          1.601e+04   2239.974      7.145      0.000    1.16e+04    2.04e+04
x4          1883.4431   1668.611      1.129      0.259   -1389.013    5155.899
x5         -8538.0215   2744.495     -3.111      0.002   -1.39e+04   -3155.555
x6         -1.116e+04   3669.861     -3.040      0.002   -1.84e+04   -3959.168
x7          -202.4766    355.431     -0.570      0.569    -899.542     494.589
==============================================================================
Omnibus:                     1259.779   Durbin-Watson:                   1.927
Prob(Omnibus):                  0.000   Jarque-Bera (JB):            18584.103
Skew:                           2.831   Prob(JB):                         0.00
Kurtosis:                      17.024   Cond. No.                         133.
==============================================================================

Warnings:
[1] Standard Errors assume that the covariance matrix of the errors is correctly specified.



