[1, 3, 4, 5, 7, 8, 9, 11]
                            OLS Regression Results                            
==============================================================================
Dep. Variable:                      y   R-squared:                       0.231
Model:                            OLS   Adj. R-squared:                  0.227
Method:                 Least Squares   F-statistic:                     58.24
Date:                Thu, 06 Dec 2018   Prob (F-statistic):           3.15e-83
Time:                        01:28:11   Log-Likelihood:                -14866.
No. Observations:                1564   AIC:                         2.975e+04
Df Residuals:                    1555   BIC:                         2.980e+04
Df Model:                           8                                         
Covariance Type:            nonrobust                                         
==============================================================================
                 coef    std err          t      P>|t|      [0.025      0.975]
------------------------------------------------------------------------------
const        -60.4368    315.983     -0.191      0.848    -680.235     559.361
x1           -43.5118     14.272     -3.049      0.002     -71.506     -15.518
x2            -0.5539      5.430     -0.102      0.919     -11.204      10.096
x3           167.2485    219.979      0.760      0.447    -264.238     598.735
x4           261.5907    218.372      1.198      0.231    -166.743     689.925
x5          -349.9372    153.639     -2.278      0.023    -651.298     -48.576
x6           672.7365    346.293      1.943      0.052      -6.514    1351.987
x7          -297.0546    284.668     -1.044      0.297    -855.428     261.318
x8           588.0802     31.412     18.721      0.000     526.465     649.696
==============================================================================
Omnibus:                     1700.119   Durbin-Watson:                   2.016
Prob(Omnibus):                  0.000   Jarque-Bera (JB):           153732.988
Skew:                           5.286   Prob(JB):                         0.00
Kurtosis:                      50.406   Cond. No.                         189.
==============================================================================

Warnings:
[1] Standard Errors assume that the covariance matrix of the errors is correctly specified.



