[1, 3, 4, 5, 7, 8, 9, 11]
                            OLS Regression Results                            
==============================================================================
Dep. Variable:                      y   R-squared:                       0.270
Model:                            OLS   Adj. R-squared:                  0.267
Method:                 Least Squares   F-statistic:                     89.55
Date:                Thu, 06 Dec 2018   Prob (F-statistic):          1.18e-126
Time:                        01:26:36   Log-Likelihood:                -17940.
No. Observations:                1950   AIC:                         3.590e+04
Df Residuals:                    1941   BIC:                         3.595e+04
Df Model:                           8                                         
Covariance Type:            nonrobust                                         
==============================================================================
                 coef    std err          t      P>|t|      [0.025      0.975]
------------------------------------------------------------------------------
const         87.4337    200.879      0.435      0.663    -306.528     481.395
x1           -28.6015      8.132     -3.517      0.000     -44.550     -12.653
x2           -11.2720      3.554     -3.172      0.002     -18.242      -4.302
x3           142.2828    115.094      1.236      0.217     -83.438     368.003
x4           145.7845    135.220      1.078      0.281    -119.408     410.977
x5          -215.1823     85.234     -2.525      0.012    -382.342     -48.022
x6           435.5407    203.139      2.144      0.032      37.147     833.935
x7           227.1733    187.502      1.212      0.226    -140.552     594.899
x8           429.3309     18.171     23.627      0.000     393.694     464.968
==============================================================================
Omnibus:                     1790.583   Durbin-Watson:                   2.007
Prob(Omnibus):                  0.000   Jarque-Bera (JB):            80107.392
Skew:                           4.255   Prob(JB):                         0.00
Kurtosis:                      33.225   Cond. No.                         174.
==============================================================================

Warnings:
[1] Standard Errors assume that the covariance matrix of the errors is correctly specified.



