[0, 1, 3, 5, 7, 8, 9, 11]
                            OLS Regression Results                            
==============================================================================
Dep. Variable:                      y   R-squared:                       0.269
Model:                            OLS   Adj. R-squared:                  0.266
Method:                 Least Squares   F-statistic:                     89.30
Date:                Wed, 05 Dec 2018   Prob (F-statistic):          2.42e-126
Time:                        05:01:13   Log-Likelihood:                -17941.
No. Observations:                1950   AIC:                         3.590e+04
Df Residuals:                    1941   BIC:                         3.595e+04
Df Model:                           8                                         
Covariance Type:            nonrobust                                         
==============================================================================
                 coef    std err          t      P>|t|      [0.025      0.975]
------------------------------------------------------------------------------
const        -31.2659    178.480     -0.175      0.861    -381.299     318.767
x1            23.3384     85.860      0.272      0.786    -145.049     191.726
x2           -27.9373      8.305     -3.364      0.001     -44.225     -11.650
x3           -11.1947      3.556     -3.149      0.002     -18.168      -4.222
x4           210.2251    146.087      1.439      0.150     -76.279     496.730
x5          -214.6752     85.415     -2.513      0.012    -382.189     -47.161
x6           624.2835    142.549      4.379      0.000     344.718     903.849
x7           222.1514    187.576      1.184      0.236    -145.721     590.024
x8           428.5097     18.173     23.580      0.000     392.870     464.150
==============================================================================
Omnibus:                     1789.928   Durbin-Watson:                   2.009
Prob(Omnibus):                  0.000   Jarque-Bera (JB):            79992.834
Skew:                           4.253   Prob(JB):                         0.00
Kurtosis:                      33.202   Cond. No.                         133.
==============================================================================

Warnings:
[1] Standard Errors assume that the covariance matrix of the errors is correctly specified.



