[1, 3, 4, 5, 7, 8, 9, 11]
                            OLS Regression Results                            
==============================================================================
Dep. Variable:                      y   R-squared:                       0.273
Model:                            OLS   Adj. R-squared:                  0.270
Method:                 Least Squares   F-statistic:                     110.8
Date:                Thu, 06 Dec 2018   Prob (F-statistic):          1.88e-157
Time:                        01:30:58   Log-Likelihood:                -21288.
No. Observations:                2373   AIC:                         4.259e+04
Df Residuals:                    2364   BIC:                         4.265e+04
Df Model:                           8                                         
Covariance Type:            nonrobust                                         
==============================================================================
                 coef    std err          t      P>|t|      [0.025      0.975]
------------------------------------------------------------------------------
const        224.5453    140.322      1.600      0.110     -50.621     499.712
x1           -21.4318      5.334     -4.018      0.000     -31.892     -10.972
x2           -10.3515      2.592     -3.993      0.000     -15.435      -5.268
x3            62.5534     76.535      0.817      0.414     -87.530     212.636
x4            27.6959     91.055      0.304      0.761    -150.860     206.252
x5          -102.0858     55.125     -1.852      0.064    -210.183       6.012
x6           338.9382    142.690      2.375      0.018      59.128     618.748
x7           222.5555    135.067      1.648      0.100     -42.306     487.417
x8           321.4985     12.017     26.753      0.000     297.933     345.064
==============================================================================
Omnibus:                     2127.635   Durbin-Watson:                   2.020
Prob(Omnibus):                  0.000   Jarque-Bera (JB):            92272.902
Skew:                           4.130   Prob(JB):                         0.00
Kurtosis:                      32.411   Cond. No.                         166.
==============================================================================

Warnings:
[1] Standard Errors assume that the covariance matrix of the errors is correctly specified.



