[1, 3, 4, 5, 7, 8, 9, 11]
                            OLS Regression Results                            
==============================================================================
Dep. Variable:                      y   R-squared:                       0.203
Model:                            OLS   Adj. R-squared:                  0.201
Method:                 Least Squares   F-statistic:                     89.46
Date:                Thu, 06 Dec 2018   Prob (F-statistic):          1.38e-132
Time:                        01:32:32   Log-Likelihood:                -24799.
No. Observations:                2821   AIC:                         4.962e+04
Df Residuals:                    2812   BIC:                         4.967e+04
Df Model:                           8                                         
Covariance Type:            nonrobust                                         
==============================================================================
                 coef    std err          t      P>|t|      [0.025      0.975]
------------------------------------------------------------------------------
const        137.1282    104.077      1.318      0.188     -66.948     341.204
x1           -15.0704      3.768     -4.000      0.000     -22.458      -7.683
x2            -4.8709      1.999     -2.437      0.015      -8.790      -0.951
x3            11.5542     53.546      0.216      0.829     -93.439     116.548
x4            62.5024     63.274      0.988      0.323     -61.566     186.571
x5           -79.4995     37.991     -2.093      0.036    -153.993      -5.006
x6           316.6762    105.747      2.995      0.003     109.326     524.026
x7            37.3501    100.868      0.370      0.711    -160.432     235.132
x8           206.1229      8.504     24.239      0.000     189.448     222.797
==============================================================================
Omnibus:                     3169.990   Durbin-Watson:                   2.012
Prob(Omnibus):                  0.000   Jarque-Bera (JB):           355182.320
Skew:                           5.646   Prob(JB):                         0.00
Kurtosis:                      56.798   Cond. No.                         156.
==============================================================================

Warnings:
[1] Standard Errors assume that the covariance matrix of the errors is correctly specified.



