[1, 3, 5, 7, 8, 9, 11]
                            OLS Regression Results                            
==============================================================================
Dep. Variable:                      y   R-squared:                       0.269
Model:                            OLS   Adj. R-squared:                  0.266
Method:                 Least Squares   F-statistic:                     102.1
Date:                Wed, 05 Dec 2018   Prob (F-statistic):          2.39e-127
Time:                        04:59:53   Log-Likelihood:                -17941.
No. Observations:                1950   AIC:                         3.590e+04
Df Residuals:                    1942   BIC:                         3.594e+04
Df Model:                           7                                         
Covariance Type:            nonrobust                                         
==============================================================================
                 coef    std err          t      P>|t|      [0.025      0.975]
------------------------------------------------------------------------------
const        -27.7787    177.976     -0.156      0.876    -376.823     321.266
x1           -27.4129      8.076     -3.394      0.001     -43.251     -11.575
x2           -11.1689      3.553     -3.143      0.002     -18.138      -4.200
x3           234.9057    114.416      2.053      0.040      10.515     459.297
x4          -213.2408     85.231     -2.502      0.012    -380.395     -46.086
x5           617.3075    140.187      4.403      0.000     342.376     892.239
x6           220.6798    187.453      1.177      0.239    -146.951     588.311
x7           428.3208     18.155     23.592      0.000     392.715     463.926
==============================================================================
Omnibus:                     1789.181   Durbin-Watson:                   2.009
Prob(Omnibus):                  0.000   Jarque-Bera (JB):            79905.507
Skew:                           4.250   Prob(JB):                         0.00
Kurtosis:                      33.186   Cond. No.                         133.
==============================================================================

Warnings:
[1] Standard Errors assume that the covariance matrix of the errors is correctly specified.



