[1, 3, 4, 5, 7, 8, 9, 11]
                            OLS Regression Results                            
==============================================================================
Dep. Variable:                      y   R-squared:                       0.205
Model:                            OLS   Adj. R-squared:                  0.200
Method:                 Least Squares   F-statistic:                     38.88
Date:                Thu, 06 Dec 2018   Prob (F-statistic):           2.56e-55
Time:                        01:29:30   Log-Likelihood:                -11786.
No. Observations:                1217   AIC:                         2.359e+04
Df Residuals:                    1208   BIC:                         2.364e+04
Df Model:                           8                                         
Covariance Type:            nonrobust                                         
==============================================================================
                 coef    std err          t      P>|t|      [0.025      0.975]
------------------------------------------------------------------------------
const       -381.5474    480.146     -0.795      0.427   -1323.560     560.465
x1           -74.6685     24.167     -3.090      0.002    -122.082     -27.255
x2            11.9190      6.996      1.704      0.089      -1.806      25.644
x3           -61.0005    402.694     -0.151      0.880    -851.058     729.057
x4           633.1342    361.653      1.751      0.080     -76.404    1342.672
x5          -283.8703    260.683     -1.089      0.276    -795.312     227.572
x6          1153.8188    557.095      2.071      0.039      60.838    2246.800
x7         -1103.9992    378.847     -2.914      0.004   -1847.271    -360.728
x8           778.4112     51.297     15.174      0.000     677.769     879.053
==============================================================================
Omnibus:                     1304.909   Durbin-Watson:                   2.001
Prob(Omnibus):                  0.000   Jarque-Bera (JB):            99395.720
Skew:                           5.161   Prob(JB):                         0.00
Kurtosis:                      46.053   Cond. No.                         237.
==============================================================================

Warnings:
[1] Standard Errors assume that the covariance matrix of the errors is correctly specified.



