[0, 1, 3, 4, 5, 8, 9]
                            OLS Regression Results                            
==============================================================================
Dep. Variable:                      y   R-squared:                       0.158
Model:                            OLS   Adj. R-squared:                  0.156
Method:                 Least Squares   F-statistic:                     71.56
Date:                Tue, 04 Dec 2018   Prob (F-statistic):           4.25e-95
Time:                        10:22:18   Log-Likelihood:                -31866.
No. Observations:                2672   AIC:                         6.375e+04
Df Residuals:                    2664   BIC:                         6.379e+04
Df Model:                           7                                         
Covariance Type:            nonrobust                                         
==============================================================================
                 coef    std err          t      P>|t|      [0.025      0.975]
------------------------------------------------------------------------------
const       5401.2397   2487.603      2.171      0.030     523.411    1.03e+04
x1          8706.1284   1163.295      7.484      0.000    6425.075     1.1e+04
x2           327.2713     86.478      3.784      0.000     157.700     496.843
x3           -95.0541     47.765     -1.990      0.047    -188.714      -1.394
x4          4567.6840   1449.692      3.151      0.002    1725.049    7410.319
x5          1037.1024   1818.810      0.570      0.569   -2529.321    4603.525
x6         -6654.9089   2955.409     -2.252      0.024   -1.25e+04    -859.782
x7         -1361.4176   2486.298     -0.548      0.584   -6236.687    3513.852
==============================================================================
Omnibus:                     1799.359   Durbin-Watson:                   1.940
Prob(Omnibus):                  0.000   Jarque-Bera (JB):            33030.133
Skew:                           2.940   Prob(JB):                         0.00
Kurtosis:                      19.189   Cond. No.                         174.
==============================================================================

Warnings:
[1] Standard Errors assume that the covariance matrix of the errors is correctly specified.



[0, 1, 3, 4, 5, 8]
                            OLS Regression Results                            
==============================================================================
Dep. Variable:                      y   R-squared:                       0.158
Model:                            OLS   Adj. R-squared:                  0.156
Method:                 Least Squares   F-statistic:                     83.45
Date:                Tue, 04 Dec 2018   Prob (F-statistic):           5.17e-96
Time:                        10:22:18   Log-Likelihood:                -31866.
No. Observations:                2672   AIC:                         6.375e+04
Df Residuals:                    2665   BIC:                         6.379e+04
Df Model:                           6                                         
Covariance Type:            nonrobust                                         
==============================================================================
                 coef    std err          t      P>|t|      [0.025      0.975]
------------------------------------------------------------------------------
const       5530.7625   2476.006      2.234      0.026     675.675    1.04e+04
x1          8716.3320   1162.993      7.495      0.000    6435.871     1.1e+04
x2           328.6713     86.429      3.803      0.000     159.196     498.146
x3          -113.5593     33.750     -3.365      0.001    -179.738     -47.381
x4          4583.3356   1449.219      3.163      0.002    1741.627    7425.044
x5          1016.9941   1818.201      0.559      0.576   -2548.233    4582.221
x6         -6995.3925   2888.875     -2.421      0.016   -1.27e+04   -1330.729
==============================================================================
Omnibus:                     1799.383   Durbin-Watson:                   1.940
Prob(Omnibus):                  0.000   Jarque-Bera (JB):            32958.754
Skew:                           2.941   Prob(JB):                         0.00
Kurtosis:                      19.169   Cond. No.                         170.
==============================================================================

Warnings:
[1] Standard Errors assume that the covariance matrix of the errors is correctly specified.



[0, 1, 3, 4, 8, 9]
                            OLS Regression Results                            
==============================================================================
Dep. Variable:                      y   R-squared:                       0.158
Model:                            OLS   Adj. R-squared:                  0.156
Method:                 Least Squares   F-statistic:                     83.45
Date:                Tue, 04 Dec 2018   Prob (F-statistic):           5.24e-96
Time:                        10:22:18   Log-Likelihood:                -31866.
No. Observations:                2672   AIC:                         6.375e+04
Df Residuals:                    2665   BIC:                         6.379e+04
Df Model:                           6                                         
Covariance Type:            nonrobust                                         
==============================================================================
                 coef    std err          t      P>|t|      [0.025      0.975]
------------------------------------------------------------------------------
const       6037.2214   2223.267      2.715      0.007    1677.719    1.04e+04
x1          9103.0980    931.862      9.769      0.000    7275.853    1.09e+04
x2           330.8180     86.243      3.836      0.000     161.707     499.929
x3           -95.2556     47.757     -1.995      0.046    -188.901      -1.610
x4          4733.4899   1420.050      3.333      0.001    1948.979    7518.001
x5         -6838.4476   2937.456     -2.328      0.020   -1.26e+04   -1078.524
x6         -1332.7931   2485.476     -0.536      0.592   -6206.451    3540.864
==============================================================================
Omnibus:                     1798.493   Durbin-Watson:                   1.941
Prob(Omnibus):                  0.000   Jarque-Bera (JB):            32918.546
Skew:                           2.940   Prob(JB):                         0.00
Kurtosis:                      19.159   Cond. No.                         169.
==============================================================================

Warnings:
[1] Standard Errors assume that the covariance matrix of the errors is correctly specified.



[0, 1, 3, 4, 8]
                            OLS Regression Results                            
==============================================================================
Dep. Variable:                      y   R-squared:                       0.158
Model:                            OLS   Adj. R-squared:                  0.156
Method:                 Least Squares   F-statistic:                     100.1
Date:                Tue, 04 Dec 2018   Prob (F-statistic):           5.73e-97
Time:                        10:22:18   Log-Likelihood:                -31866.
No. Observations:                2672   AIC:                         6.374e+04
Df Residuals:                    2666   BIC:                         6.378e+04
Df Model:                           5                                         
Covariance Type:            nonrobust                                         
==============================================================================
                 coef    std err          t      P>|t|      [0.025      0.975]
------------------------------------------------------------------------------
const       6151.9960   2212.644      2.780      0.005    1813.324    1.05e+04
x1          9105.5532    931.726      9.773      0.000    7278.574    1.09e+04
x2           332.1218     86.198      3.853      0.000     163.101     501.143
x3          -113.3753     33.744     -3.360      0.001    -179.542     -47.208
x4          4745.6701   1419.678      3.343      0.001    1961.888    7529.453
x5         -7168.4231   2871.894     -2.496      0.013   -1.28e+04   -1537.057
==============================================================================
Omnibus:                     1798.523   Durbin-Watson:                   1.940
Prob(Omnibus):                  0.000   Jarque-Bera (JB):            32850.523
Skew:                           2.940   Prob(JB):                         0.00
Kurtosis:                      19.139   Cond. No.                         165.
==============================================================================

Warnings:
[1] Standard Errors assume that the covariance matrix of the errors is correctly specified.



[0, 1, 4, 5, 8, 9]
                            OLS Regression Results                            
==============================================================================
Dep. Variable:                      y   R-squared:                       0.157
Model:                            OLS   Adj. R-squared:                  0.155
Method:                 Least Squares   F-statistic:                     82.73
Date:                Tue, 04 Dec 2018   Prob (F-statistic):           3.17e-95
Time:                        10:22:18   Log-Likelihood:                -31868.
No. Observations:                2672   AIC:                         6.375e+04
Df Residuals:                    2665   BIC:                         6.379e+04
Df Model:                           6                                         
Covariance Type:            nonrobust                                         
==============================================================================
                 coef    std err          t      P>|t|      [0.025      0.975]
------------------------------------------------------------------------------
const       4642.2495   2459.557      1.887      0.059    -180.584    9465.083
x1          8670.4702   1163.803      7.450      0.000    6388.421     1.1e+04
x2           330.9038     86.507      3.825      0.000     161.276     500.532
x3          4595.7205   1450.428      3.169      0.002    1751.642    7439.799
x4          1063.8798   1819.770      0.585      0.559   -2504.425    4632.185
x5         -6778.8149   2956.393     -2.293      0.022   -1.26e+04    -981.758
x6         -4862.1962   1757.986     -2.766      0.006   -8309.352   -1415.041
==============================================================================
Omnibus:                     1797.279   Durbin-Watson:                   1.941
Prob(Omnibus):                  0.000   Jarque-Bera (JB):            32925.097
Skew:                           2.936   Prob(JB):                         0.00
Kurtosis:                      19.163   Cond. No.                         71.1
==============================================================================

Warnings:
[1] Standard Errors assume that the covariance matrix of the errors is correctly specified.



[0, 1, 4, 8, 9]
                            OLS Regression Results                            
==============================================================================
Dep. Variable:                      y   R-squared:                       0.157
Model:                            OLS   Adj. R-squared:                  0.155
Method:                 Least Squares   F-statistic:                     99.23
Date:                Tue, 04 Dec 2018   Prob (F-statistic):           3.59e-96
Time:                        10:22:18   Log-Likelihood:                -31868.
No. Observations:                2672   AIC:                         6.375e+04
Df Residuals:                    2666   BIC:                         6.378e+04
Df Model:                           5                                         
Covariance Type:            nonrobust                                         
==============================================================================
                 coef    std err          t      P>|t|      [0.025      0.975]
------------------------------------------------------------------------------
const       5293.0372   2192.960      2.414      0.016     992.962    9593.112
x1          9077.6341    932.295      9.737      0.000    7249.540    1.09e+04
x2           334.5501     86.271      3.878      0.000     165.385     503.716
x3          4765.8777   1420.750      3.354      0.001    1979.994    7551.761
x4         -6967.3722   2938.385     -2.371      0.018   -1.27e+04   -1205.628
x5         -4840.4439   1757.376     -2.754      0.006   -8286.401   -1394.487
==============================================================================
Omnibus:                     1796.427   Durbin-Watson:                   1.941
Prob(Omnibus):                  0.000   Jarque-Bera (JB):            32813.049
Skew:                           2.935   Prob(JB):                         0.00
Kurtosis:                      19.133   Cond. No.                         68.6
==============================================================================

Warnings:
[1] Standard Errors assume that the covariance matrix of the errors is correctly specified.



[0, 1, 3, 4, 5, 9]
                            OLS Regression Results                            
==============================================================================
Dep. Variable:                      y   R-squared:                       0.157
Model:                            OLS   Adj. R-squared:                  0.155
Method:                 Least Squares   F-statistic:                     82.51
Date:                Tue, 04 Dec 2018   Prob (F-statistic):           5.50e-95
Time:                        10:22:18   Log-Likelihood:                -31868.
No. Observations:                2672   AIC:                         6.375e+04
Df Residuals:                    2665   BIC:                         6.379e+04
Df Model:                           6                                         
Covariance Type:            nonrobust                                         
==============================================================================
                 coef    std err          t      P>|t|      [0.025      0.975]
------------------------------------------------------------------------------
const       1428.9091   1755.236      0.814      0.416   -2012.853    4870.671
x1          9886.8135   1039.219      9.514      0.000    7849.057    1.19e+04
x2           307.7735     86.109      3.574      0.000     138.925     476.621
x3           -97.3200     47.791     -2.036      0.042    -191.031      -3.610
x4          2068.9503    933.573      2.216      0.027     238.349    3899.552
x5          1483.1569   1809.371      0.820      0.412   -2064.757    5031.070
x6         -2539.3445   2432.500     -1.044      0.297   -7309.123    2230.434
==============================================================================
Omnibus:                     1802.466   Durbin-Watson:                   1.946
Prob(Omnibus):                  0.000   Jarque-Bera (JB):            33017.546
Skew:                           2.949   Prob(JB):                         0.00
Kurtosis:                      19.180   Cond. No.                         111.
==============================================================================

Warnings:
[1] Standard Errors assume that the covariance matrix of the errors is correctly specified.



[0, 1, 3, 4, 9]
                            OLS Regression Results                            
==============================================================================
Dep. Variable:                      y   R-squared:                       0.156
Model:                            OLS   Adj. R-squared:                  0.155
Method:                 Least Squares   F-statistic:                     98.89
Date:                Tue, 04 Dec 2018   Prob (F-statistic):           7.33e-96
Time:                        10:22:18   Log-Likelihood:                -31869.
No. Observations:                2672   AIC:                         6.375e+04
Df Residuals:                    2666   BIC:                         6.378e+04
Df Model:                           5                                         
Covariance Type:            nonrobust                                         
==============================================================================
                 coef    std err          t      P>|t|      [0.025      0.975]
------------------------------------------------------------------------------
const       2190.7880   1488.859      1.471      0.141    -728.647    5110.223
x1          1.051e+04    710.479     14.791      0.000    9115.315    1.19e+04
x2           312.1282     85.940      3.632      0.000     143.612     480.644
x3           -97.7021     47.785     -2.045      0.041    -191.402      -4.002
x4          2209.1789    917.709      2.407      0.016     409.685    4008.672
x5         -2544.9340   2432.341     -1.046      0.296   -7314.400    2224.532
==============================================================================
Omnibus:                     1801.124   Durbin-Watson:                   1.947
Prob(Omnibus):                  0.000   Jarque-Bera (JB):            32842.486
Skew:                           2.947   Prob(JB):                         0.00
Kurtosis:                      19.132   Cond. No.                         111.
==============================================================================

Warnings:
[1] Standard Errors assume that the covariance matrix of the errors is correctly specified.



[0, 1, 3, 4, 5]
                            OLS Regression Results                            
==============================================================================
Dep. Variable:                      y   R-squared:                       0.156
Model:                            OLS   Adj. R-squared:                  0.155
Method:                 Least Squares   F-statistic:                     98.79
Date:                Tue, 04 Dec 2018   Prob (F-statistic):           9.02e-96
Time:                        10:22:18   Log-Likelihood:                -31869.
No. Observations:                2672   AIC:                         6.375e+04
Df Residuals:                    2666   BIC:                         6.379e+04
Df Model:                           5                                         
Covariance Type:            nonrobust                                         
==============================================================================
                 coef    std err          t      P>|t|      [0.025      0.975]
------------------------------------------------------------------------------
const       1285.0504   1749.847      0.734      0.463   -2146.145    4716.246
x1          1.002e+04   1030.818      9.725      0.000    8003.335     1.2e+04
x2           308.5589     86.108      3.583      0.000     139.715     477.403
x3          -133.6613     32.743     -4.082      0.000    -197.865     -69.457
x4          1849.9976    909.723      2.034      0.042      66.164    3633.832
x5          1488.4517   1809.394      0.823      0.411   -2059.507    5036.410
==============================================================================
Omnibus:                     1802.882   Durbin-Watson:                   1.946
Prob(Omnibus):                  0.000   Jarque-Bera (JB):            32879.640
Skew:                           2.952   Prob(JB):                         0.00
Kurtosis:                      19.139   Cond. No.                         103.
==============================================================================

Warnings:
[1] Standard Errors assume that the covariance matrix of the errors is correctly specified.



[0, 1, 4, 5, 9]
                            OLS Regression Results                            
==============================================================================
Dep. Variable:                      y   R-squared:                       0.155
Model:                            OLS   Adj. R-squared:                  0.154
Method:                 Least Squares   F-statistic:                     98.07
Date:                Tue, 04 Dec 2018   Prob (F-statistic):           4.12e-95
Time:                        10:22:18   Log-Likelihood:                -31870.
No. Observations:                2672   AIC:                         6.375e+04
Df Residuals:                    2666   BIC:                         6.379e+04
Df Model:                           5                                         
Covariance Type:            nonrobust                                         
==============================================================================
                 coef    std err          t      P>|t|      [0.025      0.975]
------------------------------------------------------------------------------
const        575.7244   1705.504      0.338      0.736   -2768.521    3919.970
x1          9872.8060   1039.809      9.495      0.000    7833.892    1.19e+04
x2           311.1224     86.144      3.612      0.000     142.206     480.039
x3          2050.0145    934.078      2.195      0.028     218.424    3881.605
x4          1519.0915   1810.353      0.839      0.401   -2030.746    5068.929
x5         -6147.6312   1667.534     -3.687      0.000   -9417.422   -2877.840
==============================================================================
Omnibus:                     1800.377   Durbin-Watson:                   1.947
Prob(Omnibus):                  0.000   Jarque-Bera (JB):            32903.235
Skew:                           2.945   Prob(JB):                         0.00
Kurtosis:                      19.151   Cond. No.                         42.7
==============================================================================

Warnings:
[1] Standard Errors assume that the covariance matrix of the errors is correctly specified.



[0, 1, 3, 5, 8, 9]
                            OLS Regression Results                            
==============================================================================
Dep. Variable:                      y   R-squared:                       0.155
Model:                            OLS   Adj. R-squared:                  0.153
Method:                 Least Squares   F-statistic:                     81.55
Date:                Tue, 04 Dec 2018   Prob (F-statistic):           6.08e-94
Time:                        10:22:18   Log-Likelihood:                -31871.
No. Observations:                2672   AIC:                         6.376e+04
Df Residuals:                    2665   BIC:                         6.380e+04
Df Model:                           6                                         
Covariance Type:            nonrobust                                         
==============================================================================
                 coef    std err          t      P>|t|      [0.025      0.975]
------------------------------------------------------------------------------
const       1004.0929   2062.709      0.487      0.626   -3040.579    5048.765
x1          1.024e+04   1057.928      9.682      0.000    8168.099    1.23e+04
x2           335.0563     86.588      3.870      0.000     165.270     504.842
x3           -96.5167     47.842     -2.017      0.044    -190.329      -2.705
x4          2186.5728   1784.829      1.225      0.221   -1313.217    5686.362
x5           472.9268   1904.956      0.248      0.804   -3262.416    4208.269
x6         -1515.8781   2489.975     -0.609      0.543   -6398.356    3366.600
==============================================================================
Omnibus:                     1815.672   Durbin-Watson:                   1.947
Prob(Omnibus):                  0.000   Jarque-Bera (JB):            33349.362
Skew:                           2.980   Prob(JB):                         0.00
Kurtosis:                      19.249   Cond. No.                         124.
==============================================================================

Warnings:
[1] Standard Errors assume that the covariance matrix of the errors is correctly specified.



[0, 1, 3, 5, 9]
                            OLS Regression Results                            
==============================================================================
Dep. Variable:                      y   R-squared:                       0.155
Model:                            OLS   Adj. R-squared:                  0.154
Method:                 Least Squares   F-statistic:                     97.89
Date:                Tue, 04 Dec 2018   Prob (F-statistic):           6.02e-95
Time:                        10:22:18   Log-Likelihood:                -31871.
No. Observations:                2672   AIC:                         6.375e+04
Df Residuals:                    2666   BIC:                         6.379e+04
Df Model:                           5                                         
Covariance Type:            nonrobust                                         
==============================================================================
                 coef    std err          t      P>|t|      [0.025      0.975]
------------------------------------------------------------------------------
const       1273.0031   1755.111      0.725      0.468   -2168.515    4714.521
x1          1.018e+04   1031.277      9.875      0.000    8161.976    1.22e+04
x2           339.1334     85.001      3.990      0.000     172.459     505.808
x3           -96.2651     47.823     -2.013      0.044    -190.040      -2.491
x4          2217.9379   1780.038      1.246      0.213   -1272.458    5708.334
x5         -1328.2231   2372.055     -0.560      0.576   -5979.476    3323.030
==============================================================================
Omnibus:                     1816.602   Durbin-Watson:                   1.946
Prob(Omnibus):                  0.000   Jarque-Bera (JB):            33376.354
Skew:                           2.982   Prob(JB):                         0.00
Kurtosis:                      19.255   Cond. No.                         107.
==============================================================================

Warnings:
[1] Standard Errors assume that the covariance matrix of the errors is correctly specified.



[0, 1, 3, 5, 8]
                            OLS Regression Results                            
==============================================================================
Dep. Variable:                      y   R-squared:                       0.155
Model:                            OLS   Adj. R-squared:                  0.153
Method:                 Least Squares   F-statistic:                     97.81
Date:                Tue, 04 Dec 2018   Prob (F-statistic):           7.02e-95
Time:                        10:22:18   Log-Likelihood:                -31871.
No. Observations:                2672   AIC:                         6.375e+04
Df Residuals:                    2666   BIC:                         6.379e+04
Df Model:                           5                                         
Covariance Type:            nonrobust                                         
==============================================================================
                 coef    std err          t      P>|t|      [0.025      0.975]
------------------------------------------------------------------------------
const       1131.5837   2051.809      0.552      0.581   -2891.714    5154.881
x1          1.026e+04   1057.425      9.703      0.000    8186.317    1.23e+04
x2           336.6455     86.538      3.890      0.000     166.957     506.334
x3          -117.1350     33.788     -3.467      0.001    -183.388     -50.882
x4          2168.5617   1784.373      1.215      0.224   -1330.333    5667.457
x5           120.8717   1814.847      0.067      0.947   -3437.778    3679.521
==============================================================================
Omnibus:                     1815.786   Durbin-Watson:                   1.946
Prob(Omnibus):                  0.000   Jarque-Bera (JB):            33271.923
Skew:                           2.981   Prob(JB):                         0.00
Kurtosis:                      19.227   Cond. No.                         112.
==============================================================================

Warnings:
[1] Standard Errors assume that the covariance matrix of the errors is correctly specified.



[0, 1, 3, 8, 9]
                            OLS Regression Results                            
==============================================================================
Dep. Variable:                      y   R-squared:                       0.155
Model:                            OLS   Adj. R-squared:                  0.153
Method:                 Least Squares   F-statistic:                     97.55
Date:                Tue, 04 Dec 2018   Prob (F-statistic):           1.23e-94
Time:                        10:22:18   Log-Likelihood:                -31872.
No. Observations:                2672   AIC:                         6.376e+04
Df Residuals:                    2666   BIC:                         6.379e+04
Df Model:                           5                                         
Covariance Type:            nonrobust                                         
==============================================================================
                 coef    std err          t      P>|t|      [0.025      0.975]
------------------------------------------------------------------------------
const       2050.5404   1877.713      1.092      0.275   -1631.380    5732.461
x1          1.124e+04    678.417     16.564      0.000    9906.816    1.26e+04
x2           343.4682     86.323      3.979      0.000     174.201     512.735
x3           -97.0759     47.845     -2.029      0.043    -190.893      -3.259
x4           638.1209   1900.356      0.336      0.737   -3088.201    4364.443
x5         -1465.3147   2489.866     -0.589      0.556   -6347.580    3416.951
==============================================================================
Omnibus:                     1814.400   Durbin-Watson:                   1.948
Prob(Omnibus):                  0.000   Jarque-Bera (JB):            33096.696
Skew:                           2.979   Prob(JB):                         0.00
Kurtosis:                      19.179   Cond. No.                         123.
==============================================================================

Warnings:
[1] Standard Errors assume that the covariance matrix of the errors is correctly specified.



[0, 1, 4, 5, 8]
                            OLS Regression Results                            
==============================================================================
Dep. Variable:                      y   R-squared:                       0.155
Model:                            OLS   Adj. R-squared:                  0.153
Method:                 Least Squares   F-statistic:                     97.50
Date:                Tue, 04 Dec 2018   Prob (F-statistic):           1.35e-94
Time:                        10:22:18   Log-Likelihood:                -31872.
No. Observations:                2672   AIC:                         6.376e+04
Df Residuals:                    2666   BIC:                         6.379e+04
Df Model:                           5                                         
Covariance Type:            nonrobust                                         
==============================================================================
                 coef    std err          t      P>|t|      [0.025      0.975]
------------------------------------------------------------------------------
const       4511.8191   2462.170      1.832      0.067    -316.136    9339.775
x1          8693.7961   1165.223      7.461      0.000    6408.963     1.1e+04
x2           345.9736     86.443      4.002      0.000     176.472     515.476
x3          4746.6873   1451.207      3.271      0.001    1901.082    7592.293
x4           957.3559   1821.630      0.526      0.599   -2614.595    4529.307
x5         -9386.3025   2805.536     -3.346      0.001   -1.49e+04   -3885.056
==============================================================================
Omnibus:                     1794.623   Durbin-Watson:                   1.936
Prob(Omnibus):                  0.000   Jarque-Bera (JB):            32302.679
Skew:                           2.937   Prob(JB):                         0.00
Kurtosis:                      18.989   Cond. No.                         69.6
==============================================================================

Warnings:
[1] Standard Errors assume that the covariance matrix of the errors is correctly specified.



[0, 1, 4, 8]
                            OLS Regression Results                            
==============================================================================
Dep. Variable:                      y   R-squared:                       0.155
Model:                            OLS   Adj. R-squared:                  0.153
Method:                 Least Squares   F-statistic:                     121.8
Date:                Tue, 04 Dec 2018   Prob (F-statistic):           1.31e-95
Time:                        10:22:18   Log-Likelihood:                -31872.
No. Observations:                2672   AIC:                         6.375e+04
Df Residuals:                    2667   BIC:                         6.378e+04
Df Model:                           4                                         
Covariance Type:            nonrobust                                         
==============================================================================
                 coef    std err          t      P>|t|      [0.025      0.975]
------------------------------------------------------------------------------
const       5098.2325   2194.524      2.323      0.020     795.091    9401.374
x1          9060.2619    933.424      9.706      0.000    7229.954    1.09e+04
x2           349.1957     86.214      4.050      0.000     180.144     518.248
x3          4899.2676   1421.677      3.446      0.001    2111.568    7686.968
x4         -9545.5541   2788.745     -3.423      0.001    -1.5e+04   -4077.233
==============================================================================
Omnibus:                     1793.849   Durbin-Watson:                   1.937
Prob(Omnibus):                  0.000   Jarque-Bera (JB):            32205.784
Skew:                           2.936   Prob(JB):                         0.00
Kurtosis:                      18.962   Cond. No.                         67.1
==============================================================================

Warnings:
[1] Standard Errors assume that the covariance matrix of the errors is correctly specified.



[0, 1, 5, 8, 9]
                            OLS Regression Results                            
==============================================================================
Dep. Variable:                      y   R-squared:                       0.154
Model:                            OLS   Adj. R-squared:                  0.152
Method:                 Least Squares   F-statistic:                     96.94
Date:                Tue, 04 Dec 2018   Prob (F-statistic):           4.41e-94
Time:                        10:22:18   Log-Likelihood:                -31873.
No. Observations:                2672   AIC:                         6.376e+04
Df Residuals:                    2666   BIC:                         6.379e+04
Df Model:                           5                                         
Covariance Type:            nonrobust                                         
==============================================================================
                 coef    std err          t      P>|t|      [0.025      0.975]
------------------------------------------------------------------------------
const        205.9440   2025.576      0.102      0.919   -3765.916    4177.804
x1          1.022e+04   1058.455      9.652      0.000    8140.434    1.23e+04
x2           338.7936     86.618      3.911      0.000     168.949     508.638
x3          2220.9294   1785.775      1.244      0.214   -1280.715    5722.573
x4           391.5305   1905.625      0.205      0.837   -3345.123    4128.184
x5         -5071.8203   1759.717     -2.882      0.004   -8522.368   -1621.272
==============================================================================
Omnibus:                     1813.483   Durbin-Watson:                   1.947
Prob(Omnibus):                  0.000   Jarque-Bera (JB):            33226.752
Skew:                           2.975   Prob(JB):                         0.00
Kurtosis:                      19.218   Cond. No.                         47.1
==============================================================================

Warnings:
[1] Standard Errors assume that the covariance matrix of the errors is correctly specified.



[0, 3, 4, 5, 8, 9]
                            OLS Regression Results                            
==============================================================================
Dep. Variable:                      y   R-squared:                       0.154
Model:                            OLS   Adj. R-squared:                  0.152
Method:                 Least Squares   F-statistic:                     80.69
Date:                Tue, 04 Dec 2018   Prob (F-statistic):           5.33e-93
Time:                        10:22:18   Log-Likelihood:                -31873.
No. Observations:                2672   AIC:                         6.376e+04
Df Residuals:                    2665   BIC:                         6.380e+04
Df Model:                           6                                         
Covariance Type:            nonrobust                                         
==============================================================================
                 coef    std err          t      P>|t|      [0.025      0.975]
------------------------------------------------------------------------------
const       5657.2572   2492.890      2.269      0.023     769.062    1.05e+04
x1          9533.4754   1145.421      8.323      0.000    7287.472    1.18e+04
x2           -98.8695     47.873     -2.065      0.039    -192.742      -4.997
x3          4724.4340   1452.717      3.252      0.001    1875.867    7573.001
x4          1532.1746   1818.628      0.842      0.400   -2033.891    5098.240
x5         -5535.0257   2947.897     -1.878      0.061   -1.13e+04     245.371
x6         -1639.6130   2491.415     -0.658      0.511   -6524.915    3245.689
==============================================================================
Omnibus:                     1822.167   Durbin-Watson:                   1.939
Prob(Omnibus):                  0.000   Jarque-Bera (JB):            35143.911
Skew:                           2.975   Prob(JB):                         0.00
Kurtosis:                      19.741   Cond. No.                         170.
==============================================================================

Warnings:
[1] Standard Errors assume that the covariance matrix of the errors is correctly specified.



[0, 3, 4, 5, 8]
                            OLS Regression Results                            
==============================================================================
Dep. Variable:                      y   R-squared:                       0.154
Model:                            OLS   Adj. R-squared:                  0.152
Method:                 Least Squares   F-statistic:                     96.76
Date:                Tue, 04 Dec 2018   Prob (F-statistic):           6.38e-94
Time:                        10:22:18   Log-Likelihood:                -31873.
No. Observations:                2672   AIC:                         6.376e+04
Df Residuals:                    2666   BIC:                         6.379e+04
Df Model:                           5                                         
Covariance Type:            nonrobust                                         
==============================================================================
                 coef    std err          t      P>|t|      [0.025      0.975]
------------------------------------------------------------------------------
const       5814.7037   2481.120      2.344      0.019     949.589    1.07e+04
x1          9550.0411   1145.022      8.340      0.000    7304.820    1.18e+04
x2          -121.1953     33.775     -3.588      0.000    -187.423     -54.967
x3          4744.1087   1452.255      3.267      0.001    1896.448    7591.769
x4          1510.4890   1818.136      0.831      0.406   -2054.611    5075.589
x5         -5939.6687   2882.755     -2.060      0.039   -1.16e+04    -287.007
==============================================================================
Omnibus:                     1822.215   Durbin-Watson:                   1.938
Prob(Omnibus):                  0.000   Jarque-Bera (JB):            35055.350
Skew:                           2.976   Prob(JB):                         0.00
Kurtosis:                      19.716   Cond. No.                         166.
==============================================================================

Warnings:
[1] Standard Errors assume that the covariance matrix of the errors is correctly specified.



[0, 3, 4, 8, 9]
                            OLS Regression Results                            
==============================================================================
Dep. Variable:                      y   R-squared:                       0.154
Model:                            OLS   Adj. R-squared:                  0.152
Method:                 Least Squares   F-statistic:                     96.70
Date:                Tue, 04 Dec 2018   Prob (F-statistic):           7.32e-94
Time:                        10:22:18   Log-Likelihood:                -31873.
No. Observations:                2672   AIC:                         6.376e+04
Df Residuals:                    2666   BIC:                         6.379e+04
Df Model:                           5                                         
Covariance Type:            nonrobust                                         
==============================================================================
                 coef    std err          t      P>|t|      [0.025      0.975]
------------------------------------------------------------------------------
const       6605.8379   2224.018      2.970      0.003    2244.864     1.1e+04
x1          1.014e+04    894.376     11.333      0.000    8382.567    1.19e+04
x2           -99.2302     47.869     -2.073      0.038    -193.094      -5.366
x3          4973.1856   1422.318      3.497      0.000    2184.226    7762.145
x4         -5789.5657   2932.214     -1.974      0.048   -1.15e+04     -39.922
x5         -1601.5815   2490.870     -0.643      0.520   -6485.815    3282.652
==============================================================================
Omnibus:                     1821.414   Durbin-Watson:                   1.940
Prob(Omnibus):                  0.000   Jarque-Bera (JB):            35009.973
Skew:                           2.975   Prob(JB):                         0.00
Kurtosis:                      19.705   Cond. No.                         165.
==============================================================================

Warnings:
[1] Standard Errors assume that the covariance matrix of the errors is correctly specified.



[0, 3, 4, 8]
                            OLS Regression Results                            
==============================================================================
Dep. Variable:                      y   R-squared:                       0.153
Model:                            OLS   Adj. R-squared:                  0.152
Method:                 Least Squares   F-statistic:                     120.8
Date:                Tue, 04 Dec 2018   Prob (F-statistic):           7.67e-95
Time:                        10:22:18   Log-Likelihood:                -31874.
No. Observations:                2672   AIC:                         6.376e+04
Df Residuals:                    2667   BIC:                         6.379e+04
Df Model:                           4                                         
Covariance Type:            nonrobust                                         
==============================================================================
                 coef    std err          t      P>|t|      [0.025      0.975]
------------------------------------------------------------------------------
const       6746.5643   2212.979      3.049      0.002    2407.236    1.11e+04
x1          1.014e+04    894.194     11.344      0.000    8390.774    1.19e+04
x2          -121.0403     33.773     -3.584      0.000    -187.263     -54.817
x3          4988.9700   1421.950      3.509      0.000    2200.733    7777.207
x4         -6181.4324   2867.863     -2.155      0.031   -1.18e+04    -557.973
==============================================================================
Omnibus:                     1821.451   Durbin-Watson:                   1.939
Prob(Omnibus):                  0.000   Jarque-Bera (JB):            34924.675
Skew:                           2.976   Prob(JB):                         0.00
Kurtosis:                      19.682   Cond. No.                         161.
==============================================================================

Warnings:
[1] Standard Errors assume that the covariance matrix of the errors is correctly specified.



[0, 3, 4, 5, 9]
                            OLS Regression Results                            
==============================================================================
Dep. Variable:                      y   R-squared:                       0.153
Model:                            OLS   Adj. R-squared:                  0.151
Method:                 Least Squares   F-statistic:                     96.03
Date:                Tue, 04 Dec 2018   Prob (F-statistic):           2.96e-93
Time:                        10:22:18   Log-Likelihood:                -31875.
No. Observations:                2672   AIC:                         6.376e+04
Df Residuals:                    2666   BIC:                         6.380e+04
Df Model:                           5                                         
Covariance Type:            nonrobust                                         
==============================================================================
                 coef    std err          t      P>|t|      [0.025      0.975]
------------------------------------------------------------------------------
const       2307.1143   1741.787      1.325      0.185   -1108.276    5722.505
x1          1.048e+04   1027.961     10.199      0.000    8468.327    1.25e+04
x2          -100.5823     47.887     -2.100      0.036    -194.482      -6.682
x3          2617.2929    922.913      2.836      0.005     807.596    4426.990
x4          1882.1445   1809.908      1.040      0.298   -1666.821    5431.110
x5         -2615.3163   2437.773     -1.073      0.283   -7395.433    2164.801
==============================================================================
Omnibus:                     1822.377   Durbin-Watson:                   1.944
Prob(Omnibus):                  0.000   Jarque-Bera (JB):            34942.694
Skew:                           2.978   Prob(JB):                         0.00
Kurtosis:                      19.685   Cond. No.                         109.
==============================================================================

Warnings:
[1] Standard Errors assume that the covariance matrix of the errors is correctly specified.



[0, 4, 5, 8, 9]
                            OLS Regression Results                            
==============================================================================
Dep. Variable:                      y   R-squared:                       0.152
Model:                            OLS   Adj. R-squared:                  0.151
Method:                 Least Squares   F-statistic:                     95.86
Date:                Tue, 04 Dec 2018   Prob (F-statistic):           4.28e-93
Time:                        10:22:18   Log-Likelihood:                -31875.
No. Observations:                2672   AIC:                         6.376e+04
Df Residuals:                    2666   BIC:                         6.380e+04
Df Model:                           5                                         
Covariance Type:            nonrobust                                         
==============================================================================
                 coef    std err          t      P>|t|      [0.025      0.975]
------------------------------------------------------------------------------
const       4870.4066   2465.112      1.976      0.048      36.682    9704.131
x1          9505.9252   1146.044      8.295      0.000    7258.700    1.18e+04
x2          4755.4194   1453.529      3.272      0.001    1905.261    7605.578
x3          1565.7573   1819.669      0.860      0.390   -2002.348    5133.862
x4         -5651.0280   2949.166     -1.916      0.055   -1.14e+04     131.857
x5         -5285.7478   1758.976     -3.005      0.003   -8734.842   -1836.653
==============================================================================
Omnibus:                     1820.529   Durbin-Watson:                   1.940
Prob(Omnibus):                  0.000   Jarque-Bera (JB):            35061.631
Skew:                           2.972   Prob(JB):                         0.00
Kurtosis:                      19.721   Cond. No.                         15.7
==============================================================================

Warnings:
[1] Standard Errors assume that the covariance matrix of the errors is correctly specified.



[0, 4, 8, 9]
                            OLS Regression Results                            
==============================================================================
Dep. Variable:                      y   R-squared:                       0.152
Model:                            OLS   Adj. R-squared:                  0.151
Method:                 Least Squares   F-statistic:                     119.6
Date:                Tue, 04 Dec 2018   Prob (F-statistic):           5.30e-94
Time:                        10:22:18   Log-Likelihood:                -31876.
No. Observations:                2672   AIC:                         6.376e+04
Df Residuals:                    2667   BIC:                         6.379e+04
Df Model:                           4                                         
Covariance Type:            nonrobust                                         
==============================================================================
                 coef    std err          t      P>|t|      [0.025      0.975]
------------------------------------------------------------------------------
const       5836.9229   2194.223      2.660      0.008    1534.373    1.01e+04
x1          1.012e+04    894.901     11.311      0.000    8367.146    1.19e+04
x2          5009.7590   1423.088      3.520      0.000    2219.292    7800.226
x3         -5911.6004   2933.435     -2.015      0.044   -1.17e+04    -159.564
x4         -5260.4716   1758.645     -2.991      0.003   -8708.917   -1812.026
==============================================================================
Omnibus:                     1819.819   Durbin-Watson:                   1.941
Prob(Omnibus):                  0.000   Jarque-Bera (JB):            34928.165
Skew:                           2.971   Prob(JB):                         0.00
Kurtosis:                      19.686   Cond. No.                         13.3
==============================================================================

Warnings:
[1] Standard Errors assume that the covariance matrix of the errors is correctly specified.



[0, 3, 5, 8, 9]
                            OLS Regression Results                            
==============================================================================
Dep. Variable:                      y   R-squared:                       0.150
Model:                            OLS   Adj. R-squared:                  0.149
Method:                 Least Squares   F-statistic:                     94.37
Date:                Tue, 04 Dec 2018   Prob (F-statistic):           9.76e-92
Time:                        10:22:18   Log-Likelihood:                -31878.
No. Observations:                2672   AIC:                         6.377e+04
Df Residuals:                    2666   BIC:                         6.380e+04
Df Model:                           5                                         
Covariance Type:            nonrobust                                         
==============================================================================
                 coef    std err          t      P>|t|      [0.025      0.975]
------------------------------------------------------------------------------
const       1111.8012   2067.919      0.538      0.591   -2943.087    5166.689
x1          1.114e+04   1034.644     10.771      0.000    9115.500    1.32e+04
x2          -100.4775     47.957     -2.095      0.036    -194.514      -6.441
x3          2734.2535   1783.865      1.533      0.125    -763.645    6232.152
x4          1871.0164   1875.274      0.998      0.319   -1806.123    5548.156
x5         -1806.3550   2495.357     -0.724      0.469   -6699.386    3086.676
==============================================================================
Omnibus:                     1836.098   Durbin-Watson:                   1.946
Prob(Omnibus):                  0.000   Jarque-Bera (JB):            35294.035
Skew:                           3.010   Prob(JB):                         0.00
Kurtosis:                      19.756   Cond. No.                         121.
==============================================================================

Warnings:
[1] Standard Errors assume that the covariance matrix of the errors is correctly specified.



[1, 3, 4, 5, 8, 9]
                            OLS Regression Results                            
==============================================================================
Dep. Variable:                      y   R-squared:                       0.141
Model:                            OLS   Adj. R-squared:                  0.139
Method:                 Least Squares   F-statistic:                     72.65
Date:                Tue, 04 Dec 2018   Prob (F-statistic):           3.87e-84
Time:                        10:22:18   Log-Likelihood:                -31894.
No. Observations:                2672   AIC:                         6.380e+04
Df Residuals:                    2665   BIC:                         6.384e+04
Df Model:                           6                                         
Covariance Type:            nonrobust                                         
==============================================================================
                 coef    std err          t      P>|t|      [0.025      0.975]
------------------------------------------------------------------------------
const       1.016e+04   2429.735      4.181      0.000    5393.517    1.49e+04
x1           448.9009     85.810      5.231      0.000     280.641     617.161
x2           -89.5479     48.250     -1.856      0.064    -184.158       5.062
x3          9115.5612   1329.696      6.855      0.000    6508.221    1.17e+04
x4          9183.3094   1472.111      6.238      0.000    6296.714    1.21e+04
x5         -1.662e+04   2665.261     -6.237      0.000   -2.19e+04   -1.14e+04
x6         -1659.4856   2511.505     -0.661      0.509   -6584.183    3265.211
==============================================================================
Omnibus:                     1769.310   Durbin-Watson:                   1.925
Prob(Omnibus):                  0.000   Jarque-Bera (JB):            31002.028
Skew:                           2.888   Prob(JB):                         0.00
Kurtosis:                      18.656   Cond. No.                         164.
==============================================================================

Warnings:
[1] Standard Errors assume that the covariance matrix of the errors is correctly specified.



[1, 3, 4, 5, 8]
                            OLS Regression Results                            
==============================================================================
Dep. Variable:                      y   R-squared:                       0.140
Model:                            OLS   Adj. R-squared:                  0.139
Method:                 Least Squares   F-statistic:                     87.11
Date:                Tue, 04 Dec 2018   Prob (F-statistic):           4.88e-85
Time:                        10:22:18   Log-Likelihood:                -31894.
No. Observations:                2672   AIC:                         6.380e+04
Df Residuals:                    2666   BIC:                         6.384e+04
Df Model:                           5                                         
Covariance Type:            nonrobust                                         
==============================================================================
                 coef    std err          t      P>|t|      [0.025      0.975]
------------------------------------------------------------------------------
const       1.032e+04   2416.658      4.271      0.000    5583.879    1.51e+04
x1           450.7817     85.753      5.257      0.000     282.632     618.931
x2          -112.1026     34.097     -3.288      0.001    -178.961     -45.244
x3          9141.1432   1328.992      6.878      0.000    6535.184    1.17e+04
x4          9170.4330   1471.826      6.231      0.000    6284.396    1.21e+04
x5         -1.705e+04   2584.553     -6.598      0.000   -2.21e+04    -1.2e+04
==============================================================================
Omnibus:                     1769.459   Durbin-Watson:                   1.924
Prob(Omnibus):                  0.000   Jarque-Bera (JB):            30928.803
Skew:                           2.889   Prob(JB):                         0.00
Kurtosis:                      18.634   Cond. No.                         159.
==============================================================================

Warnings:
[1] Standard Errors assume that the covariance matrix of the errors is correctly specified.



[1, 4, 5, 8, 9]
                            OLS Regression Results                            
==============================================================================
Dep. Variable:                      y   R-squared:                       0.139
Model:                            OLS   Adj. R-squared:                  0.138
Method:                 Least Squares   F-statistic:                     86.41
Date:                Tue, 04 Dec 2018   Prob (F-statistic):           2.17e-84
Time:                        10:22:18   Log-Likelihood:                -31895.
No. Observations:                2672   AIC:                         6.380e+04
Df Residuals:                    2666   BIC:                         6.384e+04
Df Model:                           5                                         
Covariance Type:            nonrobust                                         
==============================================================================
                 coef    std err          t      P>|t|      [0.025      0.975]
------------------------------------------------------------------------------
const       9424.3223   2398.471      3.929      0.000    4721.270    1.41e+04
x1           451.8543     85.834      5.264      0.000     283.546     620.163
x2          9124.4277   1330.297      6.859      0.000    6515.909    1.17e+04
x3          9177.1020   1472.782      6.231      0.000    6289.191    1.21e+04
x4          -1.67e+04   2666.148     -6.265      0.000   -2.19e+04   -1.15e+04
x5         -4957.1082   1775.819     -2.791      0.005   -8439.230   -1474.986
==============================================================================
Omnibus:                     1767.123   Durbin-Watson:                   1.925
Prob(Omnibus):                  0.000   Jarque-Bera (JB):            30898.277
Skew:                           2.883   Prob(JB):                         0.00
Kurtosis:                      18.629   Cond. No.                         66.3
==============================================================================

Warnings:
[1] Standard Errors assume that the covariance matrix of the errors is correctly specified.



[1, 4, 5, 8]
                            OLS Regression Results                            
==============================================================================
Dep. Variable:                      y   R-squared:                       0.137
Model:                            OLS   Adj. R-squared:                  0.136
Method:                 Least Squares   F-statistic:                     105.8
Date:                Tue, 04 Dec 2018   Prob (F-statistic):           9.43e-84
Time:                        10:22:18   Log-Likelihood:                -31899.
No. Observations:                2672   AIC:                         6.381e+04
Df Residuals:                    2667   BIC:                         6.384e+04
Df Model:                           4                                         
Covariance Type:            nonrobust                                         
==============================================================================
                 coef    std err          t      P>|t|      [0.025      0.975]
------------------------------------------------------------------------------
const       9304.4557   2401.138      3.875      0.000    4596.174     1.4e+04
x1           467.5509     85.759      5.452      0.000     299.390     635.711
x2          9290.7715   1330.653      6.982      0.000    6681.556    1.19e+04
x3          9090.7470   1474.331      6.166      0.000    6199.800     1.2e+04
x4         -1.939e+04   2489.657     -7.788      0.000   -2.43e+04   -1.45e+04
==============================================================================
Omnibus:                     1764.817   Durbin-Watson:                   1.921
Prob(Omnibus):                  0.000   Jarque-Bera (JB):            30336.258
Skew:                           2.885   Prob(JB):                         0.00
Kurtosis:                      18.466   Cond. No.                         64.9
==============================================================================

Warnings:
[1] Standard Errors assume that the covariance matrix of the errors is correctly specified.



[3, 4, 5, 8, 9]
                            OLS Regression Results                            
==============================================================================
Dep. Variable:                      y   R-squared:                       0.132
Model:                            OLS   Adj. R-squared:                  0.130
Method:                 Least Squares   F-statistic:                     80.90
Date:                Tue, 04 Dec 2018   Prob (F-statistic):           2.93e-79
Time:                        10:22:18   Log-Likelihood:                -31907.
No. Observations:                2672   AIC:                         6.383e+04
Df Residuals:                    2666   BIC:                         6.386e+04
Df Model:                           5                                         
Covariance Type:            nonrobust                                         
==============================================================================
                 coef    std err          t      P>|t|      [0.025      0.975]
------------------------------------------------------------------------------
const       1.116e+04   2434.050      4.587      0.000    6391.797    1.59e+04
x1           -94.2290     48.479     -1.944      0.052    -189.290       0.832
x2          9952.9495   1326.538      7.503      0.000    7351.803    1.26e+04
x3          1.099e+04   1438.181      7.640      0.000    8167.890    1.38e+04
x4         -1.638e+04   2677.994     -6.116      0.000   -2.16e+04   -1.11e+04
x5         -2095.3169   2522.506     -0.831      0.406   -7041.582    2850.949
==============================================================================
Omnibus:                     1798.877   Durbin-Watson:                   1.922
Prob(Omnibus):                  0.000   Jarque-Bera (JB):            33686.638
Skew:                           2.931   Prob(JB):                         0.00
Kurtosis:                      19.377   Cond. No.                         160.
==============================================================================

Warnings:
[1] Standard Errors assume that the covariance matrix of the errors is correctly specified.



[3, 4, 5, 8]
                            OLS Regression Results                            
==============================================================================
Dep. Variable:                      y   R-squared:                       0.132
Model:                            OLS   Adj. R-squared:                  0.130
Method:                 Least Squares   F-statistic:                     101.0
Date:                Tue, 04 Dec 2018   Prob (F-statistic):           3.85e-80
Time:                        10:22:18   Log-Likelihood:                -31908.
No. Observations:                2672   AIC:                         6.383e+04
Df Residuals:                    2667   BIC:                         6.385e+04
Df Model:                           4                                         
Covariance Type:            nonrobust                                         
==============================================================================
                 coef    std err          t      P>|t|      [0.025      0.975]
------------------------------------------------------------------------------
const       1.138e+04   2420.296      4.701      0.000    6632.307    1.61e+04
x1          -122.7634     34.206     -3.589      0.000    -189.836     -55.691
x2          9989.7205   1325.722      7.535      0.000    7390.174    1.26e+04
x3          1.098e+04   1438.075      7.636      0.000    8161.381    1.38e+04
x4         -1.692e+04   2597.301     -6.515      0.000    -2.2e+04   -1.18e+04
==============================================================================
Omnibus:                     1799.067   Durbin-Watson:                   1.921
Prob(Omnibus):                  0.000   Jarque-Bera (JB):            33587.997
Skew:                           2.933   Prob(JB):                         0.00
Kurtosis:                      19.349   Cond. No.                         156.
==============================================================================

Warnings:
[1] Standard Errors assume that the covariance matrix of the errors is correctly specified.



[4, 5, 8, 9]
                            OLS Regression Results                            
==============================================================================
Dep. Variable:                      y   R-squared:                       0.131
Model:                            OLS   Adj. R-squared:                  0.129
Method:                 Least Squares   F-statistic:                     100.1
Date:                Tue, 04 Dec 2018   Prob (F-statistic):           1.79e-79
Time:                        10:22:18   Log-Likelihood:                -31909.
No. Observations:                2672   AIC:                         6.383e+04
Df Residuals:                    2667   BIC:                         6.386e+04
Df Model:                           4                                         
Covariance Type:            nonrobust                                         
==============================================================================
                 coef    std err          t      P>|t|      [0.025      0.975]
------------------------------------------------------------------------------
const        1.04e+04   2403.254      4.327      0.000    5686.995    1.51e+04
x1          9968.0822   1327.205      7.511      0.000    7365.626    1.26e+04
x2          1.099e+04   1438.927      7.640      0.000    8172.393    1.38e+04
x3         -1.646e+04   2679.066     -6.144      0.000   -2.17e+04   -1.12e+04
x4         -5569.5320   1780.856     -3.127      0.002   -9061.531   -2077.533
==============================================================================
Omnibus:                     1797.081   Durbin-Watson:                   1.922
Prob(Omnibus):                  0.000   Jarque-Bera (JB):            33599.085
Skew:                           2.927   Prob(JB):                         0.00
Kurtosis:                      19.356   Cond. No.                         11.3
==============================================================================

Warnings:
[1] Standard Errors assume that the covariance matrix of the errors is correctly specified.



[1, 3, 4, 5, 9]
                            OLS Regression Results                            
==============================================================================
Dep. Variable:                      y   R-squared:                       0.128
Model:                            OLS   Adj. R-squared:                  0.126
Method:                 Least Squares   F-statistic:                     78.28
Date:                Tue, 04 Dec 2018   Prob (F-statistic):           8.40e-77
Time:                        10:22:18   Log-Likelihood:                -31913.
No. Observations:                2672   AIC:                         6.384e+04
Df Residuals:                    2666   BIC:                         6.387e+04
Df Model:                           5                                         
Covariance Type:            nonrobust                                         
==============================================================================
                 coef    std err          t      P>|t|      [0.025      0.975]
------------------------------------------------------------------------------
const       -272.9538   1775.167     -0.154      0.878   -3753.797    3207.889
x1           439.4866     86.404      5.086      0.000     270.061     608.913
x2           -94.3106     48.585     -1.941      0.052    -189.579       0.958
x3          3215.6512    941.172      3.417      0.001    1370.149    5061.153
x4          1.405e+04   1257.678     11.167      0.000    1.16e+04    1.65e+04
x5         -5478.9658   2452.966     -2.234      0.026   -1.03e+04    -669.058
==============================================================================
Omnibus:                     1768.388   Durbin-Watson:                   1.937
Prob(Omnibus):                  0.000   Jarque-Bera (JB):            30530.125
Skew:                           2.891   Prob(JB):                         0.00
Kurtosis:                      18.517   Cond. No.                         111.
==============================================================================

Warnings:
[1] Standard Errors assume that the covariance matrix of the errors is correctly specified.



[1, 3, 4, 8, 9]
                            OLS Regression Results                            
==============================================================================
Dep. Variable:                      y   R-squared:                       0.128
Model:                            OLS   Adj. R-squared:                  0.126
Method:                 Least Squares   F-statistic:                     78.28
Date:                Tue, 04 Dec 2018   Prob (F-statistic):           8.44e-77
Time:                        10:22:18   Log-Likelihood:                -31913.
No. Observations:                2672   AIC:                         6.384e+04
Df Residuals:                    2666   BIC:                         6.387e+04
Df Model:                           5                                         
Covariance Type:            nonrobust                                         
==============================================================================
                 coef    std err          t      P>|t|      [0.025      0.975]
------------------------------------------------------------------------------
const       2.192e+04   1542.581     14.212      0.000    1.89e+04    2.49e+04
x1           574.3395     84.011      6.836      0.000     409.605     739.074
x2           -88.8641     48.591     -1.829      0.068    -184.145       6.416
x3          1.426e+04   1049.990     13.585      0.000    1.22e+04    1.63e+04
x4         -2.543e+04   2277.034    -11.167      0.000   -2.99e+04    -2.1e+04
x5         -1452.0860   2529.080     -0.574      0.566   -6411.243    3507.071
==============================================================================
Omnibus:                     1753.761   Durbin-Watson:                   1.925
Prob(Omnibus):                  0.000   Jarque-Bera (JB):            28966.373
Skew:                           2.875   Prob(JB):                         0.00
Kurtosis:                      18.070   Cond. No.                         126.
==============================================================================

Warnings:
[1] Standard Errors assume that the covariance matrix of the errors is correctly specified.



[1, 3, 4, 8]
                            OLS Regression Results                            
==============================================================================
Dep. Variable:                      y   R-squared:                       0.128
Model:                            OLS   Adj. R-squared:                  0.127
Method:                 Least Squares   F-statistic:                     97.79
Date:                Tue, 04 Dec 2018   Prob (F-statistic):           9.42e-78
Time:                        10:22:18   Log-Likelihood:                -31913.
No. Observations:                2672   AIC:                         6.384e+04
Df Residuals:                    2667   BIC:                         6.387e+04
Df Model:                           4                                         
Covariance Type:            nonrobust                                         
==============================================================================
                 coef    std err          t      P>|t|      [0.025      0.975]
------------------------------------------------------------------------------
const       2.205e+04   1525.755     14.454      0.000    1.91e+04     2.5e+04
x1           575.8316     83.961      6.858      0.000     411.197     740.466
x2          -108.6042     34.333     -3.163      0.002    -175.926     -41.282
x3          1.428e+04   1049.484     13.607      0.000    1.22e+04    1.63e+04
x4         -2.579e+04   2186.227    -11.798      0.000   -3.01e+04   -2.15e+04
==============================================================================
Omnibus:                     1753.848   Durbin-Watson:                   1.924
Prob(Omnibus):                  0.000   Jarque-Bera (JB):            28908.893
Skew:                           2.876   Prob(JB):                         0.00
Kurtosis:                      18.052   Cond. No.                         108.
==============================================================================

Warnings:
[1] Standard Errors assume that the covariance matrix of the errors is correctly specified.



[1, 4, 8, 9]
                            OLS Regression Results                            
==============================================================================
Dep. Variable:                      y   R-squared:                       0.127
Model:                            OLS   Adj. R-squared:                  0.126
Method:                 Least Squares   F-statistic:                     96.93
Date:                Tue, 04 Dec 2018   Prob (F-statistic):           4.22e-77
Time:                        10:22:19   Log-Likelihood:                -31915.
No. Observations:                2672   AIC:                         6.384e+04
Df Residuals:                    2667   BIC:                         6.387e+04
Df Model:                           4                                         
Covariance Type:            nonrobust                                         
==============================================================================
                 coef    std err          t      P>|t|      [0.025      0.975]
------------------------------------------------------------------------------
const       2.119e+04   1489.835     14.222      0.000    1.83e+04    2.41e+04
x1           577.1863     84.034      6.868      0.000     412.408     741.965
x2          1.427e+04   1050.447     13.584      0.000    1.22e+04    1.63e+04
x3          -2.55e+04   2277.696    -11.195      0.000      -3e+04    -2.1e+04
x4         -4724.6818   1787.974     -2.642      0.008   -8230.637   -1218.727
==============================================================================
Omnibus:                     1751.817   Durbin-Watson:                   1.925
Prob(Omnibus):                  0.000   Jarque-Bera (JB):            28882.571
Skew:                           2.871   Prob(JB):                         0.00
Kurtosis:                      18.048   Cond. No.                         47.7
==============================================================================

Warnings:
[1] Standard Errors assume that the covariance matrix of the errors is correctly specified.



[1, 3, 5, 8, 9]
                            OLS Regression Results                            
==============================================================================
Dep. Variable:                      y   R-squared:                       0.125
Model:                            OLS   Adj. R-squared:                  0.124
Method:                 Least Squares   F-statistic:                     76.46
Date:                Tue, 04 Dec 2018   Prob (F-statistic):           4.37e-75
Time:                        10:22:19   Log-Likelihood:                -31917.
No. Observations:                2672   AIC:                         6.385e+04
Df Residuals:                    2666   BIC:                         6.388e+04
Df Model:                           5                                         
Covariance Type:            nonrobust                                         
==============================================================================
                 coef    std err          t      P>|t|      [0.025      0.975]
------------------------------------------------------------------------------
const       1544.3888   2097.509      0.736      0.462   -2568.521    5657.299
x1           519.7162     85.917      6.049      0.000     351.245     688.187
x2           -90.7363     48.664     -1.865      0.062    -186.159       4.686
x3          1.545e+04   1164.183     13.268      0.000    1.32e+04    1.77e+04
x4         -3626.9327   1889.319     -1.920      0.055   -7331.612      77.747
x5         -2160.7973   2532.004     -0.853      0.394   -7125.688    2804.094
==============================================================================
Omnibus:                     1808.144   Durbin-Watson:                   1.933
Prob(Omnibus):                  0.000   Jarque-Bera (JB):            32069.536
Skew:                           2.976   Prob(JB):                         0.00
Kurtosis:                      18.894   Cond. No.                         124.
==============================================================================

Warnings:
[1] Standard Errors assume that the covariance matrix of the errors is correctly specified.



[1, 3, 4, 9]
                            OLS Regression Results                            
==============================================================================
Dep. Variable:                      y   R-squared:                       0.087
Model:                            OLS   Adj. R-squared:                  0.086
Method:                 Least Squares   F-statistic:                     63.72
Date:                Tue, 04 Dec 2018   Prob (F-statistic):           1.63e-51
Time:                        10:22:19   Log-Likelihood:                -31974.
No. Observations:                2672   AIC:                         6.396e+04
Df Residuals:                    2667   BIC:                         6.399e+04
Df Model:                           4                                         
Covariance Type:            nonrobust                                         
==============================================================================
                 coef    std err          t      P>|t|      [0.025      0.975]
------------------------------------------------------------------------------
const       1.299e+04   1349.337      9.629      0.000    1.03e+04    1.56e+04
x1           695.4725     85.218      8.161      0.000     528.372     862.573
x2           -98.2170     49.698     -1.976      0.048    -195.667      -0.766
x3          7516.9803    878.441      8.557      0.000    5794.485    9239.475
x4         -9336.5098   2484.208     -3.758      0.000   -1.42e+04   -4465.340
==============================================================================
Omnibus:                     1728.150   Durbin-Watson:                   1.950
Prob(Omnibus):                  0.000   Jarque-Bera (JB):            25914.646
Skew:                           2.854   Prob(JB):                         0.00
Kurtosis:                      17.149   Cond. No.                         108.
==============================================================================

Warnings:
[1] Standard Errors assume that the covariance matrix of the errors is correctly specified.



