[0, 1]
                            OLS Regression Results                            
==============================================================================
Dep. Variable:                      y   R-squared:                       0.209
Model:                            OLS   Adj. R-squared:                  0.207
Method:                 Least Squares   F-statistic:                     163.7
Date:                Mon, 03 Dec 2018   Prob (F-statistic):           7.89e-64
Time:                        09:58:48   Log-Likelihood:                -16478.
No. Observations:                1245   AIC:                         3.296e+04
Df Residuals:                    1242   BIC:                         3.298e+04
Df Model:                           2                                         
Covariance Type:            nonrobust                                         
==============================================================================
                 coef    std err          t      P>|t|      [0.025      0.975]
------------------------------------------------------------------------------
const      -1.467e+04   7831.438     -1.873      0.061      -3e+04     693.332
x1          3.335e+04   2100.396     15.877      0.000    2.92e+04    3.75e+04
x2          1063.4748    390.073      2.726      0.006     298.201    1828.749
==============================================================================
Omnibus:                      604.250   Durbin-Watson:                   1.994
Prob(Omnibus):                  0.000   Jarque-Bera (JB):             4792.720
Skew:                           2.095   Prob(JB):                         0.00
Kurtosis:                      11.651   Cond. No.                         32.8
==============================================================================

Warnings:
[1] Standard Errors assume that the covariance matrix of the errors is correctly specified.



[0, 8]
                            OLS Regression Results                            
==============================================================================
Dep. Variable:                      y   R-squared:                       0.217
Model:                            OLS   Adj. R-squared:                  0.216
Method:                 Least Squares   F-statistic:                     172.2
Date:                Mon, 03 Dec 2018   Prob (F-statistic):           9.75e-67
Time:                        09:58:48   Log-Likelihood:                -16472.
No. Observations:                1245   AIC:                         3.295e+04
Df Residuals:                    1242   BIC:                         3.296e+04
Df Model:                           2                                         
Covariance Type:            nonrobust                                         
==============================================================================
                 coef    std err          t      P>|t|      [0.025      0.975]
------------------------------------------------------------------------------
const       2.126e+04   9990.903      2.128      0.034    1656.230    4.09e+04
x1          3.322e+04   2015.606     16.479      0.000    2.93e+04    3.72e+04
x2         -3.993e+04   8717.514     -4.580      0.000    -5.7e+04   -2.28e+04
==============================================================================
Omnibus:                      626.766   Durbin-Watson:                   1.983
Prob(Omnibus):                  0.000   Jarque-Bera (JB):             5211.333
Skew:                           2.176   Prob(JB):                         0.00
Kurtosis:                      12.029   Cond. No.                         12.6
==============================================================================

Warnings:
[1] Standard Errors assume that the covariance matrix of the errors is correctly specified.



[1, 3]
                            OLS Regression Results                            
==============================================================================
Dep. Variable:                      y   R-squared:                       0.061
Model:                            OLS   Adj. R-squared:                  0.059
Method:                 Least Squares   F-statistic:                     40.05
Date:                Mon, 03 Dec 2018   Prob (F-statistic):           1.39e-17
Time:                        09:58:48   Log-Likelihood:                -16585.
No. Observations:                1245   AIC:                         3.318e+04
Df Residuals:                    1242   BIC:                         3.319e+04
Df Model:                           2                                         
Covariance Type:            nonrobust                                         
==============================================================================
                 coef    std err          t      P>|t|      [0.025      0.975]
------------------------------------------------------------------------------
const       8.906e+04   7641.848     11.654      0.000    7.41e+04    1.04e+05
x1          3048.7998    400.690      7.609      0.000    2262.697    3834.903
x2          -857.1820    210.002     -4.082      0.000   -1269.179    -445.185
==============================================================================
Omnibus:                      726.438   Durbin-Watson:                   1.914
Prob(Omnibus):                  0.000   Jarque-Bera (JB):             8012.632
Skew:                           2.521   Prob(JB):                         0.00
Kurtosis:                      14.360   Cond. No.                         53.3
==============================================================================

Warnings:
[1] Standard Errors assume that the covariance matrix of the errors is correctly specified.



[1, 7]
                            OLS Regression Results                            
==============================================================================
Dep. Variable:                      y   R-squared:                       0.050
Model:                            OLS   Adj. R-squared:                  0.049
Method:                 Least Squares   F-statistic:                     32.84
Date:                Mon, 03 Dec 2018   Prob (F-statistic):           1.26e-14
Time:                        09:58:48   Log-Likelihood:                -16592.
No. Observations:                1245   AIC:                         3.319e+04
Df Residuals:                    1242   BIC:                         3.321e+04
Df Model:                           2                                         
Covariance Type:            nonrobust                                         
==============================================================================
                 coef    std err          t      P>|t|      [0.025      0.975]
------------------------------------------------------------------------------
const       6.494e+04   7110.919      9.132      0.000     5.1e+04    7.89e+04
x1          3251.1834    403.644      8.055      0.000    2459.284    4043.083
x2          9708.3055   5667.927      1.713      0.087   -1411.463    2.08e+04
==============================================================================
Omnibus:                      701.675   Durbin-Watson:                   1.910
Prob(Omnibus):                  0.000   Jarque-Bera (JB):             6966.591
Skew:                           2.448   Prob(JB):                         0.00
Kurtosis:                      13.504   Cond. No.                         29.3
==============================================================================

Warnings:
[1] Standard Errors assume that the covariance matrix of the errors is correctly specified.



[1, 8]
                            OLS Regression Results                            
==============================================================================
Dep. Variable:                      y   R-squared:                       0.101
Model:                            OLS   Adj. R-squared:                  0.099
Method:                 Least Squares   F-statistic:                     69.42
Date:                Mon, 03 Dec 2018   Prob (F-statistic):           2.62e-29
Time:                        09:58:48   Log-Likelihood:                -16558.
No. Observations:                1245   AIC:                         3.312e+04
Df Residuals:                    1242   BIC:                         3.314e+04
Df Model:                           2                                         
Covariance Type:            nonrobust                                         
==============================================================================
                 coef    std err          t      P>|t|      [0.025      0.975]
------------------------------------------------------------------------------
const       1.137e+05   7880.516     14.426      0.000    9.82e+04    1.29e+05
x1          3401.2991    391.641      8.685      0.000    2632.948    4169.650
x2          -7.77e+04   9120.758     -8.519      0.000   -9.56e+04   -5.98e+04
==============================================================================
Omnibus:                      743.016   Durbin-Watson:                   1.920
Prob(Omnibus):                  0.000   Jarque-Bera (JB):             8655.166
Skew:                           2.577   Prob(JB):                         0.00
Kurtosis:                      14.844   Cond. No.                         41.5
==============================================================================

Warnings:
[1] Standard Errors assume that the covariance matrix of the errors is correctly specified.



[1, 11]
                            OLS Regression Results                            
==============================================================================
Dep. Variable:                      y   R-squared:                       0.054
Model:                            OLS   Adj. R-squared:                  0.053
Method:                 Least Squares   F-statistic:                     35.74
Date:                Mon, 03 Dec 2018   Prob (F-statistic):           8.13e-16
Time:                        09:58:48   Log-Likelihood:                -16589.
No. Observations:                1245   AIC:                         3.318e+04
Df Residuals:                    1242   BIC:                         3.320e+04
Df Model:                           2                                         
Covariance Type:            nonrobust                                         
==============================================================================
                 coef    std err          t      P>|t|      [0.025      0.975]
------------------------------------------------------------------------------
const       7.862e+04   6774.580     11.605      0.000    6.53e+04    9.19e+04
x1          2927.4732    410.095      7.139      0.000    2122.917    3732.029
x2           -71.0380     24.455     -2.905      0.004    -119.016     -23.060
==============================================================================
Omnibus:                      704.751   Durbin-Watson:                   1.913
Prob(Omnibus):                  0.000   Jarque-Bera (JB):             7107.476
Skew:                           2.456   Prob(JB):                         0.00
Kurtosis:                      13.625   Cond. No.                         305.
==============================================================================

Warnings:
[1] Standard Errors assume that the covariance matrix of the errors is correctly specified.



[3, 4]
                            OLS Regression Results                            
==============================================================================
Dep. Variable:                      y   R-squared:                       0.024
Model:                            OLS   Adj. R-squared:                  0.023
Method:                 Least Squares   F-statistic:                     15.38
Date:                Mon, 03 Dec 2018   Prob (F-statistic):           2.54e-07
Time:                        09:58:48   Log-Likelihood:                -16609.
No. Observations:                1245   AIC:                         3.322e+04
Df Residuals:                    1242   BIC:                         3.324e+04
Df Model:                           2                                         
Covariance Type:            nonrobust                                         
==============================================================================
                 coef    std err          t      P>|t|      [0.025      0.975]
------------------------------------------------------------------------------
const       1.161e+05   6854.183     16.940      0.000    1.03e+05     1.3e+05
x1         -1162.5710    220.952     -5.262      0.000   -1596.052    -729.090
x2          7992.0819   2611.516      3.060      0.002    2868.612    1.31e+04
==============================================================================
Omnibus:                      712.864   Durbin-Watson:                   1.895
Prob(Omnibus):                  0.000   Jarque-Bera (JB):             7179.157
Skew:                           2.495   Prob(JB):                         0.00
Kurtosis:                      13.654   Cond. No.                         45.9
==============================================================================

Warnings:
[1] Standard Errors assume that the covariance matrix of the errors is correctly specified.



[3, 5]
                            OLS Regression Results                            
==============================================================================
Dep. Variable:                      y   R-squared:                       0.119
Model:                            OLS   Adj. R-squared:                  0.118
Method:                 Least Squares   F-statistic:                     84.20
Date:                Mon, 03 Dec 2018   Prob (F-statistic):           5.11e-35
Time:                        09:58:48   Log-Likelihood:                -16545.
No. Observations:                1245   AIC:                         3.310e+04
Df Residuals:                    1242   BIC:                         3.311e+04
Df Model:                           2                                         
Covariance Type:            nonrobust                                         
==============================================================================
                 coef    std err          t      P>|t|      [0.025      0.975]
------------------------------------------------------------------------------
const       3.152e+04   9715.207      3.244      0.001    1.25e+04    5.06e+04
x1          -781.0991    203.374     -3.841      0.000   -1180.093    -382.105
x2          5.549e+04   4612.605     12.029      0.000    4.64e+04    6.45e+04
==============================================================================
Omnibus:                      631.340   Durbin-Watson:                   1.908
Prob(Omnibus):                  0.000   Jarque-Bera (JB):             5429.069
Skew:                           2.183   Prob(JB):                         0.00
Kurtosis:                      12.252   Cond. No.                         72.2
==============================================================================

Warnings:
[1] Standard Errors assume that the covariance matrix of the errors is correctly specified.



[3, 8]
                            OLS Regression Results                            
==============================================================================
Dep. Variable:                      y   R-squared:                       0.048
Model:                            OLS   Adj. R-squared:                  0.047
Method:                 Least Squares   F-statistic:                     31.40
Date:                Mon, 03 Dec 2018   Prob (F-statistic):           4.98e-14
Time:                        09:58:49   Log-Likelihood:                -16593.
No. Observations:                1245   AIC:                         3.319e+04
Df Residuals:                    1242   BIC:                         3.321e+04
Df Model:                           2                                         
Covariance Type:            nonrobust                                         
==============================================================================
                 coef    std err          t      P>|t|      [0.025      0.975]
------------------------------------------------------------------------------
const        1.53e+05   7212.333     21.220      0.000    1.39e+05    1.67e+05
x1          -390.1511    230.422     -1.693      0.091    -842.210      61.908
x2         -6.546e+04   1.02e+04     -6.393      0.000   -8.55e+04   -4.54e+04
==============================================================================
Omnibus:                      770.410   Durbin-Watson:                   1.890
Prob(Omnibus):                  0.000   Jarque-Bera (JB):             9322.204
Skew:                           2.694   Prob(JB):                         0.00
Kurtosis:                      15.275   Cond. No.                         75.2
==============================================================================

Warnings:
[1] Standard Errors assume that the covariance matrix of the errors is correctly specified.



[3, 11]
                            OLS Regression Results                            
==============================================================================
Dep. Variable:                      y   R-squared:                       0.030
Model:                            OLS   Adj. R-squared:                  0.029
Method:                 Least Squares   F-statistic:                     19.45
Date:                Mon, 03 Dec 2018   Prob (F-statistic):           4.82e-09
Time:                        09:58:49   Log-Likelihood:                -16605.
No. Observations:                1245   AIC:                         3.322e+04
Df Residuals:                    1242   BIC:                         3.323e+04
Df Model:                           2                                         
Covariance Type:            nonrobust                                         
==============================================================================
                 coef    std err          t      P>|t|      [0.025      0.975]
------------------------------------------------------------------------------
const       1.323e+05   6107.928     21.655      0.000     1.2e+05    1.44e+05
x1          -926.4747    213.140     -4.347      0.000   -1344.630    -508.320
x2          -101.0950     24.252     -4.169      0.000    -148.673     -53.517
==============================================================================
Omnibus:                      760.881   Durbin-Watson:                   1.895
Prob(Omnibus):                  0.000   Jarque-Bera (JB):             9100.645
Skew:                           2.653   Prob(JB):                         0.00
Kurtosis:                      15.136   Cond. No.                         272.
==============================================================================

Warnings:
[1] Standard Errors assume that the covariance matrix of the errors is correctly specified.



[4, 5]
                            OLS Regression Results                            
==============================================================================
Dep. Variable:                      y   R-squared:                       0.112
Model:                            OLS   Adj. R-squared:                  0.111
Method:                 Least Squares   F-statistic:                     78.46
Date:                Mon, 03 Dec 2018   Prob (F-statistic):           8.14e-33
Time:                        09:58:49   Log-Likelihood:                -16550.
No. Observations:                1245   AIC:                         3.311e+04
Df Residuals:                    1242   BIC:                         3.312e+04
Df Model:                           2                                         
Covariance Type:            nonrobust                                         
==============================================================================
                 coef    std err          t      P>|t|      [0.025      0.975]
------------------------------------------------------------------------------
const       1.782e+04   8791.022      2.027      0.043     569.430    3.51e+04
x1         -5390.2193   2531.866     -2.129      0.033   -1.04e+04    -423.013
x2          6.021e+04   4858.453     12.392      0.000    5.07e+04    6.97e+04
==============================================================================
Omnibus:                      625.949   Durbin-Watson:                   1.899
Prob(Omnibus):                  0.000   Jarque-Bera (JB):             5173.459
Skew:                           2.175   Prob(JB):                         0.00
Kurtosis:                      11.989   Cond. No.                         7.02
==============================================================================

Warnings:
[1] Standard Errors assume that the covariance matrix of the errors is correctly specified.



[4, 6]
                            OLS Regression Results                            
==============================================================================
Dep. Variable:                      y   R-squared:                       0.005
Model:                            OLS   Adj. R-squared:                  0.003
Method:                 Least Squares   F-statistic:                     3.119
Date:                Mon, 03 Dec 2018   Prob (F-statistic):             0.0445
Time:                        09:58:49   Log-Likelihood:                -16621.
No. Observations:                1245   AIC:                         3.325e+04
Df Residuals:                    1242   BIC:                         3.326e+04
Df Model:                           2                                         
Covariance Type:            nonrobust                                         
==============================================================================
                 coef    std err          t      P>|t|      [0.025      0.975]
------------------------------------------------------------------------------
const       9.614e+04   6439.595     14.930      0.000    8.35e+04    1.09e+05
x1          4243.6336   2547.869      1.666      0.096    -754.969    9242.236
x2            16.2344      9.030      1.798      0.072      -1.482      33.950
==============================================================================
Omnibus:                      701.992   Durbin-Watson:                   1.883
Prob(Omnibus):                  0.000   Jarque-Bera (JB):             6597.271
Skew:                           2.473   Prob(JB):                         0.00
Kurtosis:                      13.135   Cond. No.                         821.
==============================================================================

Warnings:
[1] Standard Errors assume that the covariance matrix of the errors is correctly specified.



[4, 8]
                            OLS Regression Results                            
==============================================================================
Dep. Variable:                      y   R-squared:                       0.132
Model:                            OLS   Adj. R-squared:                  0.131
Method:                 Least Squares   F-statistic:                     94.52
Date:                Mon, 03 Dec 2018   Prob (F-statistic):           6.14e-39
Time:                        09:58:49   Log-Likelihood:                -16536.
No. Observations:                1245   AIC:                         3.308e+04
Df Residuals:                    1242   BIC:                         3.309e+04
Df Model:                           2                                         
Covariance Type:            nonrobust                                         
==============================================================================
                 coef    std err          t      P>|t|      [0.025      0.975]
------------------------------------------------------------------------------
const       1.442e+05   6612.288     21.807      0.000    1.31e+05    1.57e+05
x1          3.809e+04   3429.812     11.105      0.000    3.14e+04    4.48e+04
x2         -1.757e+05   1.29e+04    -13.624      0.000   -2.01e+05    -1.5e+05
==============================================================================
Omnibus:                      676.339   Durbin-Watson:                   1.936
Prob(Omnibus):                  0.000   Jarque-Bera (JB):             6609.984
Skew:                           2.336   Prob(JB):                         0.00
Kurtosis:                      13.276   Cond. No.                         8.82
==============================================================================

Warnings:
[1] Standard Errors assume that the covariance matrix of the errors is correctly specified.



[4, 11]
                            OLS Regression Results                            
==============================================================================
Dep. Variable:                      y   R-squared:                       0.018
Model:                            OLS   Adj. R-squared:                  0.016
Method:                 Least Squares   F-statistic:                     11.25
Date:                Mon, 03 Dec 2018   Prob (F-statistic):           1.44e-05
Time:                        09:58:49   Log-Likelihood:                -16613.
No. Observations:                1245   AIC:                         3.323e+04
Df Residuals:                    1242   BIC:                         3.325e+04
Df Model:                           2                                         
Covariance Type:            nonrobust                                         
==============================================================================
                 coef    std err          t      P>|t|      [0.025      0.975]
------------------------------------------------------------------------------
const       1.074e+05   6362.647     16.878      0.000    9.49e+04     1.2e+05
x1          4191.8946   2530.180      1.657      0.098    -772.004    9155.793
x2          -107.4141     24.357     -4.410      0.000    -155.200     -59.628
==============================================================================
Omnibus:                      709.127   Durbin-Watson:                   1.893
Prob(Omnibus):                  0.000   Jarque-Bera (JB):             6961.197
Skew:                           2.488   Prob(JB):                         0.00
Kurtosis:                      13.461   Cond. No.                         292.
==============================================================================

Warnings:
[1] Standard Errors assume that the covariance matrix of the errors is correctly specified.



[5, 8]
                            OLS Regression Results                            
==============================================================================
Dep. Variable:                      y   R-squared:                       0.144
Model:                            OLS   Adj. R-squared:                  0.143
Method:                 Least Squares   F-statistic:                     104.8
Date:                Mon, 03 Dec 2018   Prob (F-statistic):           8.40e-43
Time:                        09:58:49   Log-Likelihood:                -16527.
No. Observations:                1245   AIC:                         3.306e+04
Df Residuals:                    1242   BIC:                         3.308e+04
Df Model:                           2                                         
Covariance Type:            nonrobust                                         
==============================================================================
                 coef    std err          t      P>|t|      [0.025      0.975]
------------------------------------------------------------------------------
const       5.547e+04   1.02e+04      5.420      0.000    3.54e+04    7.55e+04
x1          5.436e+04   4545.103     11.959      0.000    4.54e+04    6.33e+04
x2         -6.394e+04   8904.724     -7.180      0.000   -8.14e+04   -4.65e+04
==============================================================================
Omnibus:                      642.672   Durbin-Watson:                   1.909
Prob(Omnibus):                  0.000   Jarque-Bera (JB):             5713.490
Skew:                           2.221   Prob(JB):                         0.00
Kurtosis:                      12.508   Cond. No.                         6.60
==============================================================================

Warnings:
[1] Standard Errors assume that the covariance matrix of the errors is correctly specified.



[8, 11]
                            OLS Regression Results                            
==============================================================================
Dep. Variable:                      y   R-squared:                       0.055
Model:                            OLS   Adj. R-squared:                  0.053
Method:                 Least Squares   F-statistic:                     36.05
Date:                Mon, 03 Dec 2018   Prob (F-statistic):           6.06e-16
Time:                        09:58:49   Log-Likelihood:                -16589.
No. Observations:                1245   AIC:                         3.318e+04
Df Residuals:                    1242   BIC:                         3.320e+04
Df Model:                           2                                         
Covariance Type:            nonrobust                                         
==============================================================================
                 coef    std err          t      P>|t|      [0.025      0.975]
------------------------------------------------------------------------------
const       1.525e+05   6935.722     21.984      0.000    1.39e+05    1.66e+05
x1         -6.773e+04   9431.608     -7.181      0.000   -8.62e+04   -4.92e+04
x2           -82.7307     24.151     -3.426      0.001    -130.111     -35.350
==============================================================================
Omnibus:                      764.384   Durbin-Watson:                   1.896
Prob(Omnibus):                  0.000   Jarque-Bera (JB):             9139.037
Skew:                           2.670   Prob(JB):                         0.00
Kurtosis:                      15.152   Cond. No.                         497.
==============================================================================

Warnings:
[1] Standard Errors assume that the covariance matrix of the errors is correctly specified.



[0, 1, 8]
                            OLS Regression Results                            
==============================================================================
Dep. Variable:                      y   R-squared:                       0.225
Model:                            OLS   Adj. R-squared:                  0.223
Method:                 Least Squares   F-statistic:                     120.0
Date:                Mon, 03 Dec 2018   Prob (F-statistic):           3.12e-68
Time:                        09:58:49   Log-Likelihood:                -16465.
No. Observations:                1245   AIC:                         3.294e+04
Df Residuals:                    1241   BIC:                         3.296e+04
Df Model:                           3                                         
Covariance Type:            nonrobust                                         
==============================================================================
                 coef    std err          t      P>|t|      [0.025      0.975]
------------------------------------------------------------------------------
const       1.752e+04      1e+04      1.752      0.080   -2099.774    3.71e+04
x1          3.043e+04   2157.139     14.106      0.000    2.62e+04    3.47e+04
x2          1375.7647    391.043      3.518      0.000     608.587    2142.942
x3         -4.477e+04   8786.435     -5.096      0.000    -6.2e+04   -2.75e+04
==============================================================================
Omnibus:                      631.926   Durbin-Watson:                   1.994
Prob(Omnibus):                  0.000   Jarque-Bera (JB):             5523.540
Skew:                           2.179   Prob(JB):                         0.00
Kurtosis:                      12.353   Cond. No.                         50.3
==============================================================================

Warnings:
[1] Standard Errors assume that the covariance matrix of the errors is correctly specified.



[1, 3, 5]
                            OLS Regression Results                            
==============================================================================
Dep. Variable:                      y   R-squared:                       0.127
Model:                            OLS   Adj. R-squared:                  0.125
Method:                 Least Squares   F-statistic:                     60.15
Date:                Mon, 03 Dec 2018   Prob (F-statistic):           2.62e-36
Time:                        09:58:49   Log-Likelihood:                -16540.
No. Observations:                1245   AIC:                         3.309e+04
Df Residuals:                    1241   BIC:                         3.311e+04
Df Model:                           3                                         
Covariance Type:            nonrobust                                         
==============================================================================
                 coef    std err          t      P>|t|      [0.025      0.975]
------------------------------------------------------------------------------
const       2.595e+04   9825.317      2.641      0.008    6675.014    4.52e+04
x1          1384.9397    422.708      3.276      0.001     555.638    2214.242
x2          -747.0525    202.848     -3.683      0.000   -1145.015    -349.090
x3          4.881e+04   5025.925      9.712      0.000     3.9e+04    5.87e+04
==============================================================================
Omnibus:                      635.216   Durbin-Watson:                   1.919
Prob(Omnibus):                  0.000   Jarque-Bera (JB):             5613.667
Skew:                           2.190   Prob(JB):                         0.00
Kurtosis:                      12.436   Cond. No.                         75.6
==============================================================================

Warnings:
[1] Standard Errors assume that the covariance matrix of the errors is correctly specified.



[1, 3, 11]
                            OLS Regression Results                            
==============================================================================
Dep. Variable:                      y   R-squared:                       0.066
Model:                            OLS   Adj. R-squared:                  0.064
Method:                 Least Squares   F-statistic:                     29.29
Date:                Mon, 03 Dec 2018   Prob (F-statistic):           2.66e-18
Time:                        09:58:49   Log-Likelihood:                -16581.
No. Observations:                1245   AIC:                         3.317e+04
Df Residuals:                    1241   BIC:                         3.319e+04
Df Model:                           3                                         
Covariance Type:            nonrobust                                         
==============================================================================
                 coef    std err          t      P>|t|      [0.025      0.975]
------------------------------------------------------------------------------
const        9.57e+04   8005.774     11.954      0.000       8e+04    1.11e+05
x1          2817.3672    408.663      6.894      0.000    2015.620    3619.115
x2          -827.7536    209.746     -3.946      0.000   -1239.250    -416.257
x3           -66.0708     24.346     -2.714      0.007    -113.834     -18.308
==============================================================================
Omnibus:                      732.187   Durbin-Watson:                   1.918
Prob(Omnibus):                  0.000   Jarque-Bera (JB):             8309.020
Skew:                           2.536   Prob(JB):                         0.00
Kurtosis:                      14.595   Cond. No.                         363.
==============================================================================

Warnings:
[1] Standard Errors assume that the covariance matrix of the errors is correctly specified.



[1, 4, 8]
                            OLS Regression Results                            
==============================================================================
Dep. Variable:                      y   R-squared:                       0.160
Model:                            OLS   Adj. R-squared:                  0.158
Method:                 Least Squares   F-statistic:                     79.01
Date:                Mon, 03 Dec 2018   Prob (F-statistic):           8.98e-47
Time:                        09:58:49   Log-Likelihood:                -16515.
No. Observations:                1245   AIC:                         3.304e+04
Df Residuals:                    1241   BIC:                         3.306e+04
Df Model:                           3                                         
Covariance Type:            nonrobust                                         
==============================================================================
                 coef    std err          t      P>|t|      [0.025      0.975]
------------------------------------------------------------------------------
const       1.184e+05   7633.515     15.510      0.000    1.03e+05    1.33e+05
x1          2520.2056    389.976      6.462      0.000    1755.120    3285.291
x2          3.269e+04   3476.757      9.402      0.000    2.59e+04    3.95e+04
x3         -1.649e+05   1.28e+04    -12.887      0.000    -1.9e+05    -1.4e+05
==============================================================================
Omnibus:                      654.110   Durbin-Watson:                   1.957
Prob(Omnibus):                  0.000   Jarque-Bera (JB):             6149.176
Skew:                           2.250   Prob(JB):                         0.00
Kurtosis:                      12.914   Cond. No.                         54.0
==============================================================================

Warnings:
[1] Standard Errors assume that the covariance matrix of the errors is correctly specified.



[1, 5, 8]
                            OLS Regression Results                            
==============================================================================
Dep. Variable:                      y   R-squared:                       0.157
Model:                            OLS   Adj. R-squared:                  0.155
Method:                 Least Squares   F-statistic:                     77.19
Date:                Mon, 03 Dec 2018   Prob (F-statistic):           8.77e-46
Time:                        09:58:49   Log-Likelihood:                -16518.
No. Observations:                1245   AIC:                         3.304e+04
Df Residuals:                    1241   BIC:                         3.306e+04
Df Model:                           3                                         
Covariance Type:            nonrobust                                         
==============================================================================
                 coef    std err          t      P>|t|      [0.025      0.975]
------------------------------------------------------------------------------
const       5.193e+04   1.02e+04      5.095      0.000    3.19e+04    7.19e+04
x1          1811.9252    417.230      4.343      0.000     993.371    2630.480
x2          4.537e+04   4964.741      9.138      0.000    3.56e+04    5.51e+04
x3         -6.813e+04   8894.025     -7.661      0.000   -8.56e+04   -5.07e+04
==============================================================================
Omnibus:                      654.949   Durbin-Watson:                   1.923
Prob(Omnibus):                  0.000   Jarque-Bera (JB):             6182.176
Skew:                           2.252   Prob(JB):                         0.00
Kurtosis:                      12.944   Cond. No.                         48.2
==============================================================================

Warnings:
[1] Standard Errors assume that the covariance matrix of the errors is correctly specified.



[3, 4, 11]
                            OLS Regression Results                            
==============================================================================
Dep. Variable:                      y   R-squared:                       0.037
Model:                            OLS   Adj. R-squared:                  0.035
Method:                 Least Squares   F-statistic:                     15.88
Date:                Mon, 03 Dec 2018   Prob (F-statistic):           3.87e-10
Time:                        09:58:50   Log-Likelihood:                -16601.
No. Observations:                1245   AIC:                         3.321e+04
Df Residuals:                    1241   BIC:                         3.323e+04
Df Model:                           3                                         
Covariance Type:            nonrobust                                         
==============================================================================
                 coef    std err          t      P>|t|      [0.025      0.975]
------------------------------------------------------------------------------
const       1.223e+05   6980.275     17.522      0.000    1.09e+05    1.36e+05
x1         -1095.0887    220.212     -4.973      0.000   -1527.117    -663.060
x2          7580.4844   2597.328      2.919      0.004    2484.846    1.27e+04
x3           -98.3414     24.197     -4.064      0.000    -145.813     -50.870
==============================================================================
Omnibus:                      720.422   Durbin-Watson:                   1.903
Prob(Omnibus):                  0.000   Jarque-Bera (JB):             7589.007
Skew:                           2.512   Prob(JB):                         0.00
Kurtosis:                      14.003   Cond. No.                         317.
==============================================================================

Warnings:
[1] Standard Errors assume that the covariance matrix of the errors is correctly specified.



[3, 8, 11]
                            OLS Regression Results                            
==============================================================================
Dep. Variable:                      y   R-squared:                       0.057
Model:                            OLS   Adj. R-squared:                  0.055
Method:                 Least Squares   F-statistic:                     24.99
Date:                Mon, 03 Dec 2018   Prob (F-statistic):           1.05e-15
Time:                        09:58:50   Log-Likelihood:                -16588.
No. Observations:                1245   AIC:                         3.318e+04
Df Residuals:                    1241   BIC:                         3.320e+04
Df Model:                           3                                         
Covariance Type:            nonrobust                                         
==============================================================================
                 coef    std err          t      P>|t|      [0.025      0.975]
------------------------------------------------------------------------------
const       1.559e+05   7230.819     21.563      0.000    1.42e+05     1.7e+05
x1          -383.1458    229.450     -1.670      0.095    -833.298      67.006
x2         -6.086e+04   1.03e+04     -5.918      0.000    -8.1e+04   -4.07e+04
x3           -82.3702     24.134     -3.413      0.001    -129.719     -35.022
==============================================================================
Omnibus:                      773.253   Durbin-Watson:                   1.897
Prob(Omnibus):                  0.000   Jarque-Bera (JB):             9606.607
Skew:                           2.697   Prob(JB):                         0.00
Kurtosis:                      15.494   Cond. No.                         510.
==============================================================================

Warnings:
[1] Standard Errors assume that the covariance matrix of the errors is correctly specified.



[4, 5, 8]
                            OLS Regression Results                            
==============================================================================
Dep. Variable:                      y   R-squared:                       0.166
Model:                            OLS   Adj. R-squared:                  0.164
Method:                 Least Squares   F-statistic:                     82.63
Date:                Mon, 03 Dec 2018   Prob (F-statistic):           9.66e-49
Time:                        09:58:50   Log-Likelihood:                -16511.
No. Observations:                1245   AIC:                         3.303e+04
Df Residuals:                    1241   BIC:                         3.305e+04
Df Model:                           3                                         
Covariance Type:            nonrobust                                         
==============================================================================
                 coef    std err          t      P>|t|      [0.025      0.975]
------------------------------------------------------------------------------
const       8.051e+04    1.1e+04      7.313      0.000    5.89e+04    1.02e+05
x1          2.282e+04   3982.570      5.729      0.000     1.5e+04    3.06e+04
x2          3.804e+04   5315.548      7.156      0.000    2.76e+04    4.85e+04
x3         -1.283e+05   1.43e+04     -8.993      0.000   -1.56e+05      -1e+05
==============================================================================
Omnibus:                      626.642   Durbin-Watson:                   1.934
Prob(Omnibus):                  0.000   Jarque-Bera (JB):             5478.045
Skew:                           2.156   Prob(JB):                         0.00
Kurtosis:                      12.328   Cond. No.                         13.1
==============================================================================

Warnings:
[1] Standard Errors assume that the covariance matrix of the errors is correctly specified.



[1, 4, 5, 8]
                            OLS Regression Results                            
==============================================================================
Dep. Variable:                      y   R-squared:                       0.179
Model:                            OLS   Adj. R-squared:                  0.176
Method:                 Least Squares   F-statistic:                     67.39
Date:                Mon, 03 Dec 2018   Prob (F-statistic):           1.20e-51
Time:                        09:58:51   Log-Likelihood:                -16502.
No. Observations:                1245   AIC:                         3.301e+04
Df Residuals:                    1240   BIC:                         3.304e+04
Df Model:                           4                                         
Covariance Type:            nonrobust                                         
==============================================================================
                 coef    std err          t      P>|t|      [0.025      0.975]
------------------------------------------------------------------------------
const       7.666e+04    1.1e+04      6.988      0.000    5.51e+04    9.82e+04
x1          1760.3574    412.185      4.271      0.000     951.700    2569.015
x2          2.244e+04   3956.154      5.673      0.000    1.47e+04    3.02e+04
x3          2.957e+04   5638.902      5.244      0.000    1.85e+04    4.06e+04
x4         -1.313e+05   1.42e+04     -9.257      0.000   -1.59e+05   -1.04e+05
==============================================================================
Omnibus:                      628.701   Durbin-Watson:                   1.949
Prob(Omnibus):                  0.000   Jarque-Bera (JB):             5636.180
Skew:                           2.155   Prob(JB):                         0.00
Kurtosis:                      12.491   Cond. No.                         67.8
==============================================================================

Warnings:
[1] Standard Errors assume that the covariance matrix of the errors is correctly specified.



