[0, 3]
                            OLS Regression Results                            
==============================================================================
Dep. Variable:                      y   R-squared:                       0.191
Model:                            OLS   Adj. R-squared:                  0.190
Method:                 Least Squares   F-statistic:                     267.5
Date:                Mon, 03 Dec 2018   Prob (F-statistic):          5.31e-105
Time:                        10:16:21   Log-Likelihood:                -30167.
No. Observations:                2267   AIC:                         6.034e+04
Df Residuals:                    2264   BIC:                         6.036e+04
Df Model:                           2                                         
Covariance Type:            nonrobust                                         
==============================================================================
                 coef    std err          t      P>|t|      [0.025      0.975]
------------------------------------------------------------------------------
const       2.403e+04   5959.243      4.032      0.000    1.23e+04    3.57e+04
x1          4.546e+04   2075.390     21.902      0.000    4.14e+04    4.95e+04
x2          -690.0774    135.758     -5.083      0.000    -956.300    -423.855
==============================================================================
Omnibus:                     1219.088   Durbin-Watson:                   1.938
Prob(Omnibus):                  0.000   Jarque-Bera (JB):            11139.832
Skew:                           2.384   Prob(JB):                         0.00
Kurtosis:                      12.757   Cond. No.                         62.5
==============================================================================

Warnings:
[1] Standard Errors assume that the covariance matrix of the errors is correctly specified.



[0, 4]
                            OLS Regression Results                            
==============================================================================
Dep. Variable:                      y   R-squared:                       0.201
Model:                            OLS   Adj. R-squared:                  0.200
Method:                 Least Squares   F-statistic:                     284.2
Date:                Mon, 03 Dec 2018   Prob (F-statistic):          7.71e-111
Time:                        10:16:21   Log-Likelihood:                -30154.
No. Observations:                2267   AIC:                         6.031e+04
Df Residuals:                    2264   BIC:                         6.033e+04
Df Model:                           2                                         
Covariance Type:            nonrobust                                         
==============================================================================
                 coef    std err          t      P>|t|      [0.025      0.975]
------------------------------------------------------------------------------
const        1.69e+04   5108.745      3.308      0.001    6883.441    2.69e+04
x1          5.441e+04   2316.090     23.490      0.000    4.99e+04    5.89e+04
x2          -2.15e+04   2948.594     -7.293      0.000   -2.73e+04   -1.57e+04
==============================================================================
Omnibus:                     1251.521   Durbin-Watson:                   1.944
Prob(Omnibus):                  0.000   Jarque-Bera (JB):            11897.346
Skew:                           2.452   Prob(JB):                         0.00
Kurtosis:                      13.095   Cond. No.                         5.03
==============================================================================

Warnings:
[1] Standard Errors assume that the covariance matrix of the errors is correctly specified.



[0, 8]
                            OLS Regression Results                            
==============================================================================
Dep. Variable:                      y   R-squared:                       0.204
Model:                            OLS   Adj. R-squared:                  0.204
Method:                 Least Squares   F-statistic:                     290.7
Date:                Mon, 03 Dec 2018   Prob (F-statistic):          4.20e-113
Time:                        10:16:21   Log-Likelihood:                -30149.
No. Observations:                2267   AIC:                         6.030e+04
Df Residuals:                    2264   BIC:                         6.032e+04
Df Model:                           2                                         
Covariance Type:            nonrobust                                         
==============================================================================
                 coef    std err          t      P>|t|      [0.025      0.975]
------------------------------------------------------------------------------
const       5.307e+04   7554.623      7.024      0.000    3.83e+04    6.79e+04
x1          4.261e+04   2106.003     20.231      0.000    3.85e+04    4.67e+04
x2         -5.609e+04   7017.181     -7.993      0.000   -6.98e+04   -4.23e+04
==============================================================================
Omnibus:                     1211.271   Durbin-Watson:                   1.926
Prob(Omnibus):                  0.000   Jarque-Bera (JB):            10861.630
Skew:                           2.372   Prob(JB):                         0.00
Kurtosis:                      12.617   Cond. No.                         8.32
==============================================================================

Warnings:
[1] Standard Errors assume that the covariance matrix of the errors is correctly specified.



[1, 3]
                            OLS Regression Results                            
==============================================================================
Dep. Variable:                      y   R-squared:                       0.064
Model:                            OLS   Adj. R-squared:                  0.063
Method:                 Least Squares   F-statistic:                     77.60
Date:                Mon, 03 Dec 2018   Prob (F-statistic):           2.53e-33
Time:                        10:16:21   Log-Likelihood:                -30333.
No. Observations:                2267   AIC:                         6.067e+04
Df Residuals:                    2264   BIC:                         6.069e+04
Df Model:                           2                                         
Covariance Type:            nonrobust                                         
==============================================================================
                 coef    std err          t      P>|t|      [0.025      0.975]
------------------------------------------------------------------------------
const       8.027e+04   5722.178     14.028      0.000     6.9e+04    9.15e+04
x1          4195.1652    404.658     10.367      0.000    3401.625    4988.705
x2          -945.3896    145.319     -6.506      0.000   -1230.362    -660.417
==============================================================================
Omnibus:                     1423.591   Durbin-Watson:                   1.921
Prob(Omnibus):                  0.000   Jarque-Bera (JB):            18402.807
Skew:                           2.786   Prob(JB):                         0.00
Kurtosis:                      15.798   Cond. No.                         55.0
==============================================================================

Warnings:
[1] Standard Errors assume that the covariance matrix of the errors is correctly specified.



[1, 5]
                            OLS Regression Results                            
==============================================================================
Dep. Variable:                      y   R-squared:                       0.133
Model:                            OLS   Adj. R-squared:                  0.132
Method:                 Least Squares   F-statistic:                     173.7
Date:                Mon, 03 Dec 2018   Prob (F-statistic):           6.63e-71
Time:                        10:16:21   Log-Likelihood:                -30246.
No. Observations:                2267   AIC:                         6.050e+04
Df Residuals:                    2264   BIC:                         6.052e+04
Df Model:                           2                                         
Covariance Type:            nonrobust                                         
==============================================================================
                 coef    std err          t      P>|t|      [0.025      0.975]
------------------------------------------------------------------------------
const      -2.179e+04   7066.561     -3.083      0.002   -3.56e+04   -7927.553
x1          1904.1693    420.526      4.528      0.000    1079.512    2728.827
x2          7.859e+04   5232.789     15.018      0.000    6.83e+04    8.88e+04
==============================================================================
Omnibus:                     1211.278   Durbin-Watson:                   1.912
Prob(Omnibus):                  0.000   Jarque-Bera (JB):            10753.078
Skew:                           2.376   Prob(JB):                         0.00
Kurtosis:                      12.553   Cond. No.                         30.9
==============================================================================

Warnings:
[1] Standard Errors assume that the covariance matrix of the errors is correctly specified.



[1, 8]
                            OLS Regression Results                            
==============================================================================
Dep. Variable:                      y   R-squared:                       0.116
Model:                            OLS   Adj. R-squared:                  0.115
Method:                 Least Squares   F-statistic:                     148.4
Date:                Mon, 03 Dec 2018   Prob (F-statistic):           2.80e-61
Time:                        10:16:21   Log-Likelihood:                -30268.
No. Observations:                2267   AIC:                         6.054e+04
Df Residuals:                    2264   BIC:                         6.056e+04
Df Model:                           2                                         
Covariance Type:            nonrobust                                         
==============================================================================
                 coef    std err          t      P>|t|      [0.025      0.975]
------------------------------------------------------------------------------
const       1.215e+05   6556.149     18.538      0.000    1.09e+05    1.34e+05
x1          4694.4219    394.162     11.910      0.000    3921.465    5467.379
x2           -9.6e+04   7210.218    -13.314      0.000    -1.1e+05   -8.19e+04
==============================================================================
Omnibus:                     1407.066   Durbin-Watson:                   1.897
Prob(Omnibus):                  0.000   Jarque-Bera (JB):            18553.038
Skew:                           2.732   Prob(JB):                         0.00
Kurtosis:                      15.906   Cond. No.                         33.1
==============================================================================

Warnings:
[1] Standard Errors assume that the covariance matrix of the errors is correctly specified.



[3, 4]
                            OLS Regression Results                            
==============================================================================
Dep. Variable:                      y   R-squared:                       0.031
Model:                            OLS   Adj. R-squared:                  0.030
Method:                 Least Squares   F-statistic:                     35.94
Date:                Mon, 03 Dec 2018   Prob (F-statistic):           4.29e-16
Time:                        10:16:21   Log-Likelihood:                -30372.
No. Observations:                2267   AIC:                         6.075e+04
Df Residuals:                    2264   BIC:                         6.077e+04
Df Model:                           2                                         
Covariance Type:            nonrobust                                         
==============================================================================
                 coef    std err          t      P>|t|      [0.025      0.975]
------------------------------------------------------------------------------
const       1.029e+05   5338.487     19.282      0.000    9.25e+04    1.13e+05
x1         -1148.4159    150.519     -7.630      0.000   -1443.586    -853.245
x2          1.488e+04   2929.463      5.080      0.000    9136.218    2.06e+04
==============================================================================
Omnibus:                     1405.853   Durbin-Watson:                   1.905
Prob(Omnibus):                  0.000   Jarque-Bera (JB):            16028.520
Skew:                           2.791   Prob(JB):                         0.00
Kurtosis:                      14.770   Cond. No.                         51.9
==============================================================================

Warnings:
[1] Standard Errors assume that the covariance matrix of the errors is correctly specified.



[3, 8]
                            OLS Regression Results                            
==============================================================================
Dep. Variable:                      y   R-squared:                       0.063
Model:                            OLS   Adj. R-squared:                  0.063
Method:                 Least Squares   F-statistic:                     76.75
Date:                Mon, 03 Dec 2018   Prob (F-statistic):           5.61e-33
Time:                        10:16:21   Log-Likelihood:                -30333.
No. Observations:                2267   AIC:                         6.067e+04
Df Residuals:                    2264   BIC:                         6.069e+04
Df Model:                           2                                         
Covariance Type:            nonrobust                                         
==============================================================================
                 coef    std err          t      P>|t|      [0.025      0.975]
------------------------------------------------------------------------------
const       1.602e+05   6176.624     25.936      0.000    1.48e+05    1.72e+05
x1          -420.0711    155.932     -2.694      0.007    -725.856    -114.286
x2          -8.17e+04   7942.831    -10.286      0.000   -9.73e+04   -6.61e+04
==============================================================================
Omnibus:                     1477.389   Durbin-Watson:                   1.883
Prob(Omnibus):                  0.000   Jarque-Bera (JB):            20628.691
Skew:                           2.903   Prob(JB):                         0.00
Kurtosis:                      16.589   Cond. No.                         87.7
==============================================================================

Warnings:
[1] Standard Errors assume that the covariance matrix of the errors is correctly specified.



[4, 5]
                            OLS Regression Results                            
==============================================================================
Dep. Variable:                      y   R-squared:                       0.131
Model:                            OLS   Adj. R-squared:                  0.130
Method:                 Least Squares   F-statistic:                     170.2
Date:                Mon, 03 Dec 2018   Prob (F-statistic):           1.36e-69
Time:                        10:16:21   Log-Likelihood:                -30249.
No. Observations:                2267   AIC:                         6.050e+04
Df Residuals:                    2264   BIC:                         6.052e+04
Df Model:                           2                                         
Covariance Type:            nonrobust                                         
==============================================================================
                 coef    std err          t      P>|t|      [0.025      0.975]
------------------------------------------------------------------------------
const      -1.504e+04   7032.907     -2.138      0.033   -2.88e+04   -1245.850
x1         -1.133e+04   2983.688     -3.796      0.000   -1.72e+04   -5474.943
x2          9.579e+04   5312.075     18.033      0.000    8.54e+04    1.06e+05
==============================================================================
Omnibus:                     1232.010   Durbin-Watson:                   1.899
Prob(Omnibus):                  0.000   Jarque-Bera (JB):            11377.755
Skew:                           2.413   Prob(JB):                         0.00
Kurtosis:                      12.857   Cond. No.                         5.84
==============================================================================

Warnings:
[1] Standard Errors assume that the covariance matrix of the errors is correctly specified.



[4, 8]
                            OLS Regression Results                            
==============================================================================
Dep. Variable:                      y   R-squared:                       0.130
Model:                            OLS   Adj. R-squared:                  0.130
Method:                 Least Squares   F-statistic:                     169.8
Date:                Mon, 03 Dec 2018   Prob (F-statistic):           2.01e-69
Time:                        10:16:21   Log-Likelihood:                -30249.
No. Observations:                2267   AIC:                         6.050e+04
Df Residuals:                    2264   BIC:                         6.052e+04
Df Model:                           2                                         
Covariance Type:            nonrobust                                         
==============================================================================
                 coef    std err          t      P>|t|      [0.025      0.975]
------------------------------------------------------------------------------
const       1.513e+05   5823.374     25.985      0.000     1.4e+05    1.63e+05
x1          4.478e+04   3319.266     13.492      0.000    3.83e+04    5.13e+04
x2         -1.564e+05   8687.325    -18.008      0.000   -1.73e+05   -1.39e+05
==============================================================================
Omnibus:                     1274.964   Durbin-Watson:                   1.885
Prob(Omnibus):                  0.000   Jarque-Bera (JB):            12507.032
Skew:                           2.501   Prob(JB):                         0.00
Kurtosis:                      13.363   Cond. No.                         5.98
==============================================================================

Warnings:
[1] Standard Errors assume that the covariance matrix of the errors is correctly specified.



[5, 8]
                            OLS Regression Results                            
==============================================================================
Dep. Variable:                      y   R-squared:                       0.164
Model:                            OLS   Adj. R-squared:                  0.164
Method:                 Least Squares   F-statistic:                     222.6
Date:                Mon, 03 Dec 2018   Prob (F-statistic):           5.68e-89
Time:                        10:16:21   Log-Likelihood:                -30204.
No. Observations:                2267   AIC:                         6.041e+04
Df Residuals:                    2264   BIC:                         6.043e+04
Df Model:                           2                                         
Covariance Type:            nonrobust                                         
==============================================================================
                 coef    std err          t      P>|t|      [0.025      0.975]
------------------------------------------------------------------------------
const       4.134e+04   8925.615      4.632      0.000    2.38e+04    5.88e+04
x1          8.055e+04   4803.216     16.771      0.000    7.11e+04       9e+04
x2          -7.27e+04   7060.986    -10.297      0.000   -8.66e+04   -5.89e+04
==============================================================================
Omnibus:                     1203.271   Durbin-Watson:                   1.886
Prob(Omnibus):                  0.000   Jarque-Bera (JB):            10782.470
Skew:                           2.351   Prob(JB):                         0.00
Kurtosis:                      12.594   Cond. No.                         6.40
==============================================================================

Warnings:
[1] Standard Errors assume that the covariance matrix of the errors is correctly specified.



[0, 1, 3]
                            OLS Regression Results                            
==============================================================================
Dep. Variable:                      y   R-squared:                       0.199
Model:                            OLS   Adj. R-squared:                  0.198
Method:                 Least Squares   F-statistic:                     187.2
Date:                Mon, 03 Dec 2018   Prob (F-statistic):          1.97e-108
Time:                        10:16:21   Log-Likelihood:                -30157.
No. Observations:                2267   AIC:                         6.032e+04
Df Residuals:                    2263   BIC:                         6.034e+04
Df Model:                           3                                         
Covariance Type:            nonrobust                                         
==============================================================================
                 coef    std err          t      P>|t|      [0.025      0.975]
------------------------------------------------------------------------------
const       1.439e+04   6281.131      2.291      0.022    2072.907    2.67e+04
x1          4.234e+04   2170.981     19.504      0.000    3.81e+04    4.66e+04
x2          1836.4654    393.536      4.667      0.000    1064.735    2608.195
x3          -686.2238    135.141     -5.078      0.000    -951.238    -421.210
==============================================================================
Omnibus:                     1214.204   Durbin-Watson:                   1.946
Prob(Omnibus):                  0.000   Jarque-Bera (JB):            11153.996
Skew:                           2.369   Prob(JB):                         0.00
Kurtosis:                      12.779   Cond. No.                         66.5
==============================================================================

Warnings:
[1] Standard Errors assume that the covariance matrix of the errors is correctly specified.



[0, 1, 8]
                            OLS Regression Results                            
==============================================================================
Dep. Variable:                      y   R-squared:                       0.217
Model:                            OLS   Adj. R-squared:                  0.216
Method:                 Least Squares   F-statistic:                     209.5
Date:                Mon, 03 Dec 2018   Prob (F-statistic):          6.79e-120
Time:                        10:16:21   Log-Likelihood:                -30130.
No. Observations:                2267   AIC:                         6.027e+04
Df Residuals:                    2263   BIC:                         6.029e+04
Df Model:                           3                                         
Covariance Type:            nonrobust                                         
==============================================================================
                 coef    std err          t      P>|t|      [0.025      0.975]
------------------------------------------------------------------------------
const       4.619e+04   7577.751      6.096      0.000    3.13e+04    6.11e+04
x1          3.801e+04   2219.577     17.127      0.000    3.37e+04    4.24e+04
x2          2415.2777    394.090      6.129      0.000    1642.462    3188.094
x3         -6.304e+04   7053.041     -8.938      0.000   -7.69e+04   -4.92e+04
==============================================================================
Omnibus:                     1206.862   Durbin-Watson:                   1.932
Prob(Omnibus):                  0.000   Jarque-Bera (JB):            10982.320
Skew:                           2.354   Prob(JB):                         0.00
Kurtosis:                      12.700   Cond. No.                         38.1
==============================================================================

Warnings:
[1] Standard Errors assume that the covariance matrix of the errors is correctly specified.



[0, 3, 4]
                            OLS Regression Results                            
==============================================================================
Dep. Variable:                      y   R-squared:                       0.204
Model:                            OLS   Adj. R-squared:                  0.203
Method:                 Least Squares   F-statistic:                     193.8
Date:                Mon, 03 Dec 2018   Prob (F-statistic):          7.27e-112
Time:                        10:16:21   Log-Likelihood:                -30149.
No. Observations:                2267   AIC:                         6.031e+04
Df Residuals:                    2263   BIC:                         6.033e+04
Df Model:                           3                                         
Covariance Type:            nonrobust                                         
==============================================================================
                 coef    std err          t      P>|t|      [0.025      0.975]
------------------------------------------------------------------------------
const       2.678e+04   5928.340      4.518      0.000    1.52e+04    3.84e+04
x1          5.268e+04   2370.549     22.224      0.000     4.8e+04    5.73e+04
x2          -456.8178    139.906     -3.265      0.001    -731.176    -182.460
x3          -1.88e+04   3056.800     -6.150      0.000   -2.48e+04   -1.28e+04
==============================================================================
Omnibus:                     1249.607   Durbin-Watson:                   1.941
Prob(Omnibus):                  0.000   Jarque-Bera (JB):            11921.908
Skew:                           2.446   Prob(JB):                         0.00
Kurtosis:                      13.114   Cond. No.                         62.5
==============================================================================

Warnings:
[1] Standard Errors assume that the covariance matrix of the errors is correctly specified.



[0, 3, 8]
                            OLS Regression Results                            
==============================================================================
Dep. Variable:                      y   R-squared:                       0.207
Model:                            OLS   Adj. R-squared:                  0.205
Method:                 Least Squares   F-statistic:                     196.3
Date:                Mon, 03 Dec 2018   Prob (F-statistic):          3.74e-113
Time:                        10:16:21   Log-Likelihood:                -30146.
No. Observations:                2267   AIC:                         6.030e+04
Df Residuals:                    2263   BIC:                         6.032e+04
Df Model:                           3                                         
Covariance Type:            nonrobust                                         
==============================================================================
                 coef    std err          t      P>|t|      [0.025      0.975]
------------------------------------------------------------------------------
const       5.641e+04   7664.956      7.359      0.000    4.14e+04    7.14e+04
x1          4.249e+04   2104.106     20.195      0.000    3.84e+04    4.66e+04
x2          -356.6862    143.600     -2.484      0.013    -638.287     -75.086
x3         -4.957e+04   7483.943     -6.624      0.000   -6.42e+04   -3.49e+04
==============================================================================
Omnibus:                     1213.496   Durbin-Watson:                   1.926
Prob(Omnibus):                  0.000   Jarque-Bera (JB):            10969.087
Skew:                           2.374   Prob(JB):                         0.00
Kurtosis:                      12.674   Cond. No.                         100.
==============================================================================

Warnings:
[1] Standard Errors assume that the covariance matrix of the errors is correctly specified.



[0, 5, 8]
                            OLS Regression Results                            
==============================================================================
Dep. Variable:                      y   R-squared:                       0.208
Model:                            OLS   Adj. R-squared:                  0.207
Method:                 Least Squares   F-statistic:                     197.6
Date:                Mon, 03 Dec 2018   Prob (F-statistic):          8.25e-114
Time:                        10:16:21   Log-Likelihood:                -30144.
No. Observations:                2267   AIC:                         6.030e+04
Df Residuals:                    2263   BIC:                         6.032e+04
Df Model:                           3                                         
Covariance Type:            nonrobust                                         
==============================================================================
                 coef    std err          t      P>|t|      [0.025      0.975]
------------------------------------------------------------------------------
const       3.994e+04   8694.400      4.593      0.000    2.29e+04     5.7e+04
x1          3.536e+04   3181.643     11.114      0.000    2.91e+04    4.16e+04
x2          2.148e+04   7080.528      3.034      0.002    7598.823    3.54e+04
x3         -5.729e+04   7015.742     -8.166      0.000   -7.11e+04   -4.35e+04
==============================================================================
Omnibus:                     1194.733   Durbin-Watson:                   1.920
Prob(Omnibus):                  0.000   Jarque-Bera (JB):            10556.350
Skew:                           2.335   Prob(JB):                         0.00
Kurtosis:                      12.484   Cond. No.                         10.3
==============================================================================

Warnings:
[1] Standard Errors assume that the covariance matrix of the errors is correctly specified.



[1, 3, 4]
                            OLS Regression Results                            
==============================================================================
Dep. Variable:                      y   R-squared:                       0.067
Model:                            OLS   Adj. R-squared:                  0.066
Method:                 Least Squares   F-statistic:                     54.49
Date:                Mon, 03 Dec 2018   Prob (F-statistic):           5.28e-34
Time:                        10:16:21   Log-Likelihood:                -30329.
No. Observations:                2267   AIC:                         6.067e+04
Df Residuals:                    2263   BIC:                         6.069e+04
Df Model:                           3                                         
Covariance Type:            nonrobust                                         
==============================================================================
                 coef    std err          t      P>|t|      [0.025      0.975]
------------------------------------------------------------------------------
const       7.497e+04   6019.967     12.454      0.000    6.32e+04    8.68e+04
x1          3919.4545    415.938      9.423      0.000    3103.795    4735.114
x2         -1029.8354    148.218     -6.948      0.000   -1320.494    -739.177
x3          8263.1906   2958.815      2.793      0.005    2460.916    1.41e+04
==============================================================================
Omnibus:                     1372.814   Durbin-Watson:                   1.923
Prob(Omnibus):                  0.000   Jarque-Bera (JB):            15716.763
Skew:                           2.698   Prob(JB):                         0.00
Kurtosis:                      14.716   Cond. No.                         58.8
==============================================================================

Warnings:
[1] Standard Errors assume that the covariance matrix of the errors is correctly specified.



[1, 3, 8]
                            OLS Regression Results                            
==============================================================================
Dep. Variable:                      y   R-squared:                       0.117
Model:                            OLS   Adj. R-squared:                  0.116
Method:                 Least Squares   F-statistic:                     100.3
Date:                Mon, 03 Dec 2018   Prob (F-statistic):           6.01e-61
Time:                        10:16:21   Log-Likelihood:                -30266.
No. Observations:                2267   AIC:                         6.054e+04
Df Residuals:                    2263   BIC:                         6.056e+04
Df Model:                           3                                         
Covariance Type:            nonrobust                                         
==============================================================================
                 coef    std err          t      P>|t|      [0.025      0.975]
------------------------------------------------------------------------------
const       1.245e+05   6724.633     18.509      0.000    1.11e+05    1.38e+05
x1          4640.2218    394.921     11.750      0.000    3865.777    5414.667
x2          -293.4400    151.799     -1.933      0.053    -591.121       4.241
x3         -9.049e+04   7748.974    -11.678      0.000   -1.06e+05   -7.53e+04
==============================================================================
Omnibus:                     1412.888   Durbin-Watson:                   1.899
Prob(Omnibus):                  0.000   Jarque-Bera (JB):            18943.964
Skew:                           2.741   Prob(JB):                         0.00
Kurtosis:                      16.058   Cond. No.                         90.0
==============================================================================

Warnings:
[1] Standard Errors assume that the covariance matrix of the errors is correctly specified.



[1, 4, 5]
                            OLS Regression Results                            
==============================================================================
Dep. Variable:                      y   R-squared:                       0.140
Model:                            OLS   Adj. R-squared:                  0.139
Method:                 Least Squares   F-statistic:                     122.6
Date:                Mon, 03 Dec 2018   Prob (F-statistic):           1.48e-73
Time:                        10:16:21   Log-Likelihood:                -30237.
No. Observations:                2267   AIC:                         6.048e+04
Df Residuals:                    2263   BIC:                         6.051e+04
Df Model:                           3                                         
Covariance Type:            nonrobust                                         
==============================================================================
                 coef    std err          t      P>|t|      [0.025      0.975]
------------------------------------------------------------------------------
const       -1.96e+04   7059.729     -2.776      0.006   -3.34e+04   -5752.527
x1          2052.9393    420.467      4.883      0.000    1228.399    2877.480
x2         -1.255e+04   2979.283     -4.212      0.000   -1.84e+04   -6705.596
x3            8.7e+04   5583.498     15.582      0.000    7.61e+04     9.8e+04
==============================================================================
Omnibus:                     1242.522   Durbin-Watson:                   1.910
Prob(Omnibus):                  0.000   Jarque-Bera (JB):            11910.693
Skew:                           2.425   Prob(JB):                         0.00
Kurtosis:                      13.128   Cond. No.                         31.2
==============================================================================

Warnings:
[1] Standard Errors assume that the covariance matrix of the errors is correctly specified.



[1, 4, 8]
                            OLS Regression Results                            
==============================================================================
Dep. Variable:                      y   R-squared:                       0.163
Model:                            OLS   Adj. R-squared:                  0.162
Method:                 Least Squares   F-statistic:                     147.1
Date:                Mon, 03 Dec 2018   Prob (F-statistic):           4.41e-87
Time:                        10:16:21   Log-Likelihood:                -30206.
No. Observations:                2267   AIC:                         6.042e+04
Df Residuals:                    2263   BIC:                         6.044e+04
Df Model:                           3                                         
Covariance Type:            nonrobust                                         
==============================================================================
                 coef    std err          t      P>|t|      [0.025      0.975]
------------------------------------------------------------------------------
const       1.245e+05   6385.131     19.497      0.000    1.12e+05    1.37e+05
x1          3703.7205    393.436      9.414      0.000    2932.188    4475.254
x2          3.778e+04   3340.704     11.309      0.000    3.12e+04    4.43e+04
x3         -1.511e+05   8542.718    -17.689      0.000   -1.68e+05   -1.34e+05
==============================================================================
Omnibus:                     1224.235   Durbin-Watson:                   1.897
Prob(Omnibus):                  0.000   Jarque-Bera (JB):            11405.492
Skew:                           2.389   Prob(JB):                         0.00
Kurtosis:                      12.895   Cond. No.                         37.1
==============================================================================

Warnings:
[1] Standard Errors assume that the covariance matrix of the errors is correctly specified.



[1, 5, 8]
                            OLS Regression Results                            
==============================================================================
Dep. Variable:                      y   R-squared:                       0.178
Model:                            OLS   Adj. R-squared:                  0.177
Method:                 Least Squares   F-statistic:                     163.5
Date:                Mon, 03 Dec 2018   Prob (F-statistic):           5.97e-96
Time:                        10:16:21   Log-Likelihood:                -30185.
No. Observations:                2267   AIC:                         6.038e+04
Df Residuals:                    2263   BIC:                         6.040e+04
Df Model:                           3                                         
Covariance Type:            nonrobust                                         
==============================================================================
                 coef    std err          t      P>|t|      [0.025      0.975]
------------------------------------------------------------------------------
const       4.035e+04   8854.665      4.556      0.000     2.3e+04    5.77e+04
x1          2556.4317    413.677      6.180      0.000    1745.206    3367.657
x2          6.791e+04   5185.015     13.097      0.000    5.77e+04    7.81e+04
x3         -7.889e+04   7074.788    -11.150      0.000   -9.28e+04    -6.5e+04
==============================================================================
Omnibus:                     1209.898   Durbin-Watson:                   1.896
Prob(Omnibus):                  0.000   Jarque-Bera (JB):            11224.619
Skew:                           2.354   Prob(JB):                         0.00
Kurtosis:                      12.832   Cond. No.                         41.3
==============================================================================

Warnings:
[1] Standard Errors assume that the covariance matrix of the errors is correctly specified.



[3, 4, 8]
                            OLS Regression Results                            
==============================================================================
Dep. Variable:                      y   R-squared:                       0.133
Model:                            OLS   Adj. R-squared:                  0.132
Method:                 Least Squares   F-statistic:                     115.5
Date:                Mon, 03 Dec 2018   Prob (F-statistic):           1.37e-69
Time:                        10:16:21   Log-Likelihood:                -30246.
No. Observations:                2267   AIC:                         6.050e+04
Df Residuals:                    2263   BIC:                         6.052e+04
Df Model:                           3                                         
Covariance Type:            nonrobust                                         
==============================================================================
                 coef    std err          t      P>|t|      [0.025      0.975]
------------------------------------------------------------------------------
const       1.546e+05   5959.886     25.932      0.000    1.43e+05    1.66e+05
x1          -373.2472    150.127     -2.486      0.013    -667.648     -78.846
x2          4.459e+04   3316.367     13.446      0.000    3.81e+04    5.11e+04
x3         -1.492e+05   9147.604    -16.315      0.000   -1.67e+05   -1.31e+05
==============================================================================
Omnibus:                     1277.509   Durbin-Watson:                   1.886
Prob(Omnibus):                  0.000   Jarque-Bera (JB):            12632.842
Skew:                           2.504   Prob(JB):                         0.00
Kurtosis:                      13.424   Cond. No.                         97.9
==============================================================================

Warnings:
[1] Standard Errors assume that the covariance matrix of the errors is correctly specified.



[3, 5, 8]
                            OLS Regression Results                            
==============================================================================
Dep. Variable:                      y   R-squared:                       0.166
Model:                            OLS   Adj. R-squared:                  0.165
Method:                 Least Squares   F-statistic:                     150.3
Date:                Mon, 03 Dec 2018   Prob (F-statistic):           7.61e-89
Time:                        10:16:21   Log-Likelihood:                -30202.
No. Observations:                2267   AIC:                         6.041e+04
Df Residuals:                    2263   BIC:                         6.043e+04
Df Model:                           3                                         
Covariance Type:            nonrobust                                         
==============================================================================
                 coef    std err          t      P>|t|      [0.025      0.975]
------------------------------------------------------------------------------
const       4.475e+04   9044.657      4.948      0.000     2.7e+04    6.25e+04
x1          -332.0274    147.262     -2.255      0.024    -620.810     -43.245
x2          8.017e+04   4801.971     16.694      0.000    7.07e+04    8.96e+04
x3         -6.664e+04   7550.506     -8.825      0.000   -8.14e+04   -5.18e+04
==============================================================================
Omnibus:                     1207.674   Durbin-Watson:                   1.887
Prob(Omnibus):                  0.000   Jarque-Bera (JB):            10955.106
Skew:                           2.358   Prob(JB):                         0.00
Kurtosis:                      12.682   Cond. No.                         108.
==============================================================================

Warnings:
[1] Standard Errors assume that the covariance matrix of the errors is correctly specified.



[4, 5, 8]
                            OLS Regression Results                            
==============================================================================
Dep. Variable:                      y   R-squared:                       0.172
Model:                            OLS   Adj. R-squared:                  0.171
Method:                 Least Squares   F-statistic:                     156.8
Date:                Mon, 03 Dec 2018   Prob (F-statistic):           2.47e-92
Time:                        10:16:21   Log-Likelihood:                -30194.
No. Observations:                2267   AIC:                         6.040e+04
Df Residuals:                    2263   BIC:                         6.042e+04
Df Model:                           3                                         
Covariance Type:            nonrobust                                         
==============================================================================
                 coef    std err          t      P>|t|      [0.025      0.975]
------------------------------------------------------------------------------
const       6.293e+04      1e+04      6.266      0.000    4.32e+04    8.26e+04
x1          1.871e+04   4056.971      4.613      0.000    1.08e+04    2.67e+04
x2          6.392e+04   5988.620     10.674      0.000    5.22e+04    7.57e+04
x3         -1.041e+05   9792.058    -10.636      0.000   -1.23e+05   -8.49e+04
==============================================================================
Omnibus:                     1179.694   Durbin-Watson:                   1.884
Prob(Omnibus):                  0.000   Jarque-Bera (JB):            10188.296
Skew:                           2.306   Prob(JB):                         0.00
Kurtosis:                      12.305   Cond. No.                         10.6
==============================================================================

Warnings:
[1] Standard Errors assume that the covariance matrix of the errors is correctly specified.



[0, 1, 3, 4]
                            OLS Regression Results                            
==============================================================================
Dep. Variable:                      y   R-squared:                       0.214
Model:                            OLS   Adj. R-squared:                  0.213
Method:                 Least Squares   F-statistic:                     154.4
Date:                Mon, 03 Dec 2018   Prob (F-statistic):          6.68e-117
Time:                        10:16:21   Log-Likelihood:                -30134.
No. Observations:                2267   AIC:                         6.028e+04
Df Residuals:                    2262   BIC:                         6.031e+04
Df Model:                           4                                         
Covariance Type:            nonrobust                                         
==============================================================================
                 coef    std err          t      P>|t|      [0.025      0.975]
------------------------------------------------------------------------------
const       1.598e+04   6225.443      2.566      0.010    3768.337    2.82e+04
x1          4.976e+04   2417.939     20.580      0.000     4.5e+04    5.45e+04
x2          2106.8148    391.844      5.377      0.000    1338.403    2875.226
x3          -431.4384    139.132     -3.101      0.002    -704.277    -158.599
x4         -2.049e+04   3054.322     -6.708      0.000   -2.65e+04   -1.45e+04
==============================================================================
Omnibus:                     1256.589   Durbin-Watson:                   1.950
Prob(Omnibus):                  0.000   Jarque-Bera (JB):            12384.331
Skew:                           2.450   Prob(JB):                         0.00
Kurtosis:                      13.348   Cond. No.                         66.5
==============================================================================

Warnings:
[1] Standard Errors assume that the covariance matrix of the errors is correctly specified.



[0, 1, 3, 8]
                            OLS Regression Results                            
==============================================================================
Dep. Variable:                      y   R-squared:                       0.219
Model:                            OLS   Adj. R-squared:                  0.217
Method:                 Least Squares   F-statistic:                     158.4
Date:                Mon, 03 Dec 2018   Prob (F-statistic):          1.21e-119
Time:                        10:16:21   Log-Likelihood:                -30128.
No. Observations:                2267   AIC:                         6.027e+04
Df Residuals:                    2262   BIC:                         6.029e+04
Df Model:                           4                                         
Covariance Type:            nonrobust                                         
==============================================================================
                 coef    std err          t      P>|t|      [0.025      0.975]
------------------------------------------------------------------------------
const       4.915e+04   7702.963      6.381      0.000     3.4e+04    6.43e+04
x1          3.802e+04   2217.927     17.144      0.000    3.37e+04    4.24e+04
x2          2359.4295    394.699      5.978      0.000    1585.419    3133.440
x3          -298.9636    142.837     -2.093      0.036    -579.068     -18.859
x4         -5.742e+04   7542.266     -7.613      0.000   -7.22e+04   -4.26e+04
==============================================================================
Omnibus:                     1208.572   Durbin-Watson:                   1.932
Prob(Omnibus):                  0.000   Jarque-Bera (JB):            11068.823
Skew:                           2.356   Prob(JB):                         0.00
Kurtosis:                      12.746   Cond. No.                         102.
==============================================================================

Warnings:
[1] Standard Errors assume that the covariance matrix of the errors is correctly specified.



[0, 1, 5, 8]
                            OLS Regression Results                            
==============================================================================
Dep. Variable:                      y   R-squared:                       0.218
Model:                            OLS   Adj. R-squared:                  0.217
Method:                 Least Squares   F-statistic:                     158.0
Date:                Mon, 03 Dec 2018   Prob (F-statistic):          2.50e-119
Time:                        10:16:21   Log-Likelihood:                -30129.
No. Observations:                2267   AIC:                         6.027e+04
Df Residuals:                    2262   BIC:                         6.030e+04
Df Model:                           4                                         
Covariance Type:            nonrobust                                         
==============================================================================
                 coef    std err          t      P>|t|      [0.025      0.975]
------------------------------------------------------------------------------
const        3.91e+04   8638.284      4.527      0.000    2.22e+04     5.6e+04
x1          3.415e+04   3168.039     10.780      0.000    2.79e+04    4.04e+04
x2          2258.5444    404.477      5.584      0.000    1465.360    3051.729
x3          1.233e+04   7222.219      1.707      0.088   -1831.063    2.65e+04
x4         -6.328e+04   7051.463     -8.974      0.000   -7.71e+04   -4.95e+04
==============================================================================
Omnibus:                     1197.274   Durbin-Watson:                   1.928
Prob(Omnibus):                  0.000   Jarque-Bera (JB):            10782.448
Skew:                           2.334   Prob(JB):                         0.00
Kurtosis:                      12.611   Cond. No.                         41.9
==============================================================================

Warnings:
[1] Standard Errors assume that the covariance matrix of the errors is correctly specified.



[0, 3, 4, 8]
                            OLS Regression Results                            
==============================================================================
Dep. Variable:                      y   R-squared:                       0.207
Model:                            OLS   Adj. R-squared:                  0.206
Method:                 Least Squares   F-statistic:                     148.0
Date:                Mon, 03 Dec 2018   Prob (F-statistic):          1.47e-112
Time:                        10:16:22   Log-Likelihood:                -30144.
No. Observations:                2267   AIC:                         6.030e+04
Df Residuals:                    2262   BIC:                         6.033e+04
Df Model:                           4                                         
Covariance Type:            nonrobust                                         
==============================================================================
                 coef    std err          t      P>|t|      [0.025      0.975]
------------------------------------------------------------------------------
const        4.78e+04   9270.338      5.157      0.000    2.96e+04     6.6e+04
x1          4.643e+04   3180.020     14.599      0.000    4.02e+04    5.27e+04
x2          -359.1210    143.553     -2.502      0.012    -640.630     -77.612
x3         -7905.3915   4794.378     -1.649      0.099   -1.73e+04    1496.448
x4         -3.463e+04   1.18e+04     -2.946      0.003   -5.77e+04   -1.16e+04
==============================================================================
Omnibus:                     1226.496   Durbin-Watson:                   1.931
Prob(Omnibus):                  0.000   Jarque-Bera (JB):            11287.786
Skew:                           2.400   Prob(JB):                         0.00
Kurtosis:                      12.821   Cond. No.                         152.
==============================================================================

Warnings:
[1] Standard Errors assume that the covariance matrix of the errors is correctly specified.



[0, 3, 5, 8]
                            OLS Regression Results                            
==============================================================================
Dep. Variable:                      y   R-squared:                       0.210
Model:                            OLS   Adj. R-squared:                  0.208
Method:                 Least Squares   F-statistic:                     149.9
Date:                Mon, 03 Dec 2018   Prob (F-statistic):          7.17e-114
Time:                        10:16:22   Log-Likelihood:                -30141.
No. Observations:                2267   AIC:                         6.029e+04
Df Residuals:                    2262   BIC:                         6.032e+04
Df Model:                           4                                         
Covariance Type:            nonrobust                                         
==============================================================================
                 coef    std err          t      P>|t|      [0.025      0.975]
------------------------------------------------------------------------------
const       4.346e+04   8808.861      4.934      0.000    2.62e+04    6.07e+04
x1          3.542e+04   3178.394     11.144      0.000    2.92e+04    4.17e+04
x2          -344.1911    143.415     -2.400      0.016    -625.429     -62.953
x3          2.098e+04   7076.147      2.966      0.003    7108.480    3.49e+04
x4         -5.098e+04   7486.094     -6.810      0.000   -6.57e+04   -3.63e+04
==============================================================================
Omnibus:                     1197.281   Durbin-Watson:                   1.920
Prob(Omnibus):                  0.000   Jarque-Bera (JB):            10663.222
Skew:                           2.338   Prob(JB):                         0.00
Kurtosis:                      12.540   Cond. No.                         109.
==============================================================================

Warnings:
[1] Standard Errors assume that the covariance matrix of the errors is correctly specified.



[0, 4, 5, 8]
                            OLS Regression Results                            
==============================================================================
Dep. Variable:                      y   R-squared:                       0.209
Model:                            OLS   Adj. R-squared:                  0.207
Method:                 Least Squares   F-statistic:                     149.3
Date:                Mon, 03 Dec 2018   Prob (F-statistic):          2.08e-113
Time:                        10:16:22   Log-Likelihood:                -30142.
No. Observations:                2267   AIC:                         6.029e+04
Df Residuals:                    2262   BIC:                         6.032e+04
Df Model:                           4                                         
Covariance Type:            nonrobust                                         
==============================================================================
                 coef    std err          t      P>|t|      [0.025      0.975]
------------------------------------------------------------------------------
const       2.921e+04   1.04e+04      2.821      0.005    8904.281    4.95e+04
x1          3.951e+04   3854.971     10.249      0.000    3.19e+04    4.71e+04
x2         -9150.2992   4809.092     -1.903      0.057   -1.86e+04     280.394
x3          2.269e+04   7104.687      3.193      0.001    8755.853    3.66e+04
x4         -4.011e+04   1.14e+04     -3.508      0.000   -6.25e+04   -1.77e+04
==============================================================================
Omnibus:                     1208.442   Durbin-Watson:                   1.926
Prob(Omnibus):                  0.000   Jarque-Bera (JB):            10883.847
Skew:                           2.362   Prob(JB):                         0.00
Kurtosis:                      12.638   Cond. No.                         16.1
==============================================================================

Warnings:
[1] Standard Errors assume that the covariance matrix of the errors is correctly specified.



[1, 3, 4, 8]
                            OLS Regression Results                            
==============================================================================
Dep. Variable:                      y   R-squared:                       0.165
Model:                            OLS   Adj. R-squared:                  0.163
Method:                 Least Squares   F-statistic:                     111.4
Date:                Mon, 03 Dec 2018   Prob (F-statistic):           9.66e-87
Time:                        10:16:22   Log-Likelihood:                -30204.
No. Observations:                2267   AIC:                         6.042e+04
Df Residuals:                    2262   BIC:                         6.045e+04
Df Model:                           4                                         
Covariance Type:            nonrobust                                         
==============================================================================
                 coef    std err          t      P>|t|      [0.025      0.975]
------------------------------------------------------------------------------
const       1.273e+05   6548.685     19.437      0.000    1.14e+05     1.4e+05
x1          3653.1273    394.109      9.269      0.000    2880.274    4425.981
x2          -280.7563    147.724     -1.901      0.057    -570.446       8.933
x3          3.773e+04   3338.874     11.301      0.000    3.12e+04    4.43e+04
x4         -1.458e+05   8988.461    -16.218      0.000   -1.63e+05   -1.28e+05
==============================================================================
Omnibus:                     1226.381   Durbin-Watson:                   1.897
Prob(Omnibus):                  0.000   Jarque-Bera (JB):            11499.866
Skew:                           2.392   Prob(JB):                         0.00
Kurtosis:                      12.943   Cond. No.                         101.
==============================================================================

Warnings:
[1] Standard Errors assume that the covariance matrix of the errors is correctly specified.



[1, 3, 5, 8]
                            OLS Regression Results                            
==============================================================================
Dep. Variable:                      y   R-squared:                       0.179
Model:                            OLS   Adj. R-squared:                  0.178
Method:                 Least Squares   F-statistic:                     123.7
Date:                Mon, 03 Dec 2018   Prob (F-statistic):           1.40e-95
Time:                        10:16:22   Log-Likelihood:                -30184.
No. Observations:                2267   AIC:                         6.038e+04
Df Residuals:                    2262   BIC:                         6.041e+04
Df Model:                           4                                         
Covariance Type:            nonrobust                                         
==============================================================================
                 coef    std err          t      P>|t|      [0.025      0.975]
------------------------------------------------------------------------------
const       4.321e+04   8977.845      4.813      0.000    2.56e+04    6.08e+04
x1          2507.8696    414.236      6.054      0.000    1695.548    3320.192
x2          -277.1405    146.397     -1.893      0.058    -564.226       9.945
x3          6.783e+04   5182.245     13.088      0.000    5.77e+04     7.8e+04
x4          -7.37e+04   7582.139     -9.721      0.000   -8.86e+04   -5.88e+04
==============================================================================
Omnibus:                     1213.431   Durbin-Watson:                   1.896
Prob(Omnibus):                  0.000   Jarque-Bera (JB):            11371.832
Skew:                           2.359   Prob(JB):                         0.00
Kurtosis:                      12.906   Cond. No.                         111.
==============================================================================

Warnings:
[1] Standard Errors assume that the covariance matrix of the errors is correctly specified.



[1, 4, 5, 8]
                            OLS Regression Results                            
==============================================================================
Dep. Variable:                      y   R-squared:                       0.186
Model:                            OLS   Adj. R-squared:                  0.185
Method:                 Least Squares   F-statistic:                     129.6
Date:                Mon, 03 Dec 2018   Prob (F-statistic):           1.01e-99
Time:                        10:16:22   Log-Likelihood:                -30174.
No. Observations:                2267   AIC:                         6.036e+04
Df Residuals:                    2262   BIC:                         6.039e+04
Df Model:                           4                                         
Covariance Type:            nonrobust                                         
==============================================================================
                 coef    std err          t      P>|t|      [0.025      0.975]
------------------------------------------------------------------------------
const       6.252e+04   9958.663      6.277      0.000     4.3e+04     8.2e+04
x1          2596.4004    411.780      6.305      0.000    1788.894    3403.906
x2          1.923e+04   4023.500      4.779      0.000    1.13e+04    2.71e+04
x3          5.062e+04   6301.492      8.034      0.000    3.83e+04     6.3e+04
x4         -1.113e+05   9775.168    -11.385      0.000    -1.3e+05   -9.21e+04
==============================================================================
Omnibus:                     1174.817   Durbin-Watson:                   1.894
Prob(Omnibus):                  0.000   Jarque-Bera (JB):            10266.526
Skew:                           2.289   Prob(JB):                         0.00
Kurtosis:                      12.367   Cond. No.                         54.0
==============================================================================

Warnings:
[1] Standard Errors assume that the covariance matrix of the errors is correctly specified.



[3, 4, 5, 8]
                            OLS Regression Results                            
==============================================================================
Dep. Variable:                      y   R-squared:                       0.174
Model:                            OLS   Adj. R-squared:                  0.172
Method:                 Least Squares   F-statistic:                     119.1
Date:                Mon, 03 Dec 2018   Prob (F-statistic):           2.69e-92
Time:                        10:16:22   Log-Likelihood:                -30191.
No. Observations:                2267   AIC:                         6.039e+04
Df Residuals:                    2262   BIC:                         6.042e+04
Df Model:                           4                                         
Covariance Type:            nonrobust                                         
==============================================================================
                 coef    std err          t      P>|t|      [0.025      0.975]
------------------------------------------------------------------------------
const        6.63e+04   1.01e+04      6.536      0.000    4.64e+04    8.62e+04
x1          -330.6407    146.607     -2.255      0.024    -618.139     -43.142
x2          1.869e+04   4053.321      4.612      0.000    1.07e+04    2.66e+04
x3          6.355e+04   5985.462     10.618      0.000    5.18e+04    7.53e+04
x4         -9.807e+04   1.01e+04     -9.665      0.000   -1.18e+05   -7.82e+04
==============================================================================
Omnibus:                     1182.620   Durbin-Watson:                   1.885
Prob(Omnibus):                  0.000   Jarque-Bera (JB):            10296.875
Skew:                           2.310   Prob(JB):                         0.00
Kurtosis:                      12.363   Cond. No.                         141.
==============================================================================

Warnings:
[1] Standard Errors assume that the covariance matrix of the errors is correctly specified.



[0, 1, 3, 5, 8]
                            OLS Regression Results                            
==============================================================================
Dep. Variable:                      y   R-squared:                       0.220
Model:                            OLS   Adj. R-squared:                  0.218
Method:                 Least Squares   F-statistic:                     127.4
Date:                Mon, 03 Dec 2018   Prob (F-statistic):          3.98e-119
Time:                        10:16:22   Log-Likelihood:                -30126.
No. Observations:                2267   AIC:                         6.026e+04
Df Residuals:                    2261   BIC:                         6.030e+04
Df Model:                           5                                         
Covariance Type:            nonrobust                                         
==============================================================================
                 coef    std err          t      P>|t|      [0.025      0.975]
------------------------------------------------------------------------------
const       4.215e+04   8756.865      4.814      0.000     2.5e+04    5.93e+04
x1          3.423e+04   3165.967     10.812      0.000     2.8e+04    4.04e+04
x2          2206.0855    404.978      5.447      0.000    1411.918    3000.253
x3          -295.5008    142.794     -2.069      0.039    -575.522     -15.479
x4          1.212e+04   7217.737      1.679      0.093   -2038.055    2.63e+04
x5         -5.772e+04   7541.373     -7.654      0.000   -7.25e+04   -4.29e+04
==============================================================================
Omnibus:                     1199.168   Durbin-Watson:                   1.928
Prob(Omnibus):                  0.000   Jarque-Bera (JB):            10869.631
Skew:                           2.336   Prob(JB):                         0.00
Kurtosis:                      12.656   Cond. No.                         111.
==============================================================================

Warnings:
[1] Standard Errors assume that the covariance matrix of the errors is correctly specified.



[0, 3, 4, 5, 8]
                            OLS Regression Results                            
==============================================================================
Dep. Variable:                      y   R-squared:                       0.211
Model:                            OLS   Adj. R-squared:                  0.209
Method:                 Least Squares   F-statistic:                     120.8
Date:                Mon, 03 Dec 2018   Prob (F-statistic):          1.49e-113
Time:                        10:16:23   Log-Likelihood:                -30139.
No. Observations:                2267   AIC:                         6.029e+04
Df Residuals:                    2261   BIC:                         6.033e+04
Df Model:                           5                                         
Covariance Type:            nonrobust                                         
==============================================================================
                 coef    std err          t      P>|t|      [0.025      0.975]
------------------------------------------------------------------------------
const       3.266e+04   1.04e+04      3.127      0.002    1.22e+04    5.31e+04
x1          3.961e+04   3851.073     10.285      0.000    3.21e+04    4.72e+04
x2          -346.3146    143.334     -2.416      0.016    -627.394     -65.235
x3         -9239.7100   4804.100     -1.923      0.055   -1.87e+04     181.196
x4           2.22e+04   7100.001      3.126      0.002    8274.799    3.61e+04
x5         -3.359e+04   1.17e+04     -2.862      0.004   -5.66e+04   -1.06e+04
==============================================================================
Omnibus:                     1211.645   Durbin-Watson:                   1.926
Prob(Omnibus):                  0.000   Jarque-Bera (JB):            11016.373
Skew:                           2.367   Prob(JB):                         0.00
Kurtosis:                      12.707   Cond. No.                         156.
==============================================================================

Warnings:
[1] Standard Errors assume that the covariance matrix of the errors is correctly specified.



[1, 3, 4, 5, 8]
                            OLS Regression Results                            
==============================================================================
Dep. Variable:                      y   R-squared:                       0.188
Model:                            OLS   Adj. R-squared:                  0.186
Method:                 Least Squares   F-statistic:                     104.5
Date:                Mon, 03 Dec 2018   Prob (F-statistic):           2.09e-99
Time:                        10:16:23   Log-Likelihood:                -30172.
No. Observations:                2267   AIC:                         6.036e+04
Df Residuals:                    2261   BIC:                         6.039e+04
Df Model:                           5                                         
Covariance Type:            nonrobust                                         
==============================================================================
                 coef    std err          t      P>|t|      [0.025      0.975]
------------------------------------------------------------------------------
const       6.532e+04   1.01e+04      6.491      0.000    4.56e+04    8.51e+04
x1          2548.1902    412.340      6.180      0.000    1739.586    3356.795
x2          -274.8336    145.697     -1.886      0.059    -560.547      10.880
x3           1.92e+04   4021.249      4.775      0.000    1.13e+04    2.71e+04
x4          5.056e+04   6298.013      8.029      0.000    3.82e+04    6.29e+04
x5         -1.061e+05   1.01e+04    -10.456      0.000   -1.26e+05   -8.62e+04
==============================================================================
Omnibus:                     1177.065   Durbin-Watson:                   1.894
Prob(Omnibus):                  0.000   Jarque-Bera (JB):            10352.509
Skew:                           2.292   Prob(JB):                         0.00
Kurtosis:                      12.412   Cond. No.                         145.
==============================================================================

Warnings:
[1] Standard Errors assume that the covariance matrix of the errors is correctly specified.



