[1, 4, 5, 8, 9]
                            OLS Regression Results                            
==============================================================================
Dep. Variable:                      y   R-squared:                       0.153
Model:                            OLS   Adj. R-squared:                  0.148
Method:                 Least Squares   F-statistic:                     31.39
Date:                Tue, 04 Dec 2018   Prob (F-statistic):           1.93e-29
Time:                        00:24:50   Log-Likelihood:                -10667.
No. Observations:                 878   AIC:                         2.135e+04
Df Residuals:                     872   BIC:                         2.138e+04
Df Model:                           5                                         
Covariance Type:            nonrobust                                         
==============================================================================
                 coef    std err          t      P>|t|      [0.025      0.975]
------------------------------------------------------------------------------
const       1.906e+04   4423.692      4.309      0.000    1.04e+04    2.77e+04
x1           483.8340    146.765      3.297      0.001     195.779     771.889
x2          1.466e+04   2175.042      6.740      0.000    1.04e+04    1.89e+04
x3          6533.2573   2045.882      3.193      0.001    2517.828    1.05e+04
x4          -3.45e+04   6786.940     -5.083      0.000   -4.78e+04   -2.12e+04
x5         -1.724e+04   5173.295     -3.332      0.001   -2.74e+04   -7083.005
==============================================================================
Omnibus:                      303.328   Durbin-Watson:                   1.922
Prob(Omnibus):                  0.000   Jarque-Bera (JB):             1048.115
Skew:                           1.659   Prob(JB):                    2.54e-228
Kurtosis:                       7.201   Cond. No.                         90.9
==============================================================================

Warnings:
[1] Standard Errors assume that the covariance matrix of the errors is correctly specified.



[1, 3, 4, 5, 8]
                            OLS Regression Results                            
==============================================================================
Dep. Variable:                      y   R-squared:                       0.152
Model:                            OLS   Adj. R-squared:                  0.147
Method:                 Least Squares   F-statistic:                     31.29
Date:                Tue, 04 Dec 2018   Prob (F-statistic):           2.37e-29
Time:                        00:24:50   Log-Likelihood:                -10668.
No. Observations:                 878   AIC:                         2.135e+04
Df Residuals:                     872   BIC:                         2.138e+04
Df Model:                           5                                         
Covariance Type:            nonrobust                                         
==============================================================================
                 coef    std err          t      P>|t|      [0.025      0.975]
------------------------------------------------------------------------------
const       2.213e+04   4510.446      4.907      0.000    1.33e+04     3.1e+04
x1           472.2492    147.028      3.212      0.001     183.678     760.820
x2          -330.0286    101.019     -3.267      0.001    -528.297    -131.760
x3          1.483e+04   2175.561      6.817      0.000    1.06e+04    1.91e+04
x4          6400.5172   2044.791      3.130      0.002    2387.230    1.04e+04
x5          -3.72e+04   6568.901     -5.663      0.000   -5.01e+04   -2.43e+04
==============================================================================
Omnibus:                      305.621   Durbin-Watson:                   1.919
Prob(Omnibus):                  0.000   Jarque-Bera (JB):             1068.044
Skew:                           1.667   Prob(JB):                    1.19e-232
Kurtosis:                       7.251   Cond. No.                         126.
==============================================================================

Warnings:
[1] Standard Errors assume that the covariance matrix of the errors is correctly specified.



[1, 4, 8, 9]
                            OLS Regression Results                            
==============================================================================
Dep. Variable:                      y   R-squared:                       0.143
Model:                            OLS   Adj. R-squared:                  0.139
Method:                 Least Squares   F-statistic:                     36.30
Date:                Tue, 04 Dec 2018   Prob (F-statistic):           4.30e-28
Time:                        00:24:50   Log-Likelihood:                -10673.
No. Observations:                 878   AIC:                         2.136e+04
Df Residuals:                     873   BIC:                         2.138e+04
Df Model:                           4                                         
Covariance Type:            nonrobust                                         
==============================================================================
                 coef    std err          t      P>|t|      [0.025      0.975]
------------------------------------------------------------------------------
const       2.966e+04   2938.275     10.096      0.000    2.39e+04    3.54e+04
x1           589.3871    143.746      4.100      0.000     307.259     871.515
x2          1.824e+04   1873.252      9.739      0.000    1.46e+04    2.19e+04
x3          -4.37e+04   6177.973     -7.073      0.000   -5.58e+04   -3.16e+04
x4          -1.64e+04   5193.833     -3.158      0.002   -2.66e+04   -6207.973
==============================================================================
Omnibus:                      307.726   Durbin-Watson:                   1.932
Prob(Omnibus):                  0.000   Jarque-Bera (JB):             1056.173
Skew:                           1.689   Prob(JB):                    4.52e-230
Kurtosis:                       7.179   Cond. No.                         79.0
==============================================================================

Warnings:
[1] Standard Errors assume that the covariance matrix of the errors is correctly specified.



[1, 3, 4, 8]
                            OLS Regression Results                            
==============================================================================
Dep. Variable:                      y   R-squared:                       0.143
Model:                            OLS   Adj. R-squared:                  0.139
Method:                 Least Squares   F-statistic:                     36.29
Date:                Tue, 04 Dec 2018   Prob (F-statistic):           4.35e-28
Time:                        00:24:50   Log-Likelihood:                -10673.
No. Observations:                 878   AIC:                         2.136e+04
Df Residuals:                     873   BIC:                         2.138e+04
Df Model:                           4                                         
Covariance Type:            nonrobust                                         
==============================================================================
                 coef    std err          t      P>|t|      [0.025      0.975]
------------------------------------------------------------------------------
const       3.244e+04   3097.791     10.471      0.000    2.64e+04    3.85e+04
x1           575.7575    143.981      3.999      0.000     293.167     858.348
x2          -320.0086    101.476     -3.154      0.002    -519.173    -120.844
x3          1.834e+04   1874.037      9.786      0.000    1.47e+04     2.2e+04
x4         -4.601e+04   5964.940     -7.714      0.000   -5.77e+04   -3.43e+04
==============================================================================
Omnibus:                      309.053   Durbin-Watson:                   1.929
Prob(Omnibus):                  0.000   Jarque-Bera (JB):             1069.373
Skew:                           1.693   Prob(JB):                    6.14e-233
Kurtosis:                       7.215   Cond. No.                         105.
==============================================================================

Warnings:
[1] Standard Errors assume that the covariance matrix of the errors is correctly specified.



[3, 4, 5, 8]
                            OLS Regression Results                            
==============================================================================
Dep. Variable:                      y   R-squared:                       0.142
Model:                            OLS   Adj. R-squared:                  0.138
Method:                 Least Squares   F-statistic:                     36.14
Date:                Tue, 04 Dec 2018   Prob (F-statistic):           5.61e-28
Time:                        00:24:50   Log-Likelihood:                -10673.
No. Observations:                 878   AIC:                         2.136e+04
Df Residuals:                     873   BIC:                         2.138e+04
Df Model:                           4                                         
Covariance Type:            nonrobust                                         
==============================================================================
                 coef    std err          t      P>|t|      [0.025      0.975]
------------------------------------------------------------------------------
const       2.501e+04   4443.686      5.629      0.000    1.63e+04    3.37e+04
x1          -354.0936    101.277     -3.496      0.000    -552.868    -155.319
x2          1.525e+04   2183.192      6.986      0.000     1.1e+04    1.95e+04
x3          7877.6753   2003.006      3.933      0.000    3946.405    1.18e+04
x4         -3.589e+04   6591.046     -5.445      0.000   -4.88e+04   -2.29e+04
==============================================================================
Omnibus:                      305.488   Durbin-Watson:                   1.899
Prob(Omnibus):                  0.000   Jarque-Bera (JB):             1067.812
Skew:                           1.666   Prob(JB):                    1.34e-232
Kurtosis:                       7.252   Cond. No.                         112.
==============================================================================

Warnings:
[1] Standard Errors assume that the covariance matrix of the errors is correctly specified.



[4, 5, 8, 9]
                            OLS Regression Results                            
==============================================================================
Dep. Variable:                      y   R-squared:                       0.142
Model:                            OLS   Adj. R-squared:                  0.138
Method:                 Least Squares   F-statistic:                     36.11
Date:                Tue, 04 Dec 2018   Prob (F-statistic):           5.96e-28
Time:                        00:24:50   Log-Likelihood:                -10673.
No. Observations:                 878   AIC:                         2.136e+04
Df Residuals:                     873   BIC:                         2.138e+04
Df Model:                           4                                         
Covariance Type:            nonrobust                                         
==============================================================================
                 coef    std err          t      P>|t|      [0.025      0.975]
------------------------------------------------------------------------------
const        2.18e+04   4369.436      4.989      0.000    1.32e+04    3.04e+04
x1          1.508e+04   2183.532      6.907      0.000    1.08e+04    1.94e+04
x2          8052.2356   2004.556      4.017      0.000    4117.924     1.2e+04
x3         -3.315e+04   6812.687     -4.865      0.000   -4.65e+04   -1.98e+04
x4         -1.808e+04   5196.160     -3.479      0.001   -2.83e+04   -7876.606
==============================================================================
Omnibus:                      302.354   Durbin-Watson:                   1.901
Prob(Omnibus):                  0.000   Jarque-Bera (JB):             1041.688
Skew:                           1.654   Prob(JB):                    6.32e-227
Kurtosis:                       7.187   Cond. No.                         14.7
==============================================================================

Warnings:
[1] Standard Errors assume that the covariance matrix of the errors is correctly specified.



[1, 4, 5, 8]
                            OLS Regression Results                            
==============================================================================
Dep. Variable:                      y   R-squared:                       0.142
Model:                            OLS   Adj. R-squared:                  0.138
Method:                 Least Squares   F-statistic:                     36.04
Date:                Tue, 04 Dec 2018   Prob (F-statistic):           6.68e-28
Time:                        00:24:50   Log-Likelihood:                -10673.
No. Observations:                 878   AIC:                         2.136e+04
Df Residuals:                     873   BIC:                         2.138e+04
Df Model:                           4                                         
Covariance Type:            nonrobust                                         
==============================================================================
                 coef    std err          t      P>|t|      [0.025      0.975]
------------------------------------------------------------------------------
const       1.927e+04   4448.780      4.330      0.000    1.05e+04     2.8e+04
x1           507.8749    147.433      3.445      0.001     218.509     797.240
x2          1.475e+04   2187.430      6.742      0.000    1.05e+04     1.9e+04
x3          6188.8294   2055.056      3.012      0.003    2155.402    1.02e+04
x4         -4.205e+04   6433.904     -6.536      0.000   -5.47e+04   -2.94e+04
==============================================================================
Omnibus:                      310.992   Durbin-Watson:                   1.915
Prob(Omnibus):                  0.000   Jarque-Bera (JB):             1105.208
Skew:                           1.692   Prob(JB):                    1.02e-240
Kurtosis:                       7.331   Cond. No.                         85.4
==============================================================================

Warnings:
[1] Standard Errors assume that the covariance matrix of the errors is correctly specified.



[1, 4, 8]
                            OLS Regression Results                            
==============================================================================
Dep. Variable:                      y   R-squared:                       0.133
Model:                            OLS   Adj. R-squared:                  0.130
Method:                 Least Squares   F-statistic:                     44.62
Date:                Tue, 04 Dec 2018   Prob (F-statistic):           7.80e-27
Time:                        00:24:50   Log-Likelihood:                -10678.
No. Observations:                 878   AIC:                         2.136e+04
Df Residuals:                     874   BIC:                         2.138e+04
Df Model:                           3                                         
Covariance Type:            nonrobust                                         
==============================================================================
                 coef    std err          t      P>|t|      [0.025      0.975]
------------------------------------------------------------------------------
const       2.933e+04   2951.363      9.936      0.000    2.35e+04    3.51e+04
x1           607.0135    144.373      4.204      0.000     323.655     890.372
x2          1.815e+04   1882.591      9.639      0.000    1.45e+04    2.18e+04
x3         -5.044e+04   5826.751     -8.657      0.000   -6.19e+04    -3.9e+04
==============================================================================
Omnibus:                      314.048   Durbin-Watson:                   1.927
Prob(Omnibus):                  0.000   Jarque-Bera (JB):             1103.830
Skew:                           1.717   Prob(JB):                    2.02e-240
Kurtosis:                       7.288   Cond. No.                         70.4
==============================================================================

Warnings:
[1] Standard Errors assume that the covariance matrix of the errors is correctly specified.



[4, 5, 8]
                            OLS Regression Results                            
==============================================================================
Dep. Variable:                      y   R-squared:                       0.130
Model:                            OLS   Adj. R-squared:                  0.127
Method:                 Least Squares   F-statistic:                     43.56
Date:                Tue, 04 Dec 2018   Prob (F-statistic):           3.08e-26
Time:                        00:24:50   Log-Likelihood:                -10679.
No. Observations:                 878   AIC:                         2.137e+04
Df Residuals:                     874   BIC:                         2.138e+04
Df Model:                           3                                         
Covariance Type:            nonrobust                                         
==============================================================================
                 coef    std err          t      P>|t|      [0.025      0.975]
------------------------------------------------------------------------------
const       2.216e+04   4395.872      5.041      0.000    1.35e+04    3.08e+04
x1           1.52e+04   2197.107      6.916      0.000    1.09e+04    1.95e+04
x2          7769.5166   2015.586      3.855      0.000    3813.562    1.17e+04
x3         -4.102e+04   6466.676     -6.343      0.000   -5.37e+04   -2.83e+04
==============================================================================
Omnibus:                      310.769   Durbin-Watson:                   1.893
Prob(Omnibus):                  0.000   Jarque-Bera (JB):             1104.312
Skew:                           1.691   Prob(JB):                    1.59e-240
Kurtosis:                       7.330   Cond. No.                         13.7
==============================================================================

Warnings:
[1] Standard Errors assume that the covariance matrix of the errors is correctly specified.



[1, 4, 5, 9]
                            OLS Regression Results                            
==============================================================================
Dep. Variable:                      y   R-squared:                       0.127
Model:                            OLS   Adj. R-squared:                  0.123
Method:                 Least Squares   F-statistic:                     31.87
Date:                Tue, 04 Dec 2018   Prob (F-statistic):           8.26e-25
Time:                        00:24:50   Log-Likelihood:                -10680.
No. Observations:                 878   AIC:                         2.137e+04
Df Residuals:                     873   BIC:                         2.139e+04
Df Model:                           4                                         
Covariance Type:            nonrobust                                         
==============================================================================
                 coef    std err          t      P>|t|      [0.025      0.975]
------------------------------------------------------------------------------
const       7215.1919   3813.378      1.892      0.059    -269.268    1.47e+04
x1           438.6957    148.566      2.953      0.003     147.107     730.284
x2          6007.9976   1373.186      4.375      0.000    3312.865    8703.130
x3          1.095e+04   1878.751      5.826      0.000    7258.646    1.46e+04
x4         -2.602e+04   4944.952     -5.262      0.000   -3.57e+04   -1.63e+04
==============================================================================
Omnibus:                      304.641   Durbin-Watson:                   1.905
Prob(Omnibus):                  0.000   Jarque-Bera (JB):             1077.192
Skew:                           1.656   Prob(JB):                    1.23e-234
Kurtosis:                       7.298   Cond. No.                         59.0
==============================================================================

Warnings:
[1] Standard Errors assume that the covariance matrix of the errors is correctly specified.



[3, 4, 8]
                            OLS Regression Results                            
==============================================================================
Dep. Variable:                      y   R-squared:                       0.127
Model:                            OLS   Adj. R-squared:                  0.124
Method:                 Least Squares   F-statistic:                     42.34
Date:                Tue, 04 Dec 2018   Prob (F-statistic):           1.50e-25
Time:                        00:24:50   Log-Likelihood:                -10681.
No. Observations:                 878   AIC:                         2.137e+04
Df Residuals:                     874   BIC:                         2.139e+04
Df Model:                           3                                         
Covariance Type:            nonrobust                                         
==============================================================================
                 coef    std err          t      P>|t|      [0.025      0.975]
------------------------------------------------------------------------------
const        3.92e+04   2618.301     14.970      0.000    3.41e+04    4.43e+04
x1          -347.9419    102.099     -3.408      0.001    -548.331    -147.553
x2          1.992e+04   1847.637     10.780      0.000    1.63e+04    2.35e+04
x3         -4.694e+04   6011.356     -7.808      0.000   -5.87e+04   -3.51e+04
==============================================================================
Omnibus:                      314.055   Durbin-Watson:                   1.907
Prob(Omnibus):                  0.000   Jarque-Bera (JB):             1104.946
Skew:                           1.716   Prob(JB):                    1.16e-240
Kurtosis:                       7.292   Cond. No.                         93.4
==============================================================================

Warnings:
[1] Standard Errors assume that the covariance matrix of the errors is correctly specified.



[4, 8, 9]
                            OLS Regression Results                            
==============================================================================
Dep. Variable:                      y   R-squared:                       0.126
Model:                            OLS   Adj. R-squared:                  0.123
Method:                 Least Squares   F-statistic:                     42.04
Date:                Tue, 04 Dec 2018   Prob (F-statistic):           2.22e-25
Time:                        00:24:50   Log-Likelihood:                -10681.
No. Observations:                 878   AIC:                         2.137e+04
Df Residuals:                     874   BIC:                         2.139e+04
Df Model:                           3                                         
Covariance Type:            nonrobust                                         
==============================================================================
                 coef    std err          t      P>|t|      [0.025      0.975]
------------------------------------------------------------------------------
const       3.634e+04   2467.447     14.729      0.000    3.15e+04    4.12e+04
x1          1.985e+04   1848.202     10.741      0.000    1.62e+04    2.35e+04
x2          -4.47e+04   6228.682     -7.177      0.000   -5.69e+04   -3.25e+04
x3         -1.723e+04   5236.651     -3.290      0.001   -2.75e+04   -6950.857
==============================================================================
Omnibus:                      312.196   Durbin-Watson:                   1.909
Prob(Omnibus):                  0.000   Jarque-Bera (JB):             1086.942
Skew:                           1.710   Prob(JB):                    9.41e-237
Kurtosis:                       7.245   Cond. No.                         9.71
==============================================================================

Warnings:
[1] Standard Errors assume that the covariance matrix of the errors is correctly specified.



[1, 3, 4, 5]
                            OLS Regression Results                            
==============================================================================
Dep. Variable:                      y   R-squared:                       0.121
Model:                            OLS   Adj. R-squared:                  0.117
Method:                 Least Squares   F-statistic:                     30.02
Date:                Tue, 04 Dec 2018   Prob (F-statistic):           1.98e-23
Time:                        00:24:50   Log-Likelihood:                -10684.
No. Observations:                 878   AIC:                         2.138e+04
Df Residuals:                     873   BIC:                         2.140e+04
Df Model:                           4                                         
Covariance Type:            nonrobust                                         
==============================================================================
                 coef    std err          t      P>|t|      [0.025      0.975]
------------------------------------------------------------------------------
const       9734.9524   4013.252      2.426      0.015    1858.202    1.76e+04
x1           420.4086    149.331      2.815      0.005     127.318     713.499
x2          -459.4617    100.135     -4.588      0.000    -655.995    -262.929
x3          4951.6277   1322.619      3.744      0.000    2355.742    7547.513
x4          1.136e+04   1880.089      6.044      0.000    7672.906    1.51e+04
==============================================================================
Omnibus:                      313.518   Durbin-Watson:                   1.898
Prob(Omnibus):                  0.000   Jarque-Bera (JB):             1155.581
Skew:                           1.691   Prob(JB):                    1.17e-251
Kurtosis:                       7.489   Cond. No.                         70.9
==============================================================================

Warnings:
[1] Standard Errors assume that the covariance matrix of the errors is correctly specified.



[4, 5, 9]
                            OLS Regression Results                            
==============================================================================
Dep. Variable:                      y   R-squared:                       0.119
Model:                            OLS   Adj. R-squared:                  0.116
Method:                 Least Squares   F-statistic:                     39.24
Date:                Tue, 04 Dec 2018   Prob (F-statistic):           8.60e-24
Time:                        00:24:50   Log-Likelihood:                -10685.
No. Observations:                 878   AIC:                         2.138e+04
Df Residuals:                     874   BIC:                         2.140e+04
Df Model:                           3                                         
Covariance Type:            nonrobust                                         
==============================================================================
                 coef    std err          t      P>|t|      [0.025      0.975]
------------------------------------------------------------------------------
const       1.013e+04   3699.539      2.738      0.006    2870.022    1.74e+04
x1          6699.8216   1359.014      4.930      0.000    4032.509    9367.134
x2          1.217e+04   1840.469      6.613      0.000    8558.544    1.58e+04
x3         -2.647e+04   4964.389     -5.332      0.000   -3.62e+04   -1.67e+04
==============================================================================
Omnibus:                      299.847   Durbin-Watson:                   1.887
Prob(Omnibus):                  0.000   Jarque-Bera (JB):             1035.490
Skew:                           1.638   Prob(JB):                    1.40e-225
Kurtosis:                       7.192   Cond. No.                         9.29
==============================================================================

Warnings:
[1] Standard Errors assume that the covariance matrix of the errors is correctly specified.



[4, 8]
                            OLS Regression Results                            
==============================================================================
Dep. Variable:                      y   R-squared:                       0.115
Model:                            OLS   Adj. R-squared:                  0.113
Method:                 Least Squares   F-statistic:                     57.01
Date:                Tue, 04 Dec 2018   Prob (F-statistic):           5.35e-24
Time:                        00:24:50   Log-Likelihood:                -10686.
No. Observations:                 878   AIC:                         2.138e+04
Df Residuals:                     875   BIC:                         2.139e+04
Df Model:                           2                                         
Covariance Type:            nonrobust                                         
==============================================================================
                 coef    std err          t      P>|t|      [0.025      0.975]
------------------------------------------------------------------------------
const        3.62e+04   2480.864     14.591      0.000    3.13e+04    4.11e+04
x1           1.98e+04   1858.483     10.654      0.000    1.62e+04    2.34e+04
x2         -5.183e+04   5872.556     -8.826      0.000   -6.34e+04   -4.03e+04
==============================================================================
Omnibus:                      318.844   Durbin-Watson:                   1.903
Prob(Omnibus):                  0.000   Jarque-Bera (JB):             1137.776
Skew:                           1.739   Prob(JB):                    8.61e-248
Kurtosis:                       7.359   Cond. No.                         8.54
==============================================================================

Warnings:
[1] Standard Errors assume that the covariance matrix of the errors is correctly specified.



[3, 4, 5]
                            OLS Regression Results                            
==============================================================================
Dep. Variable:                      y   R-squared:                       0.113
Model:                            OLS   Adj. R-squared:                  0.110
Method:                 Least Squares   F-statistic:                     37.10
Date:                Tue, 04 Dec 2018   Prob (F-statistic):           1.43e-22
Time:                        00:24:50   Log-Likelihood:                -10687.
No. Observations:                 878   AIC:                         2.138e+04
Df Residuals:                     874   BIC:                         2.140e+04
Df Model:                           3                                         
Covariance Type:            nonrobust                                         
==============================================================================
                 coef    std err          t      P>|t|      [0.025      0.975]
------------------------------------------------------------------------------
const        1.27e+04   3887.545      3.268      0.001    5073.686    2.03e+04
x1          -476.8834    100.339     -4.753      0.000    -673.816    -279.951
x2          5638.4275   1305.067      4.320      0.000    3076.997    8199.858
x3          1.253e+04   1841.355      6.803      0.000    8912.439    1.61e+04
==============================================================================
Omnibus:                      309.026   Durbin-Watson:                   1.882
Prob(Omnibus):                  0.000   Jarque-Bera (JB):             1111.530
Skew:                           1.675   Prob(JB):                    4.31e-242
Kurtosis:                       7.378   Cond. No.                         61.9
==============================================================================

Warnings:
[1] Standard Errors assume that the covariance matrix of the errors is correctly specified.



[1, 5, 9]
                            OLS Regression Results                            
==============================================================================
Dep. Variable:                      y   R-squared:                       0.108
Model:                            OLS   Adj. R-squared:                  0.105
Method:                 Least Squares   F-statistic:                     35.37
Date:                Tue, 04 Dec 2018   Prob (F-statistic):           1.40e-21
Time:                        00:24:50   Log-Likelihood:                -10690.
No. Observations:                 878   AIC:                         2.139e+04
Df Residuals:                     874   BIC:                         2.141e+04
Df Model:                           3                                         
Covariance Type:            nonrobust                                         
==============================================================================
                 coef    std err          t      P>|t|      [0.025      0.975]
------------------------------------------------------------------------------
const       6834.7964   3851.752      1.774      0.076    -724.968    1.44e+04
x1           549.5984    147.899      3.716      0.000     259.319     839.878
x2          1.362e+04   1794.567      7.592      0.000    1.01e+04    1.71e+04
x3         -1.683e+04   4522.368     -3.721      0.000   -2.57e+04   -7951.097
==============================================================================
Omnibus:                      349.788   Durbin-Watson:                   1.890
Prob(Omnibus):                  0.000   Jarque-Bera (JB):             1494.882
Skew:                           1.846   Prob(JB):                         0.00
Kurtosis:                       8.218   Cond. No.                         53.8
==============================================================================

Warnings:
[1] Standard Errors assume that the covariance matrix of the errors is correctly specified.



[1, 3, 5]
                            OLS Regression Results                            
==============================================================================
Dep. Variable:                      y   R-squared:                       0.107
Model:                            OLS   Adj. R-squared:                  0.104
Method:                 Least Squares   F-statistic:                     34.84
Date:                Tue, 04 Dec 2018   Prob (F-statistic):           2.83e-21
Time:                        00:24:50   Log-Likelihood:                -10691.
No. Observations:                 878   AIC:                         2.139e+04
Df Residuals:                     874   BIC:                         2.141e+04
Df Model:                           3                                         
Covariance Type:            nonrobust                                         
==============================================================================
                 coef    std err          t      P>|t|      [0.025      0.975]
------------------------------------------------------------------------------
const       8896.1548   4036.720      2.204      0.028     973.357    1.68e+04
x1           523.5277    147.858      3.541      0.000     233.329     813.726
x2          -335.0067     95.157     -3.521      0.000    -521.769    -148.245
x3           1.36e+04   1795.911      7.572      0.000    1.01e+04    1.71e+04
==============================================================================
Omnibus:                      352.044   Durbin-Watson:                   1.889
Prob(Omnibus):                  0.000   Jarque-Bera (JB):             1531.117
Skew:                           1.852   Prob(JB):                         0.00
Kurtosis:                       8.304   Cond. No.                         70.4
==============================================================================

Warnings:
[1] Standard Errors assume that the covariance matrix of the errors is correctly specified.



[5, 9]
                            OLS Regression Results                            
==============================================================================
Dep. Variable:                      y   R-squared:                       0.094
Model:                            OLS   Adj. R-squared:                  0.092
Method:                 Least Squares   F-statistic:                     45.49
Date:                Tue, 04 Dec 2018   Prob (F-statistic):           1.60e-19
Time:                        00:24:50   Log-Likelihood:                -10697.
No. Observations:                 878   AIC:                         2.140e+04
Df Residuals:                     875   BIC:                         2.141e+04
Df Model:                           2                                         
Covariance Type:            nonrobust                                         
==============================================================================
                 coef    std err          t      P>|t|      [0.025      0.975]
------------------------------------------------------------------------------
const       1.054e+04   3747.535      2.813      0.005    3185.574    1.79e+04
x1           1.56e+04   1726.279      9.038      0.000    1.22e+04     1.9e+04
x2         -1.604e+04   4550.358     -3.525      0.000    -2.5e+04   -7109.737
==============================================================================
Omnibus:                      343.712   Durbin-Watson:                   1.865
Prob(Omnibus):                  0.000   Jarque-Bera (JB):             1411.248
Skew:                           1.827   Prob(JB):                    3.56e-307
Kurtosis:                       8.023   Cond. No.                         6.91
==============================================================================

Warnings:
[1] Standard Errors assume that the covariance matrix of the errors is correctly specified.



[3, 5]
                            OLS Regression Results                            
==============================================================================
Dep. Variable:                      y   R-squared:                       0.094
Model:                            OLS   Adj. R-squared:                  0.092
Method:                 Least Squares   F-statistic:                     45.39
Date:                Tue, 04 Dec 2018   Prob (F-statistic):           1.75e-19
Time:                        00:24:50   Log-Likelihood:                -10697.
No. Observations:                 878   AIC:                         2.140e+04
Df Residuals:                     875   BIC:                         2.141e+04
Df Model:                           2                                         
Covariance Type:            nonrobust                                         
==============================================================================
                 coef    std err          t      P>|t|      [0.025      0.975]
------------------------------------------------------------------------------
const       1.257e+04   3926.475      3.202      0.001    4866.899    2.03e+04
x1          -335.2123     95.782     -3.500      0.000    -523.201    -147.223
x2           1.55e+04   1725.151      8.984      0.000    1.21e+04    1.89e+04
==============================================================================
Omnibus:                      347.242   Durbin-Watson:                   1.865
Prob(Omnibus):                  0.000   Jarque-Bera (JB):             1458.096
Skew:                           1.838   Prob(JB):                         0.00
Kurtosis:                       8.132   Cond. No.                         61.6
==============================================================================

Warnings:
[1] Standard Errors assume that the covariance matrix of the errors is correctly specified.



[1, 4, 9]
                            OLS Regression Results                            
==============================================================================
Dep. Variable:                      y   R-squared:                       0.093
Model:                            OLS   Adj. R-squared:                  0.090
Method:                 Least Squares   F-statistic:                     30.04
Date:                Tue, 04 Dec 2018   Prob (F-statistic):           1.73e-18
Time:                        00:24:50   Log-Likelihood:                -10697.
No. Observations:                 878   AIC:                         2.140e+04
Df Residuals:                     874   BIC:                         2.142e+04
Df Model:                           3                                         
Covariance Type:            nonrobust                                         
==============================================================================
                 coef    std err          t      P>|t|      [0.025      0.975]
------------------------------------------------------------------------------
const       2.243e+04   2830.761      7.924      0.000    1.69e+04     2.8e+04
x1           629.7887    147.606      4.267      0.000     340.085     919.492
x2          8614.7788   1322.493      6.514      0.000    6019.146    1.12e+04
x3          -2.91e+04   5008.432     -5.810      0.000   -3.89e+04   -1.93e+04
==============================================================================
Omnibus:                      315.407   Durbin-Watson:                   1.914
Prob(Omnibus):                  0.000   Jarque-Bera (JB):             1126.378
Skew:                           1.717   Prob(JB):                    2.57e-245
Kurtosis:                       7.358   Cond. No.                         56.9
==============================================================================

Warnings:
[1] Standard Errors assume that the covariance matrix of the errors is correctly specified.



[4, 5]
                            OLS Regression Results                            
==============================================================================
Dep. Variable:                      y   R-squared:                       0.090
Model:                            OLS   Adj. R-squared:                  0.088
Method:                 Least Squares   F-statistic:                     43.28
Date:                Tue, 04 Dec 2018   Prob (F-statistic):           1.19e-18
Time:                        00:24:50   Log-Likelihood:                -10699.
No. Observations:                 878   AIC:                         2.140e+04
Df Residuals:                     875   BIC:                         2.142e+04
Df Model:                           2                                         
Covariance Type:            nonrobust                                         
==============================================================================
                 coef    std err          t      P>|t|      [0.025      0.975]
------------------------------------------------------------------------------
const       6160.7414   3680.204      1.674      0.094   -1062.317    1.34e+04
x1          3611.3791   1248.531      2.893      0.004    1160.914    6061.844
x2          1.332e+04   1856.346      7.173      0.000    9671.764     1.7e+04
==============================================================================
Omnibus:                      314.578   Durbin-Watson:                   1.867
Prob(Omnibus):                  0.000   Jarque-Bera (JB):             1141.008
Skew:                           1.705   Prob(JB):                    1.71e-248
Kurtosis:                       7.423   Cond. No.                         7.06
==============================================================================

Warnings:
[1] Standard Errors assume that the covariance matrix of the errors is correctly specified.



[1, 3, 4]
                            OLS Regression Results                            
==============================================================================
Dep. Variable:                      y   R-squared:                       0.084
Model:                            OLS   Adj. R-squared:                  0.081
Method:                 Least Squares   F-statistic:                     26.77
Date:                Tue, 04 Dec 2018   Prob (F-statistic):           1.44e-16
Time:                        00:24:50   Log-Likelihood:                -10702.
No. Observations:                 878   AIC:                         2.141e+04
Df Residuals:                     874   BIC:                         2.143e+04
Df Model:                           3                                         
Covariance Type:            nonrobust                                         
==============================================================================
                 coef    std err          t      P>|t|      [0.025      0.975]
------------------------------------------------------------------------------
const       2.577e+04   3072.478      8.386      0.000    1.97e+04    3.18e+04
x1           618.8042    148.610      4.164      0.000     327.130     910.479
x2          -504.3490    101.868     -4.951      0.000    -704.284    -304.414
x3          7491.2042   1279.333      5.856      0.000    4980.281       1e+04
==============================================================================
Omnibus:                      325.897   Durbin-Watson:                   1.906
Prob(Omnibus):                  0.000   Jarque-Bera (JB):             1224.611
Skew:                           1.758   Prob(JB):                    1.20e-266
Kurtosis:                       7.595   Cond. No.                         50.7
==============================================================================

Warnings:
[1] Standard Errors assume that the covariance matrix of the errors is correctly specified.



[4, 9]
                            OLS Regression Results                            
==============================================================================
Dep. Variable:                      y   R-squared:                       0.075
Model:                            OLS   Adj. R-squared:                  0.072
Method:                 Least Squares   F-statistic:                     35.27
Date:                Tue, 04 Dec 2018   Prob (F-statistic):           1.86e-15
Time:                        00:24:50   Log-Likelihood:                -10706.
No. Observations:                 878   AIC:                         2.142e+04
Df Residuals:                     875   BIC:                         2.143e+04
Df Model:                           2                                         
Covariance Type:            nonrobust                                         
==============================================================================
                 coef    std err          t      P>|t|      [0.025      0.975]
------------------------------------------------------------------------------
const        2.94e+04   2334.518     12.594      0.000    2.48e+04     3.4e+04
x1           1.01e+04   1288.404      7.838      0.000    7570.299    1.26e+04
x2          -3.03e+04   5049.477     -6.001      0.000   -4.02e+04   -2.04e+04
==============================================================================
Omnibus:                      314.762   Durbin-Watson:                   1.890
Prob(Omnibus):                  0.000   Jarque-Bera (JB):             1106.370
Skew:                           1.721   Prob(JB):                    5.69e-241
Kurtosis:                       7.289   Cond. No.                         6.68
==============================================================================

Warnings:
[1] Standard Errors assume that the covariance matrix of the errors is correctly specified.



[3, 4]
                            OLS Regression Results                            
==============================================================================
Dep. Variable:                      y   R-squared:                       0.066
Model:                            OLS   Adj. R-squared:                  0.064
Method:                 Least Squares   F-statistic:                     30.91
Date:                Tue, 04 Dec 2018   Prob (F-statistic):           1.07e-13
Time:                        00:24:50   Log-Likelihood:                -10710.
No. Observations:                 878   AIC:                         2.143e+04
Df Residuals:                     875   BIC:                         2.144e+04
Df Model:                           2                                         
Covariance Type:            nonrobust                                         
==============================================================================
                 coef    std err          t      P>|t|      [0.025      0.975]
------------------------------------------------------------------------------
const        3.29e+04   2574.755     12.776      0.000    2.78e+04    3.79e+04
x1          -538.4029    102.483     -5.254      0.000    -739.545    -337.261
x2          8955.6305   1241.473      7.214      0.000    6519.017    1.14e+04
==============================================================================
Omnibus:                      325.350   Durbin-Watson:                   1.884
Prob(Omnibus):                  0.000   Jarque-Bera (JB):             1199.440
Skew:                           1.764   Prob(JB):                    3.51e-261
Kurtosis:                       7.510   Cond. No.                         38.4
==============================================================================

Warnings:
[1] Standard Errors assume that the covariance matrix of the errors is correctly specified.



[1, 4]
                            OLS Regression Results                            
==============================================================================
Dep. Variable:                      y   R-squared:                       0.058
Model:                            OLS   Adj. R-squared:                  0.056
Method:                 Least Squares   F-statistic:                     27.17
Date:                Tue, 04 Dec 2018   Prob (F-statistic):           3.58e-12
Time:                        00:24:50   Log-Likelihood:                -10714.
No. Observations:                 878   AIC:                         2.143e+04
Df Residuals:                     875   BIC:                         2.145e+04
Df Model:                           2                                         
Covariance Type:            nonrobust                                         
==============================================================================
                 coef    std err          t      P>|t|      [0.025      0.975]
------------------------------------------------------------------------------
const        1.95e+04   2837.144      6.873      0.000    1.39e+04    2.51e+04
x1           677.8736    150.108      4.516      0.000     383.261     972.487
x2          5425.2697   1225.509      4.427      0.000    3019.989    7830.550
==============================================================================
Omnibus:                      333.158   Durbin-Watson:                   1.899
Prob(Omnibus):                  0.000   Jarque-Bera (JB):             1265.939
Skew:                           1.798   Prob(JB):                    1.27e-275
Kurtosis:                       7.656   Cond. No.                         31.8
==============================================================================

Warnings:
[1] Standard Errors assume that the covariance matrix of the errors is correctly specified.



[1, 9]
                            OLS Regression Results                            
==============================================================================
Dep. Variable:                      y   R-squared:                       0.049
Model:                            OLS   Adj. R-squared:                  0.047
Method:                 Least Squares   F-statistic:                     22.77
Date:                Tue, 04 Dec 2018   Prob (F-statistic):           2.29e-10
Time:                        00:24:50   Log-Likelihood:                -10718.
No. Observations:                 878   AIC:                         2.144e+04
Df Residuals:                     875   BIC:                         2.146e+04
Df Model:                           2                                         
Covariance Type:            nonrobust                                         
==============================================================================
                 coef    std err          t      P>|t|      [0.025      0.975]
------------------------------------------------------------------------------
const       2.779e+04   2771.828     10.027      0.000    2.24e+04    3.32e+04
x1           882.7047    145.741      6.057      0.000     596.662    1168.747
x2         -1.556e+04   4663.258     -3.337      0.001   -2.47e+04   -6407.198
==============================================================================
Omnibus:                      404.823   Durbin-Watson:                   1.895
Prob(Omnibus):                  0.000   Jarque-Bera (JB):             2198.325
Skew:                           2.082   Prob(JB):                         0.00
Kurtosis:                       9.539   Cond. No.                         52.5
==============================================================================

Warnings:
[1] Standard Errors assume that the covariance matrix of the errors is correctly specified.



[1, 3]
                            OLS Regression Results                            
==============================================================================
Dep. Variable:                      y   R-squared:                       0.048
Model:                            OLS   Adj. R-squared:                  0.046
Method:                 Least Squares   F-statistic:                     22.16
Date:                Tue, 04 Dec 2018   Prob (F-statistic):           4.07e-10
Time:                        00:24:50   Log-Likelihood:                -10718.
No. Observations:                 878   AIC:                         2.144e+04
Df Residuals:                     875   BIC:                         2.146e+04
Df Model:                           2                                         
Covariance Type:            nonrobust                                         
==============================================================================
                 coef    std err          t      P>|t|      [0.025      0.975]
------------------------------------------------------------------------------
const       2.966e+04   3056.058      9.706      0.000    2.37e+04    3.57e+04
x1           858.0235    145.577      5.894      0.000     572.303    1143.744
x2          -309.7908     98.112     -3.158      0.002    -502.353    -117.228
==============================================================================
Omnibus:                      406.803   Durbin-Watson:                   1.893
Prob(Omnibus):                  0.000   Jarque-Bera (JB):             2251.270
Skew:                           2.086   Prob(JB):                         0.00
Kurtosis:                       9.644   Cond. No.                         49.2
==============================================================================

Warnings:
[1] Standard Errors assume that the covariance matrix of the errors is correctly specified.



[1, 8]
                            OLS Regression Results                            
==============================================================================
Dep. Variable:                      y   R-squared:                       0.041
Model:                            OLS   Adj. R-squared:                  0.038
Method:                 Least Squares   F-statistic:                     18.53
Date:                Tue, 04 Dec 2018   Prob (F-statistic):           1.31e-08
Time:                        00:24:50   Log-Likelihood:                -10722.
No. Observations:                 878   AIC:                         2.145e+04
Df Residuals:                     875   BIC:                         2.146e+04
Df Model:                           2                                         
Covariance Type:            nonrobust                                         
==============================================================================
                 coef    std err          t      P>|t|      [0.025      0.975]
------------------------------------------------------------------------------
const       2.747e+04   3095.911      8.874      0.000    2.14e+04    3.35e+04
x1           897.8392    148.415      6.050      0.000     606.549    1189.130
x2         -6602.6998   3828.776     -1.724      0.085   -1.41e+04     911.959
==============================================================================
Omnibus:                      403.350   Durbin-Watson:                   1.890
Prob(Omnibus):                  0.000   Jarque-Bera (JB):             2125.091
Skew:                           2.086   Prob(JB):                         0.00
Kurtosis:                       9.378   Cond. No.                         47.4
==============================================================================

Warnings:
[1] Standard Errors assume that the covariance matrix of the errors is correctly specified.



