[0, 5]
                            OLS Regression Results                            
==============================================================================
Dep. Variable:                      y   R-squared:                       0.164
Model:                            OLS   Adj. R-squared:                  0.161
Method:                 Least Squares   F-statistic:                     59.10
Date:                Mon, 03 Dec 2018   Prob (F-statistic):           3.69e-24
Time:                        10:05:11   Log-Likelihood:                -8354.8
No. Observations:                 605   AIC:                         1.672e+04
Df Residuals:                     602   BIC:                         1.673e+04
Df Model:                           2                                         
Covariance Type:            nonrobust                                         
==============================================================================
                 coef    std err          t      P>|t|      [0.025      0.975]
------------------------------------------------------------------------------
const      -4.286e+04   2.59e+04     -1.655      0.098   -9.37e+04    8001.801
x1          7.231e+04   9746.717      7.419      0.000    5.32e+04    9.14e+04
x2          2.631e+04   1.45e+04      1.818      0.070   -2108.281    5.47e+04
==============================================================================
Omnibus:                      373.028   Durbin-Watson:                   1.898
Prob(Omnibus):                  0.000   Jarque-Bera (JB):             5722.431
Skew:                           2.445   Prob(JB):                         0.00
Kurtosis:                      17.251   Cond. No.                         10.3
==============================================================================

Warnings:
[1] Standard Errors assume that the covariance matrix of the errors is correctly specified.



[1, 3]
                            OLS Regression Results                            
==============================================================================
Dep. Variable:                      y   R-squared:                       0.047
Model:                            OLS   Adj. R-squared:                  0.044
Method:                 Least Squares   F-statistic:                     15.00
Date:                Mon, 03 Dec 2018   Prob (F-statistic):           4.41e-07
Time:                        10:05:11   Log-Likelihood:                -8394.4
No. Observations:                 605   AIC:                         1.679e+04
Df Residuals:                     602   BIC:                         1.681e+04
Df Model:                           2                                         
Covariance Type:            nonrobust                                         
==============================================================================
                 coef    std err          t      P>|t|      [0.025      0.975]
------------------------------------------------------------------------------
const       1.601e+05   1.95e+04      8.207      0.000    1.22e+05    1.98e+05
x1          6272.3183   1218.911      5.146      0.000    3878.484    8666.152
x2         -1354.7085    636.634     -2.128      0.034   -2605.003    -104.414
==============================================================================
Omnibus:                      471.912   Durbin-Watson:                   1.907
Prob(Omnibus):                  0.000   Jarque-Bera (JB):            12349.987
Skew:                           3.208   Prob(JB):                         0.00
Kurtosis:                      24.184   Cond. No.                         45.7
==============================================================================

Warnings:
[1] Standard Errors assume that the covariance matrix of the errors is correctly specified.



[1, 8]
                            OLS Regression Results                            
==============================================================================
Dep. Variable:                      y   R-squared:                       0.074
Model:                            OLS   Adj. R-squared:                  0.071
Method:                 Least Squares   F-statistic:                     24.03
Date:                Mon, 03 Dec 2018   Prob (F-statistic):           9.11e-11
Time:                        10:05:11   Log-Likelihood:                -8385.8
No. Observations:                 605   AIC:                         1.678e+04
Df Residuals:                     602   BIC:                         1.679e+04
Df Model:                           2                                         
Covariance Type:            nonrobust                                         
==============================================================================
                 coef    std err          t      P>|t|      [0.025      0.975]
------------------------------------------------------------------------------
const       1.885e+05   1.98e+04      9.520      0.000     1.5e+05    2.27e+05
x1          7087.2325   1217.220      5.822      0.000    4696.719    9477.746
x2         -1.117e+05   2.39e+04     -4.676      0.000   -1.59e+05   -6.48e+04
==============================================================================
Omnibus:                      486.105   Durbin-Watson:                   1.880
Prob(Omnibus):                  0.000   Jarque-Bera (JB):            14301.375
Skew:                           3.310   Prob(JB):                         0.00
Kurtosis:                      25.880   Cond. No.                         37.3
==============================================================================

Warnings:
[1] Standard Errors assume that the covariance matrix of the errors is correctly specified.



[1, 11]
                            OLS Regression Results                            
==============================================================================
Dep. Variable:                      y   R-squared:                       0.046
Model:                            OLS   Adj. R-squared:                  0.042
Method:                 Least Squares   F-statistic:                     14.35
Date:                Mon, 03 Dec 2018   Prob (F-statistic):           8.13e-07
Time:                        10:05:11   Log-Likelihood:                -8395.0
No. Observations:                 605   AIC:                         1.680e+04
Df Residuals:                     602   BIC:                         1.681e+04
Df Model:                           2                                         
Covariance Type:            nonrobust                                         
==============================================================================
                 coef    std err          t      P>|t|      [0.025      0.975]
------------------------------------------------------------------------------
const       1.445e+05   1.73e+04      8.344      0.000    1.11e+05    1.79e+05
x1          6028.2686   1220.287      4.940      0.000    3631.731    8424.806
x2          -260.5866    143.540     -1.815      0.070    -542.487      21.314
==============================================================================
Omnibus:                      465.601   Durbin-Watson:                   1.895
Prob(Omnibus):                  0.000   Jarque-Bera (JB):            11555.544
Skew:                           3.164   Prob(JB):                         0.00
Kurtosis:                      23.454   Cond. No.                         122.
==============================================================================

Warnings:
[1] Standard Errors assume that the covariance matrix of the errors is correctly specified.



[3, 5]
                            OLS Regression Results                            
==============================================================================
Dep. Variable:                      y   R-squared:                       0.095
Model:                            OLS   Adj. R-squared:                  0.092
Method:                 Least Squares   F-statistic:                     31.69
Date:                Mon, 03 Dec 2018   Prob (F-statistic):           8.23e-14
Time:                        10:05:11   Log-Likelihood:                -8378.8
No. Observations:                 605   AIC:                         1.676e+04
Df Residuals:                     602   BIC:                         1.678e+04
Df Model:                           2                                         
Covariance Type:            nonrobust                                         
==============================================================================
                 coef    std err          t      P>|t|      [0.025      0.975]
------------------------------------------------------------------------------
const       6.041e+04   2.58e+04      2.340      0.020    9711.346    1.11e+05
x1         -1390.5887    620.225     -2.242      0.025   -2608.656    -172.521
x2          9.254e+04    1.2e+04      7.725      0.000     6.9e+04    1.16e+05
==============================================================================
Omnibus:                      390.762   Durbin-Watson:                   1.875
Prob(Omnibus):                  0.000   Jarque-Bera (JB):             6229.570
Skew:                           2.597   Prob(JB):                         0.00
Kurtosis:                      17.837   Cond. No.                         62.1
==============================================================================

Warnings:
[1] Standard Errors assume that the covariance matrix of the errors is correctly specified.



[3, 11]
                            OLS Regression Results                            
==============================================================================
Dep. Variable:                      y   R-squared:                       0.013
Model:                            OLS   Adj. R-squared:                  0.009
Method:                 Least Squares   F-statistic:                     3.831
Date:                Mon, 03 Dec 2018   Prob (F-statistic):             0.0222
Time:                        10:05:11   Log-Likelihood:                -8405.2
No. Observations:                 605   AIC:                         1.682e+04
Df Residuals:                     602   BIC:                         1.683e+04
Df Model:                           2                                         
Covariance Type:            nonrobust                                         
==============================================================================
                 coef    std err          t      P>|t|      [0.025      0.975]
------------------------------------------------------------------------------
const       2.312e+05   1.48e+04     15.594      0.000    2.02e+05     2.6e+05
x1         -1211.3124    647.456     -1.871      0.062   -2482.859      60.235
x2          -301.3946    145.816     -2.067      0.039    -587.764     -15.025
==============================================================================
Omnibus:                      470.710   Durbin-Watson:                   1.879
Prob(Omnibus):                  0.000   Jarque-Bera (JB):            11476.816
Skew:                           3.226   Prob(JB):                         0.00
Kurtosis:                      23.338   Cond. No.                         103.
==============================================================================

Warnings:
[1] Standard Errors assume that the covariance matrix of the errors is correctly specified.



[4, 8]
                            OLS Regression Results                            
==============================================================================
Dep. Variable:                      y   R-squared:                       0.107
Model:                            OLS   Adj. R-squared:                  0.104
Method:                 Least Squares   F-statistic:                     36.16
Date:                Mon, 03 Dec 2018   Prob (F-statistic):           1.48e-15
Time:                        10:05:11   Log-Likelihood:                -8374.7
No. Observations:                 605   AIC:                         1.676e+04
Df Residuals:                     602   BIC:                         1.677e+04
Df Model:                           2                                         
Covariance Type:            nonrobust                                         
==============================================================================
                 coef    std err          t      P>|t|      [0.025      0.975]
------------------------------------------------------------------------------
const       2.497e+05   1.58e+04     15.760      0.000    2.19e+05    2.81e+05
x1          1.035e+05   1.36e+04      7.592      0.000    7.67e+04     1.3e+05
x2         -3.506e+05   4.15e+04     -8.440      0.000   -4.32e+05   -2.69e+05
==============================================================================
Omnibus:                      379.074   Durbin-Watson:                   1.865
Prob(Omnibus):                  0.000   Jarque-Bera (JB):             5320.425
Skew:                           2.538   Prob(JB):                         0.00
Kurtosis:                      16.612   Cond. No.                         9.32
==============================================================================

Warnings:
[1] Standard Errors assume that the covariance matrix of the errors is correctly specified.



[5, 8]
                            OLS Regression Results                            
==============================================================================
Dep. Variable:                      y   R-squared:                       0.114
Model:                            OLS   Adj. R-squared:                  0.111
Method:                 Least Squares   F-statistic:                     38.72
Date:                Mon, 03 Dec 2018   Prob (F-statistic):           1.52e-16
Time:                        10:05:11   Log-Likelihood:                -8372.5
No. Observations:                 605   AIC:                         1.675e+04
Df Residuals:                     602   BIC:                         1.676e+04
Df Model:                           2                                         
Covariance Type:            nonrobust                                         
==============================================================================
                 coef    std err          t      P>|t|      [0.025      0.975]
------------------------------------------------------------------------------
const       8.742e+04   2.64e+04      3.306      0.001    3.55e+04    1.39e+05
x1          9.385e+04   1.19e+04      7.915      0.000    7.06e+04    1.17e+05
x2         -9.746e+04   2.31e+04     -4.226      0.000   -1.43e+05   -5.22e+04
==============================================================================
Omnibus:                      395.929   Durbin-Watson:                   1.843
Prob(Omnibus):                  0.000   Jarque-Bera (JB):             6765.846
Skew:                           2.619   Prob(JB):                         0.00
Kurtosis:                      18.523   Cond. No.                         6.93
==============================================================================

Warnings:
[1] Standard Errors assume that the covariance matrix of the errors is correctly specified.



[8, 11]
                            OLS Regression Results                            
==============================================================================
Dep. Variable:                      y   R-squared:                       0.027
Model:                            OLS   Adj. R-squared:                  0.024
Method:                 Least Squares   F-statistic:                     8.381
Date:                Mon, 03 Dec 2018   Prob (F-statistic):           0.000257
Time:                        10:05:11   Log-Likelihood:                -8400.8
No. Observations:                 605   AIC:                         1.681e+04
Df Residuals:                     602   BIC:                         1.682e+04
Df Model:                           2                                         
Covariance Type:            nonrobust                                         
==============================================================================
                 coef    std err          t      P>|t|      [0.025      0.975]
------------------------------------------------------------------------------
const       2.568e+05   1.65e+04     15.529      0.000    2.24e+05    2.89e+05
x1         -8.566e+04   2.42e+04     -3.541      0.000   -1.33e+05   -3.82e+04
x2          -262.9318    145.051     -1.813      0.070    -547.800      21.936
==============================================================================
Omnibus:                      476.606   Durbin-Watson:                   1.852
Prob(Omnibus):                  0.000   Jarque-Bera (JB):            12345.895
Skew:                           3.263   Prob(JB):                         0.00
Kurtosis:                      24.147   Cond. No.                         194.
==============================================================================

Warnings:
[1] Standard Errors assume that the covariance matrix of the errors is correctly specified.



[1, 3, 11]
                            OLS Regression Results                            
==============================================================================
Dep. Variable:                      y   R-squared:                       0.053
Model:                            OLS   Adj. R-squared:                  0.048
Method:                 Least Squares   F-statistic:                     11.17
Date:                Mon, 03 Dec 2018   Prob (F-statistic):           3.82e-07
Time:                        10:05:11   Log-Likelihood:                -8392.6
No. Observations:                 605   AIC:                         1.679e+04
Df Residuals:                     601   BIC:                         1.681e+04
Df Model:                           3                                         
Covariance Type:            nonrobust                                         
==============================================================================
                 coef    std err          t      P>|t|      [0.025      0.975]
------------------------------------------------------------------------------
const       1.646e+05   1.96e+04      8.388      0.000    1.26e+05    2.03e+05
x1          6156.9763   1218.080      5.055      0.000    3764.766    8549.187
x2         -1368.8461    635.410     -2.154      0.032   -2616.739    -120.953
x3          -264.3012    143.119     -1.847      0.065    -545.375      16.772
==============================================================================
Omnibus:                      473.395   Durbin-Watson:                   1.915
Prob(Omnibus):                  0.000   Jarque-Bera (JB):            12516.743
Skew:                           3.219   Prob(JB):                         0.00
Kurtosis:                      24.332   Cond. No.                         139.
==============================================================================

Warnings:
[1] Standard Errors assume that the covariance matrix of the errors is correctly specified.



[1, 4, 8]
                            OLS Regression Results                            
==============================================================================
Dep. Variable:                      y   R-squared:                       0.137
Model:                            OLS   Adj. R-squared:                  0.133
Method:                 Least Squares   F-statistic:                     31.86
Date:                Mon, 03 Dec 2018   Prob (F-statistic):           4.04e-19
Time:                        10:05:11   Log-Likelihood:                -8364.4
No. Observations:                 605   AIC:                         1.674e+04
Df Residuals:                     601   BIC:                         1.675e+04
Df Model:                           3                                         
Covariance Type:            nonrobust                                         
==============================================================================
                 coef    std err          t      P>|t|      [0.025      0.975]
------------------------------------------------------------------------------
const       1.986e+05   1.92e+04     10.351      0.000    1.61e+05    2.36e+05
x1          5483.4078   1200.442      4.568      0.000    3125.837    7840.979
x2          9.088e+04   1.37e+04      6.639      0.000     6.4e+04    1.18e+05
x3         -3.366e+05    4.1e+04     -8.212      0.000   -4.17e+05   -2.56e+05
==============================================================================
Omnibus:                      391.066   Durbin-Watson:                   1.896
Prob(Omnibus):                  0.000   Jarque-Bera (JB):             6391.690
Skew:                           2.590   Prob(JB):                         0.00
Kurtosis:                      18.057   Cond. No.                         61.4
==============================================================================

Warnings:
[1] Standard Errors assume that the covariance matrix of the errors is correctly specified.



[1, 5, 8]
                            OLS Regression Results                            
==============================================================================
Dep. Variable:                      y   R-squared:                       0.134
Model:                            OLS   Adj. R-squared:                  0.130
Method:                 Least Squares   F-statistic:                     31.03
Date:                Mon, 03 Dec 2018   Prob (F-statistic):           1.16e-18
Time:                        10:05:11   Log-Likelihood:                -8365.5
No. Observations:                 605   AIC:                         1.674e+04
Df Residuals:                     601   BIC:                         1.676e+04
Df Model:                           3                                         
Covariance Type:            nonrobust                                         
==============================================================================
                 coef    std err          t      P>|t|      [0.025      0.975]
------------------------------------------------------------------------------
const       6.905e+04   2.66e+04      2.594      0.010    1.68e+04    1.21e+05
x1          4629.0900   1237.840      3.740      0.000    2198.072    7060.108
x2          7.969e+04   1.23e+04      6.464      0.000    5.55e+04    1.04e+05
x3         -1.112e+05   2.31e+04     -4.811      0.000   -1.57e+05   -6.58e+04
==============================================================================
Omnibus:                      416.801   Durbin-Watson:                   1.874
Prob(Omnibus):                  0.000   Jarque-Bera (JB):             8413.374
Skew:                           2.754   Prob(JB):                         0.00
Kurtosis:                      20.419   Cond. No.                         43.1
==============================================================================

Warnings:
[1] Standard Errors assume that the covariance matrix of the errors is correctly specified.



[3, 4, 11]
                            OLS Regression Results                            
==============================================================================
Dep. Variable:                      y   R-squared:                       0.017
Model:                            OLS   Adj. R-squared:                  0.012
Method:                 Least Squares   F-statistic:                     3.470
Date:                Mon, 03 Dec 2018   Prob (F-statistic):             0.0160
Time:                        10:05:12   Log-Likelihood:                -8403.9
No. Observations:                 605   AIC:                         1.682e+04
Df Residuals:                     601   BIC:                         1.683e+04
Df Model:                           3                                         
Covariance Type:            nonrobust                                         
==============================================================================
                 coef    std err          t      P>|t|      [0.025      0.975]
------------------------------------------------------------------------------
const       2.174e+05    1.7e+04     12.775      0.000    1.84e+05    2.51e+05
x1         -1543.1432    677.041     -2.279      0.023   -2872.798    -213.489
x2          1.378e+04   8342.823      1.651      0.099   -2608.661    3.02e+04
x3          -306.0651    145.635     -2.102      0.036    -592.079     -20.051
==============================================================================
Omnibus:                      454.940   Durbin-Watson:                   1.890
Prob(Omnibus):                  0.000   Jarque-Bera (JB):             9908.230
Skew:                           3.108   Prob(JB):                         0.00
Kurtosis:                      21.826   Cond. No.                         122.
==============================================================================

Warnings:
[1] Standard Errors assume that the covariance matrix of the errors is correctly specified.



[4, 5, 8]
                            OLS Regression Results                            
==============================================================================
Dep. Variable:                      y   R-squared:                       0.140
Model:                            OLS   Adj. R-squared:                  0.136
Method:                 Least Squares   F-statistic:                     32.73
Date:                Mon, 03 Dec 2018   Prob (F-statistic):           1.32e-19
Time:                        10:05:12   Log-Likelihood:                -8363.3
No. Observations:                 605   AIC:                         1.673e+04
Df Residuals:                     601   BIC:                         1.675e+04
Df Model:                           3                                         
Covariance Type:            nonrobust                                         
==============================================================================
                 coef    std err          t      P>|t|      [0.025      0.975]
------------------------------------------------------------------------------
const       1.355e+05   2.84e+04      4.777      0.000    7.98e+04    1.91e+05
x1          6.641e+04   1.54e+04      4.302      0.000    3.61e+04    9.67e+04
x2          6.495e+04   1.35e+04      4.818      0.000    3.85e+04    9.14e+04
x3         -2.629e+05   4.47e+04     -5.885      0.000   -3.51e+05   -1.75e+05
==============================================================================
Omnibus:                      354.505   Durbin-Watson:                   1.858
Prob(Omnibus):                  0.000   Jarque-Bera (JB):             4560.664
Skew:                           2.344   Prob(JB):                         0.00
Kurtosis:                      15.607   Cond. No.                         14.3
==============================================================================

Warnings:
[1] Standard Errors assume that the covariance matrix of the errors is correctly specified.



[0, 1, 4, 5]
                            OLS Regression Results                            
==============================================================================
Dep. Variable:                      y   R-squared:                       0.178
Model:                            OLS   Adj. R-squared:                  0.173
Method:                 Least Squares   F-statistic:                     32.52
Date:                Mon, 03 Dec 2018   Prob (F-statistic):           1.49e-24
Time:                        10:05:12   Log-Likelihood:                -8349.7
No. Observations:                 605   AIC:                         1.671e+04
Df Residuals:                     600   BIC:                         1.673e+04
Df Model:                           4                                         
Covariance Type:            nonrobust                                         
==============================================================================
                 coef    std err          t      P>|t|      [0.025      0.975]
------------------------------------------------------------------------------
const      -4.785e+04   2.63e+04     -1.822      0.069   -9.94e+04    3724.212
x1          7.074e+04   9793.466      7.224      0.000    5.15e+04       9e+04
x2          2941.7349   1219.007      2.413      0.016     547.696    5335.774
x3         -1.919e+04   7806.464     -2.459      0.014   -3.45e+04   -3863.544
x4          2.804e+04   1.49e+04      1.887      0.060   -1140.417    5.72e+04
==============================================================================
Omnibus:                      407.729   Durbin-Watson:                   1.906
Prob(Omnibus):                  0.000   Jarque-Bera (JB):             8114.594
Skew:                           2.671   Prob(JB):                         0.00
Kurtosis:                      20.128   Cond. No.                         40.2
==============================================================================

Warnings:
[1] Standard Errors assume that the covariance matrix of the errors is correctly specified.



[1, 4, 5, 8]
                            OLS Regression Results                            
==============================================================================
Dep. Variable:                      y   R-squared:                       0.158
Model:                            OLS   Adj. R-squared:                  0.152
Method:                 Least Squares   F-statistic:                     28.16
Date:                Mon, 03 Dec 2018   Prob (F-statistic):           1.87e-21
Time:                        10:05:14   Log-Likelihood:                -8357.0
No. Observations:                 605   AIC:                         1.672e+04
Df Residuals:                     600   BIC:                         1.675e+04
Df Model:                           4                                         
Covariance Type:            nonrobust                                         
==============================================================================
                 coef    std err          t      P>|t|      [0.025      0.975]
------------------------------------------------------------------------------
const        1.16e+05   2.86e+04      4.052      0.000    5.98e+04    1.72e+05
x1          4334.1300   1223.726      3.542      0.000    1930.823    6737.437
x2          6.324e+04   1.53e+04      4.129      0.000    3.32e+04    9.33e+04
x3          5.307e+04   1.38e+04      3.854      0.000     2.6e+04    8.01e+04
x4         -2.679e+05   4.43e+04     -6.050      0.000   -3.55e+05   -1.81e+05
==============================================================================
Omnibus:                      371.894   Durbin-Watson:                   1.887
Prob(Omnibus):                  0.000   Jarque-Bera (JB):             5600.035
Skew:                           2.442   Prob(JB):                         0.00
Kurtosis:                      17.082   Cond. No.                         72.1
==============================================================================

Warnings:
[1] Standard Errors assume that the covariance matrix of the errors is correctly specified.



