[0, 8]
                            OLS Regression Results                            
==============================================================================
Dep. Variable:                      y   R-squared:                       0.196
Model:                            OLS   Adj. R-squared:                  0.194
Method:                 Least Squares   F-statistic:                     103.7
Date:                Mon, 03 Dec 2018   Prob (F-statistic):           5.11e-41
Time:                        10:03:18   Log-Likelihood:                -11578.
No. Observations:                 855   AIC:                         2.316e+04
Df Residuals:                     852   BIC:                         2.318e+04
Df Model:                           2                                         
Covariance Type:            nonrobust                                         
==============================================================================
                 coef    std err          t      P>|t|      [0.025      0.975]
------------------------------------------------------------------------------
const       4.453e+04   1.68e+04      2.646      0.008    1.15e+04    7.76e+04
x1          4.765e+04   3818.801     12.479      0.000    4.02e+04    5.51e+04
x2         -6.771e+04   1.44e+04     -4.696      0.000    -9.6e+04   -3.94e+04
==============================================================================
Omnibus:                      358.142   Durbin-Watson:                   1.922
Prob(Omnibus):                  0.000   Jarque-Bera (JB):             1768.749
Skew:                           1.889   Prob(JB):                         0.00
Kurtosis:                       8.948   Cond. No.                         11.7
==============================================================================

Warnings:
[1] Standard Errors assume that the covariance matrix of the errors is correctly specified.



[1, 3]
                            OLS Regression Results                            
==============================================================================
Dep. Variable:                      y   R-squared:                       0.061
Model:                            OLS   Adj. R-squared:                  0.058
Method:                 Least Squares   F-statistic:                     27.50
Date:                Mon, 03 Dec 2018   Prob (F-statistic):           2.68e-12
Time:                        10:03:18   Log-Likelihood:                -11644.
No. Observations:                 855   AIC:                         2.329e+04
Df Residuals:                     852   BIC:                         2.331e+04
Df Model:                           2                                         
Covariance Type:            nonrobust                                         
==============================================================================
                 coef    std err          t      P>|t|      [0.025      0.975]
------------------------------------------------------------------------------
const       1.195e+05   1.26e+04      9.513      0.000    9.49e+04    1.44e+05
x1          4619.3654    696.242      6.635      0.000    3252.814    5985.916
x2         -1077.5677    361.032     -2.985      0.003   -1786.183    -368.952
==============================================================================
Omnibus:                      457.726   Durbin-Watson:                   1.922
Prob(Omnibus):                  0.000   Jarque-Bera (JB):             3545.196
Skew:                           2.339   Prob(JB):                         0.00
Kurtosis:                      11.811   Cond. No.                         50.6
==============================================================================

Warnings:
[1] Standard Errors assume that the covariance matrix of the errors is correctly specified.



[1, 8]
                            OLS Regression Results                            
==============================================================================
Dep. Variable:                      y   R-squared:                       0.109
Model:                            OLS   Adj. R-squared:                  0.107
Method:                 Least Squares   F-statistic:                     52.01
Date:                Mon, 03 Dec 2018   Prob (F-statistic):           4.86e-22
Time:                        10:03:18   Log-Likelihood:                -11622.
No. Observations:                 855   AIC:                         2.325e+04
Df Residuals:                     852   BIC:                         2.326e+04
Df Model:                           2                                         
Covariance Type:            nonrobust                                         
==============================================================================
                 coef    std err          t      P>|t|      [0.025      0.975]
------------------------------------------------------------------------------
const       1.574e+05   1.29e+04     12.192      0.000    1.32e+05    1.83e+05
x1          5153.8208    679.833      7.581      0.000    3819.477    6488.165
x2         -1.114e+05    1.5e+04     -7.447      0.000   -1.41e+05    -8.2e+04
==============================================================================
Omnibus:                      458.208   Durbin-Watson:                   1.902
Prob(Omnibus):                  0.000   Jarque-Bera (JB):             3629.543
Skew:                           2.332   Prob(JB):                         0.00
Kurtosis:                      11.951   Cond. No.                         40.7
==============================================================================

Warnings:
[1] Standard Errors assume that the covariance matrix of the errors is correctly specified.



[1, 11]
                            OLS Regression Results                            
==============================================================================
Dep. Variable:                      y   R-squared:                       0.058
Model:                            OLS   Adj. R-squared:                  0.056
Method:                 Least Squares   F-statistic:                     26.35
Date:                Mon, 03 Dec 2018   Prob (F-statistic):           7.88e-12
Time:                        10:03:18   Log-Likelihood:                -11645.
No. Observations:                 855   AIC:                         2.330e+04
Df Residuals:                     852   BIC:                         2.331e+04
Df Model:                           2                                         
Covariance Type:            nonrobust                                         
==============================================================================
                 coef    std err          t      P>|t|      [0.025      0.975]
------------------------------------------------------------------------------
const       1.073e+05    1.1e+04      9.741      0.000    8.57e+04    1.29e+05
x1          4439.9741    704.658      6.301      0.000    3056.904    5823.044
x2          -169.4039     65.293     -2.595      0.010    -297.557     -41.251
==============================================================================
Omnibus:                      447.964   Durbin-Watson:                   1.906
Prob(Omnibus):                  0.000   Jarque-Bera (JB):             3258.499
Skew:                           2.301   Prob(JB):                         0.00
Kurtosis:                      11.384   Cond. No.                         177.
==============================================================================

Warnings:
[1] Standard Errors assume that the covariance matrix of the errors is correctly specified.



[3, 4]
                            OLS Regression Results                            
==============================================================================
Dep. Variable:                      y   R-squared:                       0.016
Model:                            OLS   Adj. R-squared:                  0.013
Method:                 Least Squares   F-statistic:                     6.744
Date:                Mon, 03 Dec 2018   Prob (F-statistic):            0.00124
Time:                        10:03:18   Log-Likelihood:                -11664.
No. Observations:                 855   AIC:                         2.333e+04
Df Residuals:                     852   BIC:                         2.335e+04
Df Model:                           2                                         
Covariance Type:            nonrobust                                         
==============================================================================
                 coef    std err          t      P>|t|      [0.025      0.975]
------------------------------------------------------------------------------
const       1.659e+05   1.09e+04     15.158      0.000    1.44e+05    1.87e+05
x1         -1391.8151    386.221     -3.604      0.000   -2149.871    -633.759
x2          7832.7604   4509.775      1.737      0.083   -1018.811    1.67e+04
==============================================================================
Omnibus:                      446.578   Durbin-Watson:                   1.909
Prob(Omnibus):                  0.000   Jarque-Bera (JB):             3026.465
Skew:                           2.324   Prob(JB):                         0.00
Kurtosis:                      10.959   Cond. No.                         41.8
==============================================================================

Warnings:
[1] Standard Errors assume that the covariance matrix of the errors is correctly specified.



[3, 5]
                            OLS Regression Results                            
==============================================================================
Dep. Variable:                      y   R-squared:                       0.100
Model:                            OLS   Adj. R-squared:                  0.098
Method:                 Least Squares   F-statistic:                     47.28
Date:                Mon, 03 Dec 2018   Prob (F-statistic):           3.39e-20
Time:                        10:03:18   Log-Likelihood:                -11626.
No. Observations:                 855   AIC:                         2.326e+04
Df Residuals:                     852   BIC:                         2.327e+04
Df Model:                           2                                         
Covariance Type:            nonrobust                                         
==============================================================================
                 coef    std err          t      P>|t|      [0.025      0.975]
------------------------------------------------------------------------------
const       5.233e+04   1.63e+04      3.212      0.001    2.03e+04    8.43e+04
x1         -1051.0405    353.336     -2.975      0.003   -1744.552    -357.529
x2          6.938e+04   7610.776      9.116      0.000    5.44e+04    8.43e+04
==============================================================================
Omnibus:                      372.988   Durbin-Watson:                   1.875
Prob(Omnibus):                  0.000   Jarque-Bera (JB):             1927.591
Skew:                           1.963   Prob(JB):                         0.00
Kurtosis:                       9.220   Cond. No.                         68.5
==============================================================================

Warnings:
[1] Standard Errors assume that the covariance matrix of the errors is correctly specified.



[3, 11]
                            OLS Regression Results                            
==============================================================================
Dep. Variable:                      y   R-squared:                       0.025
Model:                            OLS   Adj. R-squared:                  0.023
Method:                 Least Squares   F-statistic:                     11.02
Date:                Mon, 03 Dec 2018   Prob (F-statistic):           1.89e-05
Time:                        10:03:18   Log-Likelihood:                -11660.
No. Observations:                 855   AIC:                         2.333e+04
Df Residuals:                     852   BIC:                         2.334e+04
Df Model:                           2                                         
Covariance Type:            nonrobust                                         
==============================================================================
                 coef    std err          t      P>|t|      [0.025      0.975]
------------------------------------------------------------------------------
const       1.804e+05   9680.238     18.641      0.000    1.61e+05    1.99e+05
x1         -1132.3818    367.795     -3.079      0.002   -1854.272    -410.491
x2          -222.5065     65.721     -3.386      0.001    -351.501     -93.512
==============================================================================
Omnibus:                      469.689   Durbin-Watson:                   1.907
Prob(Omnibus):                  0.000   Jarque-Bera (JB):             3622.617
Skew:                           2.422   Prob(JB):                         0.00
Kurtosis:                      11.845   Cond. No.                         153.
==============================================================================

Warnings:
[1] Standard Errors assume that the covariance matrix of the errors is correctly specified.



[4, 5]
                            OLS Regression Results                            
==============================================================================
Dep. Variable:                      y   R-squared:                       0.096
Model:                            OLS   Adj. R-squared:                  0.094
Method:                 Least Squares   F-statistic:                     45.23
Date:                Mon, 03 Dec 2018   Prob (F-statistic):           2.15e-19
Time:                        10:03:18   Log-Likelihood:                -11628.
No. Observations:                 855   AIC:                         2.326e+04
Df Residuals:                     852   BIC:                         2.328e+04
Df Model:                           2                                         
Covariance Type:            nonrobust                                         
==============================================================================
                 coef    std err          t      P>|t|      [0.025      0.975]
------------------------------------------------------------------------------
const        3.79e+04    1.5e+04      2.520      0.012    8385.182    6.74e+04
x1         -9842.1113   4348.795     -2.263      0.024   -1.84e+04   -1306.505
x2          7.607e+04   8022.141      9.482      0.000    6.03e+04    9.18e+04
==============================================================================
Omnibus:                      380.699   Durbin-Watson:                   1.841
Prob(Omnibus):                  0.000   Jarque-Bera (JB):             2056.267
Skew:                           1.993   Prob(JB):                         0.00
Kurtosis:                       9.468   Cond. No.                         7.18
==============================================================================

Warnings:
[1] Standard Errors assume that the covariance matrix of the errors is correctly specified.



[4, 8]
                            OLS Regression Results                            
==============================================================================
Dep. Variable:                      y   R-squared:                       0.129
Model:                            OLS   Adj. R-squared:                  0.127
Method:                 Least Squares   F-statistic:                     62.93
Date:                Mon, 03 Dec 2018   Prob (F-statistic):           3.23e-26
Time:                        10:03:18   Log-Likelihood:                -11612.
No. Observations:                 855   AIC:                         2.323e+04
Df Residuals:                     852   BIC:                         2.324e+04
Df Model:                           2                                         
Covariance Type:            nonrobust                                         
==============================================================================
                 coef    std err          t      P>|t|      [0.025      0.975]
------------------------------------------------------------------------------
const       2.072e+05   1.06e+04     19.466      0.000    1.86e+05    2.28e+05
x1           5.38e+04   6082.909      8.845      0.000    4.19e+04    6.57e+04
x2         -2.475e+05   2.21e+04    -11.193      0.000   -2.91e+05   -2.04e+05
==============================================================================
Omnibus:                      365.907   Durbin-Watson:                   1.908
Prob(Omnibus):                  0.000   Jarque-Bera (JB):             1787.026
Skew:                           1.943   Prob(JB):                         0.00
Kurtosis:                       8.921   Cond. No.                         8.82
==============================================================================

Warnings:
[1] Standard Errors assume that the covariance matrix of the errors is correctly specified.



[5, 8]
                            OLS Regression Results                            
==============================================================================
Dep. Variable:                      y   R-squared:                       0.134
Model:                            OLS   Adj. R-squared:                  0.132
Method:                 Least Squares   F-statistic:                     65.76
Date:                Mon, 03 Dec 2018   Prob (F-statistic):           2.76e-27
Time:                        10:03:18   Log-Likelihood:                -11610.
No. Observations:                 855   AIC:                         2.323e+04
Df Residuals:                     852   BIC:                         2.324e+04
Df Model:                           2                                         
Covariance Type:            nonrobust                                         
==============================================================================
                 coef    std err          t      P>|t|      [0.025      0.975]
------------------------------------------------------------------------------
const        8.99e+04    1.7e+04      5.287      0.000    5.65e+04    1.23e+05
x1          6.827e+04   7465.973      9.145      0.000    5.36e+04    8.29e+04
x2         -9.587e+04   1.47e+04     -6.517      0.000   -1.25e+05    -6.7e+04
==============================================================================
Omnibus:                      362.415   Durbin-Watson:                   1.850
Prob(Omnibus):                  0.000   Jarque-Bera (JB):             1802.230
Skew:                           1.913   Prob(JB):                         0.00
Kurtosis:                       8.996   Cond. No.                         6.83
==============================================================================

Warnings:
[1] Standard Errors assume that the covariance matrix of the errors is correctly specified.



[5, 11]
                            OLS Regression Results                            
==============================================================================
Dep. Variable:                      y   R-squared:                       0.094
Model:                            OLS   Adj. R-squared:                  0.092
Method:                 Least Squares   F-statistic:                     44.40
Date:                Mon, 03 Dec 2018   Prob (F-statistic):           4.54e-19
Time:                        10:03:18   Log-Likelihood:                -11629.
No. Observations:                 855   AIC:                         2.326e+04
Df Residuals:                     852   BIC:                         2.328e+04
Df Model:                           2                                         
Covariance Type:            nonrobust                                         
==============================================================================
                 coef    std err          t      P>|t|      [0.025      0.975]
------------------------------------------------------------------------------
const       4.043e+04   1.55e+04      2.611      0.009       1e+04    7.08e+04
x1          6.748e+04   7777.584      8.677      0.000    5.22e+04    8.27e+04
x2          -122.7688     64.522     -1.903      0.057    -249.409       3.871
==============================================================================
Omnibus:                      369.444   Durbin-Watson:                   1.857
Prob(Omnibus):                  0.000   Jarque-Bera (JB):             1872.363
Skew:                           1.949   Prob(JB):                         0.00
Kurtosis:                       9.112   Cond. No.                         279.
==============================================================================

Warnings:
[1] Standard Errors assume that the covariance matrix of the errors is correctly specified.



[8, 11]
                            OLS Regression Results                            
==============================================================================
Dep. Variable:                      y   R-squared:                       0.057
Model:                            OLS   Adj. R-squared:                  0.055
Method:                 Least Squares   F-statistic:                     25.87
Date:                Mon, 03 Dec 2018   Prob (F-statistic):           1.24e-11
Time:                        10:03:18   Log-Likelihood:                -11646.
No. Observations:                 855   AIC:                         2.330e+04
Df Residuals:                     852   BIC:                         2.331e+04
Df Model:                           2                                         
Covariance Type:            nonrobust                                         
==============================================================================
                 coef    std err          t      P>|t|      [0.025      0.975]
------------------------------------------------------------------------------
const       2.136e+05   1.11e+04     19.269      0.000    1.92e+05    2.35e+05
x1         -9.622e+04   1.55e+04     -6.225      0.000   -1.27e+05   -6.59e+04
x2          -180.8673     65.085     -2.779      0.006    -308.613     -53.122
==============================================================================
Omnibus:                      463.163   Durbin-Watson:                   1.878
Prob(Omnibus):                  0.000   Jarque-Bera (JB):             3514.719
Skew:                           2.385   Prob(JB):                         0.00
Kurtosis:                      11.713   Cond. No.                         290.
==============================================================================

Warnings:
[1] Standard Errors assume that the covariance matrix of the errors is correctly specified.



[0, 1, 8]
                            OLS Regression Results                            
==============================================================================
Dep. Variable:                      y   R-squared:                       0.211
Model:                            OLS   Adj. R-squared:                  0.208
Method:                 Least Squares   F-statistic:                     75.98
Date:                Mon, 03 Dec 2018   Prob (F-statistic):           1.50e-43
Time:                        10:03:18   Log-Likelihood:                -11570.
No. Observations:                 855   AIC:                         2.315e+04
Df Residuals:                     851   BIC:                         2.317e+04
Df Model:                           3                                         
Covariance Type:            nonrobust                                         
==============================================================================
                 coef    std err          t      P>|t|      [0.025      0.975]
------------------------------------------------------------------------------
const       3.449e+04   1.69e+04      2.046      0.041    1400.170    6.76e+04
x1          4.218e+04   4012.241     10.514      0.000    3.43e+04    5.01e+04
x2          2781.2329    678.558      4.099      0.000    1449.389    4113.077
x3         -7.685e+04   1.45e+04     -5.314      0.000   -1.05e+05   -4.85e+04
==============================================================================
Omnibus:                      364.492   Durbin-Watson:                   1.940
Prob(Omnibus):                  0.000   Jarque-Bera (JB):             1907.619
Skew:                           1.904   Prob(JB):                         0.00
Kurtosis:                       9.249   Cond. No.                         49.3
==============================================================================

Warnings:
[1] Standard Errors assume that the covariance matrix of the errors is correctly specified.



[0, 5, 8]
                            OLS Regression Results                            
==============================================================================
Dep. Variable:                      y   R-squared:                       0.199
Model:                            OLS   Adj. R-squared:                  0.196
Method:                 Least Squares   F-statistic:                     70.30
Date:                Mon, 03 Dec 2018   Prob (F-statistic):           1.28e-40
Time:                        10:03:19   Log-Likelihood:                -11577.
No. Observations:                 855   AIC:                         2.316e+04
Df Residuals:                     851   BIC:                         2.318e+04
Df Model:                           3                                         
Covariance Type:            nonrobust                                         
==============================================================================
                 coef    std err          t      P>|t|      [0.025      0.975]
------------------------------------------------------------------------------
const       3.513e+04   1.76e+04      1.991      0.047     498.034    6.98e+04
x1          4.186e+04   5043.877      8.300      0.000     3.2e+04    5.18e+04
x2          1.667e+04   9501.796      1.755      0.080   -1978.313    3.53e+04
x3         -7.042e+04   1.45e+04     -4.861      0.000   -9.88e+04    -4.2e+04
==============================================================================
Omnibus:                      351.649   Durbin-Watson:                   1.912
Prob(Omnibus):                  0.000   Jarque-Bera (JB):             1710.049
Skew:                           1.855   Prob(JB):                         0.00
Kurtosis:                       8.851   Cond. No.                         13.3
==============================================================================

Warnings:
[1] Standard Errors assume that the covariance matrix of the errors is correctly specified.



[1, 3, 5]
                            OLS Regression Results                            
==============================================================================
Dep. Variable:                      y   R-squared:                       0.114
Model:                            OLS   Adj. R-squared:                  0.110
Method:                 Least Squares   F-statistic:                     36.33
Date:                Mon, 03 Dec 2018   Prob (F-statistic):           4.25e-22
Time:                        10:03:19   Log-Likelihood:                -11620.
No. Observations:                 855   AIC:                         2.325e+04
Df Residuals:                     851   BIC:                         2.327e+04
Df Model:                           3                                         
Covariance Type:            nonrobust                                         
==============================================================================
                 coef    std err          t      P>|t|      [0.025      0.975]
------------------------------------------------------------------------------
const       4.031e+04   1.65e+04      2.441      0.015    7894.044    7.27e+04
x1          2646.4307    731.187      3.619      0.000    1211.289    4081.573
x2         -1007.1609    351.063     -2.869      0.004   -1696.212    -318.110
x3          5.819e+04   8165.206      7.126      0.000    4.22e+04    7.42e+04
==============================================================================
Omnibus:                      382.857   Durbin-Watson:                   1.895
Prob(Omnibus):                  0.000   Jarque-Bera (JB):             2124.553
Skew:                           1.995   Prob(JB):                         0.00
Kurtosis:                       9.612   Cond. No.                         72.6
==============================================================================

Warnings:
[1] Standard Errors assume that the covariance matrix of the errors is correctly specified.



[1, 3, 11]
                            OLS Regression Results                            
==============================================================================
Dep. Variable:                      y   R-squared:                       0.067
Model:                            OLS   Adj. R-squared:                  0.064
Method:                 Least Squares   F-statistic:                     20.49
Date:                Mon, 03 Dec 2018   Prob (F-statistic):           7.94e-13
Time:                        10:03:19   Log-Likelihood:                -11641.
No. Observations:                 855   AIC:                         2.329e+04
Df Residuals:                     851   BIC:                         2.331e+04
Df Model:                           3                                         
Covariance Type:            nonrobust                                         
==============================================================================
                 coef    std err          t      P>|t|      [0.025      0.975]
------------------------------------------------------------------------------
const       1.266e+05   1.28e+04      9.854      0.000    1.01e+05    1.52e+05
x1          4355.4721    702.262      6.202      0.000    2977.103    5733.842
x2         -1039.1642    360.279     -2.884      0.004   -1746.304    -332.024
x3          -161.3340     65.074     -2.479      0.013    -289.059     -33.609
==============================================================================
Omnibus:                      458.489   Durbin-Watson:                   1.928
Prob(Omnibus):                  0.000   Jarque-Bera (JB):             3564.439
Skew:                           2.342   Prob(JB):                         0.00
Kurtosis:                      11.838   Cond. No.                         208.
==============================================================================

Warnings:
[1] Standard Errors assume that the covariance matrix of the errors is correctly specified.



[1, 4, 5]
                            OLS Regression Results                            
==============================================================================
Dep. Variable:                      y   R-squared:                       0.112
Model:                            OLS   Adj. R-squared:                  0.109
Method:                 Least Squares   F-statistic:                     35.76
Date:                Mon, 03 Dec 2018   Prob (F-statistic):           8.98e-22
Time:                        10:03:19   Log-Likelihood:                -11620.
No. Observations:                 855   AIC:                         2.325e+04
Df Residuals:                     851   BIC:                         2.327e+04
Df Model:                           3                                         
Covariance Type:            nonrobust                                         
==============================================================================
                 coef    std err          t      P>|t|      [0.025      0.975]
------------------------------------------------------------------------------
const       2.663e+04   1.52e+04      1.753      0.080   -3178.051    5.64e+04
x1          2872.0695    733.787      3.914      0.000    1431.826    4312.313
x2         -1.121e+04   4326.782     -2.590      0.010   -1.97e+04   -2714.724
x3          6.466e+04   8472.116      7.633      0.000     4.8e+04    8.13e+04
==============================================================================
Omnibus:                      397.959   Durbin-Watson:                   1.862
Prob(Omnibus):                  0.000   Jarque-Bera (JB):             2406.702
Skew:                           2.054   Prob(JB):                         0.00
Kurtosis:                      10.119   Cond. No.                         37.8
==============================================================================

Warnings:
[1] Standard Errors assume that the covariance matrix of the errors is correctly specified.



[1, 4, 8]
                            OLS Regression Results                            
==============================================================================
Dep. Variable:                      y   R-squared:                       0.167
Model:                            OLS   Adj. R-squared:                  0.164
Method:                 Least Squares   F-statistic:                     56.78
Date:                Mon, 03 Dec 2018   Prob (F-statistic):           1.84e-33
Time:                        10:03:19   Log-Likelihood:                -11593.
No. Observations:                 855   AIC:                         2.319e+04
Df Residuals:                     851   BIC:                         2.321e+04
Df Model:                           3                                         
Covariance Type:            nonrobust                                         
==============================================================================
                 coef    std err          t      P>|t|      [0.025      0.975]
------------------------------------------------------------------------------
const       1.639e+05   1.25e+04     13.095      0.000    1.39e+05    1.88e+05
x1          4176.8256    669.886      6.235      0.000    2862.003    5491.649
x2          4.664e+04   6061.953      7.694      0.000    3.47e+04    5.85e+04
x3         -2.359e+05   2.17e+04    -10.866      0.000   -2.79e+05   -1.93e+05
==============================================================================
Omnibus:                      357.065   Durbin-Watson:                   1.940
Prob(Omnibus):                  0.000   Jarque-Bera (JB):             1749.378
Skew:                           1.886   Prob(JB):                         0.00
Kurtosis:                       8.906   Cond. No.                         54.8
==============================================================================

Warnings:
[1] Standard Errors assume that the covariance matrix of the errors is correctly specified.



[1, 5, 8]
                            OLS Regression Results                            
==============================================================================
Dep. Variable:                      y   R-squared:                       0.154
Model:                            OLS   Adj. R-squared:                  0.151
Method:                 Least Squares   F-statistic:                     51.81
Date:                Mon, 03 Dec 2018   Prob (F-statistic):           9.23e-31
Time:                        10:03:19   Log-Likelihood:                -11599.
No. Observations:                 855   AIC:                         2.321e+04
Df Residuals:                     851   BIC:                         2.323e+04
Df Model:                           3                                         
Covariance Type:            nonrobust                                         
==============================================================================
                 coef    std err          t      P>|t|      [0.025      0.975]
------------------------------------------------------------------------------
const       8.054e+04   1.69e+04      4.756      0.000    4.73e+04    1.14e+05
x1          3278.2387    718.083      4.565      0.000    1868.817    4687.660
x2           5.42e+04   7998.633      6.776      0.000    3.85e+04    6.99e+04
x3         -1.032e+05   1.46e+04     -7.056      0.000   -1.32e+05   -7.45e+04
==============================================================================
Omnibus:                      379.909   Durbin-Watson:                   1.879
Prob(Omnibus):                  0.000   Jarque-Bera (JB):             2110.685
Skew:                           1.976   Prob(JB):                         0.00
Kurtosis:                       9.606   Cond. No.                         47.2
==============================================================================

Warnings:
[1] Standard Errors assume that the covariance matrix of the errors is correctly specified.



[3, 4, 11]
                            OLS Regression Results                            
==============================================================================
Dep. Variable:                      y   R-squared:                       0.029
Model:                            OLS   Adj. R-squared:                  0.025
Method:                 Least Squares   F-statistic:                     8.432
Date:                Mon, 03 Dec 2018   Prob (F-statistic):           1.59e-05
Time:                        10:03:19   Log-Likelihood:                -11659.
No. Observations:                 855   AIC:                         2.333e+04
Df Residuals:                     851   BIC:                         2.334e+04
Df Model:                           3                                         
Covariance Type:            nonrobust                                         
==============================================================================
                 coef    std err          t      P>|t|      [0.025      0.975]
------------------------------------------------------------------------------
const       1.711e+05    1.1e+04     15.578      0.000     1.5e+05    1.93e+05
x1         -1333.9397    384.206     -3.472      0.001   -2088.043    -579.836
x2          8019.7478   4482.214      1.789      0.074    -777.743    1.68e+04
x3          -223.9427     65.642     -3.412      0.001    -352.781     -95.104
==============================================================================
Omnibus:                      446.768   Durbin-Watson:                   1.919
Prob(Omnibus):                  0.000   Jarque-Bera (JB):             3042.875
Skew:                           2.323   Prob(JB):                         0.00
Kurtosis:                      10.989   Cond. No.                         178.
==============================================================================

Warnings:
[1] Standard Errors assume that the covariance matrix of the errors is correctly specified.



[3, 5, 11]
                            OLS Regression Results                            
==============================================================================
Dep. Variable:                      y   R-squared:                       0.103
Model:                            OLS   Adj. R-squared:                  0.100
Method:                 Least Squares   F-statistic:                     32.66
Date:                Mon, 03 Dec 2018   Prob (F-statistic):           5.48e-20
Time:                        10:03:19   Log-Likelihood:                -11625.
No. Observations:                 855   AIC:                         2.326e+04
Df Residuals:                     851   BIC:                         2.328e+04
Df Model:                           3                                         
Covariance Type:            nonrobust                                         
==============================================================================
                 coef    std err          t      P>|t|      [0.025      0.975]
------------------------------------------------------------------------------
const       5.987e+04   1.68e+04      3.561      0.000    2.69e+04    9.29e+04
x1         -1024.4931    353.195     -2.901      0.004   -1717.728    -331.258
x2          6.669e+04   7748.848      8.606      0.000    5.15e+04    8.19e+04
x3          -114.9254     64.300     -1.787      0.074    -241.130      11.279
==============================================================================
Omnibus:                      375.476   Durbin-Watson:                   1.880
Prob(Omnibus):                  0.000   Jarque-Bera (JB):             1969.070
Skew:                           1.973   Prob(JB):                         0.00
Kurtosis:                       9.301   Cond. No.                         298.
==============================================================================

Warnings:
[1] Standard Errors assume that the covariance matrix of the errors is correctly specified.



[4, 5, 8]
                            OLS Regression Results                            
==============================================================================
Dep. Variable:                      y   R-squared:                       0.157
Model:                            OLS   Adj. R-squared:                  0.154
Method:                 Least Squares   F-statistic:                     53.01
Date:                Mon, 03 Dec 2018   Prob (F-statistic):           2.03e-31
Time:                        10:03:19   Log-Likelihood:                -11598.
No. Observations:                 855   AIC:                         2.320e+04
Df Residuals:                     851   BIC:                         2.322e+04
Df Model:                           3                                         
Covariance Type:            nonrobust                                         
==============================================================================
                 coef    std err          t      P>|t|      [0.025      0.975]
------------------------------------------------------------------------------
const       1.261e+05   1.83e+04      6.876      0.000    9.01e+04    1.62e+05
x1          3.426e+04   6997.884      4.896      0.000    2.05e+04     4.8e+04
x2          4.642e+04   8613.830      5.389      0.000    2.95e+04    6.33e+04
x3         -1.906e+05   2.42e+04     -7.881      0.000   -2.38e+05   -1.43e+05
==============================================================================
Omnibus:                      335.216   Durbin-Watson:                   1.883
Prob(Omnibus):                  0.000   Jarque-Bera (JB):             1480.789
Skew:                           1.794   Prob(JB):                         0.00
Kurtosis:                       8.357   Cond. No.                         13.2
==============================================================================

Warnings:
[1] Standard Errors assume that the covariance matrix of the errors is correctly specified.



[4, 5, 11]
                            OLS Regression Results                            
==============================================================================
Dep. Variable:                      y   R-squared:                       0.099
Model:                            OLS   Adj. R-squared:                  0.096
Method:                 Least Squares   F-statistic:                     31.18
Date:                Mon, 03 Dec 2018   Prob (F-statistic):           3.96e-19
Time:                        10:03:19   Log-Likelihood:                -11627.
No. Observations:                 855   AIC:                         2.326e+04
Df Residuals:                     851   BIC:                         2.328e+04
Df Model:                           3                                         
Covariance Type:            nonrobust                                         
==============================================================================
                 coef    std err          t      P>|t|      [0.025      0.975]
------------------------------------------------------------------------------
const       4.518e+04   1.56e+04      2.893      0.004    1.45e+04    7.58e+04
x1         -9143.1965   4363.369     -2.095      0.036   -1.77e+04    -578.970
x2          7.306e+04   8205.726      8.904      0.000     5.7e+04    8.92e+04
x3          -110.0037     64.681     -1.701      0.089    -236.957      16.950
==============================================================================
Omnibus:                      382.181   Durbin-Watson:                   1.847
Prob(Omnibus):                  0.000   Jarque-Bera (JB):             2083.386
Skew:                           1.998   Prob(JB):                         0.00
Kurtosis:                       9.520   Cond. No.                         280.
==============================================================================

Warnings:
[1] Standard Errors assume that the covariance matrix of the errors is correctly specified.



[4, 8, 11]
                            OLS Regression Results                            
==============================================================================
Dep. Variable:                      y   R-squared:                       0.133
Model:                            OLS   Adj. R-squared:                  0.130
Method:                 Least Squares   F-statistic:                     43.41
Date:                Mon, 03 Dec 2018   Prob (F-statistic):           4.16e-26
Time:                        10:03:20   Log-Likelihood:                -11610.
No. Observations:                 855   AIC:                         2.323e+04
Df Residuals:                     851   BIC:                         2.325e+04
Df Model:                           3                                         
Covariance Type:            nonrobust                                         
==============================================================================
                 coef    std err          t      P>|t|      [0.025      0.975]
------------------------------------------------------------------------------
const       2.088e+05   1.07e+04     19.594      0.000    1.88e+05     2.3e+05
x1          5.254e+04   6105.639      8.606      0.000    4.06e+04    6.45e+04
x2         -2.403e+05   2.24e+04    -10.742      0.000   -2.84e+05   -1.96e+05
x3          -124.5957     62.803     -1.984      0.048    -247.863      -1.328
==============================================================================
Omnibus:                      366.809   Durbin-Watson:                   1.916
Prob(Omnibus):                  0.000   Jarque-Bera (JB):             1808.543
Skew:                           1.945   Prob(JB):                         0.00
Kurtosis:                       8.970   Cond. No.                         392.
==============================================================================

Warnings:
[1] Standard Errors assume that the covariance matrix of the errors is correctly specified.



[1, 3, 4, 5]
                            OLS Regression Results                            
==============================================================================
Dep. Variable:                      y   R-squared:                       0.117
Model:                            OLS   Adj. R-squared:                  0.113
Method:                 Least Squares   F-statistic:                     28.08
Date:                Mon, 03 Dec 2018   Prob (F-statistic):           6.27e-22
Time:                        10:03:21   Log-Likelihood:                -11618.
No. Observations:                 855   AIC:                         2.325e+04
Df Residuals:                     850   BIC:                         2.327e+04
Df Model:                           4                                         
Covariance Type:            nonrobust                                         
==============================================================================
                 coef    std err          t      P>|t|      [0.025      0.975]
------------------------------------------------------------------------------
const       4.056e+04   1.65e+04      2.459      0.014    8184.516    7.29e+04
x1          2771.0648    733.774      3.776      0.000    1330.844    4211.286
x2          -793.7986    371.259     -2.138      0.033   -1522.490     -65.107
x3         -7994.9381   4571.633     -1.749      0.081    -1.7e+04     978.075
x4          6.248e+04   8516.010      7.336      0.000    4.58e+04    7.92e+04
==============================================================================
Omnibus:                      397.534   Durbin-Watson:                   1.882
Prob(Omnibus):                  0.000   Jarque-Bera (JB):             2401.023
Skew:                           2.052   Prob(JB):                         0.00
Kurtosis:                      10.110   Cond. No.                         72.8
==============================================================================

Warnings:
[1] Standard Errors assume that the covariance matrix of the errors is correctly specified.



[1, 4, 5, 8]
                            OLS Regression Results                            
==============================================================================
Dep. Variable:                      y   R-squared:                       0.179
Model:                            OLS   Adj. R-squared:                  0.175
Method:                 Least Squares   F-statistic:                     46.25
Date:                Mon, 03 Dec 2018   Prob (F-statistic):           3.45e-35
Time:                        10:03:21   Log-Likelihood:                -11587.
No. Observations:                 855   AIC:                         2.318e+04
Df Residuals:                     850   BIC:                         2.321e+04
Df Model:                           4                                         
Covariance Type:            nonrobust                                         
==============================================================================
                 coef    std err          t      P>|t|      [0.025      0.975]
------------------------------------------------------------------------------
const        1.17e+05   1.82e+04      6.425      0.000    8.13e+04    1.53e+05
x1          3324.0128    708.159      4.694      0.000    1934.068    4713.957
x2          3.468e+04   6913.552      5.017      0.000    2.11e+04    4.83e+04
x3          3.188e+04   9055.507      3.521      0.000    1.41e+04    4.97e+04
x4         -1.992e+05    2.4e+04     -8.314      0.000   -2.46e+05   -1.52e+05
==============================================================================
Omnibus:                      341.711   Durbin-Watson:                   1.916
Prob(Omnibus):                  0.000   Jarque-Bera (JB):             1594.858
Skew:                           1.811   Prob(JB):                         0.00
Kurtosis:                       8.626   Cond. No.                         67.9
==============================================================================

Warnings:
[1] Standard Errors assume that the covariance matrix of the errors is correctly specified.



