[0, 1]
                            OLS Regression Results                            
==============================================================================
Dep. Variable:                      y   R-squared:                       0.161
Model:                            OLS   Adj. R-squared:                  0.157
Method:                 Least Squares   F-statistic:                     44.42
Date:                Mon, 03 Dec 2018   Prob (F-statistic):           2.24e-18
Time:                        10:08:13   Log-Likelihood:                -6496.6
No. Observations:                 466   AIC:                         1.300e+04
Df Residuals:                     463   BIC:                         1.301e+04
Df Model:                           2                                         
Covariance Type:            nonrobust                                         
==============================================================================
                 coef    std err          t      P>|t|      [0.025      0.975]
------------------------------------------------------------------------------
const      -6.124e+04   3.43e+04     -1.785      0.075   -1.29e+05    6195.600
x1          9.959e+04   1.25e+04      7.971      0.000     7.5e+04    1.24e+05
x2          4231.7390   1849.408      2.288      0.023     597.466    7866.012
==============================================================================
Omnibus:                      335.450   Durbin-Watson:                   1.861
Prob(Omnibus):                  0.000   Jarque-Bera (JB):             8122.096
Skew:                           2.772   Prob(JB):                         0.00
Kurtosis:                      22.687   Cond. No.                         33.9
==============================================================================

Warnings:
[1] Standard Errors assume that the covariance matrix of the errors is correctly specified.



[1, 3]
                            OLS Regression Results                            
==============================================================================
Dep. Variable:                      y   R-squared:                       0.054
Model:                            OLS   Adj. R-squared:                  0.050
Method:                 Least Squares   F-statistic:                     13.25
Date:                Mon, 03 Dec 2018   Prob (F-statistic):           2.53e-06
Time:                        10:08:13   Log-Likelihood:                -6524.6
No. Observations:                 466   AIC:                         1.306e+04
Df Residuals:                     463   BIC:                         1.307e+04
Df Model:                           2                                         
Covariance Type:            nonrobust                                         
==============================================================================
                 coef    std err          t      P>|t|      [0.025      0.975]
------------------------------------------------------------------------------
const       1.796e+05   2.48e+04      7.229      0.000    1.31e+05    2.28e+05
x1          9019.2260   1867.546      4.829      0.000    5349.309    1.27e+04
x2         -1601.8744    794.984     -2.015      0.044   -3164.098     -39.651
==============================================================================
Omnibus:                      369.620   Durbin-Watson:                   1.892
Prob(Omnibus):                  0.000   Jarque-Bera (JB):             9679.035
Skew:                           3.184   Prob(JB):                         0.00
Kurtosis:                      24.399   Cond. No.                         44.3
==============================================================================

Warnings:
[1] Standard Errors assume that the covariance matrix of the errors is correctly specified.



[1, 5]
                            OLS Regression Results                            
==============================================================================
Dep. Variable:                      y   R-squared:                       0.074
Model:                            OLS   Adj. R-squared:                  0.070
Method:                 Least Squares   F-statistic:                     18.55
Date:                Mon, 03 Dec 2018   Prob (F-statistic):           1.78e-08
Time:                        10:08:13   Log-Likelihood:                -6519.6
No. Observations:                 466   AIC:                         1.305e+04
Df Residuals:                     463   BIC:                         1.306e+04
Df Model:                           2                                         
Covariance Type:            nonrobust                                         
==============================================================================
                 coef    std err          t      P>|t|      [0.025      0.975]
------------------------------------------------------------------------------
const       6.205e+04   3.33e+04      1.866      0.063   -3300.455    1.27e+05
x1          6504.2678   1946.833      3.341      0.001    2678.544    1.03e+04
x2          6.411e+04    1.7e+04      3.764      0.000    3.06e+04    9.76e+04
==============================================================================
Omnibus:                      352.431   Durbin-Watson:                   1.835
Prob(Omnibus):                  0.000   Jarque-Bera (JB):             8575.610
Skew:                           2.987   Prob(JB):                         0.00
Kurtosis:                      23.149   Cond. No.                         32.0
==============================================================================

Warnings:
[1] Standard Errors assume that the covariance matrix of the errors is correctly specified.



[1, 8]
                            OLS Regression Results                            
==============================================================================
Dep. Variable:                      y   R-squared:                       0.081
Model:                            OLS   Adj. R-squared:                  0.077
Method:                 Least Squares   F-statistic:                     20.51
Date:                Mon, 03 Dec 2018   Prob (F-statistic):           2.93e-09
Time:                        10:08:13   Log-Likelihood:                -6517.8
No. Observations:                 466   AIC:                         1.304e+04
Df Residuals:                     463   BIC:                         1.305e+04
Df Model:                           2                                         
Covariance Type:            nonrobust                                         
==============================================================================
                 coef    std err          t      P>|t|      [0.025      0.975]
------------------------------------------------------------------------------
const        2.11e+05   2.53e+04      8.355      0.000    1.61e+05    2.61e+05
x1          1.008e+04   1861.699      5.415      0.000    6423.450    1.37e+04
x2         -1.295e+05   3.06e+04     -4.231      0.000    -1.9e+05   -6.93e+04
==============================================================================
Omnibus:                      385.365   Durbin-Watson:                   1.865
Prob(Omnibus):                  0.000   Jarque-Bera (JB):            11752.638
Skew:                           3.333   Prob(JB):                         0.00
Kurtosis:                      26.682   Cond. No.                         30.9
==============================================================================

Warnings:
[1] Standard Errors assume that the covariance matrix of the errors is correctly specified.



[1, 11]
                            OLS Regression Results                            
==============================================================================
Dep. Variable:                      y   R-squared:                       0.053
Model:                            OLS   Adj. R-squared:                  0.049
Method:                 Least Squares   F-statistic:                     12.96
Date:                Mon, 03 Dec 2018   Prob (F-statistic):           3.35e-06
Time:                        10:08:13   Log-Likelihood:                -6524.8
No. Observations:                 466   AIC:                         1.306e+04
Df Residuals:                     463   BIC:                         1.307e+04
Df Model:                           2                                         
Covariance Type:            nonrobust                                         
==============================================================================
                 coef    std err          t      P>|t|      [0.025      0.975]
------------------------------------------------------------------------------
const       1.615e+05   2.22e+04      7.267      0.000    1.18e+05    2.05e+05
x1          8736.1081   1867.279      4.679      0.000    5066.717    1.24e+04
x2          -416.8193    222.939     -1.870      0.062    -854.918      21.279
==============================================================================
Omnibus:                      361.129   Durbin-Watson:                   1.873
Prob(Omnibus):                  0.000   Jarque-Bera (JB):             8817.268
Skew:                           3.101   Prob(JB):                         0.00
Kurtosis:                      23.387   Cond. No.                         101.
==============================================================================

Warnings:
[1] Standard Errors assume that the covariance matrix of the errors is correctly specified.



[3, 5]
                            OLS Regression Results                            
==============================================================================
Dep. Variable:                      y   R-squared:                       0.061
Model:                            OLS   Adj. R-squared:                  0.057
Method:                 Least Squares   F-statistic:                     15.01
Date:                Mon, 03 Dec 2018   Prob (F-statistic):           4.82e-07
Time:                        10:08:13   Log-Likelihood:                -6522.9
No. Observations:                 466   AIC:                         1.305e+04
Df Residuals:                     463   BIC:                         1.306e+04
Df Model:                           2                                         
Covariance Type:            nonrobust                                         
==============================================================================
                 coef    std err          t      P>|t|      [0.025      0.975]
------------------------------------------------------------------------------
const       1.118e+05   3.41e+04      3.284      0.001    4.49e+04    1.79e+05
x1         -1673.8673    792.776     -2.111      0.035   -3231.752    -115.983
x2          8.439e+04   1.63e+04      5.179      0.000    5.24e+04    1.16e+05
==============================================================================
Omnibus:                      350.383   Durbin-Watson:                   1.838
Prob(Omnibus):                  0.000   Jarque-Bera (JB):             8097.446
Skew:                           2.983   Prob(JB):                         0.00
Kurtosis:                      22.531   Cond. No.                         63.1
==============================================================================

Warnings:
[1] Standard Errors assume that the covariance matrix of the errors is correctly specified.



[3, 11]
                            OLS Regression Results                            
==============================================================================
Dep. Variable:                      y   R-squared:                       0.015
Model:                            OLS   Adj. R-squared:                  0.011
Method:                 Least Squares   F-statistic:                     3.470
Date:                Mon, 03 Dec 2018   Prob (F-statistic):             0.0319
Time:                        10:08:13   Log-Likelihood:                -6534.1
No. Observations:                 466   AIC:                         1.307e+04
Df Residuals:                     463   BIC:                         1.309e+04
Df Model:                           2                                         
Covariance Type:            nonrobust                                         
==============================================================================
                 coef    std err          t      P>|t|      [0.025      0.975]
------------------------------------------------------------------------------
const       2.652e+05   1.88e+04     14.119      0.000    2.28e+05    3.02e+05
x1         -1420.3083    810.419     -1.753      0.080   -3012.863     172.246
x2          -448.0646    227.300     -1.971      0.049    -894.733      -1.396
==============================================================================
Omnibus:                      358.685   Durbin-Watson:                   1.882
Prob(Omnibus):                  0.000   Jarque-Bera (JB):             7896.531
Skew:                           3.113   Prob(JB):                         0.00
Kurtosis:                      22.181   Cond. No.                         83.8
==============================================================================

Warnings:
[1] Standard Errors assume that the covariance matrix of the errors is correctly specified.



[4, 5]
                            OLS Regression Results                            
==============================================================================
Dep. Variable:                      y   R-squared:                       0.059
Model:                            OLS   Adj. R-squared:                  0.055
Method:                 Least Squares   F-statistic:                     14.56
Date:                Mon, 03 Dec 2018   Prob (F-statistic):           7.35e-07
Time:                        10:08:13   Log-Likelihood:                -6523.3
No. Observations:                 466   AIC:                         1.305e+04
Df Residuals:                     463   BIC:                         1.307e+04
Df Model:                           2                                         
Covariance Type:            nonrobust                                         
==============================================================================
                 coef    std err          t      P>|t|      [0.025      0.975]
------------------------------------------------------------------------------
const        9.75e+04   3.27e+04      2.981      0.003    3.32e+04    1.62e+05
x1          -2.16e+04   1.14e+04     -1.899      0.058    -4.4e+04     755.703
x2          9.346e+04   1.73e+04      5.397      0.000    5.94e+04    1.27e+05
==============================================================================
Omnibus:                      353.840   Durbin-Watson:                   1.807
Prob(Omnibus):                  0.000   Jarque-Bera (JB):             8490.417
Skew:                           3.012   Prob(JB):                         0.00
Kurtosis:                      23.025   Cond. No.                         7.09
==============================================================================

Warnings:
[1] Standard Errors assume that the covariance matrix of the errors is correctly specified.



[4, 8]
                            OLS Regression Results                            
==============================================================================
Dep. Variable:                      y   R-squared:                       0.091
Model:                            OLS   Adj. R-squared:                  0.087
Method:                 Least Squares   F-statistic:                     23.18
Date:                Mon, 03 Dec 2018   Prob (F-statistic):           2.54e-10
Time:                        10:08:13   Log-Likelihood:                -6515.3
No. Observations:                 466   AIC:                         1.304e+04
Df Residuals:                     463   BIC:                         1.305e+04
Df Model:                           2                                         
Covariance Type:            nonrobust                                         
==============================================================================
                 coef    std err          t      P>|t|      [0.025      0.975]
------------------------------------------------------------------------------
const       2.879e+05   2.03e+04     14.189      0.000    2.48e+05    3.28e+05
x1          1.243e+05   2.11e+04      5.878      0.000    8.27e+04    1.66e+05
x2         -4.117e+05   6.05e+04     -6.809      0.000    -5.3e+05   -2.93e+05
==============================================================================
Omnibus:                      332.628   Durbin-Watson:                   1.842
Prob(Omnibus):                  0.000   Jarque-Bera (JB):             6654.110
Skew:                           2.815   Prob(JB):                         0.00
Kurtosis:                      20.635   Cond. No.                         9.91
==============================================================================

Warnings:
[1] Standard Errors assume that the covariance matrix of the errors is correctly specified.



[5, 8]
                            OLS Regression Results                            
==============================================================================
Dep. Variable:                      y   R-squared:                       0.083
Model:                            OLS   Adj. R-squared:                  0.079
Method:                 Least Squares   F-statistic:                     20.89
Date:                Mon, 03 Dec 2018   Prob (F-statistic):           2.05e-09
Time:                        10:08:13   Log-Likelihood:                -6517.4
No. Observations:                 466   AIC:                         1.304e+04
Df Residuals:                     463   BIC:                         1.305e+04
Df Model:                           2                                         
Covariance Type:            nonrobust                                         
==============================================================================
                 coef    std err          t      P>|t|      [0.025      0.975]
------------------------------------------------------------------------------
const       1.395e+05   3.44e+04      4.053      0.000    7.19e+04    2.07e+05
x1          8.859e+04   1.62e+04      5.485      0.000    5.68e+04     1.2e+05
x2         -1.199e+05   3.03e+04     -3.951      0.000    -1.8e+05   -6.03e+04
==============================================================================
Omnibus:                      359.395   Durbin-Watson:                   1.804
Prob(Omnibus):                  0.000   Jarque-Bera (JB):             9269.850
Skew:                           3.054   Prob(JB):                         0.00
Kurtosis:                      23.979   Cond. No.                         6.66
==============================================================================

Warnings:
[1] Standard Errors assume that the covariance matrix of the errors is correctly specified.



[8, 11]
                            OLS Regression Results                            
==============================================================================
Dep. Variable:                      y   R-squared:                       0.029
Model:                            OLS   Adj. R-squared:                  0.025
Method:                 Least Squares   F-statistic:                     6.972
Date:                Mon, 03 Dec 2018   Prob (F-statistic):            0.00104
Time:                        10:08:13   Log-Likelihood:                -6530.6
No. Observations:                 466   AIC:                         1.307e+04
Df Residuals:                     463   BIC:                         1.308e+04
Df Model:                           2                                         
Covariance Type:            nonrobust                                         
==============================================================================
                 coef    std err          t      P>|t|      [0.025      0.975]
------------------------------------------------------------------------------
const        2.93e+05    2.1e+04     13.969      0.000    2.52e+05    3.34e+05
x1         -9.868e+04   3.12e+04     -3.165      0.002    -1.6e+05   -3.74e+04
x2          -384.5863    226.487     -1.698      0.090    -829.656      60.484
==============================================================================
Omnibus:                      365.319   Durbin-Watson:                   1.854
Prob(Omnibus):                  0.000   Jarque-Bera (JB):             8656.646
Skew:                           3.170   Prob(JB):                         0.00
Kurtosis:                      23.141   Cond. No.                         159.
==============================================================================

Warnings:
[1] Standard Errors assume that the covariance matrix of the errors is correctly specified.



[1, 3, 5]
                            OLS Regression Results                            
==============================================================================
Dep. Variable:                      y   R-squared:                       0.084
Model:                            OLS   Adj. R-squared:                  0.078
Method:                 Least Squares   F-statistic:                     14.14
Date:                Mon, 03 Dec 2018   Prob (F-statistic):           7.83e-09
Time:                        10:08:13   Log-Likelihood:                -6517.1
No. Observations:                 466   AIC:                         1.304e+04
Df Residuals:                     462   BIC:                         1.306e+04
Df Model:                           3                                         
Covariance Type:            nonrobust                                         
==============================================================================
                 coef    std err          t      P>|t|      [0.025      0.975]
------------------------------------------------------------------------------
const       8.452e+04   3.46e+04      2.443      0.015    1.65e+04    1.53e+05
x1          6634.2870   1939.338      3.421      0.001    2823.271    1.04e+04
x2         -1754.2513    784.121     -2.237      0.026   -3295.137    -213.365
x3          6.601e+04    1.7e+04      3.887      0.000    3.26e+04    9.94e+04
==============================================================================
Omnibus:                      363.705   Durbin-Watson:                   1.861
Prob(Omnibus):                  0.000   Jarque-Bera (JB):             9714.204
Skew:                           3.097   Prob(JB):                         0.00
Kurtosis:                      24.493   Cond. No.                         66.8
==============================================================================

Warnings:
[1] Standard Errors assume that the covariance matrix of the errors is correctly specified.



[1, 3, 11]
                            OLS Regression Results                            
==============================================================================
Dep. Variable:                      y   R-squared:                       0.061
Model:                            OLS   Adj. R-squared:                  0.055
Method:                 Least Squares   F-statistic:                     10.06
Date:                Mon, 03 Dec 2018   Prob (F-statistic):           1.97e-06
Time:                        10:08:13   Log-Likelihood:                -6522.8
No. Observations:                 466   AIC:                         1.305e+04
Df Residuals:                     462   BIC:                         1.307e+04
Df Model:                           3                                         
Covariance Type:            nonrobust                                         
==============================================================================
                 coef    std err          t      P>|t|      [0.025      0.975]
------------------------------------------------------------------------------
const       1.846e+05   2.49e+04      7.407      0.000    1.36e+05    2.34e+05
x1          8918.0148   1863.250      4.786      0.000    5256.520    1.26e+04
x2         -1603.4823    792.824     -2.022      0.044   -3161.470     -45.495
x3          -417.3046    222.199     -1.878      0.061    -853.951      19.342
==============================================================================
Omnibus:                      371.021   Durbin-Watson:                   1.899
Prob(Omnibus):                  0.000   Jarque-Bera (JB):             9847.210
Skew:                           3.198   Prob(JB):                         0.00
Kurtosis:                      24.593   Cond. No.                         114.
==============================================================================

Warnings:
[1] Standard Errors assume that the covariance matrix of the errors is correctly specified.



[1, 4, 5]
                            OLS Regression Results                            
==============================================================================
Dep. Variable:                      y   R-squared:                       0.086
Model:                            OLS   Adj. R-squared:                  0.080
Method:                 Least Squares   F-statistic:                     14.53
Date:                Mon, 03 Dec 2018   Prob (F-statistic):           4.64e-09
Time:                        10:08:13   Log-Likelihood:                -6516.5
No. Observations:                 466   AIC:                         1.304e+04
Df Residuals:                     462   BIC:                         1.306e+04
Df Model:                           3                                         
Covariance Type:            nonrobust                                         
==============================================================================
                 coef    std err          t      P>|t|      [0.025      0.975]
------------------------------------------------------------------------------
const       6.879e+04   3.32e+04      2.073      0.039    3575.670    1.34e+05
x1          7243.7192   1959.280      3.697      0.000    3393.514    1.11e+04
x2         -2.803e+04   1.14e+04     -2.467      0.014   -5.03e+04   -5704.954
x3          7.662e+04   1.77e+04      4.333      0.000    4.19e+04    1.11e+05
==============================================================================
Omnibus:                      373.342   Durbin-Watson:                   1.829
Prob(Omnibus):                  0.000   Jarque-Bera (JB):            10894.814
Skew:                           3.188   Prob(JB):                         0.00
Kurtosis:                      25.813   Cond. No.                         32.2
==============================================================================

Warnings:
[1] Standard Errors assume that the covariance matrix of the errors is correctly specified.



[1, 4, 8]
                            OLS Regression Results                            
==============================================================================
Dep. Variable:                      y   R-squared:                       0.127
Model:                            OLS   Adj. R-squared:                  0.121
Method:                 Least Squares   F-statistic:                     22.32
Date:                Mon, 03 Dec 2018   Prob (F-statistic):           1.64e-13
Time:                        10:08:13   Log-Likelihood:                -6506.0
No. Observations:                 466   AIC:                         1.302e+04
Df Residuals:                     462   BIC:                         1.304e+04
Df Model:                           3                                         
Covariance Type:            nonrobust                                         
==============================================================================
                 coef    std err          t      P>|t|      [0.025      0.975]
------------------------------------------------------------------------------
const       2.239e+05   2.48e+04      9.031      0.000    1.75e+05    2.73e+05
x1          8078.4349   1862.895      4.336      0.000    4417.637    1.17e+04
x2           1.04e+05   2.13e+04      4.890      0.000    6.22e+04    1.46e+05
x3         -3.823e+05   5.97e+04     -6.402      0.000      -5e+05   -2.65e+05
==============================================================================
Omnibus:                      351.955   Durbin-Watson:                   1.866
Prob(Omnibus):                  0.000   Jarque-Bera (JB):             8972.392
Skew:                           2.962   Prob(JB):                         0.00
Kurtosis:                      23.664   Cond. No.                         57.8
==============================================================================

Warnings:
[1] Standard Errors assume that the covariance matrix of the errors is correctly specified.



[1, 5, 8]
                            OLS Regression Results                            
==============================================================================
Dep. Variable:                      y   R-squared:                       0.113
Model:                            OLS   Adj. R-squared:                  0.107
Method:                 Least Squares   F-statistic:                     19.66
Date:                Mon, 03 Dec 2018   Prob (F-statistic):           5.16e-12
Time:                        10:08:13   Log-Likelihood:                -6509.5
No. Observations:                 466   AIC:                         1.303e+04
Df Residuals:                     462   BIC:                         1.304e+04
Df Model:                           3                                         
Covariance Type:            nonrobust                                         
==============================================================================
                 coef    std err          t      P>|t|      [0.025      0.975]
------------------------------------------------------------------------------
const       1.134e+05   3.45e+04      3.285      0.001    4.56e+04    1.81e+05
x1          7666.3443   1924.708      3.983      0.000    3884.077    1.14e+04
x2          6.808e+04   1.67e+04      4.074      0.000    3.52e+04    1.01e+05
x3         -1.359e+05   3.01e+04     -4.511      0.000   -1.95e+05   -7.67e+04
==============================================================================
Omnibus:                      379.594   Durbin-Watson:                   1.831
Prob(Omnibus):                  0.000   Jarque-Bera (JB):            11951.727
Skew:                           3.240   Prob(JB):                         0.00
Kurtosis:                      26.949   Cond. No.                         35.4
==============================================================================

Warnings:
[1] Standard Errors assume that the covariance matrix of the errors is correctly specified.



[4, 5, 8]
                            OLS Regression Results                            
==============================================================================
Dep. Variable:                      y   R-squared:                       0.107
Model:                            OLS   Adj. R-squared:                  0.102
Method:                 Least Squares   F-statistic:                     18.54
Date:                Mon, 03 Dec 2018   Prob (F-statistic):           2.26e-11
Time:                        10:08:14   Log-Likelihood:                -6511.0
No. Observations:                 466   AIC:                         1.303e+04
Df Residuals:                     462   BIC:                         1.305e+04
Df Model:                           3                                         
Covariance Type:            nonrobust                                         
==============================================================================
                 coef    std err          t      P>|t|      [0.025      0.975]
------------------------------------------------------------------------------
const       1.958e+05   3.75e+04      5.226      0.000    1.22e+05    2.69e+05
x1          8.748e+04   2.45e+04      3.573      0.000    3.94e+04    1.36e+05
x2          5.428e+04   1.86e+04      2.915      0.004    1.77e+04    9.09e+04
x3         -3.305e+05   6.61e+04     -4.998      0.000    -4.6e+05   -2.01e+05
==============================================================================
Omnibus:                      337.822   Durbin-Watson:                   1.817
Prob(Omnibus):                  0.000   Jarque-Bera (JB):             7511.072
Skew:                           2.837   Prob(JB):                         0.00
Kurtosis:                      21.832   Cond. No.                         15.3
==============================================================================

Warnings:
[1] Standard Errors assume that the covariance matrix of the errors is correctly specified.



[1, 4, 5, 8]
                            OLS Regression Results                            
==============================================================================
Dep. Variable:                      y   R-squared:                       0.134
Model:                            OLS   Adj. R-squared:                  0.127
Method:                 Least Squares   F-statistic:                     17.85
Date:                Mon, 03 Dec 2018   Prob (F-statistic):           1.24e-13
Time:                        10:08:16   Log-Likelihood:                -6504.0
No. Observations:                 466   AIC:                         1.302e+04
Df Residuals:                     461   BIC:                         1.304e+04
Df Model:                           4                                         
Covariance Type:            nonrobust                                         
==============================================================================
                 coef    std err          t      P>|t|      [0.025      0.975]
------------------------------------------------------------------------------
const       1.669e+05   3.77e+04      4.423      0.000    9.27e+04    2.41e+05
x1          7189.7896   1909.377      3.766      0.000    3437.629    1.09e+04
x2          8.065e+04   2.42e+04      3.331      0.001    3.31e+04    1.28e+05
x3          3.773e+04   1.89e+04      1.999      0.046     632.834    7.48e+04
x4         -3.291e+05   6.52e+04     -5.048      0.000   -4.57e+05   -2.01e+05
==============================================================================
Omnibus:                      355.900   Durbin-Watson:                   1.846
Prob(Omnibus):                  0.000   Jarque-Bera (JB):             9636.813
Skew:                           2.988   Prob(JB):                         0.00
Kurtosis:                      24.462   Cond. No.                         67.4
==============================================================================

Warnings:
[1] Standard Errors assume that the covariance matrix of the errors is correctly specified.



