[1, 4, 5, 8, 9]
                            OLS Regression Results                            
==============================================================================
Dep. Variable:                      y   R-squared:                       0.153
Model:                            OLS   Adj. R-squared:                  0.148
Method:                 Least Squares   F-statistic:                     31.39
Date:                Tue, 04 Dec 2018   Prob (F-statistic):           1.93e-29
Time:                        02:00:18   Log-Likelihood:                -10667.
No. Observations:                 878   AIC:                         2.135e+04
Df Residuals:                     872   BIC:                         2.138e+04
Df Model:                           5                                         
Covariance Type:            nonrobust                                         
==============================================================================
                 coef    std err          t      P>|t|      [0.025      0.975]
------------------------------------------------------------------------------
const       1.906e+04   4423.692      4.309      0.000    1.04e+04    2.77e+04
x1           483.8340    146.765      3.297      0.001     195.779     771.889
x2          1.466e+04   2175.042      6.740      0.000    1.04e+04    1.89e+04
x3          6533.2573   2045.882      3.193      0.001    2517.828    1.05e+04
x4          -3.45e+04   6786.940     -5.083      0.000   -4.78e+04   -2.12e+04
x5         -1.724e+04   5173.295     -3.332      0.001   -2.74e+04   -7083.005
==============================================================================
Omnibus:                      303.328   Durbin-Watson:                   1.922
Prob(Omnibus):                  0.000   Jarque-Bera (JB):             1048.115
Skew:                           1.659   Prob(JB):                    2.54e-228
Kurtosis:                       7.201   Cond. No.                         90.9
==============================================================================

Warnings:
[1] Standard Errors assume that the covariance matrix of the errors is correctly specified.



[1, 3, 4, 5, 8]
                            OLS Regression Results                            
==============================================================================
Dep. Variable:                      y   R-squared:                       0.152
Model:                            OLS   Adj. R-squared:                  0.147
Method:                 Least Squares   F-statistic:                     31.29
Date:                Tue, 04 Dec 2018   Prob (F-statistic):           2.37e-29
Time:                        02:00:18   Log-Likelihood:                -10668.
No. Observations:                 878   AIC:                         2.135e+04
Df Residuals:                     872   BIC:                         2.138e+04
Df Model:                           5                                         
Covariance Type:            nonrobust                                         
==============================================================================
                 coef    std err          t      P>|t|      [0.025      0.975]
------------------------------------------------------------------------------
const       2.213e+04   4510.446      4.907      0.000    1.33e+04     3.1e+04
x1           472.2492    147.028      3.212      0.001     183.678     760.820
x2          -330.0286    101.019     -3.267      0.001    -528.297    -131.760
x3          1.483e+04   2175.561      6.817      0.000    1.06e+04    1.91e+04
x4          6400.5172   2044.791      3.130      0.002    2387.230    1.04e+04
x5          -3.72e+04   6568.901     -5.663      0.000   -5.01e+04   -2.43e+04
==============================================================================
Omnibus:                      305.621   Durbin-Watson:                   1.919
Prob(Omnibus):                  0.000   Jarque-Bera (JB):             1068.044
Skew:                           1.667   Prob(JB):                    1.19e-232
Kurtosis:                       7.251   Cond. No.                         126.
==============================================================================

Warnings:
[1] Standard Errors assume that the covariance matrix of the errors is correctly specified.



[1, 4, 8, 9]
                            OLS Regression Results                            
==============================================================================
Dep. Variable:                      y   R-squared:                       0.143
Model:                            OLS   Adj. R-squared:                  0.139
Method:                 Least Squares   F-statistic:                     36.30
Date:                Tue, 04 Dec 2018   Prob (F-statistic):           4.30e-28
Time:                        02:00:18   Log-Likelihood:                -10673.
No. Observations:                 878   AIC:                         2.136e+04
Df Residuals:                     873   BIC:                         2.138e+04
Df Model:                           4                                         
Covariance Type:            nonrobust                                         
==============================================================================
                 coef    std err          t      P>|t|      [0.025      0.975]
------------------------------------------------------------------------------
const       2.966e+04   2938.275     10.096      0.000    2.39e+04    3.54e+04
x1           589.3871    143.746      4.100      0.000     307.259     871.515
x2          1.824e+04   1873.252      9.739      0.000    1.46e+04    2.19e+04
x3          -4.37e+04   6177.973     -7.073      0.000   -5.58e+04   -3.16e+04
x4          -1.64e+04   5193.833     -3.158      0.002   -2.66e+04   -6207.973
==============================================================================
Omnibus:                      307.726   Durbin-Watson:                   1.932
Prob(Omnibus):                  0.000   Jarque-Bera (JB):             1056.173
Skew:                           1.689   Prob(JB):                    4.52e-230
Kurtosis:                       7.179   Cond. No.                         79.0
==============================================================================

Warnings:
[1] Standard Errors assume that the covariance matrix of the errors is correctly specified.



[1, 3, 4, 8]
                            OLS Regression Results                            
==============================================================================
Dep. Variable:                      y   R-squared:                       0.143
Model:                            OLS   Adj. R-squared:                  0.139
Method:                 Least Squares   F-statistic:                     36.29
Date:                Tue, 04 Dec 2018   Prob (F-statistic):           4.35e-28
Time:                        02:00:18   Log-Likelihood:                -10673.
No. Observations:                 878   AIC:                         2.136e+04
Df Residuals:                     873   BIC:                         2.138e+04
Df Model:                           4                                         
Covariance Type:            nonrobust                                         
==============================================================================
                 coef    std err          t      P>|t|      [0.025      0.975]
------------------------------------------------------------------------------
const       3.244e+04   3097.791     10.471      0.000    2.64e+04    3.85e+04
x1           575.7575    143.981      3.999      0.000     293.167     858.348
x2          -320.0086    101.476     -3.154      0.002    -519.173    -120.844
x3          1.834e+04   1874.037      9.786      0.000    1.47e+04     2.2e+04
x4         -4.601e+04   5964.940     -7.714      0.000   -5.77e+04   -3.43e+04
==============================================================================
Omnibus:                      309.053   Durbin-Watson:                   1.929
Prob(Omnibus):                  0.000   Jarque-Bera (JB):             1069.373
Skew:                           1.693   Prob(JB):                    6.14e-233
Kurtosis:                       7.215   Cond. No.                         105.
==============================================================================

Warnings:
[1] Standard Errors assume that the covariance matrix of the errors is correctly specified.



[3, 4, 5, 8]
                            OLS Regression Results                            
==============================================================================
Dep. Variable:                      y   R-squared:                       0.142
Model:                            OLS   Adj. R-squared:                  0.138
Method:                 Least Squares   F-statistic:                     36.14
Date:                Tue, 04 Dec 2018   Prob (F-statistic):           5.61e-28
Time:                        02:00:18   Log-Likelihood:                -10673.
No. Observations:                 878   AIC:                         2.136e+04
Df Residuals:                     873   BIC:                         2.138e+04
Df Model:                           4                                         
Covariance Type:            nonrobust                                         
==============================================================================
                 coef    std err          t      P>|t|      [0.025      0.975]
------------------------------------------------------------------------------
const       2.501e+04   4443.686      5.629      0.000    1.63e+04    3.37e+04
x1          -354.0936    101.277     -3.496      0.000    -552.868    -155.319
x2          1.525e+04   2183.192      6.986      0.000     1.1e+04    1.95e+04
x3          7877.6753   2003.006      3.933      0.000    3946.405    1.18e+04
x4         -3.589e+04   6591.046     -5.445      0.000   -4.88e+04   -2.29e+04
==============================================================================
Omnibus:                      305.488   Durbin-Watson:                   1.899
Prob(Omnibus):                  0.000   Jarque-Bera (JB):             1067.812
Skew:                           1.666   Prob(JB):                    1.34e-232
Kurtosis:                       7.252   Cond. No.                         112.
==============================================================================

Warnings:
[1] Standard Errors assume that the covariance matrix of the errors is correctly specified.



[4, 5, 8, 9]
                            OLS Regression Results                            
==============================================================================
Dep. Variable:                      y   R-squared:                       0.142
Model:                            OLS   Adj. R-squared:                  0.138
Method:                 Least Squares   F-statistic:                     36.11
Date:                Tue, 04 Dec 2018   Prob (F-statistic):           5.96e-28
Time:                        02:00:18   Log-Likelihood:                -10673.
No. Observations:                 878   AIC:                         2.136e+04
Df Residuals:                     873   BIC:                         2.138e+04
Df Model:                           4                                         
Covariance Type:            nonrobust                                         
==============================================================================
                 coef    std err          t      P>|t|      [0.025      0.975]
------------------------------------------------------------------------------
const        2.18e+04   4369.436      4.989      0.000    1.32e+04    3.04e+04
x1          1.508e+04   2183.532      6.907      0.000    1.08e+04    1.94e+04
x2          8052.2356   2004.556      4.017      0.000    4117.924     1.2e+04
x3         -3.315e+04   6812.687     -4.865      0.000   -4.65e+04   -1.98e+04
x4         -1.808e+04   5196.160     -3.479      0.001   -2.83e+04   -7876.606
==============================================================================
Omnibus:                      302.354   Durbin-Watson:                   1.901
Prob(Omnibus):                  0.000   Jarque-Bera (JB):             1041.688
Skew:                           1.654   Prob(JB):                    6.32e-227
Kurtosis:                       7.187   Cond. No.                         14.7
==============================================================================

Warnings:
[1] Standard Errors assume that the covariance matrix of the errors is correctly specified.



[1, 4, 5, 8]
                            OLS Regression Results                            
==============================================================================
Dep. Variable:                      y   R-squared:                       0.142
Model:                            OLS   Adj. R-squared:                  0.138
Method:                 Least Squares   F-statistic:                     36.04
Date:                Tue, 04 Dec 2018   Prob (F-statistic):           6.68e-28
Time:                        02:00:18   Log-Likelihood:                -10673.
No. Observations:                 878   AIC:                         2.136e+04
Df Residuals:                     873   BIC:                         2.138e+04
Df Model:                           4                                         
Covariance Type:            nonrobust                                         
==============================================================================
                 coef    std err          t      P>|t|      [0.025      0.975]
------------------------------------------------------------------------------
const       1.927e+04   4448.780      4.330      0.000    1.05e+04     2.8e+04
x1           507.8749    147.433      3.445      0.001     218.509     797.240
x2          1.475e+04   2187.430      6.742      0.000    1.05e+04     1.9e+04
x3          6188.8294   2055.056      3.012      0.003    2155.402    1.02e+04
x4         -4.205e+04   6433.904     -6.536      0.000   -5.47e+04   -2.94e+04
==============================================================================
Omnibus:                      310.992   Durbin-Watson:                   1.915
Prob(Omnibus):                  0.000   Jarque-Bera (JB):             1105.208
Skew:                           1.692   Prob(JB):                    1.02e-240
Kurtosis:                       7.331   Cond. No.                         85.4
==============================================================================

Warnings:
[1] Standard Errors assume that the covariance matrix of the errors is correctly specified.



[1, 4, 5, 9]
                            OLS Regression Results                            
==============================================================================
Dep. Variable:                      y   R-squared:                       0.127
Model:                            OLS   Adj. R-squared:                  0.123
Method:                 Least Squares   F-statistic:                     31.87
Date:                Tue, 04 Dec 2018   Prob (F-statistic):           8.26e-25
Time:                        02:00:18   Log-Likelihood:                -10680.
No. Observations:                 878   AIC:                         2.137e+04
Df Residuals:                     873   BIC:                         2.139e+04
Df Model:                           4                                         
Covariance Type:            nonrobust                                         
==============================================================================
                 coef    std err          t      P>|t|      [0.025      0.975]
------------------------------------------------------------------------------
const       7215.1919   3813.378      1.892      0.059    -269.268    1.47e+04
x1           438.6957    148.566      2.953      0.003     147.107     730.284
x2          6007.9976   1373.186      4.375      0.000    3312.865    8703.130
x3          1.095e+04   1878.751      5.826      0.000    7258.646    1.46e+04
x4         -2.602e+04   4944.952     -5.262      0.000   -3.57e+04   -1.63e+04
==============================================================================
Omnibus:                      304.641   Durbin-Watson:                   1.905
Prob(Omnibus):                  0.000   Jarque-Bera (JB):             1077.192
Skew:                           1.656   Prob(JB):                    1.23e-234
Kurtosis:                       7.298   Cond. No.                         59.0
==============================================================================

Warnings:
[1] Standard Errors assume that the covariance matrix of the errors is correctly specified.



[1, 3, 4, 5]
                            OLS Regression Results                            
==============================================================================
Dep. Variable:                      y   R-squared:                       0.121
Model:                            OLS   Adj. R-squared:                  0.117
Method:                 Least Squares   F-statistic:                     30.02
Date:                Tue, 04 Dec 2018   Prob (F-statistic):           1.98e-23
Time:                        02:00:18   Log-Likelihood:                -10684.
No. Observations:                 878   AIC:                         2.138e+04
Df Residuals:                     873   BIC:                         2.140e+04
Df Model:                           4                                         
Covariance Type:            nonrobust                                         
==============================================================================
                 coef    std err          t      P>|t|      [0.025      0.975]
------------------------------------------------------------------------------
const       9734.9524   4013.252      2.426      0.015    1858.202    1.76e+04
x1           420.4086    149.331      2.815      0.005     127.318     713.499
x2          -459.4617    100.135     -4.588      0.000    -655.995    -262.929
x3          4951.6277   1322.619      3.744      0.000    2355.742    7547.513
x4          1.136e+04   1880.089      6.044      0.000    7672.906    1.51e+04
==============================================================================
Omnibus:                      313.518   Durbin-Watson:                   1.898
Prob(Omnibus):                  0.000   Jarque-Bera (JB):             1155.581
Skew:                           1.691   Prob(JB):                    1.17e-251
Kurtosis:                       7.489   Cond. No.                         70.9
==============================================================================

Warnings:
[1] Standard Errors assume that the covariance matrix of the errors is correctly specified.



