[1, 3]
                            OLS Regression Results                            
==============================================================================
Dep. Variable:                      y   R-squared:                       0.049
Model:                            OLS   Adj. R-squared:                  0.047
Method:                 Least Squares   F-statistic:                     22.70
Date:                Mon, 03 Dec 2018   Prob (F-statistic):           2.45e-10
Time:                        19:11:48   Log-Likelihood:                -10876.
No. Observations:                 878   AIC:                         2.176e+04
Df Residuals:                     875   BIC:                         2.177e+04
Df Model:                           2                                         
Covariance Type:            nonrobust                                         
==============================================================================
                 coef    std err          t      P>|t|      [0.025      0.975]
------------------------------------------------------------------------------
const       4.009e+04   3656.247     10.966      0.000    3.29e+04    4.73e+04
x1           985.5589    174.167      5.659      0.000     643.724    1327.394
x2          -436.2064    117.381     -3.716      0.000    -666.587    -205.826
==============================================================================
Omnibus:                      367.424   Durbin-Watson:                   1.920
Prob(Omnibus):                  0.000   Jarque-Bera (JB):             1677.396
Skew:                           1.925   Prob(JB):                         0.00
Kurtosis:                       8.570   Cond. No.                         49.2
==============================================================================

Warnings:
[1] Standard Errors assume that the covariance matrix of the errors is correctly specified.



[1, 4]
                            OLS Regression Results                            
==============================================================================
Dep. Variable:                      y   R-squared:                       0.042
Model:                            OLS   Adj. R-squared:                  0.039
Method:                 Least Squares   F-statistic:                     18.97
Date:                Mon, 03 Dec 2018   Prob (F-statistic):           8.57e-09
Time:                        19:11:48   Log-Likelihood:                -10879.
No. Observations:                 878   AIC:                         2.176e+04
Df Residuals:                     875   BIC:                         2.178e+04
Df Model:                           2                                         
Covariance Type:            nonrobust                                         
==============================================================================
                 coef    std err          t      P>|t|      [0.025      0.975]
------------------------------------------------------------------------------
const        2.94e+04   3426.653      8.579      0.000    2.27e+04    3.61e+04
x1           855.8040    181.297      4.720      0.000     499.976    1211.632
x2          3806.6698   1480.148      2.572      0.010     901.614    6711.726
==============================================================================
Omnibus:                      317.026   Durbin-Watson:                   1.921
Prob(Omnibus):                  0.000   Jarque-Bera (JB):             1107.635
Skew:                           1.738   Prob(JB):                    3.02e-241
Kurtosis:                       7.266   Cond. No.                         31.8
==============================================================================

Warnings:
[1] Standard Errors assume that the covariance matrix of the errors is correctly specified.



[1, 8]
                            OLS Regression Results                            
==============================================================================
Dep. Variable:                      y   R-squared:                       0.050
Model:                            OLS   Adj. R-squared:                  0.048
Method:                 Least Squares   F-statistic:                     23.23
Date:                Mon, 03 Dec 2018   Prob (F-statistic):           1.47e-10
Time:                        19:11:48   Log-Likelihood:                -10875.
No. Observations:                 878   AIC:                         2.176e+04
Df Residuals:                     875   BIC:                         2.177e+04
Df Model:                           2                                         
Covariance Type:            nonrobust                                         
==============================================================================
                 coef    std err          t      P>|t|      [0.025      0.975]
------------------------------------------------------------------------------
const       4.059e+04   3687.119     11.008      0.000    3.34e+04    4.78e+04
x1          1097.4336    176.757      6.209      0.000     750.517    1444.350
x2         -1.757e+04   4559.935     -3.852      0.000   -2.65e+04   -8617.182
==============================================================================
Omnibus:                      375.695   Durbin-Watson:                   1.916
Prob(Omnibus):                  0.000   Jarque-Bera (JB):             1710.698
Skew:                           1.979   Prob(JB):                         0.00
Kurtosis:                       8.577   Cond. No.                         47.4
==============================================================================

Warnings:
[1] Standard Errors assume that the covariance matrix of the errors is correctly specified.



[3, 4]
                            OLS Regression Results                            
==============================================================================
Dep. Variable:                      y   R-squared:                       0.046
Model:                            OLS   Adj. R-squared:                  0.044
Method:                 Least Squares   F-statistic:                     21.28
Date:                Mon, 03 Dec 2018   Prob (F-statistic):           9.42e-10
Time:                        19:11:48   Log-Likelihood:                -10877.
No. Observations:                 878   AIC:                         2.176e+04
Df Residuals:                     875   BIC:                         2.177e+04
Df Model:                           2                                         
Covariance Type:            nonrobust                                         
==============================================================================
                 coef    std err          t      P>|t|      [0.025      0.975]
------------------------------------------------------------------------------
const       4.589e+04   3114.364     14.735      0.000    3.98e+04     5.2e+04
x1          -642.0095    123.961     -5.179      0.000    -885.306    -398.713
x2          8118.7201   1501.657      5.407      0.000    5171.449    1.11e+04
==============================================================================
Omnibus:                      307.607   Durbin-Watson:                   1.904
Prob(Omnibus):                  0.000   Jarque-Bera (JB):             1030.546
Skew:                           1.700   Prob(JB):                    1.66e-224
Kurtosis:                       7.076   Cond. No.                         38.4
==============================================================================

Warnings:
[1] Standard Errors assume that the covariance matrix of the errors is correctly specified.



[3, 5]
                            OLS Regression Results                            
==============================================================================
Dep. Variable:                      y   R-squared:                       0.104
Model:                            OLS   Adj. R-squared:                  0.102
Method:                 Least Squares   F-statistic:                     50.91
Date:                Mon, 03 Dec 2018   Prob (F-statistic):           1.21e-21
Time:                        19:11:48   Log-Likelihood:                -10850.
No. Observations:                 878   AIC:                         2.171e+04
Df Residuals:                     875   BIC:                         2.172e+04
Df Model:                           2                                         
Covariance Type:            nonrobust                                         
==============================================================================
                 coef    std err          t      P>|t|      [0.025      0.975]
------------------------------------------------------------------------------
const       1.781e+04   4673.720      3.812      0.000    8641.763     2.7e+04
x1          -468.2812    114.010     -4.107      0.000    -692.046    -244.516
x2          1.922e+04   2053.463      9.361      0.000    1.52e+04    2.33e+04
==============================================================================
Omnibus:                      309.033   Durbin-Watson:                   1.894
Prob(Omnibus):                  0.000   Jarque-Bera (JB):             1097.024
Skew:                           1.681   Prob(JB):                    6.09e-239
Kurtosis:                       7.323   Cond. No.                         61.6
==============================================================================

Warnings:
[1] Standard Errors assume that the covariance matrix of the errors is correctly specified.



[4, 8]
                            OLS Regression Results                            
==============================================================================
Dep. Variable:                      y   R-squared:                       0.118
Model:                            OLS   Adj. R-squared:                  0.116
Method:                 Least Squares   F-statistic:                     58.57
Date:                Mon, 03 Dec 2018   Prob (F-statistic):           1.34e-24
Time:                        19:11:48   Log-Likelihood:                -10843.
No. Observations:                 878   AIC:                         2.169e+04
Df Residuals:                     875   BIC:                         2.171e+04
Df Model:                           2                                         
Covariance Type:            nonrobust                                         
==============================================================================
                 coef    std err          t      P>|t|      [0.025      0.975]
------------------------------------------------------------------------------
const       5.134e+04   2965.119     17.314      0.000    4.55e+04    5.72e+04
x1          2.315e+04   2221.252     10.422      0.000    1.88e+04    2.75e+04
x2         -7.023e+04   7018.858    -10.006      0.000    -8.4e+04   -5.65e+04
==============================================================================
Omnibus:                      296.873   Durbin-Watson:                   1.922
Prob(Omnibus):                  0.000   Jarque-Bera (JB):              950.723
Skew:                           1.656   Prob(JB):                    3.57e-207
Kurtosis:                       6.876   Cond. No.                         8.54
==============================================================================

Warnings:
[1] Standard Errors assume that the covariance matrix of the errors is correctly specified.



[5, 8]
                            OLS Regression Results                            
==============================================================================
Dep. Variable:                      y   R-squared:                       0.098
Model:                            OLS   Adj. R-squared:                  0.096
Method:                 Least Squares   F-statistic:                     47.45
Date:                Mon, 03 Dec 2018   Prob (F-statistic):           2.72e-20
Time:                        19:11:48   Log-Likelihood:                -10853.
No. Observations:                 878   AIC:                         2.171e+04
Df Residuals:                     875   BIC:                         2.173e+04
Df Model:                           2                                         
Covariance Type:            nonrobust                                         
==============================================================================
                 coef    std err          t      P>|t|      [0.025      0.975]
------------------------------------------------------------------------------
const       1.767e+04   4857.283      3.637      0.000    8134.887    2.72e+04
x1          1.918e+04   2060.974      9.304      0.000    1.51e+04    2.32e+04
x2         -1.423e+04   4380.075     -3.248      0.001   -2.28e+04   -5629.477
==============================================================================
Omnibus:                      318.114   Durbin-Watson:                   1.881
Prob(Omnibus):                  0.000   Jarque-Bera (JB):             1142.628
Skew:                           1.731   Prob(JB):                    7.61e-249
Kurtosis:                       7.387   Cond. No.                         7.03
==============================================================================

Warnings:
[1] Standard Errors assume that the covariance matrix of the errors is correctly specified.



[1, 3, 4]
                            OLS Regression Results                            
==============================================================================
Dep. Variable:                      y   R-squared:                       0.067
Model:                            OLS   Adj. R-squared:                  0.064
Method:                 Least Squares   F-statistic:                     20.87
Date:                Mon, 03 Dec 2018   Prob (F-statistic):           4.62e-13
Time:                        19:11:49   Log-Likelihood:                -10868.
No. Observations:                 878   AIC:                         2.174e+04
Df Residuals:                     874   BIC:                         2.176e+04
Df Model:                           3                                         
Covariance Type:            nonrobust                                         
==============================================================================
                 coef    std err          t      P>|t|      [0.025      0.975]
------------------------------------------------------------------------------
const       3.684e+04   3712.642      9.922      0.000    2.95e+04    4.41e+04
x1           785.6757    179.574      4.375      0.000     433.230    1138.122
x2          -598.7724    123.093     -4.864      0.000    -840.365    -357.180
x3          6259.3852   1545.887      4.049      0.000    3225.301    9293.470
==============================================================================
Omnibus:                      308.528   Durbin-Watson:                   1.930
Prob(Omnibus):                  0.000   Jarque-Bera (JB):             1055.791
Skew:                           1.695   Prob(JB):                    5.47e-230
Kurtosis:                       7.167   Cond. No.                         50.7
==============================================================================

Warnings:
[1] Standard Errors assume that the covariance matrix of the errors is correctly specified.



[1, 3, 5]
                            OLS Regression Results                            
==============================================================================
Dep. Variable:                      y   R-squared:                       0.115
Model:                            OLS   Adj. R-squared:                  0.112
Method:                 Least Squares   F-statistic:                     37.70
Date:                Mon, 03 Dec 2018   Prob (F-statistic):           6.47e-23
Time:                        19:11:49   Log-Likelihood:                -10845.
No. Observations:                 878   AIC:                         2.170e+04
Df Residuals:                     874   BIC:                         2.172e+04
Df Model:                           3                                         
Covariance Type:            nonrobust                                         
==============================================================================
                 coef    std err          t      P>|t|      [0.025      0.975]
------------------------------------------------------------------------------
const       1.386e+04   4811.273      2.881      0.004    4417.295    2.33e+04
x1           563.0114    176.229      3.195      0.001     217.131     908.892
x2          -468.0601    113.415     -4.127      0.000    -690.657    -245.463
x3          1.718e+04   2140.504      8.026      0.000     1.3e+04    2.14e+04
==============================================================================
Omnibus:                      311.207   Durbin-Watson:                   1.916
Prob(Omnibus):                  0.000   Jarque-Bera (JB):             1122.011
Skew:                           1.687   Prob(JB):                    2.28e-244
Kurtosis:                       7.392   Cond. No.                         70.4
==============================================================================

Warnings:
[1] Standard Errors assume that the covariance matrix of the errors is correctly specified.



[1, 3, 8]
                            OLS Regression Results                            
==============================================================================
Dep. Variable:                      y   R-squared:                       0.057
Model:                            OLS   Adj. R-squared:                  0.053
Method:                 Least Squares   F-statistic:                     17.50
Date:                Mon, 03 Dec 2018   Prob (F-statistic):           4.89e-11
Time:                        19:11:49   Log-Likelihood:                -10872.
No. Observations:                 878   AIC:                         2.175e+04
Df Residuals:                     874   BIC:                         2.177e+04
Df Model:                           3                                         
Covariance Type:            nonrobust                                         
==============================================================================
                 coef    std err          t      P>|t|      [0.025      0.975]
------------------------------------------------------------------------------
const       4.354e+04   3877.378     11.230      0.000    3.59e+04    5.12e+04
x1          1070.5445    176.632      6.061      0.000     723.871    1417.218
x2          -305.6407    127.276     -2.401      0.017    -555.443     -55.838
x3         -1.289e+04   4947.222     -2.605      0.009   -2.26e+04   -3179.156
==============================================================================
Omnibus:                      378.982   Durbin-Watson:                   1.920
Prob(Omnibus):                  0.000   Jarque-Bera (JB):             1791.240
Skew:                           1.982   Prob(JB):                         0.00
Kurtosis:                       8.766   Cond. No.                         71.2
==============================================================================

Warnings:
[1] Standard Errors assume that the covariance matrix of the errors is correctly specified.



[1, 4, 8]
                            OLS Regression Results                            
==============================================================================
Dep. Variable:                      y   R-squared:                       0.137
Model:                            OLS   Adj. R-squared:                  0.134
Method:                 Least Squares   F-statistic:                     46.34
Date:                Mon, 03 Dec 2018   Prob (F-statistic):           8.48e-28
Time:                        19:11:49   Log-Likelihood:                -10833.
No. Observations:                 878   AIC:                         2.167e+04
Df Residuals:                     874   BIC:                         2.169e+04
Df Model:                           3                                         
Covariance Type:            nonrobust                                         
==============================================================================
                 coef    std err          t      P>|t|      [0.025      0.975]
------------------------------------------------------------------------------
const       4.274e+04   3524.026     12.128      0.000    3.58e+04    4.97e+04
x1           759.5835    172.386      4.406      0.000     421.244    1097.923
x2          2.108e+04   2247.877      9.378      0.000    1.67e+04    2.55e+04
x3         -6.849e+04   6957.335     -9.845      0.000   -8.21e+04   -5.48e+04
==============================================================================
Omnibus:                      291.782   Durbin-Watson:                   1.948
Prob(Omnibus):                  0.000   Jarque-Bera (JB):              915.476
Skew:                           1.634   Prob(JB):                    1.61e-199
Kurtosis:                       6.787   Cond. No.                         70.4
==============================================================================

Warnings:
[1] Standard Errors assume that the covariance matrix of the errors is correctly specified.



[1, 5, 8]
                            OLS Regression Results                            
==============================================================================
Dep. Variable:                      y   R-squared:                       0.113
Model:                            OLS   Adj. R-squared:                  0.110
Method:                 Least Squares   F-statistic:                     36.95
Date:                Mon, 03 Dec 2018   Prob (F-statistic):           1.73e-22
Time:                        19:11:49   Log-Likelihood:                -10846.
No. Observations:                 878   AIC:                         2.170e+04
Df Residuals:                     874   BIC:                         2.172e+04
Df Model:                           3                                         
Covariance Type:            nonrobust                                         
==============================================================================
                 coef    std err          t      P>|t|      [0.025      0.975]
------------------------------------------------------------------------------
const       1.429e+04   4901.192      2.916      0.004    4671.994    2.39e+04
x1           681.6137    179.047      3.807      0.000     330.202    1033.026
x2          1.675e+04   2141.838      7.822      0.000    1.26e+04     2.1e+04
x3         -1.709e+04   4411.178     -3.874      0.000   -2.57e+04   -8429.366
==============================================================================
Omnibus:                      324.998   Durbin-Watson:                   1.908
Prob(Omnibus):                  0.000   Jarque-Bera (JB):             1205.044
Skew:                           1.759   Prob(JB):                    2.13e-262
Kurtosis:                       7.535   Cond. No.                         53.6
==============================================================================

Warnings:
[1] Standard Errors assume that the covariance matrix of the errors is correctly specified.



[3, 4, 5]
                            OLS Regression Results                            
==============================================================================
Dep. Variable:                      y   R-squared:                       0.109
Model:                            OLS   Adj. R-squared:                  0.106
Method:                 Least Squares   F-statistic:                     35.78
Date:                Mon, 03 Dec 2018   Prob (F-statistic):           8.12e-22
Time:                        19:11:49   Log-Likelihood:                -10847.
No. Observations:                 878   AIC:                         2.170e+04
Df Residuals:                     874   BIC:                         2.172e+04
Df Model:                           3                                         
Covariance Type:            nonrobust                                         
==============================================================================
                 coef    std err          t      P>|t|      [0.025      0.975]
------------------------------------------------------------------------------
const        1.79e+04   4663.067      3.838      0.000    8744.056     2.7e+04
x1          -556.7203    120.355     -4.626      0.000    -792.939    -320.502
x2          3519.8231   1565.413      2.248      0.025     447.416    6592.230
x3          1.737e+04   2208.685      7.863      0.000     1.3e+04    2.17e+04
==============================================================================
Omnibus:                      287.292   Durbin-Watson:                   1.903
Prob(Omnibus):                  0.000   Jarque-Bera (JB):              929.441
Skew:                           1.592   Prob(JB):                    1.49e-202
Kurtosis:                       6.908   Cond. No.                         61.9
==============================================================================

Warnings:
[1] Standard Errors assume that the covariance matrix of the errors is correctly specified.



[3, 4, 8]
                            OLS Regression Results                            
==============================================================================
Dep. Variable:                      y   R-squared:                       0.128
Model:                            OLS   Adj. R-squared:                  0.125
Method:                 Least Squares   F-statistic:                     42.64
Date:                Mon, 03 Dec 2018   Prob (F-statistic):           1.02e-25
Time:                        19:11:49   Log-Likelihood:                -10838.
No. Observations:                 878   AIC:                         2.168e+04
Df Residuals:                     874   BIC:                         2.170e+04
Df Model:                           3                                         
Covariance Type:            nonrobust                                         
==============================================================================
                 coef    std err          t      P>|t|      [0.025      0.975]
------------------------------------------------------------------------------
const        5.46e+04   3132.938     17.429      0.000    4.85e+04    6.08e+04
x1          -378.6275    122.168     -3.099      0.002    -618.403    -138.852
x2          2.328e+04   2210.797     10.529      0.000    1.89e+04    2.76e+04
x3         -6.491e+04   7192.911     -9.024      0.000    -7.9e+04   -5.08e+04
==============================================================================
Omnibus:                      291.685   Durbin-Watson:                   1.926
Prob(Omnibus):                  0.000   Jarque-Bera (JB):              917.673
Skew:                           1.632   Prob(JB):                    5.37e-200
Kurtosis:                       6.799   Cond. No.                         93.4
==============================================================================

Warnings:
[1] Standard Errors assume that the covariance matrix of the errors is correctly specified.



[3, 5, 8]
                            OLS Regression Results                            
==============================================================================
Dep. Variable:                      y   R-squared:                       0.108
Model:                            OLS   Adj. R-squared:                  0.105
Method:                 Least Squares   F-statistic:                     35.12
Date:                Mon, 03 Dec 2018   Prob (F-statistic):           1.96e-21
Time:                        19:11:49   Log-Likelihood:                -10848.
No. Observations:                 878   AIC:                         2.170e+04
Df Residuals:                     874   BIC:                         2.172e+04
Df Model:                           3                                         
Covariance Type:            nonrobust                                         
==============================================================================
                 coef    std err          t      P>|t|      [0.025      0.975]
------------------------------------------------------------------------------
const        2.07e+04   4932.243      4.196      0.000     1.1e+04    3.04e+04
x1          -381.4744    123.577     -3.087      0.002    -624.018    -138.931
x2          1.932e+04   2051.552      9.418      0.000    1.53e+04    2.33e+04
x3         -8550.4943   4730.789     -1.807      0.071   -1.78e+04     734.539
==============================================================================
Omnibus:                      317.548   Durbin-Watson:                   1.891
Prob(Omnibus):                  0.000   Jarque-Bera (JB):             1155.864
Skew:                           1.721   Prob(JB):                    1.02e-251
Kurtosis:                       7.443   Cond. No.                         70.2
==============================================================================

Warnings:
[1] Standard Errors assume that the covariance matrix of the errors is correctly specified.



[4, 5, 8]
                            OLS Regression Results                            
==============================================================================
Dep. Variable:                      y   R-squared:                       0.138
Model:                            OLS   Adj. R-squared:                  0.135
Method:                 Least Squares   F-statistic:                     46.69
Date:                Mon, 03 Dec 2018   Prob (F-statistic):           5.44e-28
Time:                        19:11:50   Log-Likelihood:                -10833.
No. Observations:                 878   AIC:                         2.167e+04
Df Residuals:                     874   BIC:                         2.169e+04
Df Model:                           3                                         
Covariance Type:            nonrobust                                         
==============================================================================
                 coef    std err          t      P>|t|      [0.025      0.975]
------------------------------------------------------------------------------
const       3.177e+04   5237.828      6.066      0.000    2.15e+04    4.21e+04
x1          1.673e+04   2617.927      6.391      0.000    1.16e+04    2.19e+04
x2          1.083e+04   2401.638      4.509      0.000    6115.612    1.55e+04
x3         -5.516e+04   7705.262     -7.159      0.000   -7.03e+04      -4e+04
==============================================================================
Omnibus:                      286.519   Durbin-Watson:                   1.912
Prob(Omnibus):                  0.000   Jarque-Bera (JB):              909.570
Skew:                           1.596   Prob(JB):                    3.09e-198
Kurtosis:                       6.831   Cond. No.                         13.7
==============================================================================

Warnings:
[1] Standard Errors assume that the covariance matrix of the errors is correctly specified.



[1, 3, 4, 5]
                            OLS Regression Results                            
==============================================================================
Dep. Variable:                      y   R-squared:                       0.117
Model:                            OLS   Adj. R-squared:                  0.113
Method:                 Least Squares   F-statistic:                     29.06
Date:                Mon, 03 Dec 2018   Prob (F-statistic):           1.06e-22
Time:                        19:11:52   Log-Likelihood:                -10843.
No. Observations:                 878   AIC:                         2.170e+04
Df Residuals:                     873   BIC:                         2.172e+04
Df Model:                           4                                         
Covariance Type:            nonrobust                                         
==============================================================================
                 coef    std err          t      P>|t|      [0.025      0.975]
------------------------------------------------------------------------------
const       1.432e+04   4813.618      2.974      0.003    4868.638    2.38e+04
x1           506.9574    179.113      2.830      0.005     155.416     858.499
x2          -535.7121    120.105     -4.460      0.000    -771.440    -299.984
x3          2691.6329   1586.390      1.697      0.090    -421.952    5805.218
x4          1.596e+04   2255.036      7.079      0.000    1.15e+04    2.04e+04
==============================================================================
Omnibus:                      292.575   Durbin-Watson:                   1.921
Prob(Omnibus):                  0.000   Jarque-Bera (JB):              970.812
Skew:                           1.612   Prob(JB):                    1.55e-211
Kurtosis:                       7.018   Cond. No.                         70.9
==============================================================================

Warnings:
[1] Standard Errors assume that the covariance matrix of the errors is correctly specified.



[1, 3, 4, 8]
                            OLS Regression Results                            
==============================================================================
Dep. Variable:                      y   R-squared:                       0.145
Model:                            OLS   Adj. R-squared:                  0.141
Method:                 Least Squares   F-statistic:                     37.04
Date:                Mon, 03 Dec 2018   Prob (F-statistic):           1.23e-28
Time:                        19:11:52   Log-Likelihood:                -10829.
No. Observations:                 878   AIC:                         2.167e+04
Df Residuals:                     873   BIC:                         2.169e+04
Df Model:                           4                                         
Covariance Type:            nonrobust                                         
==============================================================================
                 coef    std err          t      P>|t|      [0.025      0.975]
------------------------------------------------------------------------------
const       4.608e+04   3702.915     12.444      0.000    3.88e+04    5.33e+04
x1           726.0425    172.107      4.219      0.000     388.251    1063.834
x2          -343.4030    121.298     -2.831      0.005    -581.473    -105.333
x3          2.129e+04   2240.112      9.503      0.000    1.69e+04    2.57e+04
x4         -6.374e+04   7130.134     -8.939      0.000   -7.77e+04   -4.97e+04
==============================================================================
Omnibus:                      286.303   Durbin-Watson:                   1.952
Prob(Omnibus):                  0.000   Jarque-Bera (JB):              880.445
Skew:                           1.610   Prob(JB):                    6.51e-192
Kurtosis:                       6.701   Cond. No.                         105.
==============================================================================

Warnings:
[1] Standard Errors assume that the covariance matrix of the errors is correctly specified.



[1, 3, 5, 8]
                            OLS Regression Results                            
==============================================================================
Dep. Variable:                      y   R-squared:                       0.121
Model:                            OLS   Adj. R-squared:                  0.117
Method:                 Least Squares   F-statistic:                     29.95
Date:                Mon, 03 Dec 2018   Prob (F-statistic):           2.27e-23
Time:                        19:11:52   Log-Likelihood:                -10842.
No. Observations:                 878   AIC:                         2.169e+04
Df Residuals:                     873   BIC:                         2.172e+04
Df Model:                           4                                         
Covariance Type:            nonrobust                                         
==============================================================================
                 coef    std err          t      P>|t|      [0.025      0.975]
------------------------------------------------------------------------------
const       1.724e+04   4991.516      3.455      0.001    7447.540     2.7e+04
x1           644.3106    178.816      3.603      0.000     293.352     995.270
x2          -348.8357    123.073     -2.834      0.005    -590.389    -107.283
x3          1.702e+04   2135.342      7.971      0.000    1.28e+04    2.12e+04
x4         -1.174e+04   4781.364     -2.455      0.014   -2.11e+04   -2356.161
==============================================================================
Omnibus:                      324.121   Durbin-Watson:                   1.916
Prob(Omnibus):                  0.000   Jarque-Bera (JB):             1216.645
Skew:                           1.748   Prob(JB):                    6.44e-265
Kurtosis:                       7.587   Cond. No.                         78.9
==============================================================================

Warnings:
[1] Standard Errors assume that the covariance matrix of the errors is correctly specified.



[1, 4, 5, 8]
                            OLS Regression Results                            
==============================================================================
Dep. Variable:                      y   R-squared:                       0.150
Model:                            OLS   Adj. R-squared:                  0.146
Method:                 Least Squares   F-statistic:                     38.56
Date:                Mon, 03 Dec 2018   Prob (F-statistic):           9.64e-30
Time:                        19:11:52   Log-Likelihood:                -10827.
No. Observations:                 878   AIC:                         2.166e+04
Df Residuals:                     873   BIC:                         2.169e+04
Df Model:                           4                                         
Covariance Type:            nonrobust                                         
==============================================================================
                 coef    std err          t      P>|t|      [0.025      0.975]
------------------------------------------------------------------------------
const       2.826e+04   5299.462      5.332      0.000    1.79e+04    3.87e+04
x1           616.8648    175.625      3.512      0.000     272.168     961.562
x2          1.619e+04   2605.704      6.213      0.000    1.11e+04    2.13e+04
x3          8909.3618   2448.017      3.639      0.000    4104.675    1.37e+04
x4         -5.642e+04   7664.175     -7.362      0.000   -7.15e+04   -4.14e+04
==============================================================================
Omnibus:                      287.323   Durbin-Watson:                   1.936
Prob(Omnibus):                  0.000   Jarque-Bera (JB):              910.299
Skew:                           1.602   Prob(JB):                    2.14e-198
Kurtosis:                       6.824   Cond. No.                         85.4
==============================================================================

Warnings:
[1] Standard Errors assume that the covariance matrix of the errors is correctly specified.



[3, 4, 5, 8]
                            OLS Regression Results                            
==============================================================================
Dep. Variable:                      y   R-squared:                       0.148
Model:                            OLS   Adj. R-squared:                  0.144
Method:                 Least Squares   F-statistic:                     37.96
Date:                Mon, 03 Dec 2018   Prob (F-statistic):           2.64e-29
Time:                        19:11:53   Log-Likelihood:                -10828.
No. Observations:                 878   AIC:                         2.167e+04
Df Residuals:                     873   BIC:                         2.169e+04
Df Model:                           4                                         
Covariance Type:            nonrobust                                         
==============================================================================
                 coef    std err          t      P>|t|      [0.025      0.975]
------------------------------------------------------------------------------
const       3.489e+04   5300.650      6.583      0.000    2.45e+04    4.53e+04
x1          -387.1765    120.808     -3.205      0.001    -624.285    -150.068
x2          1.679e+04   2604.221      6.448      0.000    1.17e+04    2.19e+04
x3          1.095e+04   2389.285      4.582      0.000    6258.113    1.56e+04
x4         -4.955e+04   7862.129     -6.302      0.000    -6.5e+04   -3.41e+04
==============================================================================
Omnibus:                      280.909   Durbin-Watson:                   1.920
Prob(Omnibus):                  0.000   Jarque-Bera (JB):              873.530
Skew:                           1.571   Prob(JB):                    2.07e-190
Kurtosis:                       6.742   Cond. No.                         112.
==============================================================================

Warnings:
[1] Standard Errors assume that the covariance matrix of the errors is correctly specified.



[0, 1, 3, 4, 8]
                            OLS Regression Results                            
==============================================================================
Dep. Variable:                      y   R-squared:                       0.191
Model:                            OLS   Adj. R-squared:                  0.186
Method:                 Least Squares   F-statistic:                     41.08
Date:                Mon, 03 Dec 2018   Prob (F-statistic):           5.12e-38
Time:                        19:11:54   Log-Likelihood:                -10805.
No. Observations:                 878   AIC:                         2.162e+04
Df Residuals:                     872   BIC:                         2.165e+04
Df Model:                           5                                         
Covariance Type:            nonrobust                                         
==============================================================================
                 coef    std err          t      P>|t|      [0.025      0.975]
------------------------------------------------------------------------------
const       1.078e+04   6195.210      1.740      0.082   -1382.430    2.29e+04
x1           1.31e+04   1870.031      7.007      0.000    9433.026    1.68e+04
x2           365.6138    175.271      2.086      0.037      21.611     709.616
x3          -347.7030    118.090     -2.944      0.003    -579.477    -115.929
x4          6580.2055   3026.853      2.174      0.030     639.436    1.25e+04
x5         -1.864e+04   9465.849     -1.970      0.049   -3.72e+04     -65.958
==============================================================================
Omnibus:                      285.113   Durbin-Watson:                   1.935
Prob(Omnibus):                  0.000   Jarque-Bera (JB):              883.620
Skew:                           1.599   Prob(JB):                    1.33e-192
Kurtosis:                       6.732   Cond. No.                         160.
==============================================================================

Warnings:
[1] Standard Errors assume that the covariance matrix of the errors is correctly specified.



[1, 3, 4, 5, 8]
                            OLS Regression Results                            
==============================================================================
Dep. Variable:                      y   R-squared:                       0.159
Model:                            OLS   Adj. R-squared:                  0.154
Method:                 Least Squares   F-statistic:                     32.88
Date:                Mon, 03 Dec 2018   Prob (F-statistic):           8.65e-31
Time:                        19:11:58   Log-Likelihood:                -10822.
No. Observations:                 878   AIC:                         2.166e+04
Df Residuals:                     872   BIC:                         2.169e+04
Df Model:                           5                                         
Covariance Type:            nonrobust                                         
==============================================================================
                 coef    std err          t      P>|t|      [0.025      0.975]
------------------------------------------------------------------------------
const       3.136e+04   5378.576      5.831      0.000    2.08e+04    4.19e+04
x1           578.2509    175.327      3.298      0.001     234.139     922.363
x2          -357.7098    120.462     -2.969      0.003    -594.139    -121.280
x3          1.628e+04   2594.293      6.275      0.000    1.12e+04    2.14e+04
x4          9138.8050   2438.354      3.748      0.000    4353.077    1.39e+04
x5         -5.116e+04   7833.223     -6.531      0.000   -6.65e+04   -3.58e+04
==============================================================================
Omnibus:                      281.509   Durbin-Watson:                   1.941
Prob(Omnibus):                  0.000   Jarque-Bera (JB):              872.816
Skew:                           1.577   Prob(JB):                    2.95e-190
Kurtosis:                       6.730   Cond. No.                         126.
==============================================================================

Warnings:
[1] Standard Errors assume that the covariance matrix of the errors is correctly specified.



