[0, 1, 3, 5, 8, 9]
                            OLS Regression Results                            
==============================================================================
Dep. Variable:                      y   R-squared:                       0.155
Model:                            OLS   Adj. R-squared:                  0.153
Method:                 Least Squares   F-statistic:                     81.55
Date:                Tue, 04 Dec 2018   Prob (F-statistic):           6.08e-94
Time:                        10:38:46   Log-Likelihood:                -31871.
No. Observations:                2672   AIC:                         6.376e+04
Df Residuals:                    2665   BIC:                         6.380e+04
Df Model:                           6                                         
Covariance Type:            nonrobust                                         
==============================================================================
                 coef    std err          t      P>|t|      [0.025      0.975]
------------------------------------------------------------------------------
const       1004.0929   2062.709      0.487      0.626   -3040.579    5048.765
x1          1.024e+04   1057.928      9.682      0.000    8168.099    1.23e+04
x2           335.0563     86.588      3.870      0.000     165.270     504.842
x3           -96.5167     47.842     -2.017      0.044    -190.329      -2.705
x4          2186.5728   1784.829      1.225      0.221   -1313.217    5686.362
x5           472.9268   1904.956      0.248      0.804   -3262.416    4208.269
x6         -1515.8781   2489.975     -0.609      0.543   -6398.356    3366.600
==============================================================================
Omnibus:                     1815.672   Durbin-Watson:                   1.947
Prob(Omnibus):                  0.000   Jarque-Bera (JB):            33349.362
Skew:                           2.980   Prob(JB):                         0.00
Kurtosis:                      19.249   Cond. No.                         124.
==============================================================================

Warnings:
[1] Standard Errors assume that the covariance matrix of the errors is correctly specified.



[0, 1, 3, 5, 9]
                            OLS Regression Results                            
==============================================================================
Dep. Variable:                      y   R-squared:                       0.155
Model:                            OLS   Adj. R-squared:                  0.154
Method:                 Least Squares   F-statistic:                     97.89
Date:                Tue, 04 Dec 2018   Prob (F-statistic):           6.02e-95
Time:                        10:38:46   Log-Likelihood:                -31871.
No. Observations:                2672   AIC:                         6.375e+04
Df Residuals:                    2666   BIC:                         6.379e+04
Df Model:                           5                                         
Covariance Type:            nonrobust                                         
==============================================================================
                 coef    std err          t      P>|t|      [0.025      0.975]
------------------------------------------------------------------------------
const       1273.0031   1755.111      0.725      0.468   -2168.515    4714.521
x1          1.018e+04   1031.277      9.875      0.000    8161.976    1.22e+04
x2           339.1334     85.001      3.990      0.000     172.459     505.808
x3           -96.2651     47.823     -2.013      0.044    -190.040      -2.491
x4          2217.9379   1780.038      1.246      0.213   -1272.458    5708.334
x5         -1328.2231   2372.055     -0.560      0.576   -5979.476    3323.030
==============================================================================
Omnibus:                     1816.602   Durbin-Watson:                   1.946
Prob(Omnibus):                  0.000   Jarque-Bera (JB):            33376.354
Skew:                           2.982   Prob(JB):                         0.00
Kurtosis:                      19.255   Cond. No.                         107.
==============================================================================

Warnings:
[1] Standard Errors assume that the covariance matrix of the errors is correctly specified.



[0, 1, 3, 5, 8]
                            OLS Regression Results                            
==============================================================================
Dep. Variable:                      y   R-squared:                       0.155
Model:                            OLS   Adj. R-squared:                  0.153
Method:                 Least Squares   F-statistic:                     97.81
Date:                Tue, 04 Dec 2018   Prob (F-statistic):           7.02e-95
Time:                        10:38:46   Log-Likelihood:                -31871.
No. Observations:                2672   AIC:                         6.375e+04
Df Residuals:                    2666   BIC:                         6.379e+04
Df Model:                           5                                         
Covariance Type:            nonrobust                                         
==============================================================================
                 coef    std err          t      P>|t|      [0.025      0.975]
------------------------------------------------------------------------------
const       1131.5837   2051.809      0.552      0.581   -2891.714    5154.881
x1          1.026e+04   1057.425      9.703      0.000    8186.317    1.23e+04
x2           336.6455     86.538      3.890      0.000     166.957     506.334
x3          -117.1350     33.788     -3.467      0.001    -183.388     -50.882
x4          2168.5617   1784.373      1.215      0.224   -1330.333    5667.457
x5           120.8717   1814.847      0.067      0.947   -3437.778    3679.521
==============================================================================
Omnibus:                     1815.786   Durbin-Watson:                   1.946
Prob(Omnibus):                  0.000   Jarque-Bera (JB):            33271.923
Skew:                           2.981   Prob(JB):                         0.00
Kurtosis:                      19.227   Cond. No.                         112.
==============================================================================

Warnings:
[1] Standard Errors assume that the covariance matrix of the errors is correctly specified.



[0, 1, 3, 8, 9]
                            OLS Regression Results                            
==============================================================================
Dep. Variable:                      y   R-squared:                       0.155
Model:                            OLS   Adj. R-squared:                  0.153
Method:                 Least Squares   F-statistic:                     97.55
Date:                Tue, 04 Dec 2018   Prob (F-statistic):           1.23e-94
Time:                        10:38:46   Log-Likelihood:                -31872.
No. Observations:                2672   AIC:                         6.376e+04
Df Residuals:                    2666   BIC:                         6.379e+04
Df Model:                           5                                         
Covariance Type:            nonrobust                                         
==============================================================================
                 coef    std err          t      P>|t|      [0.025      0.975]
------------------------------------------------------------------------------
const       2050.5404   1877.713      1.092      0.275   -1631.380    5732.461
x1          1.124e+04    678.417     16.564      0.000    9906.816    1.26e+04
x2           343.4682     86.323      3.979      0.000     174.201     512.735
x3           -97.0759     47.845     -2.029      0.043    -190.893      -3.259
x4           638.1209   1900.356      0.336      0.737   -3088.201    4364.443
x5         -1465.3147   2489.866     -0.589      0.556   -6347.580    3416.951
==============================================================================
Omnibus:                     1814.400   Durbin-Watson:                   1.948
Prob(Omnibus):                  0.000   Jarque-Bera (JB):            33096.696
Skew:                           2.979   Prob(JB):                         0.00
Kurtosis:                      19.179   Cond. No.                         123.
==============================================================================

Warnings:
[1] Standard Errors assume that the covariance matrix of the errors is correctly specified.



[0, 1, 5, 8, 9]
                            OLS Regression Results                            
==============================================================================
Dep. Variable:                      y   R-squared:                       0.154
Model:                            OLS   Adj. R-squared:                  0.152
Method:                 Least Squares   F-statistic:                     96.94
Date:                Tue, 04 Dec 2018   Prob (F-statistic):           4.41e-94
Time:                        10:38:46   Log-Likelihood:                -31873.
No. Observations:                2672   AIC:                         6.376e+04
Df Residuals:                    2666   BIC:                         6.379e+04
Df Model:                           5                                         
Covariance Type:            nonrobust                                         
==============================================================================
                 coef    std err          t      P>|t|      [0.025      0.975]
------------------------------------------------------------------------------
const        205.9440   2025.576      0.102      0.919   -3765.916    4177.804
x1          1.022e+04   1058.455      9.652      0.000    8140.434    1.23e+04
x2           338.7936     86.618      3.911      0.000     168.949     508.638
x3          2220.9294   1785.775      1.244      0.214   -1280.715    5722.573
x4           391.5305   1905.625      0.205      0.837   -3345.123    4128.184
x5         -5071.8203   1759.717     -2.882      0.004   -8522.368   -1621.272
==============================================================================
Omnibus:                     1813.483   Durbin-Watson:                   1.947
Prob(Omnibus):                  0.000   Jarque-Bera (JB):            33226.752
Skew:                           2.975   Prob(JB):                         0.00
Kurtosis:                      19.218   Cond. No.                         47.1
==============================================================================

Warnings:
[1] Standard Errors assume that the covariance matrix of the errors is correctly specified.



[0, 3, 5, 8, 9]
                            OLS Regression Results                            
==============================================================================
Dep. Variable:                      y   R-squared:                       0.150
Model:                            OLS   Adj. R-squared:                  0.149
Method:                 Least Squares   F-statistic:                     94.37
Date:                Tue, 04 Dec 2018   Prob (F-statistic):           9.76e-92
Time:                        10:38:46   Log-Likelihood:                -31878.
No. Observations:                2672   AIC:                         6.377e+04
Df Residuals:                    2666   BIC:                         6.380e+04
Df Model:                           5                                         
Covariance Type:            nonrobust                                         
==============================================================================
                 coef    std err          t      P>|t|      [0.025      0.975]
------------------------------------------------------------------------------
const       1111.8012   2067.919      0.538      0.591   -2943.087    5166.689
x1          1.114e+04   1034.644     10.771      0.000    9115.500    1.32e+04
x2          -100.4775     47.957     -2.095      0.036    -194.514      -6.441
x3          2734.2535   1783.865      1.533      0.125    -763.645    6232.152
x4          1871.0164   1875.274      0.998      0.319   -1806.123    5548.156
x5         -1806.3550   2495.357     -0.724      0.469   -6699.386    3086.676
==============================================================================
Omnibus:                     1836.098   Durbin-Watson:                   1.946
Prob(Omnibus):                  0.000   Jarque-Bera (JB):            35294.035
Skew:                           3.010   Prob(JB):                         0.00
Kurtosis:                      19.756   Cond. No.                         121.
==============================================================================

Warnings:
[1] Standard Errors assume that the covariance matrix of the errors is correctly specified.



[1, 3, 5, 8, 9]
                            OLS Regression Results                            
==============================================================================
Dep. Variable:                      y   R-squared:                       0.125
Model:                            OLS   Adj. R-squared:                  0.124
Method:                 Least Squares   F-statistic:                     76.46
Date:                Tue, 04 Dec 2018   Prob (F-statistic):           4.37e-75
Time:                        10:38:46   Log-Likelihood:                -31917.
No. Observations:                2672   AIC:                         6.385e+04
Df Residuals:                    2666   BIC:                         6.388e+04
Df Model:                           5                                         
Covariance Type:            nonrobust                                         
==============================================================================
                 coef    std err          t      P>|t|      [0.025      0.975]
------------------------------------------------------------------------------
const       1544.3888   2097.509      0.736      0.462   -2568.521    5657.299
x1           519.7162     85.917      6.049      0.000     351.245     688.187
x2           -90.7363     48.664     -1.865      0.062    -186.159       4.686
x3          1.545e+04   1164.183     13.268      0.000    1.32e+04    1.77e+04
x4         -3626.9327   1889.319     -1.920      0.055   -7331.612      77.747
x5         -2160.7973   2532.004     -0.853      0.394   -7125.688    2804.094
==============================================================================
Omnibus:                     1808.144   Durbin-Watson:                   1.933
Prob(Omnibus):                  0.000   Jarque-Bera (JB):            32069.536
Skew:                           2.976   Prob(JB):                         0.00
Kurtosis:                      18.894   Cond. No.                         124.
==============================================================================

Warnings:
[1] Standard Errors assume that the covariance matrix of the errors is correctly specified.



