[0, 1]
                            OLS Regression Results                            
==============================================================================
Dep. Variable:                      y   R-squared:                       0.131
Model:                            OLS   Adj. R-squared:                  0.130
Method:                 Least Squares   F-statistic:                     118.4
Date:                Mon, 03 Dec 2018   Prob (F-statistic):           1.29e-48
Time:                        17:17:19   Log-Likelihood:                -20608.
No. Observations:                1570   AIC:                         4.122e+04
Df Residuals:                    1567   BIC:                         4.124e+04
Df Model:                           2                                         
Covariance Type:            nonrobust                                         
==============================================================================
                 coef    std err          t      P>|t|      [0.025      0.975]
------------------------------------------------------------------------------
const       1.831e+04   5624.368      3.255      0.001    7274.520    2.93e+04
x1          1.238e+04   1173.464     10.548      0.000    1.01e+04    1.47e+04
x2          3795.3148    572.526      6.629      0.000    2672.317    4918.313
==============================================================================
Omnibus:                      971.486   Durbin-Watson:                   1.895
Prob(Omnibus):                  0.000   Jarque-Bera (JB):            16061.339
Skew:                           2.595   Prob(JB):                         0.00
Kurtosis:                      17.785   Cond. No.                         17.5
==============================================================================

Warnings:
[1] Standard Errors assume that the covariance matrix of the errors is correctly specified.



[0, 3]
                            OLS Regression Results                            
==============================================================================
Dep. Variable:                      y   R-squared:                       0.128
Model:                            OLS   Adj. R-squared:                  0.127
Method:                 Least Squares   F-statistic:                     115.2
Date:                Mon, 03 Dec 2018   Prob (F-statistic):           2.06e-47
Time:                        17:17:19   Log-Likelihood:                -20611.
No. Observations:                1570   AIC:                         4.123e+04
Df Residuals:                    1567   BIC:                         4.124e+04
Df Model:                           2                                         
Covariance Type:            nonrobust                                         
==============================================================================
                 coef    std err          t      P>|t|      [0.025      0.975]
------------------------------------------------------------------------------
const       5.745e+04   6653.348      8.634      0.000    4.44e+04    7.05e+04
x1          1.504e+04   1096.150     13.723      0.000    1.29e+04    1.72e+04
x2          -823.0397    133.068     -6.185      0.000   -1084.049    -562.030
==============================================================================
Omnibus:                      983.646   Durbin-Watson:                   1.887
Prob(Omnibus):                  0.000   Jarque-Bera (JB):            16407.772
Skew:                           2.638   Prob(JB):                         0.00
Kurtosis:                      17.933   Cond. No.                         83.0
==============================================================================

Warnings:
[1] Standard Errors assume that the covariance matrix of the errors is correctly specified.



[0, 4]
                            OLS Regression Results                            
==============================================================================
Dep. Variable:                      y   R-squared:                       0.109
Model:                            OLS   Adj. R-squared:                  0.108
Method:                 Least Squares   F-statistic:                     96.31
Date:                Mon, 03 Dec 2018   Prob (F-statistic):           3.57e-40
Time:                        17:17:19   Log-Likelihood:                -20628.
No. Observations:                1570   AIC:                         4.126e+04
Df Residuals:                    1567   BIC:                         4.128e+04
Df Model:                           2                                         
Covariance Type:            nonrobust                                         
==============================================================================
                 coef    std err          t      P>|t|      [0.025      0.975]
------------------------------------------------------------------------------
const       3.438e+04   5405.261      6.360      0.000    2.38e+04     4.5e+04
x1           1.66e+04   1292.701     12.842      0.000    1.41e+04    1.91e+04
x2         -3196.6840   1512.910     -2.113      0.035   -6164.225    -229.143
==============================================================================
Omnibus:                      979.646   Durbin-Watson:                   1.883
Prob(Omnibus):                  0.000   Jarque-Bera (JB):            15569.895
Skew:                           2.642   Prob(JB):                         0.00
Kurtosis:                      17.495   Cond. No.                         9.94
==============================================================================

Warnings:
[1] Standard Errors assume that the covariance matrix of the errors is correctly specified.



[0, 7]
                            OLS Regression Results                            
==============================================================================
Dep. Variable:                      y   R-squared:                       0.112
Model:                            OLS   Adj. R-squared:                  0.111
Method:                 Least Squares   F-statistic:                     98.72
Date:                Mon, 03 Dec 2018   Prob (F-statistic):           4.16e-41
Time:                        17:17:19   Log-Likelihood:                -20626.
No. Observations:                1570   AIC:                         4.126e+04
Df Residuals:                    1567   BIC:                         4.127e+04
Df Model:                           2                                         
Covariance Type:            nonrobust                                         
==============================================================================
                 coef    std err          t      P>|t|      [0.025      0.975]
------------------------------------------------------------------------------
const       3.593e+04   5444.533      6.600      0.000    2.53e+04    4.66e+04
x1          1.532e+04   1106.946     13.842      0.000    1.32e+04    1.75e+04
x2         -2.054e+04   6932.578     -2.963      0.003   -3.41e+04   -6944.434
==============================================================================
Omnibus:                      961.073   Durbin-Watson:                   1.888
Prob(Omnibus):                  0.000   Jarque-Bera (JB):            14651.650
Skew:                           2.587   Prob(JB):                         0.00
Kurtosis:                      17.043   Cond. No.                         11.3
==============================================================================

Warnings:
[1] Standard Errors assume that the covariance matrix of the errors is correctly specified.



[1, 3]
                            OLS Regression Results                            
==============================================================================
Dep. Variable:                      y   R-squared:                       0.096
Model:                            OLS   Adj. R-squared:                  0.094
Method:                 Least Squares   F-statistic:                     82.80
Date:                Mon, 03 Dec 2018   Prob (F-statistic):           6.57e-35
Time:                        17:17:19   Log-Likelihood:                -20640.
No. Observations:                1570   AIC:                         4.129e+04
Df Residuals:                    1567   BIC:                         4.130e+04
Df Model:                           2                                         
Covariance Type:            nonrobust                                         
==============================================================================
                 coef    std err          t      P>|t|      [0.025      0.975]
------------------------------------------------------------------------------
const       7.869e+04   6175.338     12.742      0.000    6.66e+04    9.08e+04
x1          6091.3370    544.839     11.180      0.000    5022.646    7160.028
x2          -909.3536    135.565     -6.708      0.000   -1175.261    -643.447
==============================================================================
Omnibus:                     1046.509   Durbin-Watson:                   1.913
Prob(Omnibus):                  0.000   Jarque-Bera (JB):            19498.987
Skew:                           2.840   Prob(JB):                         0.00
Kurtosis:                      19.304   Cond. No.                         75.8
==============================================================================

Warnings:
[1] Standard Errors assume that the covariance matrix of the errors is correctly specified.



[1, 4]
                            OLS Regression Results                            
==============================================================================
Dep. Variable:                      y   R-squared:                       0.072
Model:                            OLS   Adj. R-squared:                  0.070
Method:                 Least Squares   F-statistic:                     60.49
Date:                Mon, 03 Dec 2018   Prob (F-statistic):           4.95e-26
Time:                        17:17:19   Log-Likelihood:                -20660.
No. Observations:                1570   AIC:                         4.133e+04
Df Residuals:                    1567   BIC:                         4.134e+04
Df Model:                           2                                         
Covariance Type:            nonrobust                                         
==============================================================================
                 coef    std err          t      P>|t|      [0.025      0.975]
------------------------------------------------------------------------------
const       4.788e+04   5270.033      9.086      0.000    3.75e+04    5.82e+04
x1          5642.4898    580.706      9.717      0.000    4503.448    6781.532
x2          2599.9720   1392.983      1.866      0.062    -132.334    5332.278
==============================================================================
Omnibus:                     1007.814   Durbin-Watson:                   1.904
Prob(Omnibus):                  0.000   Jarque-Bera (JB):            16365.513
Skew:                           2.743   Prob(JB):                         0.00
Kurtosis:                      17.835   Cond. No.                         15.1
==============================================================================

Warnings:
[1] Standard Errors assume that the covariance matrix of the errors is correctly specified.



[1, 5]
                            OLS Regression Results                            
==============================================================================
Dep. Variable:                      y   R-squared:                       0.160
Model:                            OLS   Adj. R-squared:                  0.159
Method:                 Least Squares   F-statistic:                     149.2
Date:                Mon, 03 Dec 2018   Prob (F-statistic):           4.71e-60
Time:                        17:17:19   Log-Likelihood:                -20582.
No. Observations:                1570   AIC:                         4.117e+04
Df Residuals:                    1567   BIC:                         4.119e+04
Df Model:                           2                                         
Covariance Type:            nonrobust                                         
==============================================================================
                 coef    std err          t      P>|t|      [0.025      0.975]
------------------------------------------------------------------------------
const      -1.934e+04   7134.687     -2.711      0.007   -3.33e+04   -5345.495
x1          3443.9780    560.006      6.150      0.000    2345.537    4542.419
x2          7.009e+04   5397.568     12.986      0.000    5.95e+04    8.07e+04
==============================================================================
Omnibus:                      955.186   Durbin-Watson:                   1.894
Prob(Omnibus):                  0.000   Jarque-Bera (JB):            15683.694
Skew:                           2.536   Prob(JB):                         0.00
Kurtosis:                      17.630   Cond. No.                         24.6
==============================================================================

Warnings:
[1] Standard Errors assume that the covariance matrix of the errors is correctly specified.



[1, 8]
                            OLS Regression Results                            
==============================================================================
Dep. Variable:                      y   R-squared:                       0.083
Model:                            OLS   Adj. R-squared:                  0.082
Method:                 Least Squares   F-statistic:                     70.75
Date:                Mon, 03 Dec 2018   Prob (F-statistic):           3.83e-30
Time:                        17:17:19   Log-Likelihood:                -20651.
No. Observations:                1570   AIC:                         4.131e+04
Df Residuals:                    1567   BIC:                         4.132e+04
Df Model:                           2                                         
Covariance Type:            nonrobust                                         
==============================================================================
                 coef    std err          t      P>|t|      [0.025      0.975]
------------------------------------------------------------------------------
const       7.342e+04   6553.269     11.204      0.000    6.06e+04    8.63e+04
x1          6208.0370    550.502     11.277      0.000    5128.240    7287.834
x2         -3.358e+04   7067.203     -4.752      0.000   -4.74e+04   -1.97e+04
==============================================================================
Omnibus:                     1045.501   Durbin-Watson:                   1.899
Prob(Omnibus):                  0.000   Jarque-Bera (JB):            19060.337
Skew:                           2.844   Prob(JB):                         0.00
Kurtosis:                      19.094   Cond. No.                         24.5
==============================================================================

Warnings:
[1] Standard Errors assume that the covariance matrix of the errors is correctly specified.



[3, 4]
                            OLS Regression Results                            
==============================================================================
Dep. Variable:                      y   R-squared:                       0.051
Model:                            OLS   Adj. R-squared:                  0.050
Method:                 Least Squares   F-statistic:                     42.33
Date:                Mon, 03 Dec 2018   Prob (F-statistic):           1.24e-18
Time:                        17:17:19   Log-Likelihood:                -20678.
No. Observations:                1570   AIC:                         4.136e+04
Df Residuals:                    1567   BIC:                         4.138e+04
Df Model:                           2                                         
Covariance Type:            nonrobust                                         
==============================================================================
                 coef    std err          t      P>|t|      [0.025      0.975]
------------------------------------------------------------------------------
const       1.011e+05   5757.849     17.565      0.000    8.98e+04    1.12e+05
x1         -1094.7366    142.915     -7.660      0.000   -1375.062    -814.412
x2          9341.1951   1377.812      6.780      0.000    6638.646     1.2e+04
==============================================================================
Omnibus:                     1021.498   Durbin-Watson:                   1.887
Prob(Omnibus):                  0.000   Jarque-Bera (JB):            15768.251
Skew:                           2.817   Prob(JB):                         0.00
Kurtosis:                      17.467   Cond. No.                         68.7
==============================================================================

Warnings:
[1] Standard Errors assume that the covariance matrix of the errors is correctly specified.



[3, 6]
                            OLS Regression Results                            
==============================================================================
Dep. Variable:                      y   R-squared:                       0.027
Model:                            OLS   Adj. R-squared:                  0.026
Method:                 Least Squares   F-statistic:                     21.74
Date:                Mon, 03 Dec 2018   Prob (F-statistic):           4.89e-10
Time:                        17:17:19   Log-Likelihood:                -20697.
No. Observations:                1570   AIC:                         4.140e+04
Df Residuals:                    1567   BIC:                         4.142e+04
Df Model:                           2                                         
Covariance Type:            nonrobust                                         
==============================================================================
                 coef    std err          t      P>|t|      [0.025      0.975]
------------------------------------------------------------------------------
const       1.136e+05   5512.108     20.602      0.000    1.03e+05    1.24e+05
x1          -874.8262    140.627     -6.221      0.000   -1150.663    -598.989
x2            15.7039      6.560      2.394      0.017       2.838      28.570
==============================================================================
Omnibus:                     1073.059   Durbin-Watson:                   1.893
Prob(Omnibus):                  0.000   Jarque-Bera (JB):            18212.876
Skew:                           2.986   Prob(JB):                         0.00
Kurtosis:                      18.581   Cond. No.                         929.
==============================================================================

Warnings:
[1] Standard Errors assume that the covariance matrix of the errors is correctly specified.



[3, 7]
                            OLS Regression Results                            
==============================================================================
Dep. Variable:                      y   R-squared:                       0.026
Model:                            OLS   Adj. R-squared:                  0.025
Method:                 Least Squares   F-statistic:                     21.20
Date:                Mon, 03 Dec 2018   Prob (F-statistic):           8.24e-10
Time:                        17:17:19   Log-Likelihood:                -20698.
No. Observations:                1570   AIC:                         4.140e+04
Df Residuals:                    1567   BIC:                         4.142e+04
Df Model:                           2                                         
Covariance Type:            nonrobust                                         
==============================================================================
                 coef    std err          t      P>|t|      [0.025      0.975]
------------------------------------------------------------------------------
const         1.2e+05   5530.360     21.695      0.000    1.09e+05    1.31e+05
x1          -856.1204    140.633     -6.088      0.000   -1131.970    -580.271
x2          -1.57e+04   7255.265     -2.164      0.031   -2.99e+04   -1468.108
==============================================================================
Omnibus:                     1071.738   Durbin-Watson:                   1.897
Prob(Omnibus):                  0.000   Jarque-Bera (JB):            17956.529
Skew:                           2.986   Prob(JB):                         0.00
Kurtosis:                      18.454   Cond. No.                         88.1
==============================================================================

Warnings:
[1] Standard Errors assume that the covariance matrix of the errors is correctly specified.



[4, 6]
                            OLS Regression Results                            
==============================================================================
Dep. Variable:                      y   R-squared:                       0.018
Model:                            OLS   Adj. R-squared:                  0.016
Method:                 Least Squares   F-statistic:                     14.15
Date:                Mon, 03 Dec 2018   Prob (F-statistic):           8.11e-07
Time:                        17:17:19   Log-Likelihood:                -20705.
No. Observations:                1570   AIC:                         4.142e+04
Df Residuals:                    1567   BIC:                         4.143e+04
Df Model:                           2                                         
Covariance Type:            nonrobust                                         
==============================================================================
                 coef    std err          t      P>|t|      [0.025      0.975]
------------------------------------------------------------------------------
const       7.199e+04   4817.116     14.945      0.000    6.25e+04    8.14e+04
x1          6630.5935   1365.575      4.856      0.000    3952.046    9309.141
x2            11.8125      6.607      1.788      0.074      -1.147      24.772
==============================================================================
Omnibus:                     1014.889   Durbin-Watson:                   1.881
Prob(Omnibus):                  0.000   Jarque-Bera (JB):            14720.936
Skew:                           2.817   Prob(JB):                         0.00
Kurtosis:                      16.903   Cond. No.                         822.
==============================================================================

Warnings:
[1] Standard Errors assume that the covariance matrix of the errors is correctly specified.



[4, 7]
                            OLS Regression Results                            
==============================================================================
Dep. Variable:                      y   R-squared:                       0.019
Model:                            OLS   Adj. R-squared:                  0.018
Method:                 Least Squares   F-statistic:                     15.35
Date:                Mon, 03 Dec 2018   Prob (F-statistic):           2.50e-07
Time:                        17:17:19   Log-Likelihood:                -20704.
No. Observations:                1570   AIC:                         4.141e+04
Df Residuals:                    1567   BIC:                         4.143e+04
Df Model:                           2                                         
Covariance Type:            nonrobust                                         
==============================================================================
                 coef    std err          t      P>|t|      [0.025      0.975]
------------------------------------------------------------------------------
const       7.783e+04   4882.527     15.941      0.000    6.83e+04    8.74e+04
x1          6856.8142   1360.460      5.040      0.000    4188.301    9525.328
x2         -1.716e+04   7280.129     -2.357      0.019   -3.14e+04   -2881.855
==============================================================================
Omnibus:                     1011.995   Durbin-Watson:                   1.887
Prob(Omnibus):                  0.000   Jarque-Bera (JB):            14491.128
Skew:                           2.811   Prob(JB):                         0.00
Kurtosis:                      16.781   Cond. No.                         8.07
==============================================================================

Warnings:
[1] Standard Errors assume that the covariance matrix of the errors is correctly specified.



[4, 8]
                            OLS Regression Results                            
==============================================================================
Dep. Variable:                      y   R-squared:                       0.060
Model:                            OLS   Adj. R-squared:                  0.059
Method:                 Least Squares   F-statistic:                     50.33
Date:                Mon, 03 Dec 2018   Prob (F-statistic):           6.52e-22
Time:                        17:17:19   Log-Likelihood:                -20670.
No. Observations:                1570   AIC:                         4.135e+04
Df Residuals:                    1567   BIC:                         4.136e+04
Df Model:                           2                                         
Covariance Type:            nonrobust                                         
==============================================================================
                 coef    std err          t      P>|t|      [0.025      0.975]
------------------------------------------------------------------------------
const       1.057e+05   5824.220     18.148      0.000    9.43e+04    1.17e+05
x1          1.561e+04   1676.385      9.310      0.000    1.23e+04    1.89e+04
x2          -7.74e+04   8971.665     -8.627      0.000    -9.5e+04   -5.98e+04
==============================================================================
Omnibus:                      991.214   Durbin-Watson:                   1.862
Prob(Omnibus):                  0.000   Jarque-Bera (JB):            14766.196
Skew:                           2.713   Prob(JB):                         0.00
Kurtosis:                      17.010   Cond. No.                         11.0
==============================================================================

Warnings:
[1] Standard Errors assume that the covariance matrix of the errors is correctly specified.



[7, 8]
                            OLS Regression Results                            
==============================================================================
Dep. Variable:                      y   R-squared:                       0.012
Model:                            OLS   Adj. R-squared:                  0.011
Method:                 Least Squares   F-statistic:                     9.428
Date:                Mon, 03 Dec 2018   Prob (F-statistic):           8.51e-05
Time:                        17:17:19   Log-Likelihood:                -20709.
No. Observations:                1570   AIC:                         4.142e+04
Df Residuals:                    1567   BIC:                         4.144e+04
Df Model:                           2                                         
Covariance Type:            nonrobust                                         
==============================================================================
                 coef    std err          t      P>|t|      [0.025      0.975]
------------------------------------------------------------------------------
const       1.129e+05   6183.345     18.256      0.000    1.01e+05    1.25e+05
x1         -1.723e+04   7307.934     -2.357      0.019   -3.16e+04   -2893.077
x2         -2.695e+04   7308.710     -3.688      0.000   -4.13e+04   -1.26e+04
==============================================================================
Omnibus:                     1065.920   Durbin-Watson:                   1.887
Prob(Omnibus):                  0.000   Jarque-Bera (JB):            17338.051
Skew:                           2.975   Prob(JB):                         0.00
Kurtosis:                      18.154   Cond. No.                         3.55
==============================================================================

Warnings:
[1] Standard Errors assume that the covariance matrix of the errors is correctly specified.



[0, 1, 3]
                            OLS Regression Results                            
==============================================================================
Dep. Variable:                      y   R-squared:                       0.155
Model:                            OLS   Adj. R-squared:                  0.153
Method:                 Least Squares   F-statistic:                     95.40
Date:                Mon, 03 Dec 2018   Prob (F-statistic):           1.04e-56
Time:                        17:17:19   Log-Likelihood:                -20587.
No. Observations:                1570   AIC:                         4.118e+04
Df Residuals:                    1566   BIC:                         4.120e+04
Df Model:                           3                                         
Covariance Type:            nonrobust                                         
==============================================================================
                 coef    std err          t      P>|t|      [0.025      0.975]
------------------------------------------------------------------------------
const        4.43e+04   6819.413      6.496      0.000    3.09e+04    5.77e+04
x1          1.211e+04   1158.764     10.449      0.000    9835.006    1.44e+04
x2          3947.8226    565.476      6.981      0.000    2838.653    5056.992
x3          -860.6944    131.197     -6.560      0.000   -1118.035    -603.354
==============================================================================
Omnibus:                      994.351   Durbin-Watson:                   1.901
Prob(Omnibus):                  0.000   Jarque-Bera (JB):            18142.052
Skew:                           2.644   Prob(JB):                         0.00
Kurtosis:                      18.791   Cond. No.                         87.0
==============================================================================

Warnings:
[1] Standard Errors assume that the covariance matrix of the errors is correctly specified.



[0, 1, 4]
                            OLS Regression Results                            
==============================================================================
Dep. Variable:                      y   R-squared:                       0.137
Model:                            OLS   Adj. R-squared:                  0.135
Method:                 Least Squares   F-statistic:                     82.89
Date:                Mon, 03 Dec 2018   Prob (F-statistic):           8.99e-50
Time:                        17:17:19   Log-Likelihood:                -20603.
No. Observations:                1570   AIC:                         4.121e+04
Df Residuals:                    1566   BIC:                         4.124e+04
Df Model:                           3                                         
Covariance Type:            nonrobust                                         
==============================================================================
                 coef    std err          t      P>|t|      [0.025      0.975]
------------------------------------------------------------------------------
const       2.078e+04   5659.432      3.671      0.000    9674.839    3.19e+04
x1          1.431e+04   1313.624     10.891      0.000    1.17e+04    1.69e+04
x2          4088.0740    577.968      7.073      0.000    2954.400    5221.748
x3         -4870.5215   1508.460     -3.229      0.001   -7829.336   -1911.707
==============================================================================
Omnibus:                      999.950   Durbin-Watson:                   1.899
Prob(Omnibus):                  0.000   Jarque-Bera (JB):            17811.007
Skew:                           2.675   Prob(JB):                         0.00
Kurtosis:                      18.609   Cond. No.                         18.3
==============================================================================

Warnings:
[1] Standard Errors assume that the covariance matrix of the errors is correctly specified.



[0, 1, 5]
                            OLS Regression Results                            
==============================================================================
Dep. Variable:                      y   R-squared:                       0.163
Model:                            OLS   Adj. R-squared:                  0.162
Method:                 Least Squares   F-statistic:                     101.9
Date:                Mon, 03 Dec 2018   Prob (F-statistic):           2.93e-60
Time:                        17:17:19   Log-Likelihood:                -20579.
No. Observations:                1570   AIC:                         4.117e+04
Df Residuals:                    1566   BIC:                         4.119e+04
Df Model:                           3                                         
Covariance Type:            nonrobust                                         
==============================================================================
                 coef    std err          t      P>|t|      [0.025      0.975]
------------------------------------------------------------------------------
const      -1.718e+04   7175.162     -2.394      0.017   -3.13e+04   -3106.098
x1          3955.1081   1584.264      2.496      0.013     847.607    7062.609
x2          3205.3438    567.186      5.651      0.000    2092.819    4317.869
x3          5.739e+04   7410.616      7.744      0.000    4.29e+04    7.19e+04
==============================================================================
Omnibus:                      951.592   Durbin-Watson:                   1.893
Prob(Omnibus):                  0.000   Jarque-Bera (JB):            15725.048
Skew:                           2.520   Prob(JB):                         0.00
Kurtosis:                      17.662   Cond. No.                         29.8
==============================================================================

Warnings:
[1] Standard Errors assume that the covariance matrix of the errors is correctly specified.



[0, 1, 7]
                            OLS Regression Results                            
==============================================================================
Dep. Variable:                      y   R-squared:                       0.134
Model:                            OLS   Adj. R-squared:                  0.132
Method:                 Least Squares   F-statistic:                     80.69
Date:                Mon, 03 Dec 2018   Prob (F-statistic):           1.54e-48
Time:                        17:17:19   Log-Likelihood:                -20606.
No. Observations:                1570   AIC:                         4.122e+04
Df Residuals:                    1566   BIC:                         4.124e+04
Df Model:                           3                                         
Covariance Type:            nonrobust                                         
==============================================================================
                 coef    std err          t      P>|t|      [0.025      0.975]
------------------------------------------------------------------------------
const        2.17e+04   5832.792      3.721      0.000    1.03e+04    3.31e+04
x1          1.259e+04   1176.211     10.705      0.000    1.03e+04    1.49e+04
x2          3634.9840    576.628      6.304      0.000    2503.941    4766.027
x3         -1.495e+04   6905.617     -2.165      0.031   -2.85e+04   -1407.169
==============================================================================
Omnibus:                      969.520   Durbin-Watson:                   1.899
Prob(Omnibus):                  0.000   Jarque-Bera (JB):            15955.640
Skew:                           2.589   Prob(JB):                         0.00
Kurtosis:                      17.734   Cond. No.                         22.7
==============================================================================

Warnings:
[1] Standard Errors assume that the covariance matrix of the errors is correctly specified.



[0, 1, 8]
                            OLS Regression Results                            
==============================================================================
Dep. Variable:                      y   R-squared:                       0.135
Model:                            OLS   Adj. R-squared:                  0.134
Method:                 Least Squares   F-statistic:                     81.70
Date:                Mon, 03 Dec 2018   Prob (F-statistic):           4.19e-49
Time:                        17:17:19   Log-Likelihood:                -20605.
No. Observations:                1570   AIC:                         4.122e+04
Df Residuals:                    1566   BIC:                         4.124e+04
Df Model:                           3                                         
Covariance Type:            nonrobust                                         
==============================================================================
                 coef    std err          t      P>|t|      [0.025      0.975]
------------------------------------------------------------------------------
const       3.231e+04   7634.801      4.232      0.000    1.73e+04    4.73e+04
x1          1.169e+04   1198.550      9.752      0.000    9336.875     1.4e+04
x2          4045.8703    578.832      6.990      0.000    2910.502    5181.238
x3         -1.901e+04   7024.979     -2.705      0.007   -3.28e+04   -5225.929
==============================================================================
Omnibus:                      987.015   Durbin-Watson:                   1.892
Prob(Omnibus):                  0.000   Jarque-Bera (JB):            17058.404
Skew:                           2.637   Prob(JB):                         0.00
Kurtosis:                      18.263   Cond. No.                         29.6
==============================================================================

Warnings:
[1] Standard Errors assume that the covariance matrix of the errors is correctly specified.



[0, 3, 5]
                            OLS Regression Results                            
==============================================================================
Dep. Variable:                      y   R-squared:                       0.164
Model:                            OLS   Adj. R-squared:                  0.163
Method:                 Least Squares   F-statistic:                     102.7
Date:                Mon, 03 Dec 2018   Prob (F-statistic):           1.02e-60
Time:                        17:17:19   Log-Likelihood:                -20578.
No. Observations:                1570   AIC:                         4.116e+04
Df Residuals:                    1566   BIC:                         4.119e+04
Df Model:                           3                                         
Covariance Type:            nonrobust                                         
==============================================================================
                 coef    std err          t      P>|t|      [0.025      0.975]
------------------------------------------------------------------------------
const       1.585e+04   8241.300      1.923      0.055    -317.422     3.2e+04
x1          5699.8694   1561.069      3.651      0.000    2637.863    8761.876
x2          -762.2067    130.522     -5.840      0.000   -1018.223    -506.190
x3          6.059e+04   7350.258      8.243      0.000    4.62e+04     7.5e+04
==============================================================================
Omnibus:                      966.100   Durbin-Watson:                   1.884
Prob(Omnibus):                  0.000   Jarque-Bera (JB):            16073.310
Skew:                           2.572   Prob(JB):                         0.00
Kurtosis:                      17.807   Cond. No.                         126.
==============================================================================

Warnings:
[1] Standard Errors assume that the covariance matrix of the errors is correctly specified.



[0, 3, 7]
                            OLS Regression Results                            
==============================================================================
Dep. Variable:                      y   R-squared:                       0.133
Model:                            OLS   Adj. R-squared:                  0.131
Method:                 Least Squares   F-statistic:                     79.86
Date:                Mon, 03 Dec 2018   Prob (F-statistic):           4.50e-48
Time:                        17:17:19   Log-Likelihood:                -20607.
No. Observations:                1570   AIC:                         4.122e+04
Df Residuals:                    1566   BIC:                         4.124e+04
Df Model:                           3                                         
Covariance Type:            nonrobust                                         
==============================================================================
                 coef    std err          t      P>|t|      [0.025      0.975]
------------------------------------------------------------------------------
const       6.083e+04   6744.087      9.020      0.000    4.76e+04    7.41e+04
x1          1.517e+04   1094.555     13.857      0.000     1.3e+04    1.73e+04
x2          -813.6577    132.809     -6.127      0.000   -1074.159    -553.156
x3          -1.95e+04   6855.263     -2.844      0.005   -3.29e+04   -6053.022
==============================================================================
Omnibus:                      981.194   Durbin-Watson:                   1.892
Prob(Omnibus):                  0.000   Jarque-Bera (JB):            16321.329
Skew:                           2.630   Prob(JB):                         0.00
Kurtosis:                      17.894   Cond. No.                         91.8
==============================================================================

Warnings:
[1] Standard Errors assume that the covariance matrix of the errors is correctly specified.



[0, 4, 7]
                            OLS Regression Results                            
==============================================================================
Dep. Variable:                      y   R-squared:                       0.115
Model:                            OLS   Adj. R-squared:                  0.113
Method:                 Least Squares   F-statistic:                     67.51
Date:                Mon, 03 Dec 2018   Prob (F-statistic):           4.72e-41
Time:                        17:17:19   Log-Likelihood:                -20623.
No. Observations:                1570   AIC:                         4.125e+04
Df Residuals:                    1566   BIC:                         4.128e+04
Df Model:                           3                                         
Covariance Type:            nonrobust                                         
==============================================================================
                 coef    std err          t      P>|t|      [0.025      0.975]
------------------------------------------------------------------------------
const       3.831e+04   5549.976      6.904      0.000    2.74e+04    4.92e+04
x1          1.675e+04   1290.441     12.982      0.000    1.42e+04    1.93e+04
x2         -3245.6975   1509.181     -2.151      0.032   -6205.925    -285.469
x3          -2.07e+04   6924.982     -2.990      0.003   -3.43e+04   -7121.105
==============================================================================
Omnibus:                      976.867   Durbin-Watson:                   1.890
Prob(Omnibus):                  0.000   Jarque-Bera (JB):            15498.588
Skew:                           2.632   Prob(JB):                         0.00
Kurtosis:                      17.464   Cond. No.                         13.2
==============================================================================

Warnings:
[1] Standard Errors assume that the covariance matrix of the errors is correctly specified.



[1, 3, 4]
                            OLS Regression Results                            
==============================================================================
Dep. Variable:                      y   R-squared:                       0.103
Model:                            OLS   Adj. R-squared:                  0.101
Method:                 Least Squares   F-statistic:                     60.02
Date:                Mon, 03 Dec 2018   Prob (F-statistic):           9.91e-37
Time:                        17:17:19   Log-Likelihood:                -20633.
No. Observations:                1570   AIC:                         4.127e+04
Df Residuals:                    1566   BIC:                         4.130e+04
Df Model:                           3                                         
Covariance Type:            nonrobust                                         
==============================================================================
                 coef    std err          t      P>|t|      [0.025      0.975]
------------------------------------------------------------------------------
const       7.415e+04   6277.388     11.811      0.000    6.18e+04    8.65e+04
x1          5439.7780    571.618      9.516      0.000    4318.560    6560.996
x2         -1031.3722    139.157     -7.412      0.000   -1304.327    -758.418
x3          5125.5838   1411.369      3.632      0.000    2357.212    7893.956
==============================================================================
Omnibus:                     1014.998   Durbin-Watson:                   1.908
Prob(Omnibus):                  0.000   Jarque-Bera (JB):            17631.151
Skew:                           2.743   Prob(JB):                         0.00
Kurtosis:                      18.473   Cond. No.                         77.5
==============================================================================

Warnings:
[1] Standard Errors assume that the covariance matrix of the errors is correctly specified.



[1, 3, 8]
                            OLS Regression Results                            
==============================================================================
Dep. Variable:                      y   R-squared:                       0.099
Model:                            OLS   Adj. R-squared:                  0.098
Method:                 Least Squares   F-statistic:                     57.57
Date:                Mon, 03 Dec 2018   Prob (F-statistic):           2.65e-35
Time:                        17:17:20   Log-Likelihood:                -20637.
No. Observations:                1570   AIC:                         4.128e+04
Df Residuals:                    1566   BIC:                         4.130e+04
Df Model:                           3                                         
Covariance Type:            nonrobust                                         
==============================================================================
                 coef    std err          t      P>|t|      [0.025      0.975]
------------------------------------------------------------------------------
const       8.703e+04   6974.871     12.478      0.000    7.34e+04    1.01e+05
x1          6205.1515    545.697     11.371      0.000    5134.778    7275.525
x2          -776.6618    144.932     -5.359      0.000   -1060.944    -492.380
x3         -1.919e+04   7502.848     -2.557      0.011   -3.39e+04   -4469.975
==============================================================================
Omnibus:                     1054.428   Durbin-Watson:                   1.908
Prob(Omnibus):                  0.000   Jarque-Bera (JB):            20206.300
Skew:                           2.860   Prob(JB):                         0.00
Kurtosis:                      19.618   Cond. No.                         108.
==============================================================================

Warnings:
[1] Standard Errors assume that the covariance matrix of the errors is correctly specified.



[1, 4, 5]
                            OLS Regression Results                            
==============================================================================
Dep. Variable:                      y   R-squared:                       0.163
Model:                            OLS   Adj. R-squared:                  0.161
Method:                 Least Squares   F-statistic:                     101.6
Date:                Mon, 03 Dec 2018   Prob (F-statistic):           4.43e-60
Time:                        17:17:20   Log-Likelihood:                -20579.
No. Observations:                1570   AIC:                         4.117e+04
Df Residuals:                    1566   BIC:                         4.119e+04
Df Model:                           3                                         
Covariance Type:            nonrobust                                         
==============================================================================
                 coef    std err          t      P>|t|      [0.025      0.975]
------------------------------------------------------------------------------
const      -1.851e+04   7133.690     -2.594      0.010   -3.25e+04   -4514.714
x1          3712.7499    571.052      6.502      0.000    2592.642    4832.858
x2         -3246.6034   1396.842     -2.324      0.020   -5986.482    -506.725
x3          7.433e+04   5689.990     13.063      0.000    6.32e+04    8.55e+04
==============================================================================
Omnibus:                      973.335   Durbin-Watson:                   1.898
Prob(Omnibus):                  0.000   Jarque-Bera (JB):            16690.716
Skew:                           2.588   Prob(JB):                         0.00
Kurtosis:                      18.112   Cond. No.                         25.6
==============================================================================

Warnings:
[1] Standard Errors assume that the covariance matrix of the errors is correctly specified.



[1, 4, 8]
                            OLS Regression Results                            
==============================================================================
Dep. Variable:                      y   R-squared:                       0.104
Model:                            OLS   Adj. R-squared:                  0.103
Method:                 Least Squares   F-statistic:                     60.82
Date:                Mon, 03 Dec 2018   Prob (F-statistic):           3.41e-37
Time:                        17:17:20   Log-Likelihood:                -20632.
No. Observations:                1570   AIC:                         4.127e+04
Df Residuals:                    1566   BIC:                         4.129e+04
Df Model:                           3                                         
Covariance Type:            nonrobust                                         
==============================================================================
                 coef    std err          t      P>|t|      [0.025      0.975]
------------------------------------------------------------------------------
const        7.78e+04   6517.060     11.938      0.000     6.5e+04    9.06e+04
x1          5051.0620    575.911      8.771      0.000    3921.425    6180.699
x2          1.063e+04   1732.675      6.136      0.000    7233.841     1.4e+04
x3         -6.686e+04   8843.887     -7.560      0.000   -8.42e+04   -4.95e+04
==============================================================================
Omnibus:                      992.485   Durbin-Watson:                   1.881
Prob(Omnibus):                  0.000   Jarque-Bera (JB):            16479.100
Skew:                           2.674   Prob(JB):                         0.00
Kurtosis:                      17.944   Cond. No.                         29.1
==============================================================================

Warnings:
[1] Standard Errors assume that the covariance matrix of the errors is correctly specified.



[3, 4, 7]
                            OLS Regression Results                            
==============================================================================
Dep. Variable:                      y   R-squared:                       0.054
Model:                            OLS   Adj. R-squared:                  0.052
Method:                 Least Squares   F-statistic:                     29.96
Date:                Mon, 03 Dec 2018   Prob (F-statistic):           7.88e-19
Time:                        17:17:20   Log-Likelihood:                -20675.
No. Observations:                1570   AIC:                         4.136e+04
Df Residuals:                    1566   BIC:                         4.138e+04
Df Model:                           3                                         
Covariance Type:            nonrobust                                         
==============================================================================
                 coef    std err          t      P>|t|      [0.025      0.975]
------------------------------------------------------------------------------
const       1.043e+05   5920.636     17.613      0.000    9.27e+04    1.16e+05
x1         -1087.7459    142.768     -7.619      0.000   -1367.783    -807.709
x2          9358.0577   1376.085      6.800      0.000    6658.894    1.21e+04
x3         -1.597e+04   7152.841     -2.232      0.026      -3e+04   -1936.042
==============================================================================
Omnibus:                     1019.755   Durbin-Watson:                   1.890
Prob(Omnibus):                  0.000   Jarque-Bera (JB):            15654.321
Skew:                           2.813   Prob(JB):                         0.00
Kurtosis:                      17.410   Cond. No.                         88.9
==============================================================================

Warnings:
[1] Standard Errors assume that the covariance matrix of the errors is correctly specified.



[3, 4, 8]
                            OLS Regression Results                            
==============================================================================
Dep. Variable:                      y   R-squared:                       0.079
Model:                            OLS   Adj. R-squared:                  0.077
Method:                 Least Squares   F-statistic:                     44.55
Date:                Mon, 03 Dec 2018   Prob (F-statistic):           1.26e-27
Time:                        17:17:20   Log-Likelihood:                -20655.
No. Observations:                1570   AIC:                         4.132e+04
Df Residuals:                    1566   BIC:                         4.134e+04
Df Model:                           3                                         
Covariance Type:            nonrobust                                         
==============================================================================
                 coef    std err          t      P>|t|      [0.025      0.975]
------------------------------------------------------------------------------
const       1.199e+05   6310.339     19.008      0.000    1.08e+05    1.32e+05
x1          -817.1345    146.645     -5.572      0.000   -1104.776    -529.493
x2          1.586e+04   1661.178      9.550      0.000    1.26e+04    1.91e+04
x3         -6.309e+04   9250.309     -6.820      0.000   -8.12e+04   -4.49e+04
==============================================================================
Omnibus:                     1000.856   Durbin-Watson:                   1.868
Prob(Omnibus):                  0.000   Jarque-Bera (JB):            15687.653
Skew:                           2.730   Prob(JB):                         0.00
Kurtosis:                      17.492   Cond. No.                         119.
==============================================================================

Warnings:
[1] Standard Errors assume that the covariance matrix of the errors is correctly specified.



[3, 5, 7]
                            OLS Regression Results                            
==============================================================================
Dep. Variable:                      y   R-squared:                       0.159
Model:                            OLS   Adj. R-squared:                  0.157
Method:                 Least Squares   F-statistic:                     98.76
Date:                Mon, 03 Dec 2018   Prob (F-statistic):           1.51e-58
Time:                        17:17:20   Log-Likelihood:                -20583.
No. Observations:                1570   AIC:                         4.117e+04
Df Residuals:                    1566   BIC:                         4.120e+04
Df Model:                           3                                         
Covariance Type:            nonrobust                                         
==============================================================================
                 coef    std err          t      P>|t|      [0.025      0.975]
------------------------------------------------------------------------------
const       1.593e+04   8379.960      1.901      0.058    -508.427    3.24e+04
x1          -744.6567    130.929     -5.688      0.000   -1001.470    -487.843
x2          7.977e+04   5073.358     15.723      0.000    6.98e+04    8.97e+04
x3         -1.218e+04   6748.412     -1.804      0.071   -2.54e+04    1061.864
==============================================================================
Omnibus:                      971.094   Durbin-Watson:                   1.886
Prob(Omnibus):                  0.000   Jarque-Bera (JB):            15783.644
Skew:                           2.600   Prob(JB):                         0.00
Kurtosis:                      17.637   Cond. No.                         120.
==============================================================================

Warnings:
[1] Standard Errors assume that the covariance matrix of the errors is correctly specified.



[4, 7, 8]
                            OLS Regression Results                            
==============================================================================
Dep. Variable:                      y   R-squared:                       0.065
Model:                            OLS   Adj. R-squared:                  0.063
Method:                 Least Squares   F-statistic:                     36.08
Date:                Mon, 03 Dec 2018   Prob (F-statistic):           1.52e-22
Time:                        17:17:20   Log-Likelihood:                -20666.
No. Observations:                1570   AIC:                         4.134e+04
Df Residuals:                    1566   BIC:                         4.136e+04
Df Model:                           3                                         
Covariance Type:            nonrobust                                         
==============================================================================
                 coef    std err          t      P>|t|      [0.025      0.975]
------------------------------------------------------------------------------
const         1.1e+05   6026.002     18.246      0.000    9.81e+04    1.22e+05
x1          1.573e+04   1673.717      9.398      0.000    1.24e+04     1.9e+04
x2         -1.905e+04   7115.091     -2.678      0.007    -3.3e+04   -5095.384
x3         -7.813e+04   8958.210     -8.721      0.000   -9.57e+04   -6.06e+04
==============================================================================
Omnibus:                      987.922   Durbin-Watson:                   1.866
Prob(Omnibus):                  0.000   Jarque-Bera (JB):            14639.077
Skew:                           2.702   Prob(JB):                         0.00
Kurtosis:                      16.949   Cond. No.                         11.2
==============================================================================

Warnings:
[1] Standard Errors assume that the covariance matrix of the errors is correctly specified.



[0, 1, 3, 7]
                            OLS Regression Results                            
==============================================================================
Dep. Variable:                      y   R-squared:                       0.157
Model:                            OLS   Adj. R-squared:                  0.155
Method:                 Least Squares   F-statistic:                     72.68
Date:                Mon, 03 Dec 2018   Prob (F-statistic):           1.54e-56
Time:                        17:17:20   Log-Likelihood:                -20585.
No. Observations:                1570   AIC:                         4.118e+04
Df Residuals:                    1565   BIC:                         4.121e+04
Df Model:                           4                                         
Covariance Type:            nonrobust                                         
==============================================================================
                 coef    std err          t      P>|t|      [0.025      0.975]
------------------------------------------------------------------------------
const       4.715e+04   6961.233      6.773      0.000    3.35e+04    6.08e+04
x1           1.23e+04   1161.842     10.590      0.000       1e+04    1.46e+04
x2          3800.5347    569.742      6.671      0.000    2682.996    4918.073
x3          -852.7439    131.133     -6.503      0.000   -1109.958    -595.529
x4          -1.36e+04   6819.495     -1.995      0.046    -2.7e+04    -228.329
==============================================================================
Omnibus:                      992.695   Durbin-Watson:                   1.904
Prob(Omnibus):                  0.000   Jarque-Bera (JB):            18025.435
Skew:                           2.639   Prob(JB):                         0.00
Kurtosis:                      18.738   Cond. No.                         96.4
==============================================================================

Warnings:
[1] Standard Errors assume that the covariance matrix of the errors is correctly specified.



[0, 1, 4, 5]
                            OLS Regression Results                            
==============================================================================
Dep. Variable:                      y   R-squared:                       0.169
Model:                            OLS   Adj. R-squared:                  0.167
Method:                 Least Squares   F-statistic:                     79.81
Date:                Mon, 03 Dec 2018   Prob (F-statistic):           1.09e-61
Time:                        17:17:20   Log-Likelihood:                -20573.
No. Observations:                1570   AIC:                         4.116e+04
Df Residuals:                    1565   BIC:                         4.118e+04
Df Model:                           4                                         
Covariance Type:            nonrobust                                         
==============================================================================
                 coef    std err          t      P>|t|      [0.025      0.975]
------------------------------------------------------------------------------
const      -1.483e+04   7184.694     -2.065      0.039   -2.89e+04    -740.737
x1          5895.3592   1679.554      3.510      0.000    2600.945    9189.773
x2          3503.6785    572.108      6.124      0.000    2381.499    4625.858
x3         -5017.7957   1480.469     -3.389      0.001   -7921.708   -2113.884
x4          5.771e+04   7386.524      7.813      0.000    4.32e+04    7.22e+04
==============================================================================
Omnibus:                      979.035   Durbin-Watson:                   1.898
Prob(Omnibus):                  0.000   Jarque-Bera (JB):            17390.364
Skew:                           2.596   Prob(JB):                         0.00
Kurtosis:                      18.456   Cond. No.                         30.9
==============================================================================

Warnings:
[1] Standard Errors assume that the covariance matrix of the errors is correctly specified.



[0, 1, 4, 7]
                            OLS Regression Results                            
==============================================================================
Dep. Variable:                      y   R-squared:                       0.140
Model:                            OLS   Adj. R-squared:                  0.137
Method:                 Least Squares   F-statistic:                     63.46
Date:                Mon, 03 Dec 2018   Prob (F-statistic):           9.21e-50
Time:                        17:17:20   Log-Likelihood:                -20601.
No. Observations:                1570   AIC:                         4.121e+04
Df Residuals:                    1565   BIC:                         4.124e+04
Df Model:                           4                                         
Covariance Type:            nonrobust                                         
==============================================================================
                 coef    std err          t      P>|t|      [0.025      0.975]
------------------------------------------------------------------------------
const       2.411e+04   5863.558      4.112      0.000    1.26e+04    3.56e+04
x1           1.45e+04   1315.378     11.027      0.000    1.19e+04    1.71e+04
x2          3928.1528    582.120      6.748      0.000    2786.336    5069.969
x3         -4839.9434   1506.805     -3.212      0.001   -7795.512   -1884.375
x4         -1.474e+04   6885.474     -2.141      0.032   -2.82e+04   -1237.055
==============================================================================
Omnibus:                      997.680   Durbin-Watson:                   1.903
Prob(Omnibus):                  0.000   Jarque-Bera (JB):            17680.524
Skew:                           2.668   Prob(JB):                         0.00
Kurtosis:                      18.550   Cond. No.                         23.6
==============================================================================

Warnings:
[1] Standard Errors assume that the covariance matrix of the errors is correctly specified.



[0, 1, 7, 8]
                            OLS Regression Results                            
==============================================================================
Dep. Variable:                      y   R-squared:                       0.138
Model:                            OLS   Adj. R-squared:                  0.136
Method:                 Least Squares   F-statistic:                     62.56
Date:                Mon, 03 Dec 2018   Prob (F-statistic):           4.24e-49
Time:                        17:17:20   Log-Likelihood:                -20602.
No. Observations:                1570   AIC:                         4.121e+04
Df Residuals:                    1565   BIC:                         4.124e+04
Df Model:                           4                                         
Covariance Type:            nonrobust                                         
==============================================================================
                 coef    std err          t      P>|t|      [0.025      0.975]
------------------------------------------------------------------------------
const       3.556e+04   7775.309      4.573      0.000    2.03e+04    5.08e+04
x1           1.19e+04   1201.404      9.908      0.000    9547.113    1.43e+04
x2          3885.5426    582.987      6.665      0.000    2742.024    5029.061
x3         -1.477e+04   6892.258     -2.143      0.032   -2.83e+04   -1254.359
x4         -1.886e+04   7017.259     -2.688      0.007   -3.26e+04   -5095.715
==============================================================================
Omnibus:                      984.811   Durbin-Watson:                   1.895
Prob(Omnibus):                  0.000   Jarque-Bera (JB):            16936.142
Skew:                           2.630   Prob(JB):                         0.00
Kurtosis:                      18.206   Cond. No.                         30.0
==============================================================================

Warnings:
[1] Standard Errors assume that the covariance matrix of the errors is correctly specified.



[0, 3, 5, 7]
                            OLS Regression Results                            
==============================================================================
Dep. Variable:                      y   R-squared:                       0.167
Model:                            OLS   Adj. R-squared:                  0.165
Method:                 Least Squares   F-statistic:                     78.41
Date:                Mon, 03 Dec 2018   Prob (F-statistic):           1.11e-60
Time:                        17:17:21   Log-Likelihood:                -20575.
No. Observations:                1570   AIC:                         4.116e+04
Df Residuals:                    1565   BIC:                         4.119e+04
Df Model:                           4                                         
Covariance Type:            nonrobust                                         
==============================================================================
                 coef    std err          t      P>|t|      [0.025      0.975]
------------------------------------------------------------------------------
const       1.937e+04   8391.405      2.309      0.021    2912.281    3.58e+04
x1          6015.8386   1566.071      3.841      0.000    2944.020    9087.657
x2          -756.6355    130.395     -5.803      0.000   -1012.402    -500.869
x3          5.914e+04   7371.972      8.023      0.000    4.47e+04    7.36e+04
x4         -1.459e+04   6748.401     -2.163      0.031   -2.78e+04   -1356.717
==============================================================================
Omnibus:                      964.860   Durbin-Watson:                   1.888
Prob(Omnibus):                  0.000   Jarque-Bera (JB):            16017.713
Skew:                           2.568   Prob(JB):                         0.00
Kurtosis:                      17.781   Cond. No.                         129.
==============================================================================

Warnings:
[1] Standard Errors assume that the covariance matrix of the errors is correctly specified.



[1, 3, 4, 8]
                            OLS Regression Results                            
==============================================================================
Dep. Variable:                      y   R-squared:                       0.122
Model:                            OLS   Adj. R-squared:                  0.120
Method:                 Least Squares   F-statistic:                     54.38
Date:                Mon, 03 Dec 2018   Prob (F-statistic):           5.73e-43
Time:                        17:17:21   Log-Likelihood:                -20617.
No. Observations:                1570   AIC:                         4.124e+04
Df Residuals:                    1565   BIC:                         4.127e+04
Df Model:                           4                                         
Covariance Type:            nonrobust                                         
==============================================================================
                 coef    std err          t      P>|t|      [0.025      0.975]
------------------------------------------------------------------------------
const         9.2e+04   6932.778     13.270      0.000    7.84e+04    1.06e+05
x1          5016.9388    570.416      8.795      0.000    3898.080    6135.798
x2          -803.7094    143.204     -5.612      0.000   -1084.601    -522.817
x3          1.092e+04   1716.803      6.360      0.000    7551.121    1.43e+04
x4         -5.286e+04   9107.301     -5.804      0.000   -7.07e+04    -3.5e+04
==============================================================================
Omnibus:                     1001.643   Durbin-Watson:                   1.888
Prob(Omnibus):                  0.000   Jarque-Bera (JB):            17509.550
Skew:                           2.689   Prob(JB):                         0.00
Kurtosis:                      18.451   Cond. No.                         124.
==============================================================================

Warnings:
[1] Standard Errors assume that the covariance matrix of the errors is correctly specified.



[1, 4, 7, 8]
                            OLS Regression Results                            
==============================================================================
Dep. Variable:                      y   R-squared:                       0.106
Model:                            OLS   Adj. R-squared:                  0.104
Method:                 Least Squares   F-statistic:                     46.39
Date:                Mon, 03 Dec 2018   Prob (F-statistic):           6.97e-37
Time:                        17:17:21   Log-Likelihood:                -20631.
No. Observations:                1570   AIC:                         4.127e+04
Df Residuals:                    1565   BIC:                         4.130e+04
Df Model:                           4                                         
Covariance Type:            nonrobust                                         
==============================================================================
                 coef    std err          t      P>|t|      [0.025      0.975]
------------------------------------------------------------------------------
const       8.111e+04   6798.397     11.931      0.000    6.78e+04    9.44e+04
x1          4933.0677    579.740      8.509      0.000    3795.919    6070.216
x2          1.083e+04   1735.341      6.238      0.000    7421.230    1.42e+04
x3         -1.191e+04   7008.705     -1.699      0.090   -2.57e+04    1841.008
x4         -6.756e+04   8848.240     -7.636      0.000   -8.49e+04   -5.02e+04
==============================================================================
Omnibus:                      990.622   Durbin-Watson:                   1.883
Prob(Omnibus):                  0.000   Jarque-Bera (JB):            16358.684
Skew:                           2.669   Prob(JB):                         0.00
Kurtosis:                      17.886   Cond. No.                         29.6
==============================================================================

Warnings:
[1] Standard Errors assume that the covariance matrix of the errors is correctly specified.



[3, 4, 7, 8]
                            OLS Regression Results                            
==============================================================================
Dep. Variable:                      y   R-squared:                       0.082
Model:                            OLS   Adj. R-squared:                  0.080
Method:                 Least Squares   F-statistic:                     35.12
Date:                Mon, 03 Dec 2018   Prob (F-statistic):           3.99e-28
Time:                        17:17:22   Log-Likelihood:                -20651.
No. Observations:                1570   AIC:                         4.131e+04
Df Residuals:                    1565   BIC:                         4.134e+04
Df Model:                           4                                         
Covariance Type:            nonrobust                                         
==============================================================================
                 coef    std err          t      P>|t|      [0.025      0.975]
------------------------------------------------------------------------------
const       1.237e+05   6474.278     19.109      0.000    1.11e+05    1.36e+05
x1          -805.4206    146.467     -5.499      0.000   -1092.713    -518.128
x2          1.597e+04   1658.907      9.630      0.000    1.27e+04    1.92e+04
x3         -1.782e+04   7053.117     -2.527      0.012   -3.17e+04   -3989.511
x4         -6.398e+04   9241.133     -6.923      0.000   -8.21e+04   -4.59e+04
==============================================================================
Omnibus:                      998.183   Durbin-Watson:                   1.871
Prob(Omnibus):                  0.000   Jarque-Bera (JB):            15563.613
Skew:                           2.721   Prob(JB):                         0.00
Kurtosis:                      17.432   Cond. No.                         120.
==============================================================================

Warnings:
[1] Standard Errors assume that the covariance matrix of the errors is correctly specified.



