[1, 3, 4, 5, 7, 9, 11]
                            OLS Regression Results                            
==============================================================================
Dep. Variable:                      y   R-squared:                       0.150
Model:                            OLS   Adj. R-squared:                  0.146
Method:                 Least Squares   F-statistic:                     39.28
Date:                Wed, 05 Dec 2018   Prob (F-statistic):           4.72e-51
Time:                        00:14:18   Log-Likelihood:                -19491.
No. Observations:                1564   AIC:                         3.900e+04
Df Residuals:                    1556   BIC:                         3.904e+04
Df Model:                           7                                         
Covariance Type:            nonrobust                                         
==============================================================================
                 coef    std err          t      P>|t|      [0.025      0.975]
------------------------------------------------------------------------------
const      -1390.1146   4253.640     -0.327      0.744   -9733.585    6953.356
x1          1876.7931    348.984      5.378      0.000    1192.265    2561.321
x2           -90.4587    105.469     -0.858      0.391    -297.336     116.418
x3          6816.1470   2448.850      2.783      0.005    2012.753    1.16e+04
x4          2.657e+04   3098.151      8.575      0.000    2.05e+04    3.26e+04
x5         -2128.4974   3558.146     -0.598      0.550   -9107.764    4850.769
x6         -1.639e+04   5364.249     -3.056      0.002   -2.69e+04   -5870.583
x7          -118.3397    680.633     -0.174      0.862   -1453.394    1216.714
==============================================================================
Omnibus:                     1047.940   Durbin-Watson:                   1.926
Prob(Omnibus):                  0.000   Jarque-Bera (JB):            23327.589
Skew:                           2.790   Prob(JB):                         0.00
Kurtosis:                      21.078   Cond. No.                         107.
==============================================================================

Warnings:
[1] Standard Errors assume that the covariance matrix of the errors is correctly specified.



