[1, 3, 4, 5, 7, 9, 11]
                            OLS Regression Results                            
==============================================================================
Dep. Variable:                      y   R-squared:                       0.146
Model:                            OLS   Adj. R-squared:                  0.143
Method:                 Least Squares   F-statistic:                     47.39
Date:                Tue, 04 Dec 2018   Prob (F-statistic):           2.28e-62
Time:                        23:48:32   Log-Likelihood:                -23703.
No. Observations:                1950   AIC:                         4.742e+04
Df Residuals:                    1942   BIC:                         4.747e+04
Df Model:                           7                                         
Covariance Type:            nonrobust                                         
==============================================================================
                 coef    std err          t      P>|t|      [0.025      0.975]
------------------------------------------------------------------------------
const      -2385.4073   2841.455     -0.840      0.401   -7958.030    3187.215
x1           689.0208    157.443      4.376      0.000     380.246     997.795
x2           -17.4195     68.212     -0.255      0.798    -151.195     116.356
x3          2634.0513   1568.837      1.679      0.093    -442.730    5710.833
x4          2.367e+04   2172.278     10.896      0.000    1.94e+04    2.79e+04
x5          1616.5468   1635.550      0.988      0.323   -1591.071    4824.165
x6          -1.53e+04   3489.211     -4.385      0.000   -2.21e+04   -8456.181
x7           231.9297    348.307      0.666      0.506    -451.166     915.025
==============================================================================
Omnibus:                     1068.243   Durbin-Watson:                   1.922
Prob(Omnibus):                  0.000   Jarque-Bera (JB):            10236.011
Skew:                           2.413   Prob(JB):                         0.00
Kurtosis:                      13.134   Cond. No.                         113.
==============================================================================

Warnings:
[1] Standard Errors assume that the covariance matrix of the errors is correctly specified.



