[1, 3, 4, 5, 7, 9, 11]
                            OLS Regression Results                            
==============================================================================
Dep. Variable:                      y   R-squared:                       0.162
Model:                            OLS   Adj. R-squared:                  0.159
Method:                 Least Squares   F-statistic:                     52.18
Date:                Wed, 05 Dec 2018   Prob (F-statistic):           2.83e-68
Time:                        00:13:03   Log-Likelihood:                -23278.
No. Observations:                1891   AIC:                         4.657e+04
Df Residuals:                    1883   BIC:                         4.662e+04
Df Model:                           7                                         
Covariance Type:            nonrobust                                         
==============================================================================
                 coef    std err          t      P>|t|      [0.025      0.975]
------------------------------------------------------------------------------
const      -4782.1078   3248.658     -1.472      0.141   -1.12e+04    1589.240
x1           957.0253    220.778      4.335      0.000     524.031    1390.020
x2           -75.1226     85.427     -0.879      0.379    -242.664      92.419
x3          5553.2868   1786.035      3.109      0.002    2050.471    9056.102
x4          2.634e+04   2321.014     11.349      0.000    2.18e+04    3.09e+04
x5          -915.6456   2211.891     -0.414      0.679   -5253.660    3422.369
x6         -1.403e+04   4247.911     -3.303      0.001   -2.24e+04   -5701.633
x7          -120.2132    446.974     -0.269      0.788    -996.829     756.403
==============================================================================
Omnibus:                     1213.159   Durbin-Watson:                   1.921
Prob(Omnibus):                  0.000   Jarque-Bera (JB):            19867.706
Skew:                           2.756   Prob(JB):                         0.00
Kurtosis:                      17.892   Cond. No.                         107.
==============================================================================

Warnings:
[1] Standard Errors assume that the covariance matrix of the errors is correctly specified.



