[1, 3, 4, 5, 7, 9, 11]
                            OLS Regression Results                            
==============================================================================
Dep. Variable:                      y   R-squared:                       0.103
Model:                            OLS   Adj. R-squared:                  0.101
Method:                 Least Squares   F-statistic:                     50.80
Date:                Wed, 05 Dec 2018   Prob (F-statistic):           7.79e-69
Time:                        00:11:16   Log-Likelihood:                -36566.
No. Observations:                3106   AIC:                         7.315e+04
Df Residuals:                    3098   BIC:                         7.320e+04
Df Model:                           7                                         
Covariance Type:            nonrobust                                         
==============================================================================
                 coef    std err          t      P>|t|      [0.025      0.975]
------------------------------------------------------------------------------
const        442.5065   1415.402      0.313      0.755   -2332.714    3217.727
x1           174.4803     72.454      2.408      0.016      32.418     316.542
x2           -85.7357     38.254     -2.241      0.025    -160.742     -10.730
x3          1949.7192    713.626      2.732      0.006     550.491    3348.947
x4          1.073e+04    938.869     11.429      0.000    8889.802    1.26e+04
x5          -290.4751    693.066     -0.419      0.675   -1649.390    1068.440
x6         -3979.2175   1876.981     -2.120      0.034   -7659.471    -298.964
x7           209.3591    150.367      1.392      0.164     -85.470     504.188
==============================================================================
Omnibus:                     3151.215   Durbin-Watson:                   2.023
Prob(Omnibus):                  0.000   Jarque-Bera (JB):           375921.686
Skew:                           4.675   Prob(JB):                         0.00
Kurtosis:                      56.079   Cond. No.                         108.
==============================================================================

Warnings:
[1] Standard Errors assume that the covariance matrix of the errors is correctly specified.



