[1, 3, 4, 5, 7, 9, 11]
                            OLS Regression Results                            
==============================================================================
Dep. Variable:                      y   R-squared:                       0.130
Model:                            OLS   Adj. R-squared:                  0.127
Method:                 Least Squares   F-statistic:                     56.67
Date:                Wed, 05 Dec 2018   Prob (F-statistic):           5.94e-76
Time:                        00:07:48   Log-Likelihood:                -31899.
No. Observations:                2671   AIC:                         6.381e+04
Df Residuals:                    2663   BIC:                         6.386e+04
Df Model:                           7                                         
Covariance Type:            nonrobust                                         
==============================================================================
                 coef    std err          t      P>|t|      [0.025      0.975]
------------------------------------------------------------------------------
const       -288.8752   1824.559     -0.158      0.874   -3866.571    3288.821
x1           443.1428    100.666      4.402      0.000     245.750     640.535
x2           -86.6579     48.792     -1.776      0.076    -182.331       9.015
x3          3220.2209    941.707      3.420      0.001    1373.671    5066.771
x4          1.406e+04   1258.642     11.170      0.000    1.16e+04    1.65e+04
x5          -548.3559    977.773     -0.561      0.575   -2465.627    1368.915
x6         -5772.9554   2455.732     -2.351      0.019   -1.06e+04    -957.621
x7           107.9731    206.562      0.523      0.601    -297.065     513.012
==============================================================================
Omnibus:                     1769.314   Durbin-Watson:                   1.940
Prob(Omnibus):                  0.000   Jarque-Bera (JB):            30614.594
Skew:                           2.894   Prob(JB):                         0.00
Kurtosis:                      18.543   Cond. No.                         111.
==============================================================================

Warnings:
[1] Standard Errors assume that the covariance matrix of the errors is correctly specified.



