[3, 4, 5, 7, 9, 11]
                            OLS Regression Results                            
==============================================================================
Dep. Variable:                      y   R-squared:                       0.149
Model:                            OLS   Adj. R-squared:                  0.147
Method:                 Least Squares   F-statistic:                     55.10
Date:                Wed, 05 Dec 2018   Prob (F-statistic):           7.28e-63
Time:                        00:41:21   Log-Likelihood:                -23279.
No. Observations:                1891   AIC:                         4.657e+04
Df Residuals:                    1884   BIC:                         4.661e+04
Df Model:                           6                                         
Covariance Type:            nonrobust                                         
==============================================================================
                 coef    std err          t      P>|t|      [0.025      0.975]
------------------------------------------------------------------------------
const      -2832.9433   3205.410     -0.884      0.377   -9119.471    3453.584
x1           -87.1953     85.426     -1.021      0.308    -254.736      80.345
x2          6463.5607   1767.424      3.657      0.000    2997.247    9929.874
x3          2.879e+04   2263.166     12.721      0.000    2.44e+04    3.32e+04
x4         -1270.3704   2207.542     -0.575      0.565   -5599.855    3059.114
x5         -1.401e+04   4250.088     -3.296      0.001   -2.23e+04   -5671.297
x6           217.1784    389.695      0.557      0.577    -547.101     981.458
==============================================================================
Omnibus:                     1209.578   Durbin-Watson:                   1.915
Prob(Omnibus):                  0.000   Jarque-Bera (JB):            19388.192
Skew:                           2.753   Prob(JB):                         0.00
Kurtosis:                      17.688   Cond. No.                         105.
==============================================================================

Warnings:
[1] Standard Errors assume that the covariance matrix of the errors is correctly specified.



