[1, 3, 4, 5, 7, 9, 11]
                            OLS Regression Results                            
==============================================================================
Dep. Variable:                      y   R-squared:                       0.158
Model:                            OLS   Adj. R-squared:                  0.155
Method:                 Least Squares   F-statistic:                     50.63
Date:                Wed, 05 Dec 2018   Prob (F-statistic):           2.55e-66
Time:                        00:13:03   Log-Likelihood:                -23269.
No. Observations:                1891   AIC:                         4.655e+04
Df Residuals:                    1883   BIC:                         4.660e+04
Df Model:                           7                                         
Covariance Type:            nonrobust                                         
==============================================================================
                 coef    std err          t      P>|t|      [0.025      0.975]
------------------------------------------------------------------------------
const      -5253.6132   3233.703     -1.625      0.104   -1.16e+04    1088.404
x1           993.0033    219.761      4.519      0.000     562.002    1424.005
x2           -74.8365     85.034     -0.880      0.379    -241.606      91.933
x3          5279.2256   1777.813      2.970      0.003    1792.535    8765.916
x4          2.645e+04   2310.330     11.449      0.000    2.19e+04     3.1e+04
x5          -570.5041   2201.708     -0.259      0.796   -4888.549    3747.541
x6         -1.399e+04   4228.356     -3.308      0.001   -2.23e+04   -5695.427
x7          -769.0389    444.916     -1.729      0.084   -1641.619     103.541
==============================================================================
Omnibus:                     1220.335   Durbin-Watson:                   1.923
Prob(Omnibus):                  0.000   Jarque-Bera (JB):            20211.665
Skew:                           2.775   Prob(JB):                         0.00
Kurtosis:                      18.024   Cond. No.                         107.
==============================================================================

Warnings:
[1] Standard Errors assume that the covariance matrix of the errors is correctly specified.



