[1, 3, 4, 5, 7, 9, 11]
                            OLS Regression Results                            
==============================================================================
Dep. Variable:                      y   R-squared:                       0.142
Model:                            OLS   Adj. R-squared:                  0.139
Method:                 Least Squares   F-statistic:                     45.92
Date:                Tue, 04 Dec 2018   Prob (F-statistic):           1.78e-60
Time:                        23:48:32   Log-Likelihood:                -23697.
No. Observations:                1950   AIC:                         4.741e+04
Df Residuals:                    1942   BIC:                         4.746e+04
Df Model:                           7                                         
Covariance Type:            nonrobust                                         
==============================================================================
                 coef    std err          t      P>|t|      [0.025      0.975]
------------------------------------------------------------------------------
const      -2806.4600   2833.696     -0.990      0.322   -8363.865    2750.945
x1           716.9167    157.013      4.566      0.000     408.985    1024.848
x2            -6.0177     68.025     -0.088      0.930    -139.428     127.392
x3          2293.3484   1564.553      1.466      0.143    -775.031    5361.728
x4          2.373e+04   2166.346     10.953      0.000    1.95e+04     2.8e+04
x5          1835.2148   1631.084      1.125      0.261   -1363.644    5034.074
x6         -1.562e+04   3479.683     -4.488      0.000   -2.24e+04   -8791.649
x7          -199.2327    347.356     -0.574      0.566    -880.463     481.998
==============================================================================
Omnibus:                     1076.338   Durbin-Watson:                   1.922
Prob(Omnibus):                  0.000   Jarque-Bera (JB):            10454.357
Skew:                           2.432   Prob(JB):                         0.00
Kurtosis:                      13.248   Cond. No.                         113.
==============================================================================

Warnings:
[1] Standard Errors assume that the covariance matrix of the errors is correctly specified.



