[1, 3, 4, 5, 7, 9, 11]
                            OLS Regression Results                            
==============================================================================
Dep. Variable:                      y   R-squared:                       0.101
Model:                            OLS   Adj. R-squared:                  0.099
Method:                 Least Squares   F-statistic:                     49.68
Date:                Wed, 05 Dec 2018   Prob (F-statistic):           2.49e-67
Time:                        00:11:16   Log-Likelihood:                -36551.
No. Observations:                3106   AIC:                         7.312e+04
Df Residuals:                    3098   BIC:                         7.317e+04
Df Model:                           7                                         
Covariance Type:            nonrobust                                         
==============================================================================
                 coef    std err          t      P>|t|      [0.025      0.975]
------------------------------------------------------------------------------
const         86.9007   1408.636      0.062      0.951   -2675.055    2848.856
x1           187.3424     72.107      2.598      0.009      45.959     328.725
x2           -83.2023     38.071     -2.185      0.029    -157.850      -8.555
x3          1837.9379    710.215      2.588      0.010     445.398    3230.478
x4          1.081e+04    934.381     11.567      0.000    8976.005    1.26e+04
x5          -227.7785    689.753     -0.330      0.741   -1580.198    1124.641
x6         -4044.5371   1868.009     -2.165      0.030   -7707.199    -381.875
x7            18.8128    149.648      0.126      0.900    -274.607     312.233
==============================================================================
Omnibus:                     3167.751   Durbin-Watson:                   2.024
Prob(Omnibus):                  0.000   Jarque-Bera (JB):           388596.921
Skew:                           4.707   Prob(JB):                         0.00
Kurtosis:                      56.982   Cond. No.                         108.
==============================================================================

Warnings:
[1] Standard Errors assume that the covariance matrix of the errors is correctly specified.



