[1, 3, 4, 5, 7, 9, 11]
                            OLS Regression Results                            
==============================================================================
Dep. Variable:                      y   R-squared:                       0.127
Model:                            OLS   Adj. R-squared:                  0.124
Method:                 Least Squares   F-statistic:                     55.22
Date:                Wed, 05 Dec 2018   Prob (F-statistic):           4.73e-74
Time:                        00:07:48   Log-Likelihood:                -31885.
No. Observations:                2671   AIC:                         6.379e+04
Df Residuals:                    2663   BIC:                         6.383e+04
Df Model:                           7                                         
Covariance Type:            nonrobust                                         
==============================================================================
                 coef    std err          t      P>|t|      [0.025      0.975]
------------------------------------------------------------------------------
const       -741.8642   1814.774     -0.409      0.683   -4300.373    2816.645
x1           459.7132    100.127      4.591      0.000     263.379     656.047
x2           -79.6606     48.530     -1.641      0.101    -174.821      15.499
x3          3070.1102    936.656      3.278      0.001    1233.463    4906.757
x4           1.42e+04   1251.892     11.343      0.000    1.17e+04    1.67e+04
x5          -448.7906    972.529     -0.461      0.645   -2355.780    1458.198
x6         -5999.8683   2442.562     -2.456      0.014   -1.08e+04   -1210.358
x7          -207.7623    205.454     -1.011      0.312    -610.629     195.104
==============================================================================
Omnibus:                     1776.134   Durbin-Watson:                   1.942
Prob(Omnibus):                  0.000   Jarque-Bera (JB):            31195.735
Skew:                           2.904   Prob(JB):                         0.00
Kurtosis:                      18.702   Cond. No.                         111.
==============================================================================

Warnings:
[1] Standard Errors assume that the covariance matrix of the errors is correctly specified.



