[1, 3, 4, 5, 7, 8, 9, 11]
                            OLS Regression Results                            
==============================================================================
Dep. Variable:                      y   R-squared:                       0.176
Model:                            OLS   Adj. R-squared:                  0.173
Method:                 Least Squares   F-statistic:                     50.34
Date:                Wed, 05 Dec 2018   Prob (F-statistic):           4.43e-74
Time:                        00:42:10   Log-Likelihood:                -23249.
No. Observations:                1891   AIC:                         4.652e+04
Df Residuals:                    1882   BIC:                         4.657e+04
Df Model:                           8                                         
Covariance Type:            nonrobust                                         
==============================================================================
                 coef    std err          t      P>|t|      [0.025      0.975]
------------------------------------------------------------------------------
const       1.393e+04   4388.742      3.175      0.002    5326.053    2.25e+04
x1           990.4943    217.475      4.555      0.000     563.977    1417.011
x2           -73.2208     84.149     -0.870      0.384    -238.256      91.814
x3           1.84e+04   2704.024      6.804      0.000    1.31e+04    2.37e+04
x4          1.661e+04   2756.403      6.028      0.000    1.12e+04     2.2e+04
x5          -693.5607   2178.882     -0.318      0.750   -4966.839    3579.717
x6         -3.096e+04   4846.733     -6.388      0.000   -4.05e+04   -2.15e+04
x7         -7482.7734   4306.486     -1.738      0.082   -1.59e+04     963.215
x8          -694.5555    440.440     -1.577      0.115   -1558.359     169.248
==============================================================================
Omnibus:                     1197.384   Durbin-Watson:                   1.907
Prob(Omnibus):                  0.000   Jarque-Bera (JB):            19087.064
Skew:                           2.716   Prob(JB):                         0.00
Kurtosis:                      17.586   Cond. No.                         169.
==============================================================================

Warnings:
[1] Standard Errors assume that the covariance matrix of the errors is correctly specified.



