[1, 3, 4, 5, 7, 9, 11]
                            OLS Regression Results                            
==============================================================================
Dep. Variable:                      y   R-squared:                       0.145
Model:                            OLS   Adj. R-squared:                  0.141
Method:                 Least Squares   F-statistic:                     37.59
Date:                Wed, 05 Dec 2018   Prob (F-statistic):           6.71e-49
Time:                        00:14:18   Log-Likelihood:                -19483.
No. Observations:                1564   AIC:                         3.898e+04
Df Residuals:                    1556   BIC:                         3.903e+04
Df Model:                           7                                         
Covariance Type:            nonrobust                                         
==============================================================================
                 coef    std err          t      P>|t|      [0.025      0.975]
------------------------------------------------------------------------------
const      -1968.0678   4233.405     -0.465      0.642   -1.03e+04    6335.713
x1          1927.4132    347.323      5.549      0.000    1246.142    2608.684
x2           -99.3365    104.968     -0.946      0.344    -305.229     106.556
x3          6554.8972   2437.201      2.690      0.007    1774.353    1.13e+04
x4          2.672e+04   3083.413      8.666      0.000    2.07e+04    3.28e+04
x5         -1751.1369   3541.220     -0.495      0.621   -8697.203    5194.929
x6         -1.581e+04   5338.731     -2.961      0.003   -2.63e+04   -5337.875
x7         -1038.7099    677.395     -1.533      0.125   -2367.413     289.993
==============================================================================
Omnibus:                     1059.426   Durbin-Watson:                   1.935
Prob(Omnibus):                  0.000   Jarque-Bera (JB):            24100.108
Skew:                           2.827   Prob(JB):                         0.00
Kurtosis:                      21.381   Cond. No.                         107.
==============================================================================

Warnings:
[1] Standard Errors assume that the covariance matrix of the errors is correctly specified.



