[1, 3, 4, 5, 7, 9, 11]
                            OLS Regression Results                            
==============================================================================
Dep. Variable:                      y   R-squared:                       0.274
Model:                            OLS   Adj. R-squared:                  0.270
Method:                 Least Squares   F-statistic:                     83.76
Date:                Wed, 05 Dec 2018   Prob (F-statistic):          1.81e-103
Time:                        00:14:18   Log-Likelihood:                -15190.
No. Observations:                1564   AIC:                         3.040e+04
Df Residuals:                    1556   BIC:                         3.044e+04
Df Model:                           7                                         
Covariance Type:            nonrobust                                         
==============================================================================
                 coef    std err          t      P>|t|      [0.025      0.975]
------------------------------------------------------------------------------
const        577.9532    272.023      2.125      0.034      44.384    1111.523
x1           -50.6201     22.318     -2.268      0.023     -94.396      -6.844
x2             8.8778      6.745      1.316      0.188      -4.352      22.108
x3           261.2498    156.605      1.668      0.095     -45.930     568.429
x4          -156.2526    198.128     -0.789      0.430    -544.879     232.374
x5          -377.3605    227.545     -1.658      0.097    -823.688      68.967
x6          -582.7600    343.047     -1.699      0.090   -1255.642      90.122
x7           920.3702     43.527     21.145      0.000     834.993    1005.748
==============================================================================
Omnibus:                     1551.197   Durbin-Watson:                   1.942
Prob(Omnibus):                  0.000   Jarque-Bera (JB):            95857.837
Skew:                           4.652   Prob(JB):                         0.00
Kurtosis:                      40.207   Cond. No.                         107.
==============================================================================

Warnings:
[1] Standard Errors assume that the covariance matrix of the errors is correctly specified.



