[1, 3, 4, 5, 7, 9, 11]
                            OLS Regression Results                            
==============================================================================
Dep. Variable:                      y   R-squared:                       0.187
Model:                            OLS   Adj. R-squared:                  0.186
Method:                 Least Squares   F-statistic:                     102.0
Date:                Wed, 05 Dec 2018   Prob (F-statistic):          1.21e-134
Time:                        00:11:16   Log-Likelihood:                -27404.
No. Observations:                3106   AIC:                         5.482e+04
Df Residuals:                    3098   BIC:                         5.487e+04
Df Model:                           7                                         
Covariance Type:            nonrobust                                         
==============================================================================
                 coef    std err          t      P>|t|      [0.025      0.975]
------------------------------------------------------------------------------
const        355.6057     74.122      4.798      0.000     210.273     500.938
x1           -12.8621      3.794     -3.390      0.001     -20.302      -5.423
x2            -2.5334      2.003     -1.265      0.206      -6.461       1.395
x3           111.7813     37.371      2.991      0.003      38.507     185.056
x4           -77.4034     49.167     -1.574      0.116    -173.806      18.999
x5           -62.6966     36.294     -1.727      0.084    -133.860       8.467
x6            65.3196     98.294      0.665      0.506    -127.408     258.047
x7           190.5463      7.874     24.198      0.000     175.107     205.986
==============================================================================
Omnibus:                     3348.895   Durbin-Watson:                   2.010
Prob(Omnibus):                  0.000   Jarque-Bera (JB):           351901.094
Skew:                           5.276   Prob(JB):                         0.00
Kurtosis:                      54.066   Cond. No.                         108.
==============================================================================

Warnings:
[1] Standard Errors assume that the covariance matrix of the errors is correctly specified.



