[3, 4, 5, 7, 9, 11]
                            OLS Regression Results                            
==============================================================================
Dep. Variable:                      y   R-squared:                       0.275
Model:                            OLS   Adj. R-squared:                  0.273
Method:                 Least Squares   F-statistic:                     119.2
Date:                Wed, 05 Dec 2018   Prob (F-statistic):          8.18e-128
Time:                        00:41:21   Log-Likelihood:                -18001.
No. Observations:                1891   AIC:                         3.602e+04
Df Residuals:                    1884   BIC:                         3.605e+04
Df Model:                           6                                         
Covariance Type:            nonrobust                                         
==============================================================================
                 coef    std err          t      P>|t|      [0.025      0.975]
------------------------------------------------------------------------------
const        383.8010    196.615      1.952      0.051      -1.805     769.407
x1             0.1617      5.240      0.031      0.975     -10.115      10.438
x2           231.1510    108.411      2.132      0.033      18.532     443.770
x3          -194.3453    138.819     -1.400      0.162    -466.601      77.910
x4          -319.7843    135.407     -2.362      0.018    -585.348     -54.220
x5           -43.8887    260.694     -0.168      0.866    -555.168     467.391
x6           613.0936     23.903     25.649      0.000     566.214     659.973
==============================================================================
Omnibus:                     1924.724   Durbin-Watson:                   1.980
Prob(Omnibus):                  0.000   Jarque-Bera (JB):           143908.543
Skew:                           4.823   Prob(JB):                         0.00
Kurtosis:                      44.634   Cond. No.                         105.
==============================================================================

Warnings:
[1] Standard Errors assume that the covariance matrix of the errors is correctly specified.



