[1, 3, 4, 5, 7, 9, 11]
                            OLS Regression Results                            
==============================================================================
Dep. Variable:                      y   R-squared:                       0.278
Model:                            OLS   Adj. R-squared:                  0.275
Method:                 Least Squares   F-statistic:                     103.5
Date:                Wed, 05 Dec 2018   Prob (F-statistic):          2.80e-128
Time:                        00:13:03   Log-Likelihood:                -17997.
No. Observations:                1891   AIC:                         3.601e+04
Df Residuals:                    1883   BIC:                         3.605e+04
Df Model:                           7                                         
Covariance Type:            nonrobust                                         
==============================================================================
                 coef    std err          t      P>|t|      [0.025      0.975]
------------------------------------------------------------------------------
const        471.5054    199.049      2.369      0.018      81.125     861.886
x1           -35.9780     13.527     -2.660      0.008     -62.508      -9.448
x2            -0.2861      5.234     -0.055      0.956     -10.552       9.979
x3           274.0612    109.433      2.504      0.012      59.439     488.683
x4          -109.6006    142.212     -0.771      0.441    -388.509     169.308
x5          -345.1415    135.525     -2.547      0.011    -610.937     -79.346
x6           -44.5585    260.275     -0.171      0.864    -555.016     465.899
x7           648.8257     27.387     23.691      0.000     595.114     702.537
==============================================================================
Omnibus:                     1928.392   Durbin-Watson:                   1.980
Prob(Omnibus):                  0.000   Jarque-Bera (JB):           144551.405
Skew:                           4.838   Prob(JB):                         0.00
Kurtosis:                      44.725   Cond. No.                         107.
==============================================================================

Warnings:
[1] Standard Errors assume that the covariance matrix of the errors is correctly specified.



