[1, 3, 4, 5, 7, 9, 11]
                            OLS Regression Results                            
==============================================================================
Dep. Variable:                      y   R-squared:                       0.289
Model:                            OLS   Adj. R-squared:                  0.287
Method:                 Least Squares   F-statistic:                     154.4
Date:                Wed, 05 Dec 2018   Prob (F-statistic):          9.69e-192
Time:                        00:07:48   Log-Likelihood:                -24003.
No. Observations:                2671   AIC:                         4.802e+04
Df Residuals:                    2663   BIC:                         4.807e+04
Df Model:                           7                                         
Covariance Type:            nonrobust                                         
==============================================================================
                 coef    std err          t      P>|t|      [0.025      0.975]
------------------------------------------------------------------------------
const        452.9890     94.927      4.772      0.000     266.851     639.127
x1           -16.5704      5.237     -3.164      0.002     -26.840      -6.301
x2            -6.9973      2.538     -2.756      0.006     -11.975      -2.020
x3           150.1107     48.995      3.064      0.002      54.040     246.182
x4          -140.8887     65.484     -2.152      0.032    -269.293     -12.484
x5           -99.5653     50.871     -1.957      0.050    -199.316       0.185
x6           226.9129    127.765      1.776      0.076     -23.616     477.442
x7           315.7355     10.747     29.379      0.000     294.662     336.809
==============================================================================
Omnibus:                     2390.798   Durbin-Watson:                   2.023
Prob(Omnibus):                  0.000   Jarque-Bera (JB):            98891.046
Skew:                           4.154   Prob(JB):                         0.00
Kurtosis:                      31.628   Cond. No.                         111.
==============================================================================

Warnings:
[1] Standard Errors assume that the covariance matrix of the errors is correctly specified.



