[1, 3, 4, 5, 7, 8, 9, 11]
                            OLS Regression Results                            
==============================================================================
Dep. Variable:                      y   R-squared:                       0.281
Model:                            OLS   Adj. R-squared:                  0.278
Method:                 Least Squares   F-statistic:                     91.97
Date:                Wed, 05 Dec 2018   Prob (F-statistic):          4.33e-129
Time:                        00:42:10   Log-Likelihood:                -17993.
No. Observations:                1891   AIC:                         3.600e+04
Df Residuals:                    1882   BIC:                         3.605e+04
Df Model:                           8                                         
Covariance Type:            nonrobust                                         
==============================================================================
                 coef    std err          t      P>|t|      [0.025      0.975]
------------------------------------------------------------------------------
const        -73.2093    272.444     -0.269      0.788    -607.533     461.114
x1           -35.9067     13.500     -2.660      0.008     -62.384      -9.429
x2            -0.3320      5.224     -0.064      0.949     -10.577       9.913
x3           -98.3545    167.860     -0.586      0.558    -427.566     230.857
x4           169.6421    171.112      0.991      0.322    -165.946     505.230
x5          -341.6480    135.260     -2.526      0.012    -606.924     -76.372
x6           879.0175    300.875      2.922      0.004     288.934    1469.101
x7          -229.2459    267.337     -0.858      0.391    -753.555     295.063
x8           646.7111     27.342     23.653      0.000     593.088     700.334
==============================================================================
Omnibus:                     1925.284   Durbin-Watson:                   1.980
Prob(Omnibus):                  0.000   Jarque-Bera (JB):           144690.365
Skew:                           4.823   Prob(JB):                         0.00
Kurtosis:                      44.753   Cond. No.                         169.
==============================================================================

Warnings:
[1] Standard Errors assume that the covariance matrix of the errors is correctly specified.



