[1, 3, 4, 5, 7, 9, 11]
                            OLS Regression Results                            
==============================================================================
Dep. Variable:                      y   R-squared:                       0.268
Model:                            OLS   Adj. R-squared:                  0.265
Method:                 Least Squares   F-statistic:                     101.6
Date:                Tue, 04 Dec 2018   Prob (F-statistic):          9.58e-127
Time:                        23:48:32   Log-Likelihood:                -17942.
No. Observations:                1950   AIC:                         3.590e+04
Df Residuals:                    1942   BIC:                         3.595e+04
Df Model:                           7                                         
Covariance Type:            nonrobust                                         
==============================================================================
                 coef    std err          t      P>|t|      [0.025      0.975]
------------------------------------------------------------------------------
const        421.0527    148.136      2.842      0.005     130.530     711.575
x1           -27.8958      8.208     -3.399      0.001     -43.993     -11.798
x2           -11.4017      3.556     -3.206      0.001     -18.376      -4.428
x3           340.7029     81.790      4.166      0.000     180.298     501.108
x4           -60.0357    113.249     -0.530      0.596    -282.139     162.067
x5          -218.6680     85.268     -2.564      0.010    -385.894     -51.442
x6           316.7818    181.906      1.741      0.082     -39.970     673.534
x7           431.1624     18.159     23.744      0.000     395.550     466.775
==============================================================================
Omnibus:                     1794.399   Durbin-Watson:                   2.004
Prob(Omnibus):                  0.000   Jarque-Bera (JB):            80688.629
Skew:                           4.268   Prob(JB):                         0.00
Kurtosis:                      33.335   Cond. No.                         113.
==============================================================================

Warnings:
[1] Standard Errors assume that the covariance matrix of the errors is correctly specified.



