                            OLS Regression Results                            
==============================================================================
Dep. Variable:                      y   R-squared:                       0.162
Model:                            OLS   Adj. R-squared:                  0.161
Method:                 Least Squares   F-statistic:                     129.3
Date:                Sun, 02 Dec 2018   Prob (F-statistic):          4.88e-101
Time:                        12:53:31   Log-Likelihood:                -35035.
No. Observations:                2677   AIC:                         7.008e+04
Df Residuals:                    2672   BIC:                         7.011e+04
Df Model:                           4                                         
Covariance Type:            nonrobust                                         
==============================================================================
                 coef    std err          t      P>|t|      [0.025      0.975]
------------------------------------------------------------------------------
const       5.907e+04   7307.321      8.084      0.000    4.47e+04    7.34e+04
x1             2.2327      0.124     18.048      0.000       1.990       2.475
x2            -1.5325      0.154     -9.962      0.000      -1.834      -1.231
x3          -220.7684    107.697     -2.050      0.040    -431.947      -9.590
x4         -5.617e+04   5516.330    -10.182      0.000    -6.7e+04   -4.53e+04
==============================================================================
Omnibus:                     1619.536   Durbin-Watson:                   1.909
Prob(Omnibus):                  0.000   Jarque-Bera (JB):            23617.853
Skew:                           2.606   Prob(JB):                         0.00
Kurtosis:                      16.586   Cond. No.                     3.02e+05
==============================================================================

Warnings:
[1] Standard Errors assume that the covariance matrix of the errors is correctly specified.
[2] The condition number is large, 3.02e+05. This might indicate that there are
strong multicollinearity or other numerical problems.
                            OLS Regression Results                            
==============================================================================
Dep. Variable:                      y   R-squared:                        -inf
Model:                            OLS   Adj. R-squared:                   -inf
Method:                 Least Squares   F-statistic:                    -668.0
Date:                Sun, 02 Dec 2018   Prob (F-statistic):               1.00
Time:                        12:53:31   Log-Likelihood:                 85745.
No. Observations:                2677   AIC:                        -1.715e+05
Df Residuals:                    2672   BIC:                        -1.714e+05
Df Model:                           4                                         
Covariance Type:            nonrobust                                         
==============================================================================
                 coef    std err          t      P>|t|      [0.025      0.975]
------------------------------------------------------------------------------
const          1.0000   1.86e-16   5.38e+15      0.000       1.000       1.000
x1         -1.503e-20   3.15e-21     -4.773      0.000   -2.12e-20   -8.86e-21
x2          6.413e-20   3.92e-21     16.378      0.000    5.65e-20    7.18e-20
x3         -1.216e-16   2.74e-18    -44.356      0.000   -1.27e-16   -1.16e-16
x4         -3.806e-17    1.4e-16     -0.271      0.786   -3.13e-16    2.37e-16
==============================================================================
Omnibus:                     1494.376   Durbin-Watson:                   2.004
Prob(Omnibus):                  0.000   Jarque-Bera (JB):            20676.164
Skew:                           2.350   Prob(JB):                         0.00
Kurtosis:                      15.778   Cond. No.                     3.02e+05
==============================================================================

Warnings:
[1] Standard Errors assume that the covariance matrix of the errors is correctly specified.
[2] The condition number is large, 3.02e+05. This might indicate that there are
strong multicollinearity or other numerical problems.
                            OLS Regression Results                            
==============================================================================
Dep. Variable:                      y   R-squared:                       0.162
Model:                            OLS   Adj. R-squared:                  0.161
Method:                 Least Squares   F-statistic:                     129.1
Date:                Sun, 02 Dec 2018   Prob (F-statistic):          6.98e-101
Time:                        12:53:31   Log-Likelihood:                -35035.
No. Observations:                2677   AIC:                         7.008e+04
Df Residuals:                    2672   BIC:                         7.011e+04
Df Model:                           4                                         
Covariance Type:            nonrobust                                         
==============================================================================
                 coef    std err          t      P>|t|      [0.025      0.975]
------------------------------------------------------------------------------
const      -2.347e+04   9006.990     -2.605      0.009   -4.11e+04   -5804.489
x1             1.1069      0.172      6.449      0.000       0.770       1.444
x2            -0.4415      0.199     -2.223      0.026      -0.831      -0.052
x3          -547.9355    100.473     -5.454      0.000    -744.947    -350.924
x4           4.72e+04   4652.822     10.145      0.000    3.81e+04    5.63e+04
==============================================================================
Omnibus:                     1529.436   Durbin-Watson:                   1.928
Prob(Omnibus):                  0.000   Jarque-Bera (JB):            19060.860
Skew:                           2.467   Prob(JB):                         0.00
Kurtosis:                      15.106   Cond. No.                     3.75e+05
==============================================================================

Warnings:
[1] Standard Errors assume that the covariance matrix of the errors is correctly specified.
[2] The condition number is large, 3.75e+05. This might indicate that there are
strong multicollinearity or other numerical problems.
                            OLS Regression Results                            
==============================================================================
Dep. Variable:                      y   R-squared:                        -inf
Model:                            OLS   Adj. R-squared:                   -inf
Method:                 Least Squares   F-statistic:                    -668.0
Date:                Sun, 02 Dec 2018   Prob (F-statistic):               1.00
Time:                        12:53:31   Log-Likelihood:                 88437.
No. Observations:                2677   AIC:                        -1.769e+05
Df Residuals:                    2672   BIC:                        -1.768e+05
Df Model:                           4                                         
Covariance Type:            nonrobust                                         
==============================================================================
                 coef    std err          t      P>|t|      [0.025      0.975]
------------------------------------------------------------------------------
const          1.0000   8.38e-17   1.19e+16      0.000       1.000       1.000
x1           1.56e-21    1.6e-21      0.976      0.329   -1.57e-21    4.69e-21
x2         -1.858e-20   1.85e-21    -10.048      0.000   -2.22e-20    -1.5e-20
x3          1.904e-17   9.35e-19     20.355      0.000    1.72e-17    2.09e-17
x4          3.534e-17   4.33e-17      0.816      0.415   -4.96e-17     1.2e-16
==============================================================================
Omnibus:                      942.248   Durbin-Watson:                   0.554
Prob(Omnibus):                  0.000   Jarque-Bera (JB):             9764.096
Skew:                          -1.362   Prob(JB):                         0.00
Kurtosis:                      11.951   Cond. No.                     3.75e+05
==============================================================================

Warnings:
[1] Standard Errors assume that the covariance matrix of the errors is correctly specified.
[2] The condition number is large, 3.75e+05. This might indicate that there are
strong multicollinearity or other numerical problems.
                            OLS Regression Results                            
==============================================================================
Dep. Variable:                      y   R-squared:                       0.189
Model:                            OLS   Adj. R-squared:                  0.187
Method:                 Least Squares   F-statistic:                     124.2
Date:                Sun, 02 Dec 2018   Prob (F-statistic):          1.61e-118
Time:                        12:53:31   Log-Likelihood:                -34992.
No. Observations:                2677   AIC:                         7.000e+04
Df Residuals:                    2671   BIC:                         7.003e+04
Df Model:                           5                                         
Covariance Type:            nonrobust                                         
==============================================================================
                 coef    std err          t      P>|t|      [0.025      0.975]
------------------------------------------------------------------------------
const       3638.5999   9322.251      0.390      0.696   -1.46e+04    2.19e+04
x1             1.1379      0.169      6.735      0.000       0.807       1.469
x2            -0.3757      0.196     -1.921      0.055      -0.759       0.008
x3          -187.8429    106.056     -1.771      0.077    -395.804      20.118
x4          -5.12e+04   5455.208     -9.386      0.000   -6.19e+04   -4.05e+04
x5            4.3e+04   4600.648      9.346      0.000     3.4e+04     5.2e+04
==============================================================================
Omnibus:                     1561.769   Durbin-Watson:                   1.917
Prob(Omnibus):                  0.000   Jarque-Bera (JB):            20978.289
Skew:                           2.509   Prob(JB):                         0.00
Kurtosis:                      15.763   Cond. No.                     3.99e+05
==============================================================================

Warnings:
[1] Standard Errors assume that the covariance matrix of the errors is correctly specified.
[2] The condition number is large, 3.99e+05. This might indicate that there are
strong multicollinearity or other numerical problems.
                            OLS Regression Results                            
==============================================================================
Dep. Variable:                      y   R-squared:                        -inf
Model:                            OLS   Adj. R-squared:                   -inf
Method:                 Least Squares   F-statistic:                    -534.2
Date:                Sun, 02 Dec 2018   Prob (F-statistic):               1.00
Time:                        12:53:31   Log-Likelihood:                 89142.
No. Observations:                2677   AIC:                        -1.783e+05
Df Residuals:                    2671   BIC:                        -1.782e+05
Df Model:                           5                                         
Covariance Type:            nonrobust                                         
==============================================================================
                 coef    std err          t      P>|t|      [0.025      0.975]
------------------------------------------------------------------------------
const          1.0000   6.78e-17   1.48e+16      0.000       1.000       1.000
x1         -3.322e-20   1.23e-21    -27.042      0.000   -3.56e-20   -3.08e-20
x2          5.482e-20   1.42e-21     38.552      0.000     5.2e-20    5.76e-20
x3         -1.572e-17   7.71e-19    -20.389      0.000   -1.72e-17   -1.42e-17
x4          4.087e-17   3.97e-17      1.030      0.303   -3.69e-17    1.19e-16
x5           1.69e-16   3.35e-17      5.052      0.000    1.03e-16    2.35e-16
==============================================================================
Omnibus:                     1184.193   Durbin-Watson:                   1.983
Prob(Omnibus):                  0.000   Jarque-Bera (JB):            10063.796
Skew:                           1.886   Prob(JB):                         0.00
Kurtosis:                      11.718   Cond. No.                     3.99e+05
==============================================================================

Warnings:
[1] Standard Errors assume that the covariance matrix of the errors is correctly specified.
[2] The condition number is large, 3.99e+05. This might indicate that there are
strong multicollinearity or other numerical problems.
