[1, 3, 4, 5, 7, 8, 9, 11]
                            OLS Regression Results                            
==============================================================================
Dep. Variable:                      y   R-squared:                       0.158
Model:                            OLS   Adj. R-squared:                  0.155
Method:                 Least Squares   F-statistic:                     45.58
Date:                Tue, 04 Dec 2018   Prob (F-statistic):           1.68e-67
Time:                        23:12:24   Log-Likelihood:                -23688.
No. Observations:                1950   AIC:                         4.739e+04
Df Residuals:                    1941   BIC:                         4.745e+04
Df Model:                           8                                         
Covariance Type:            nonrobust                                         
==============================================================================
                 coef    std err          t      P>|t|      [0.025      0.975]
------------------------------------------------------------------------------
const       1.163e+04   3861.675      3.011      0.003    4054.559    1.92e+04
x1           704.8880    156.378      4.508      0.000     398.202    1011.574
x2           -20.9717     67.741     -0.310      0.757    -153.825     111.881
x3          1.242e+04   2411.748      5.150      0.000    7689.981    1.71e+04
x4          1.594e+04   2601.367      6.128      0.000    1.08e+04     2.1e+04
x5          1376.5546   1624.820      0.847      0.397   -1810.021    4563.131
x6         -2.204e+04   4146.165     -5.315      0.000   -3.02e+04   -1.39e+04
x7         -1.063e+04   3574.780     -2.972      0.003   -1.76e+04   -3615.146
x8           337.7476    346.461      0.975      0.330    -341.728    1017.223
==============================================================================
Omnibus:                     1070.796   Durbin-Watson:                   1.916
Prob(Omnibus):                  0.000   Jarque-Bera (JB):            10368.991
Skew:                           2.416   Prob(JB):                         0.00
Kurtosis:                      13.211   Cond. No.                         186.
==============================================================================

Warnings:
[1] Standard Errors assume that the covariance matrix of the errors is correctly specified.



[1, 3, 4, 5, 7, 8, 9]
                            OLS Regression Results                            
==============================================================================
Dep. Variable:                      y   R-squared:                       0.158
Model:                            OLS   Adj. R-squared:                  0.155
Method:                 Least Squares   F-statistic:                     51.96
Date:                Tue, 04 Dec 2018   Prob (F-statistic):           3.58e-68
Time:                        23:12:24   Log-Likelihood:                -23689.
No. Observations:                1950   AIC:                         4.739e+04
Df Residuals:                    1942   BIC:                         4.744e+04
Df Model:                           7                                         
Covariance Type:            nonrobust                                         
==============================================================================
                 coef    std err          t      P>|t|      [0.025      0.975]
------------------------------------------------------------------------------
const       1.134e+04   3850.073      2.945      0.003    3786.337    1.89e+04
x1           780.2773    135.915      5.741      0.000     513.722    1046.833
x2           -15.4368     67.502     -0.229      0.819    -147.821     116.947
x3           1.23e+04   2408.727      5.108      0.000    7578.871     1.7e+04
x4          1.598e+04   2601.025      6.144      0.000    1.09e+04    2.11e+04
x5          1418.9255   1624.218      0.874      0.382   -1766.469    4604.319
x6         -2.181e+04   4139.262     -5.268      0.000   -2.99e+04   -1.37e+04
x7         -1.079e+04   3570.995     -3.020      0.003   -1.78e+04   -3781.923
==============================================================================
Omnibus:                     1067.718   Durbin-Watson:                   1.916
Prob(Omnibus):                  0.000   Jarque-Bera (JB):            10257.930
Skew:                           2.410   Prob(JB):                         0.00
Kurtosis:                      13.149   Cond. No.                         185.
==============================================================================

Warnings:
[1] Standard Errors assume that the covariance matrix of the errors is correctly specified.



