[1, 3, 4, 5, 6, 7, 9, 10, 11, 14, 15]
                            OLS Regression Results                            
==============================================================================
Dep. Variable:                      y   R-squared:                       0.161
Model:                            OLS   Adj. R-squared:                  0.156
Method:                 Least Squares   F-statistic:                     33.74
Date:                Tue, 04 Dec 2018   Prob (F-statistic):           2.71e-66
Time:                        23:21:39   Log-Likelihood:                -23685.
No. Observations:                1950   AIC:                         4.739e+04
Df Residuals:                    1938   BIC:                         4.746e+04
Df Model:                          11                                         
Covariance Type:            nonrobust                                         
==============================================================================
                 coef    std err          t      P>|t|      [0.025      0.975]
------------------------------------------------------------------------------
const      -1.683e+04   3756.816     -4.481      0.000   -2.42e+04   -9466.272
x1           571.6620    157.637      3.626      0.000     262.507     880.817
x2           100.8440     70.721      1.426      0.154     -37.853     239.541
x3         -2271.9586   1770.975     -1.283      0.200   -5745.175    1201.258
x4           2.68e+04   2223.442     12.053      0.000    2.24e+04    3.12e+04
x5             1.5943      3.466      0.460      0.646      -5.203       8.391
x6          1461.5520   1636.170      0.893      0.372   -1747.285    4670.390
x7         -1.491e+04   3472.522     -4.295      0.000   -2.17e+04   -8103.759
x8            -0.5497      2.021     -0.272      0.786      -4.512       3.413
x9           590.3312    479.470      1.231      0.218    -350.001    1530.663
x10           -0.8015      0.445     -1.801      0.072      -1.674       0.071
x11            0.3478      0.060      5.836      0.000       0.231       0.465
==============================================================================
Omnibus:                     1046.153   Durbin-Watson:                   1.928
Prob(Omnibus):                  0.000   Jarque-Bera (JB):            10009.981
Skew:                           2.347   Prob(JB):                         0.00
Kurtosis:                      13.058   Cond. No.                     1.80e+05
==============================================================================

Warnings:
[1] Standard Errors assume that the covariance matrix of the errors is correctly specified.
[2] The condition number is large, 1.8e+05. This might indicate that there are
strong multicollinearity or other numerical problems.



