[4, 5, 6, 7, 9]
                            OLS Regression Results                            
==============================================================================
Dep. Variable:                      y   R-squared:                       0.134
Model:                            OLS   Adj. R-squared:                  0.132
Method:                 Least Squares   F-statistic:                     60.11
Date:                Tue, 04 Dec 2018   Prob (F-statistic):           2.33e-58
Time:                        23:46:51   Log-Likelihood:                -23716.
No. Observations:                1950   AIC:                         4.744e+04
Df Residuals:                    1944   BIC:                         4.748e+04
Df Model:                           5                                         
Covariance Type:            nonrobust                                         
==============================================================================
                 coef    std err          t      P>|t|      [0.025      0.975]
------------------------------------------------------------------------------
const      -1224.3529   2781.270     -0.440      0.660   -6678.938    4230.233
x1          3504.7785   1569.153      2.234      0.026     427.378    6582.179
x2           2.67e+04   2106.186     12.679      0.000    2.26e+04    3.08e+04
x3             3.6970      2.302      1.606      0.109      -0.819       8.212
x4          1111.2080   1650.710      0.673      0.501   -2126.139    4348.556
x5         -1.641e+04   2433.607     -6.744      0.000   -2.12e+04   -1.16e+04
==============================================================================
Omnibus:                     1050.659   Durbin-Watson:                   1.919
Prob(Omnibus):                  0.000   Jarque-Bera (JB):             9529.135
Skew:                           2.383   Prob(JB):                         0.00
Kurtosis:                      12.725   Cond. No.                     1.67e+03
==============================================================================

Warnings:
[1] Standard Errors assume that the covariance matrix of the errors is correctly specified.
[2] The condition number is large, 1.67e+03. This might indicate that there are
strong multicollinearity or other numerical problems.



