[4, 5, 6, 7, 9, 14, 15]
                            OLS Regression Results                            
==============================================================================
Dep. Variable:                      y   R-squared:                       0.150
Model:                            OLS   Adj. R-squared:                  0.147
Method:                 Least Squares   F-statistic:                     49.14
Date:                Tue, 04 Dec 2018   Prob (F-statistic):           1.36e-64
Time:                        23:39:37   Log-Likelihood:                -23697.
No. Observations:                1950   AIC:                         4.741e+04
Df Residuals:                    1942   BIC:                         4.746e+04
Df Model:                           7                                         
Covariance Type:            nonrobust                                         
==============================================================================
                 coef    std err          t      P>|t|      [0.025      0.975]
------------------------------------------------------------------------------
const      -1.446e+04   3535.780     -4.089      0.000   -2.14e+04   -7524.703
x1         -1491.0722   1756.698     -0.849      0.396   -4936.284    1954.139
x2          2.924e+04   2136.014     13.691      0.000    2.51e+04    3.34e+04
x3             1.9804      2.744      0.722      0.471      -3.402       7.362
x4          1139.1723   1639.019      0.695      0.487   -2075.249    4353.594
x5         -1.163e+04   2538.434     -4.580      0.000   -1.66e+04   -6647.580
x6            -0.0749      0.365     -0.205      0.837      -0.791       0.641
x7             0.3420      0.057      6.024      0.000       0.231       0.453
==============================================================================
Omnibus:                     1035.514   Durbin-Watson:                   1.924
Prob(Omnibus):                  0.000   Jarque-Bera (JB):             9532.552
Skew:                           2.331   Prob(JB):                         0.00
Kurtosis:                      12.777   Cond. No.                     1.79e+05
==============================================================================

Warnings:
[1] Standard Errors assume that the covariance matrix of the errors is correctly specified.
[2] The condition number is large, 1.79e+05. This might indicate that there are
strong multicollinearity or other numerical problems.



