[4, 5, 9, 15]
                            OLS Regression Results                            
==============================================================================
Dep. Variable:                      y   R-squared:                       0.150
Model:                            OLS   Adj. R-squared:                  0.148
Method:                 Least Squares   F-statistic:                     85.78
Date:                Tue, 04 Dec 2018   Prob (F-statistic):           3.54e-67
Time:                        23:43:28   Log-Likelihood:                -23698.
No. Observations:                1950   AIC:                         4.741e+04
Df Residuals:                    1945   BIC:                         4.743e+04
Df Model:                           4                                         
Covariance Type:            nonrobust                                         
==============================================================================
                 coef    std err          t      P>|t|      [0.025      0.975]
------------------------------------------------------------------------------
const       -1.39e+04   3437.430     -4.045      0.000   -2.06e+04   -7163.324
x1         -1526.2716   1750.266     -0.872      0.383   -4958.866    1906.322
x2          2.932e+04   2121.345     13.822      0.000    2.52e+04    3.35e+04
x3         -1.164e+04   2529.824     -4.599      0.000   -1.66e+04   -6673.930
x4             0.3453      0.055      6.327      0.000       0.238       0.452
==============================================================================
Omnibus:                     1033.769   Durbin-Watson:                   1.924
Prob(Omnibus):                  0.000   Jarque-Bera (JB):             9468.618
Skew:                           2.328   Prob(JB):                         0.00
Kurtosis:                      12.739   Cond. No.                     1.75e+05
==============================================================================

Warnings:
[1] Standard Errors assume that the covariance matrix of the errors is correctly specified.
[2] The condition number is large, 1.75e+05. This might indicate that there are
strong multicollinearity or other numerical problems.



