[3, 4, 5, 7, 9, 11]
                            OLS Regression Results                            
==============================================================================
Dep. Variable:                      y   R-squared:                       0.137
Model:                            OLS   Adj. R-squared:                  0.135
Method:                 Least Squares   F-statistic:                     51.62
Date:                Tue, 04 Dec 2018   Prob (F-statistic):           3.60e-59
Time:                        23:48:07   Log-Likelihood:                -23712.
No. Observations:                1950   AIC:                         4.744e+04
Df Residuals:                    1943   BIC:                         4.748e+04
Df Model:                           6                                         
Covariance Type:            nonrobust                                         
==============================================================================
                 coef    std err          t      P>|t|      [0.025      0.975]
------------------------------------------------------------------------------
const       -739.3629   2829.577     -0.261      0.794   -6288.688    4809.962
x1           -30.8999     68.459     -0.451      0.652    -165.162     103.362
x2          3343.0474   1567.722      2.132      0.033     268.454    6417.641
x3          2.598e+04   2117.054     12.271      0.000    2.18e+04    3.01e+04
x4          1311.3186   1641.677      0.799      0.425   -1908.316    4530.953
x5         -1.543e+04   3505.340     -4.402      0.000   -2.23e+04   -8556.932
x6           988.8127    303.744      3.255      0.001     393.114    1584.511
==============================================================================
Omnibus:                     1061.052   Durbin-Watson:                   1.918
Prob(Omnibus):                  0.000   Jarque-Bera (JB):             9900.446
Skew:                           2.402   Prob(JB):                         0.00
Kurtosis:                      12.938   Cond. No.                         111.
==============================================================================

Warnings:
[1] Standard Errors assume that the covariance matrix of the errors is correctly specified.



