[3, 4, 5, 7, 9]
                            OLS Regression Results                            
==============================================================================
Dep. Variable:                      y   R-squared:                       0.133
Model:                            OLS   Adj. R-squared:                  0.131
Method:                 Least Squares   F-statistic:                     59.53
Date:                Tue, 04 Dec 2018   Prob (F-statistic):           8.14e-58
Time:                        23:47:37   Log-Likelihood:                -23717.
No. Observations:                1950   AIC:                         4.745e+04
Df Residuals:                    1944   BIC:                         4.748e+04
Df Model:                           5                                         
Covariance Type:            nonrobust                                         
==============================================================================
                 coef    std err          t      P>|t|      [0.025      0.975]
------------------------------------------------------------------------------
const       -594.3387   2836.202     -0.210      0.834   -6156.655    4967.977
x1           -15.2307     68.458     -0.222      0.824    -149.490     119.029
x2          3591.9125   1569.717      2.288      0.022     513.406    6670.419
x3           2.68e+04   2107.128     12.719      0.000    2.27e+04    3.09e+04
x4          1336.1570   1645.707      0.812      0.417   -1891.379    4563.693
x5         -1.592e+04   3510.796     -4.534      0.000   -2.28e+04   -9032.079
==============================================================================
Omnibus:                     1047.757   Durbin-Watson:                   1.917
Prob(Omnibus):                  0.000   Jarque-Bera (JB):             9412.878
Skew:                           2.378   Prob(JB):                         0.00
Kurtosis:                      12.655   Cond. No.                         111.
==============================================================================

Warnings:
[1] Standard Errors assume that the covariance matrix of the errors is correctly specified.



