[4, 5, 7, 9, 14]
                            OLS Regression Results                            
==============================================================================
Dep. Variable:                      y   R-squared:                       0.131
Model:                            OLS   Adj. R-squared:                  0.129
Method:                 Least Squares   F-statistic:                     58.84
Date:                Tue, 04 Dec 2018   Prob (F-statistic):           3.55e-57
Time:                        23:46:15   Log-Likelihood:                -23709.
No. Observations:                1950   AIC:                         4.743e+04
Df Residuals:                    1944   BIC:                         4.746e+04
Df Model:                           5                                         
Covariance Type:            nonrobust                                         
==============================================================================
                 coef    std err          t      P>|t|      [0.025      0.975]
------------------------------------------------------------------------------
const      -1195.9410   2756.391     -0.434      0.664   -6601.733    4209.851
x1          3096.5177   1565.182      1.978      0.048      26.907    6166.128
x2          2.652e+04   2101.144     12.622      0.000    2.24e+04    3.06e+04
x3          1541.6109   1638.645      0.941      0.347   -1672.076    4755.298
x4         -1.641e+04   2424.687     -6.769      0.000   -2.12e+04   -1.17e+04
x5             0.2627      0.297      0.885      0.376      -0.319       0.845
==============================================================================
Omnibus:                     1062.851   Durbin-Watson:                   1.917
Prob(Omnibus):                  0.000   Jarque-Bera (JB):             9866.053
Skew:                           2.410   Prob(JB):                         0.00
Kurtosis:                      12.909   Cond. No.                     1.23e+04
==============================================================================

Warnings:
[1] Standard Errors assume that the covariance matrix of the errors is correctly specified.
[2] The condition number is large, 1.23e+04. This might indicate that there are
strong multicollinearity or other numerical problems.



