[3, 4, 5, 7, 9, 11]
                            OLS Regression Results                            
==============================================================================
Dep. Variable:                      y   R-squared:                       0.133
Model:                            OLS   Adj. R-squared:                  0.130
Method:                 Least Squares   F-statistic:                     49.59
Date:                Tue, 04 Dec 2018   Prob (F-statistic):           6.53e-57
Time:                        23:48:07   Log-Likelihood:                -23708.
No. Observations:                1950   AIC:                         4.743e+04
Df Residuals:                    1943   BIC:                         4.747e+04
Df Model:                           6                                         
Covariance Type:            nonrobust                                         
==============================================================================
                 coef    std err          t      P>|t|      [0.025      0.975]
------------------------------------------------------------------------------
const      -1093.7735   2823.070     -0.387      0.698   -6630.338    4442.791
x1           -20.0439     68.302     -0.293      0.769    -153.997     113.909
x2          3031.0491   1564.117      1.938      0.053     -36.474    6098.572
x3          2.613e+04   2112.185     12.372      0.000     2.2e+04    3.03e+04
x4          1517.6291   1637.902      0.927      0.354   -1694.601    4729.860
x5         -1.575e+04   3497.279     -4.505      0.000   -2.26e+04   -8894.883
x6           588.2936    303.046      1.941      0.052      -6.035    1182.623
==============================================================================
Omnibus:                     1068.325   Durbin-Watson:                   1.918
Prob(Omnibus):                  0.000   Jarque-Bera (JB):            10077.860
Skew:                           2.420   Prob(JB):                         0.00
Kurtosis:                      13.031   Cond. No.                         111.
==============================================================================

Warnings:
[1] Standard Errors assume that the covariance matrix of the errors is correctly specified.



