[1, 3, 4, 5, 6, 7, 9, 10, 11, 14, 15]
                            OLS Regression Results                            
==============================================================================
Dep. Variable:                      y   R-squared:                       0.156
Model:                            OLS   Adj. R-squared:                  0.152
Method:                 Least Squares   F-statistic:                     32.68
Date:                Tue, 04 Dec 2018   Prob (F-statistic):           3.20e-64
Time:                        23:21:39   Log-Likelihood:                -23681.
No. Observations:                1950   AIC:                         4.739e+04
Df Residuals:                    1938   BIC:                         4.745e+04
Df Model:                          11                                         
Covariance Type:            nonrobust                                         
==============================================================================
                 coef    std err          t      P>|t|      [0.025      0.975]
------------------------------------------------------------------------------
const      -1.697e+04   3747.468     -4.529      0.000   -2.43e+04   -9622.532
x1           602.2157    157.244      3.830      0.000     293.830     910.602
x2           110.9397     70.545      1.573      0.116     -27.413     249.292
x3         -2506.2668   1766.569     -1.419      0.156   -5970.841     958.308
x4          2.678e+04   2217.909     12.073      0.000    2.24e+04    3.11e+04
x5             1.8317      3.457      0.530      0.596      -4.948       8.612
x6          1691.9050   1632.098      1.037      0.300   -1508.948    4892.758
x7         -1.527e+04   3463.882     -4.410      0.000   -2.21e+04   -8481.404
x8            -0.7824      2.016     -0.388      0.698      -4.735       3.170
x9           240.7771    478.277      0.503      0.615    -697.215    1178.769
x10           -0.8822      0.444     -1.988      0.047      -1.753      -0.012
x11            0.3411      0.059      5.737      0.000       0.224       0.458
==============================================================================
Omnibus:                     1055.922   Durbin-Watson:                   1.929
Prob(Omnibus):                  0.000   Jarque-Bera (JB):            10251.188
Skew:                           2.371   Prob(JB):                         0.00
Kurtosis:                      13.183   Cond. No.                     1.80e+05
==============================================================================

Warnings:
[1] Standard Errors assume that the covariance matrix of the errors is correctly specified.
[2] The condition number is large, 1.8e+05. This might indicate that there are
strong multicollinearity or other numerical problems.



