[4, 5, 9, 15]
                            OLS Regression Results                            
==============================================================================
Dep. Variable:                      y   R-squared:                       0.146
Model:                            OLS   Adj. R-squared:                  0.145
Method:                 Least Squares   F-statistic:                     83.34
Date:                Tue, 04 Dec 2018   Prob (F-statistic):           2.19e-65
Time:                        23:43:28   Log-Likelihood:                -23692.
No. Observations:                1950   AIC:                         4.739e+04
Df Residuals:                    1945   BIC:                         4.742e+04
Df Model:                           4                                         
Covariance Type:            nonrobust                                         
==============================================================================
                 coef    std err          t      P>|t|      [0.025      0.975]
------------------------------------------------------------------------------
const      -1.339e+04   3427.543     -3.906      0.000   -2.01e+04   -6666.579
x1         -1631.7569   1745.231     -0.935      0.350   -5054.477    1790.963
x2          2.899e+04   2115.243     13.706      0.000    2.48e+04    3.31e+04
x3         -1.189e+04   2522.547     -4.714      0.000   -1.68e+04   -6943.630
x4             0.3246      0.054      5.964      0.000       0.218       0.431
==============================================================================
Omnibus:                     1049.040   Durbin-Watson:                   1.925
Prob(Omnibus):                  0.000   Jarque-Bera (JB):             9873.021
Skew:                           2.363   Prob(JB):                         0.00
Kurtosis:                      12.959   Cond. No.                     1.75e+05
==============================================================================

Warnings:
[1] Standard Errors assume that the covariance matrix of the errors is correctly specified.
[2] The condition number is large, 1.75e+05. This might indicate that there are
strong multicollinearity or other numerical problems.



