[3, 4, 5, 7, 9]
                            OLS Regression Results                            
==============================================================================
Dep. Variable:                      y   R-squared:                       0.131
Model:                            OLS   Adj. R-squared:                  0.129
Method:                 Least Squares   F-statistic:                     58.67
Date:                Tue, 04 Dec 2018   Prob (F-statistic):           5.18e-57
Time:                        23:47:37   Log-Likelihood:                -23710.
No. Observations:                1950   AIC:                         4.743e+04
Df Residuals:                    1944   BIC:                         4.746e+04
Df Model:                           5                                         
Covariance Type:            nonrobust                                         
==============================================================================
                 coef    std err          t      P>|t|      [0.025      0.975]
------------------------------------------------------------------------------
const      -1007.4915   2824.729     -0.357      0.721   -6547.308    4532.325
x1           -10.7215     68.182     -0.157      0.875    -144.438     122.995
x2          3179.1112   1563.368      2.034      0.042     113.057    6245.165
x3          2.662e+04   2098.605     12.685      0.000    2.25e+04    3.07e+04
x4          1532.4067   1639.050      0.935      0.350   -1682.074    4746.888
x5         -1.604e+04   3496.595     -4.588      0.000   -2.29e+04   -9185.279
==============================================================================
Omnibus:                     1061.750   Durbin-Watson:                   1.917
Prob(Omnibus):                  0.000   Jarque-Bera (JB):             9818.717
Skew:                           2.408   Prob(JB):                         0.00
Kurtosis:                      12.882   Cond. No.                         111.
==============================================================================

Warnings:
[1] Standard Errors assume that the covariance matrix of the errors is correctly specified.



