[1, 3, 4, 5, 7, 8, 9, 11]
                            OLS Regression Results                            
==============================================================================
Dep. Variable:                      y   R-squared:                       0.155
Model:                            OLS   Adj. R-squared:                  0.151
Method:                 Least Squares   F-statistic:                     44.45
Date:                Tue, 04 Dec 2018   Prob (F-statistic):           7.16e-66
Time:                        23:12:25   Log-Likelihood:                -23683.
No. Observations:                1950   AIC:                         4.738e+04
Df Residuals:                    1941   BIC:                         4.743e+04
Df Model:                           8                                         
Covariance Type:            nonrobust                                         
==============================================================================
                 coef    std err          t      P>|t|      [0.025      0.975]
------------------------------------------------------------------------------
const       1.147e+04   3849.920      2.979      0.003    3916.639     1.9e+04
x1           733.0783    155.902      4.702      0.000     427.326    1038.831
x2            -9.6359     67.535     -0.143      0.887    -142.085     122.813
x3          1.226e+04   2404.407      5.099      0.000    7545.294     1.7e+04
x4          1.586e+04   2593.449      6.114      0.000    1.08e+04    2.09e+04
x5          1590.7686   1619.874      0.982      0.326   -1586.108    4767.645
x6         -2.245e+04   4133.544     -5.431      0.000   -3.06e+04   -1.43e+04
x7         -1.086e+04   3563.899     -3.046      0.002   -1.78e+04   -3866.537
x8           -91.4509    345.407     -0.265      0.791    -768.858     585.956
==============================================================================
Omnibus:                     1079.148   Durbin-Watson:                   1.916
Prob(Omnibus):                  0.000   Jarque-Bera (JB):            10597.635
Skew:                           2.436   Prob(JB):                         0.00
Kurtosis:                      13.330   Cond. No.                         186.
==============================================================================

Warnings:
[1] Standard Errors assume that the covariance matrix of the errors is correctly specified.



[1, 3, 4, 5, 7, 8, 9]
                            OLS Regression Results                            
==============================================================================
Dep. Variable:                      y   R-squared:                       0.155
Model:                            OLS   Adj. R-squared:                  0.152
Method:                 Least Squares   F-statistic:                     50.82
Date:                Tue, 04 Dec 2018   Prob (F-statistic):           1.00e-66
Time:                        23:12:25   Log-Likelihood:                -23683.
No. Observations:                1950   AIC:                         4.738e+04
Df Residuals:                    1942   BIC:                         4.743e+04
Df Model:                           7                                         
Covariance Type:            nonrobust                                         
==============================================================================
                 coef    std err          t      P>|t|      [0.025      0.975]
------------------------------------------------------------------------------
const       1.155e+04   3837.483      3.009      0.003    4019.819    1.91e+04
x1           712.6654    135.471      5.261      0.000     446.982     978.349
x2           -11.1345     67.281     -0.165      0.869    -143.086     120.816
x3          1.229e+04   2400.851      5.120      0.000    7583.959     1.7e+04
x4          1.585e+04   2592.520      6.113      0.000    1.08e+04    2.09e+04
x5          1579.2959   1618.907      0.976      0.329   -1595.682    4754.274
x6         -2.251e+04   4125.727     -5.456      0.000   -3.06e+04   -1.44e+04
x7         -1.081e+04   3559.318     -3.038      0.002   -1.78e+04   -3832.375
==============================================================================
Omnibus:                     1079.782   Durbin-Watson:                   1.916
Prob(Omnibus):                  0.000   Jarque-Bera (JB):            10622.472
Skew:                           2.437   Prob(JB):                         0.00
Kurtosis:                      13.343   Cond. No.                         185.
==============================================================================

Warnings:
[1] Standard Errors assume that the covariance matrix of the errors is correctly specified.



