[4, 5, 9, 15]
                            OLS Regression Results                            
==============================================================================
Dep. Variable:                      y   R-squared:                       0.038
Model:                            OLS   Adj. R-squared:                  0.036
Method:                 Least Squares   F-statistic:                     18.95
Date:                Tue, 04 Dec 2018   Prob (F-statistic):           2.67e-15
Time:                        23:43:28   Log-Likelihood:                -18209.
No. Observations:                1950   AIC:                         3.643e+04
Df Residuals:                    1945   BIC:                         3.646e+04
Df Model:                           4                                         
Covariance Type:            nonrobust                                         
==============================================================================
                 coef    std err          t      P>|t|      [0.025      0.975]
------------------------------------------------------------------------------
const       -516.1362    205.977     -2.506      0.012    -920.095    -112.177
x1           105.4853    104.879      1.006      0.315    -100.202     311.173
x2           327.9678    127.115      2.580      0.010      78.672     577.264
x3           255.4294    151.592      1.685      0.092     -41.870     552.729
x4             0.0207      0.003      6.338      0.000       0.014       0.027
==============================================================================
Omnibus:                     1983.324   Durbin-Watson:                   2.024
Prob(Omnibus):                  0.000   Jarque-Bera (JB):            96907.405
Skew:                           5.023   Prob(JB):                         0.00
Kurtosis:                      36.042   Cond. No.                     1.75e+05
==============================================================================

Warnings:
[1] Standard Errors assume that the covariance matrix of the errors is correctly specified.
[2] The condition number is large, 1.75e+05. This might indicate that there are
strong multicollinearity or other numerical problems.



