[1, 3, 4, 5, 6, 7, 9, 11, 14, 15]
                            OLS Regression Results                            
==============================================================================
Dep. Variable:                      y   R-squared:                       0.278
Model:                            OLS   Adj. R-squared:                  0.274
Method:                 Least Squares   F-statistic:                     74.65
Date:                Tue, 04 Dec 2018   Prob (F-statistic):          1.65e-129
Time:                        23:27:36   Log-Likelihood:                -17929.
No. Observations:                1950   AIC:                         3.588e+04
Df Residuals:                    1939   BIC:                         3.594e+04
Df Model:                          10                                         
Covariance Type:            nonrobust                                         
==============================================================================
                 coef    std err          t      P>|t|      [0.025      0.975]
------------------------------------------------------------------------------
const        120.7215    196.017      0.616      0.538    -263.704     505.147
x1           -30.1367      8.229     -3.662      0.000     -46.276     -13.998
x2            -9.9612      3.692     -2.698      0.007     -17.203      -2.720
x3           228.6741     92.441      2.474      0.013      47.380     409.968
x4            16.5986    116.079      0.143      0.886    -211.054     244.251
x5             0.0062      0.143      0.043      0.966      -0.275       0.287
x6          -217.9655     85.252     -2.557      0.011    -385.161     -50.770
x7           376.4605    181.186      2.078      0.038      21.121     731.800
x8           371.5970     22.956     16.187      0.000     326.576     416.618
x9             0.0820      0.023      3.532      0.000       0.036       0.128
x10            0.0071      0.003      2.294      0.022       0.001       0.013
==============================================================================
Omnibus:                     1753.418   Durbin-Watson:                   1.995
Prob(Omnibus):                  0.000   Jarque-Bera (JB):            75315.091
Skew:                           4.126   Prob(JB):                         0.00
Kurtosis:                      32.306   Cond. No.                     1.80e+05
==============================================================================

Warnings:
[1] Standard Errors assume that the covariance matrix of the errors is correctly specified.
[2] The condition number is large, 1.8e+05. This might indicate that there are
strong multicollinearity or other numerical problems.



