[1, 3, 4, 5, 6, 7, 9, 10, 11, 14, 15]
                            OLS Regression Results                            
==============================================================================
Dep. Variable:                      y   R-squared:                       0.280
Model:                            OLS   Adj. R-squared:                  0.276
Method:                 Least Squares   F-statistic:                     68.44
Date:                Tue, 04 Dec 2018   Prob (F-statistic):          1.32e-129
Time:                        23:21:39   Log-Likelihood:                -17926.
No. Observations:                1950   AIC:                         3.588e+04
Df Residuals:                    1938   BIC:                         3.594e+04
Df Model:                          11                                         
Covariance Type:            nonrobust                                         
==============================================================================
                 coef    std err          t      P>|t|      [0.025      0.975]
------------------------------------------------------------------------------
const        137.9267    195.976      0.704      0.482    -246.419     522.273
x1           -30.5538      8.223     -3.716      0.000     -46.681     -14.427
x2           -10.0957      3.689     -2.737      0.006     -17.331      -2.860
x3           234.3082     92.384      2.536      0.011      53.126     415.490
x4            21.7846    115.987      0.188      0.851    -205.688     249.257
x5            -0.2374      0.181     -1.313      0.189      -0.592       0.117
x6          -230.3530     85.352     -2.699      0.007    -397.743     -62.963
x7           360.7004    181.146      1.991      0.047       5.439     715.961
x8             0.2327      0.105      2.208      0.027       0.026       0.439
x9           349.5540     25.012     13.976      0.000     300.501     398.607
x10            0.0807      0.023      3.476      0.001       0.035       0.126
x11            0.0067      0.003      2.169      0.030       0.001       0.013
==============================================================================
Omnibus:                     1744.485   Durbin-Watson:                   1.993
Prob(Omnibus):                  0.000   Jarque-Bera (JB):            73214.164
Skew:                           4.101   Prob(JB):                         0.00
Kurtosis:                      31.876   Cond. No.                     1.80e+05
==============================================================================

Warnings:
[1] Standard Errors assume that the covariance matrix of the errors is correctly specified.
[2] The condition number is large, 1.8e+05. This might indicate that there are
strong multicollinearity or other numerical problems.



