[1, 3, 4, 5, 7, 8, 9, 11]
                            OLS Regression Results                            
==============================================================================
Dep. Variable:                      y   R-squared:                       0.269
Model:                            OLS   Adj. R-squared:                  0.266
Method:                 Least Squares   F-statistic:                     89.42
Date:                Tue, 04 Dec 2018   Prob (F-statistic):          1.74e-126
Time:                        23:12:26   Log-Likelihood:                -17941.
No. Observations:                1950   AIC:                         3.590e+04
Df Residuals:                    1941   BIC:                         3.595e+04
Df Model:                           8                                         
Covariance Type:            nonrobust                                         
==============================================================================
                 coef    std err          t      P>|t|      [0.025      0.975]
------------------------------------------------------------------------------
const        160.9733    202.600      0.795      0.427    -236.363     558.309
x1           -28.1903      8.204     -3.436      0.001     -44.280     -12.100
x2           -11.3358      3.554     -3.190      0.001     -18.306      -4.366
x3           159.0850    126.531      1.257      0.209     -89.065     407.235
x4            83.3861    136.479      0.611      0.541    -184.274     351.046
x5          -214.2140     85.245     -2.513      0.012    -381.395     -47.033
x6           409.0227    217.525      1.880      0.060     -17.585     835.631
x7           230.0502    187.548      1.227      0.220    -137.767     597.867
x8           429.1985     18.177     23.612      0.000     393.550     464.847
==============================================================================
Omnibus:                     1792.044   Durbin-Watson:                   2.006
Prob(Omnibus):                  0.000   Jarque-Bera (JB):            80230.816
Skew:                           4.260   Prob(JB):                         0.00
Kurtosis:                      33.247   Cond. No.                         186.
==============================================================================

Warnings:
[1] Standard Errors assume that the covariance matrix of the errors is correctly specified.



[1, 3, 4, 5, 7, 8, 9]
                            OLS Regression Results                            
==============================================================================
Dep. Variable:                      y   R-squared:                       0.059
Model:                            OLS   Adj. R-squared:                  0.056
Method:                 Least Squares   F-statistic:                     17.52
Date:                Tue, 04 Dec 2018   Prob (F-statistic):           1.19e-22
Time:                        23:12:26   Log-Likelihood:                -18187.
No. Observations:                1950   AIC:                         3.639e+04
Df Residuals:                    1942   BIC:                         3.643e+04
Df Model:                           7                                         
Covariance Type:            nonrobust                                         
==============================================================================
                 coef    std err          t      P>|t|      [0.025      0.975]
------------------------------------------------------------------------------
const       -208.7915    229.117     -0.911      0.362    -658.132     240.549
x1            67.6119      8.088      8.359      0.000      51.749      83.475
x2            -4.3023      4.017     -1.071      0.284     -12.180       3.576
x3            10.3592    143.343      0.072      0.942    -270.763     291.481
x4           133.0268    154.786      0.859      0.390    -170.538     436.592
x5          -160.3705     96.657     -1.659      0.097    -349.932      29.191
x6           704.1541    246.326      2.859      0.004     221.062    1187.246
x7            27.5518    212.509      0.130      0.897    -389.218     444.321
==============================================================================
Omnibus:                     1928.697   Durbin-Watson:                   2.021
Prob(Omnibus):                  0.000   Jarque-Bera (JB):            86698.280
Skew:                           4.826   Prob(JB):                         0.00
Kurtosis:                      34.207   Cond. No.                         185.
==============================================================================

Warnings:
[1] Standard Errors assume that the covariance matrix of the errors is correctly specified.



