[3, 4, 5, 7, 9]
                            OLS Regression Results                            
==============================================================================
Dep. Variable:                      y   R-squared:                       0.020
Model:                            OLS   Adj. R-squared:                  0.018
Method:                 Least Squares   F-statistic:                     8.023
Date:                Tue, 04 Dec 2018   Prob (F-statistic):           1.69e-07
Time:                        23:47:37   Log-Likelihood:                -18227.
No. Observations:                1950   AIC:                         3.647e+04
Df Residuals:                    1944   BIC:                         3.650e+04
Df Model:                           5                                         
Covariance Type:            nonrobust                                         
==============================================================================
                 coef    std err          t      P>|t|      [0.025      0.975]
------------------------------------------------------------------------------
const        413.1527    169.764      2.434      0.015      80.215     746.090
x1            -4.5092      4.098     -1.100      0.271     -12.545       3.527
x2           412.8012     93.957      4.394      0.000     228.534     597.068
x3           179.3950    126.124      1.422      0.155     -67.958     426.748
x4          -196.2497     98.505     -1.992      0.046    -389.437      -3.062
x5           125.3498    210.142      0.597      0.551    -286.778     537.477
==============================================================================
Omnibus:                     2013.454   Durbin-Watson:                   2.038
Prob(Omnibus):                  0.000   Jarque-Bera (JB):           100974.684
Skew:                           5.144   Prob(JB):                         0.00
Kurtosis:                      36.718   Cond. No.                         111.
==============================================================================

Warnings:
[1] Standard Errors assume that the covariance matrix of the errors is correctly specified.



