[0, 1, 3, 5]
                            OLS Regression Results                            
==============================================================================
Dep. Variable:                      y   R-squared:                       0.093
Model:                            OLS   Adj. R-squared:                  0.090
Method:                 Least Squares   F-statistic:                     31.66
Date:                Tue, 04 Dec 2018   Prob (F-statistic):           3.84e-25
Time:                        14:33:26   Log-Likelihood:                -11768.
No. Observations:                1247   AIC:                         2.355e+04
Df Residuals:                    1242   BIC:                         2.357e+04
Df Model:                           4                                         
Covariance Type:            nonrobust                                         
==============================================================================
                 coef    std err          t      P>|t|      [0.025      0.975]
------------------------------------------------------------------------------
const        856.8965    201.318      4.256      0.000     461.936    1251.857
x1          -508.2437     98.789     -5.145      0.000    -702.056    -314.432
x2            94.2213      9.181     10.263      0.000      76.209     112.233
x3            10.4152      4.820      2.161      0.031       0.960      19.871
x4           259.1971    178.316      1.454      0.146     -90.637     609.031
==============================================================================
Omnibus:                      838.274   Durbin-Watson:                   2.035
Prob(Omnibus):                  0.000   Jarque-Bera (JB):            10198.480
Skew:                           3.029   Prob(JB):                         0.00
Kurtosis:                      15.632   Cond. No.                         73.9
==============================================================================

Warnings:
[1] Standard Errors assume that the covariance matrix of the errors is correctly specified.



[0, 1, 5, 9]
                            OLS Regression Results                            
==============================================================================
Dep. Variable:                      y   R-squared:                       0.093
Model:                            OLS   Adj. R-squared:                  0.090
Method:                 Least Squares   F-statistic:                     31.96
Date:                Tue, 04 Dec 2018   Prob (F-statistic):           2.23e-25
Time:                        14:33:26   Log-Likelihood:                -11768.
No. Observations:                1247   AIC:                         2.355e+04
Df Residuals:                    1242   BIC:                         2.357e+04
Df Model:                           4                                         
Covariance Type:            nonrobust                                         
==============================================================================
                 coef    std err          t      P>|t|      [0.025      0.975]
------------------------------------------------------------------------------
const        894.0582    190.631      4.690      0.000     520.064    1268.052
x1          -491.9991     99.580     -4.941      0.000    -687.362    -296.636
x2            93.6500      9.188     10.193      0.000      75.625     111.675
x3           244.8442    178.536      1.371      0.170    -105.422     595.110
x4           492.3658    204.877      2.403      0.016      90.423     894.308
==============================================================================
Omnibus:                      837.821   Durbin-Watson:                   2.036
Prob(Omnibus):                  0.000   Jarque-Bera (JB):            10222.672
Skew:                           3.025   Prob(JB):                         0.00
Kurtosis:                      15.654   Cond. No.                         42.5
==============================================================================

Warnings:
[1] Standard Errors assume that the covariance matrix of the errors is correctly specified.



[0, 3, 5, 7]
                            OLS Regression Results                            
==============================================================================
Dep. Variable:                      y   R-squared:                       0.017
Model:                            OLS   Adj. R-squared:                  0.014
Method:                 Least Squares   F-statistic:                     5.466
Date:                Tue, 04 Dec 2018   Prob (F-statistic):           0.000231
Time:                        14:33:26   Log-Likelihood:                -11818.
No. Observations:                1247   AIC:                         2.365e+04
Df Residuals:                    1242   BIC:                         2.367e+04
Df Model:                           4                                         
Covariance Type:            nonrobust                                         
==============================================================================
                 coef    std err          t      P>|t|      [0.025      0.975]
------------------------------------------------------------------------------
const       1238.2959    213.476      5.801      0.000     819.483    1657.109
x1          -319.7960    101.958     -3.137      0.002    -519.825    -119.767
x2            12.7723      5.011      2.549      0.011       2.940      22.604
x3           476.0965    184.411      2.582      0.010     114.305     837.888
x4          -175.2011    118.374     -1.480      0.139    -407.436      57.033
==============================================================================
Omnibus:                      948.615   Durbin-Watson:                   2.046
Prob(Omnibus):                  0.000   Jarque-Bera (JB):            14829.319
Skew:                           3.506   Prob(JB):                         0.00
Kurtosis:                      18.370   Cond. No.                         71.6
==============================================================================

Warnings:
[1] Standard Errors assume that the covariance matrix of the errors is correctly specified.



[0, 4, 5, 7]
                            OLS Regression Results                            
==============================================================================
Dep. Variable:                      y   R-squared:                       0.035
Model:                            OLS   Adj. R-squared:                  0.032
Method:                 Least Squares   F-statistic:                     11.40
Date:                Tue, 04 Dec 2018   Prob (F-statistic):           4.37e-09
Time:                        14:33:26   Log-Likelihood:                -11806.
No. Observations:                1247   AIC:                         2.362e+04
Df Residuals:                    1242   BIC:                         2.365e+04
Df Model:                           4                                         
Covariance Type:            nonrobust                                         
==============================================================================
                 coef    std err          t      P>|t|      [0.025      0.975]
------------------------------------------------------------------------------
const       1411.7081    187.591      7.525      0.000    1043.677    1779.739
x1          -401.2196    100.718     -3.984      0.000    -598.816    -203.623
x2           490.9659     89.745      5.471      0.000     314.896     667.035
x3           285.2201    186.640      1.528      0.127     -80.944     651.384
x4          -179.2189    117.267     -1.528      0.127    -409.282      50.845
==============================================================================
Omnibus:                      930.300   Durbin-Watson:                   2.019
Prob(Omnibus):                  0.000   Jarque-Bera (JB):            13798.743
Skew:                           3.430   Prob(JB):                         0.00
Kurtosis:                      17.783   Cond. No.                         8.97
==============================================================================

Warnings:
[1] Standard Errors assume that the covariance matrix of the errors is correctly specified.



[0, 5, 7, 8]
                            OLS Regression Results                            
==============================================================================
Dep. Variable:                      y   R-squared:                       0.058
Model:                            OLS   Adj. R-squared:                  0.055
Method:                 Least Squares   F-statistic:                     19.03
Date:                Tue, 04 Dec 2018   Prob (F-statistic):           3.36e-15
Time:                        14:33:26   Log-Likelihood:                -11792.
No. Observations:                1247   AIC:                         2.359e+04
Df Residuals:                    1242   BIC:                         2.362e+04
Df Model:                           4                                         
Covariance Type:            nonrobust                                         
==============================================================================
                 coef    std err          t      P>|t|      [0.025      0.975]
------------------------------------------------------------------------------
const        453.6040    228.306      1.987      0.047       5.697     901.511
x1          -161.5776    102.087     -1.583      0.114    -361.859      38.704
x2           331.2821    181.652      1.824      0.068     -25.097     687.661
x3          -195.7626    115.938     -1.689      0.092    -423.219      31.694
x4          1538.0484    198.422      7.751      0.000    1148.769    1927.328
==============================================================================
Omnibus:                      921.920   Durbin-Watson:                   2.016
Prob(Omnibus):                  0.000   Jarque-Bera (JB):            13790.784
Skew:                           3.379   Prob(JB):                         0.00
Kurtosis:                      17.824   Cond. No.                         9.83
==============================================================================

Warnings:
[1] Standard Errors assume that the covariance matrix of the errors is correctly specified.



[0, 5, 7, 9]
                            OLS Regression Results                            
==============================================================================
Dep. Variable:                      y   R-squared:                       0.019
Model:                            OLS   Adj. R-squared:                  0.016
Method:                 Least Squares   F-statistic:                     6.080
Date:                Tue, 04 Dec 2018   Prob (F-statistic):           7.61e-05
Time:                        14:33:26   Log-Likelihood:                -11817.
No. Observations:                1247   AIC:                         2.364e+04
Df Residuals:                    1242   BIC:                         2.367e+04
Df Model:                           4                                         
Covariance Type:            nonrobust                                         
==============================================================================
                 coef    std err          t      P>|t|      [0.025      0.975]
------------------------------------------------------------------------------
const       1269.9666    202.745      6.264      0.000     872.206    1667.728
x1          -298.5862    102.630     -2.909      0.004    -499.934     -97.239
x2           454.5433    184.620      2.462      0.014      92.342     816.745
x3          -174.8826    118.250     -1.479      0.139    -406.874      57.108
x4           635.2636    212.656      2.987      0.003     218.059    1052.468
==============================================================================
Omnibus:                      948.520   Durbin-Watson:                   2.046
Prob(Omnibus):                  0.000   Jarque-Bera (JB):            14890.053
Skew:                           3.503   Prob(JB):                         0.00
Kurtosis:                      18.410   Cond. No.                         8.81
==============================================================================

Warnings:
[1] Standard Errors assume that the covariance matrix of the errors is correctly specified.



[1, 3, 4, 5]
                            OLS Regression Results                            
==============================================================================
Dep. Variable:                      y   R-squared:                       0.079
Model:                            OLS   Adj. R-squared:                  0.076
Method:                 Least Squares   F-statistic:                     26.56
Date:                Tue, 04 Dec 2018   Prob (F-statistic):           3.67e-21
Time:                        14:33:26   Log-Likelihood:                -11778.
No. Observations:                1247   AIC:                         2.357e+04
Df Residuals:                    1242   BIC:                         2.359e+04
Df Model:                           4                                         
Covariance Type:            nonrobust                                         
==============================================================================
                 coef    std err          t      P>|t|      [0.025      0.975]
------------------------------------------------------------------------------
const        966.5215    203.443      4.751      0.000     567.391    1365.652
x1            81.2028      9.298      8.733      0.000      62.961      99.444
x2             9.8089      4.999      1.962      0.050       0.001      19.617
x3           254.0380     92.363      2.750      0.006      72.834     435.243
x4          -575.7631    124.393     -4.629      0.000    -819.806    -331.720
==============================================================================
Omnibus:                      835.813   Durbin-Watson:                   2.018
Prob(Omnibus):                  0.000   Jarque-Bera (JB):             9824.929
Skew:                           3.033   Prob(JB):                         0.00
Kurtosis:                      15.341   Cond. No.                         69.3
==============================================================================

Warnings:
[1] Standard Errors assume that the covariance matrix of the errors is correctly specified.



[1, 4, 5, 9]
                            OLS Regression Results                            
==============================================================================
Dep. Variable:                      y   R-squared:                       0.080
Model:                            OLS   Adj. R-squared:                  0.077
Method:                 Least Squares   F-statistic:                     27.04
Date:                Tue, 04 Dec 2018   Prob (F-statistic):           1.53e-21
Time:                        14:33:26   Log-Likelihood:                -11777.
No. Observations:                1247   AIC:                         2.356e+04
Df Residuals:                    1242   BIC:                         2.359e+04
Df Model:                           4                                         
Covariance Type:            nonrobust                                         
==============================================================================
                 coef    std err          t      P>|t|      [0.025      0.975]
------------------------------------------------------------------------------
const        983.8319    192.416      5.113      0.000     606.335    1361.329
x1            81.2510      9.291      8.745      0.000      63.024      99.478
x2           233.4735     93.563      2.495      0.013      49.915     417.032
x3          -555.3885    125.233     -4.435      0.000    -801.081    -309.696
x4           507.3165    213.574      2.375      0.018      88.310     926.323
==============================================================================
Omnibus:                      835.967   Durbin-Watson:                   2.020
Prob(Omnibus):                  0.000   Jarque-Bera (JB):             9879.244
Skew:                           3.031   Prob(JB):                         0.00
Kurtosis:                      15.385   Cond. No.                         43.9
==============================================================================

Warnings:
[1] Standard Errors assume that the covariance matrix of the errors is correctly specified.



[3, 4, 5, 7]
                            OLS Regression Results                            
==============================================================================
Dep. Variable:                      y   R-squared:                       0.025
Model:                            OLS   Adj. R-squared:                  0.022
Method:                 Least Squares   F-statistic:                     8.040
Date:                Tue, 04 Dec 2018   Prob (F-statistic):           2.13e-06
Time:                        14:33:26   Log-Likelihood:                -11813.
No. Observations:                1247   AIC:                         2.364e+04
Df Residuals:                    1242   BIC:                         2.366e+04
Df Model:                           4                                         
Covariance Type:            nonrobust                                         
==============================================================================
                 coef    std err          t      P>|t|      [0.025      0.975]
------------------------------------------------------------------------------
const       1342.7927    212.798      6.310      0.000     925.310    1760.275
x1             8.5316      5.140      1.660      0.097      -1.553      18.616
x2           417.1294     93.187      4.476      0.000     234.308     599.951
x3          -247.4736    122.267     -2.024      0.043    -487.345      -7.602
x4          -229.9255    117.193     -1.962      0.050    -459.844      -0.007
==============================================================================
Omnibus:                      931.028   Durbin-Watson:                   2.015
Prob(Omnibus):                  0.000   Jarque-Bera (JB):            13675.779
Skew:                           3.438   Prob(JB):                         0.00
Kurtosis:                      17.694   Cond. No.                         67.1
==============================================================================

Warnings:
[1] Standard Errors assume that the covariance matrix of the errors is correctly specified.



[4, 5, 7, 9]
                            OLS Regression Results                            
==============================================================================
Dep. Variable:                      y   R-squared:                       0.026
Model:                            OLS   Adj. R-squared:                  0.023
Method:                 Least Squares   F-statistic:                     8.424
Date:                Tue, 04 Dec 2018   Prob (F-statistic):           1.05e-06
Time:                        14:33:26   Log-Likelihood:                -11812.
No. Observations:                1247   AIC:                         2.363e+04
Df Residuals:                    1242   BIC:                         2.366e+04
Df Model:                           4                                         
Covariance Type:            nonrobust                                         
==============================================================================
                 coef    std err          t      P>|t|      [0.025      0.975]
------------------------------------------------------------------------------
const       1352.6211    202.057      6.694      0.000     956.211    1749.032
x1           397.6668     94.459      4.210      0.000     212.351     582.983
x2          -228.1224    123.205     -1.852      0.064    -469.835      13.591
x3          -227.1915    117.128     -1.940      0.053    -456.983       2.600
x4           453.2310    219.654      2.063      0.039      22.298     884.164
==============================================================================
Omnibus:                      931.681   Durbin-Watson:                   2.017
Prob(Omnibus):                  0.000   Jarque-Bera (JB):            13763.396
Skew:                           3.439   Prob(JB):                         0.00
Kurtosis:                      17.751   Cond. No.                         6.83
==============================================================================

Warnings:
[1] Standard Errors assume that the covariance matrix of the errors is correctly specified.



