[3, 4, 5, 7, 9, 11]
                            OLS Regression Results                            
==============================================================================
Dep. Variable:                      y   R-squared:                       0.264
Model:                            OLS   Adj. R-squared:                  0.261
Method:                 Least Squares   F-statistic:                     115.9
Date:                Tue, 04 Dec 2018   Prob (F-statistic):          2.59e-125
Time:                        23:48:07   Log-Likelihood:                -17948.
No. Observations:                1950   AIC:                         3.591e+04
Df Residuals:                    1943   BIC:                         3.595e+04
Df Model:                           6                                         
Covariance Type:            nonrobust                                         
==============================================================================
                 coef    std err          t      P>|t|      [0.025      0.975]
------------------------------------------------------------------------------
const        354.4106    147.231      2.407      0.016      65.664     643.157
x1           -10.8560      3.562     -3.048      0.002     -17.842      -3.870
x2           311.9983     81.573      3.825      0.000     152.019     471.978
x3          -153.5159    110.156     -1.394      0.164    -369.553      62.521
x4          -206.3105     85.421     -2.415      0.016    -373.837     -38.784
x5           322.1414    182.393      1.766      0.078     -35.564     679.847
x6           400.5191     15.805     25.342      0.000     369.523     431.515
==============================================================================
Omnibus:                     1788.490   Durbin-Watson:                   2.001
Prob(Omnibus):                  0.000   Jarque-Bera (JB):            79816.450
Skew:                           4.247   Prob(JB):                         0.00
Kurtosis:                      33.169   Cond. No.                         111.
==============================================================================

Warnings:
[1] Standard Errors assume that the covariance matrix of the errors is correctly specified.



