[1, 3, 4, 5, 8]
                            OLS Regression Results                            
==============================================================================
Dep. Variable:                      y   R-squared:                       0.193
Model:                            OLS   Adj. R-squared:                  0.185
Method:                 Least Squares   F-statistic:                     22.74
Date:                Tue, 04 Dec 2018   Prob (F-statistic):           1.79e-20
Time:                        13:07:58   Log-Likelihood:                -5849.7
No. Observations:                 480   AIC:                         1.171e+04
Df Residuals:                     474   BIC:                         1.174e+04
Df Model:                           5                                         
Covariance Type:            nonrobust                                         
==============================================================================
                 coef    std err          t      P>|t|      [0.025      0.975]
------------------------------------------------------------------------------
const        2.73e+04   6024.225      4.531      0.000    1.55e+04    3.91e+04
x1           292.6814    200.560      1.459      0.145    -101.414     686.777
x2          -427.1152    165.654     -2.578      0.010    -752.622    -101.609
x3          1.407e+04   3058.601      4.599      0.000    8056.815    2.01e+04
x4          1.319e+04   2912.319      4.528      0.000    7464.932    1.89e+04
x5         -2.144e+04   9339.875     -2.296      0.022   -3.98e+04   -3090.542
==============================================================================
Omnibus:                      153.883   Durbin-Watson:                   1.972
Prob(Omnibus):                  0.000   Jarque-Bera (JB):              501.241
Skew:                           1.483   Prob(JB):                    1.43e-109
Kurtosis:                       7.033   Cond. No.                         119.
==============================================================================

Warnings:
[1] Standard Errors assume that the covariance matrix of the errors is correctly specified.



[1, 4, 5, 8, 9]
                            OLS Regression Results                            
==============================================================================
Dep. Variable:                      y   R-squared:                       0.193
Model:                            OLS   Adj. R-squared:                  0.185
Method:                 Least Squares   F-statistic:                     22.73
Date:                Tue, 04 Dec 2018   Prob (F-statistic):           1.83e-20
Time:                        13:07:58   Log-Likelihood:                -5849.7
No. Observations:                 480   AIC:                         1.171e+04
Df Residuals:                     474   BIC:                         1.174e+04
Df Model:                           5                                         
Covariance Type:            nonrobust                                         
==============================================================================
                 coef    std err          t      P>|t|      [0.025      0.975]
------------------------------------------------------------------------------
const       2.311e+04   5823.543      3.969      0.000    1.17e+04    3.46e+04
x1           278.5549    201.077      1.385      0.167    -116.558     673.668
x2          1.367e+04   3052.591      4.478      0.000    7671.295    1.97e+04
x3          1.365e+04   2922.028      4.671      0.000    7908.047    1.94e+04
x4         -1.814e+04   9694.934     -1.872      0.062   -3.72e+04     906.007
x5         -2.064e+04   8039.676     -2.568      0.011   -3.64e+04   -4847.116
==============================================================================
Omnibus:                      152.101   Durbin-Watson:                   1.973
Prob(Omnibus):                  0.000   Jarque-Bera (JB):              487.257
Skew:                           1.471   Prob(JB):                    1.56e-106
Kurtosis:                       6.963   Cond. No.                         96.2
==============================================================================

Warnings:
[1] Standard Errors assume that the covariance matrix of the errors is correctly specified.



[0, 3, 4, 5]
                            OLS Regression Results                            
==============================================================================
Dep. Variable:                      y   R-squared:                       0.203
Model:                            OLS   Adj. R-squared:                  0.196
Method:                 Least Squares   F-statistic:                     30.23
Date:                Tue, 04 Dec 2018   Prob (F-statistic):           1.99e-22
Time:                        13:07:58   Log-Likelihood:                -5846.8
No. Observations:                 480   AIC:                         1.170e+04
Df Residuals:                     475   BIC:                         1.172e+04
Df Model:                           4                                         
Covariance Type:            nonrobust                                         
==============================================================================
                 coef    std err          t      P>|t|      [0.025      0.975]
------------------------------------------------------------------------------
const       1.696e+04   5522.830      3.071      0.002    6109.517    2.78e+04
x1          7472.2997   2123.360      3.519      0.000    3299.960    1.16e+04
x2          -447.6164    161.818     -2.766      0.006    -765.584    -129.649
x3          7788.6644   1843.040      4.226      0.000    4167.144    1.14e+04
x4          8922.3626   3381.757      2.638      0.009    2277.309    1.56e+04
==============================================================================
Omnibus:                      154.236   Durbin-Watson:                   1.994
Prob(Omnibus):                  0.000   Jarque-Bera (JB):              501.786
Skew:                           1.487   Prob(JB):                    1.09e-109
Kurtosis:                       7.031   Cond. No.                         56.3
==============================================================================

Warnings:
[1] Standard Errors assume that the covariance matrix of the errors is correctly specified.



[0, 3, 5, 8]
                            OLS Regression Results                            
==============================================================================
Dep. Variable:                      y   R-squared:                       0.192
Model:                            OLS   Adj. R-squared:                  0.185
Method:                 Least Squares   F-statistic:                     28.15
Date:                Tue, 04 Dec 2018   Prob (F-statistic):           5.34e-21
Time:                        13:07:58   Log-Likelihood:                -5850.2
No. Observations:                 480   AIC:                         1.171e+04
Df Residuals:                     475   BIC:                         1.173e+04
Df Model:                           4                                         
Covariance Type:            nonrobust                                         
==============================================================================
                 coef    std err          t      P>|t|      [0.025      0.975]
------------------------------------------------------------------------------
const       8444.4969   5659.256      1.492      0.136   -2675.775    1.96e+04
x1          1.004e+04   2148.508      4.674      0.000    5820.872    1.43e+04
x2          -404.5724    164.812     -2.455      0.014    -728.423     -80.722
x3          9800.4308   3389.368      2.892      0.004    3140.422    1.65e+04
x4          1.872e+04   5651.694      3.312      0.001    7611.818    2.98e+04
==============================================================================
Omnibus:                      155.656   Durbin-Watson:                   2.009
Prob(Omnibus):                  0.000   Jarque-Bera (JB):              499.363
Skew:                           1.508   Prob(JB):                    3.67e-109
Kurtosis:                       6.984   Cond. No.                         62.0
==============================================================================

Warnings:
[1] Standard Errors assume that the covariance matrix of the errors is correctly specified.



[0, 4, 5, 9]
                            OLS Regression Results                            
==============================================================================
Dep. Variable:                      y   R-squared:                       0.203
Model:                            OLS   Adj. R-squared:                  0.196
Method:                 Least Squares   F-statistic:                     30.19
Date:                Tue, 04 Dec 2018   Prob (F-statistic):           2.13e-22
Time:                        13:07:58   Log-Likelihood:                -5846.9
No. Observations:                 480   AIC:                         1.170e+04
Df Residuals:                     475   BIC:                         1.172e+04
Df Model:                           4                                         
Covariance Type:            nonrobust                                         
==============================================================================
                 coef    std err          t      P>|t|      [0.025      0.975]
------------------------------------------------------------------------------
const       1.395e+04   5181.197      2.693      0.007    3770.446    2.41e+04
x1          6950.8135   2155.665      3.224      0.001    2714.994    1.12e+04
x2          8301.7816   1929.347      4.303      0.000    4510.671    1.21e+04
x3          9497.4434   3391.605      2.800      0.005    2833.038    1.62e+04
x4         -2.104e+04   7676.865     -2.741      0.006   -3.61e+04   -5957.777
==============================================================================
Omnibus:                      152.906   Durbin-Watson:                   1.990
Prob(Omnibus):                  0.000   Jarque-Bera (JB):              489.812
Skew:                           1.480   Prob(JB):                    4.35e-107
Kurtosis:                       6.966   Cond. No.                         14.8
==============================================================================

Warnings:
[1] Standard Errors assume that the covariance matrix of the errors is correctly specified.



[1, 3, 4, 8]
                            OLS Regression Results                            
==============================================================================
Dep. Variable:                      y   R-squared:                       0.159
Model:                            OLS   Adj. R-squared:                  0.151
Method:                 Least Squares   F-statistic:                     22.38
Date:                Tue, 04 Dec 2018   Prob (F-statistic):           5.99e-17
Time:                        13:07:58   Log-Likelihood:                -5859.8
No. Observations:                 480   AIC:                         1.173e+04
Df Residuals:                     475   BIC:                         1.175e+04
Df Model:                           4                                         
Covariance Type:            nonrobust                                         
==============================================================================
                 coef    std err          t      P>|t|      [0.025      0.975]
------------------------------------------------------------------------------
const        4.67e+04   4319.604     10.812      0.000    3.82e+04    5.52e+04
x1           563.0147    195.360      2.882      0.004     179.139     946.891
x2          -410.5377    168.979     -2.430      0.015    -742.577     -78.498
x3          2.119e+04   2675.997      7.920      0.000    1.59e+04    2.65e+04
x4         -3.889e+04   8681.269     -4.480      0.000   -5.59e+04   -2.18e+04
==============================================================================
Omnibus:                      155.204   Durbin-Watson:                   1.980
Prob(Omnibus):                  0.000   Jarque-Bera (JB):              480.555
Skew:                           1.520   Prob(JB):                    4.45e-105
Kurtosis:                       6.846   Cond. No.                         102.
==============================================================================

Warnings:
[1] Standard Errors assume that the covariance matrix of the errors is correctly specified.



[1, 3, 5, 8]
                            OLS Regression Results                            
==============================================================================
Dep. Variable:                      y   R-squared:                       0.157
Model:                            OLS   Adj. R-squared:                  0.150
Method:                 Least Squares   F-statistic:                     22.20
Date:                Tue, 04 Dec 2018   Prob (F-statistic):           8.12e-17
Time:                        13:07:58   Log-Likelihood:                -5860.1
No. Observations:                 480   AIC:                         1.173e+04
Df Residuals:                     475   BIC:                         1.175e+04
Df Model:                           4                                         
Covariance Type:            nonrobust                                         
==============================================================================
                 coef    std err          t      P>|t|      [0.025      0.975]
------------------------------------------------------------------------------
const       1.566e+04   5582.297      2.806      0.005    4694.735    2.66e+04
x1           268.6899    204.701      1.313      0.190    -133.541     670.920
x2          -377.3792    168.770     -2.236      0.026    -709.008     -45.750
x3          2.008e+04   2549.681      7.875      0.000    1.51e+04    2.51e+04
x4          1.277e+04   5766.919      2.214      0.027    1435.020    2.41e+04
==============================================================================
Omnibus:                      166.960   Durbin-Watson:                   1.977
Prob(Omnibus):                  0.000   Jarque-Bera (JB):              592.116
Skew:                           1.583   Prob(JB):                    2.65e-129
Kurtosis:                       7.426   Cond. No.                         70.3
==============================================================================

Warnings:
[1] Standard Errors assume that the covariance matrix of the errors is correctly specified.



[1, 4, 5, 8]
                            OLS Regression Results                            
==============================================================================
Dep. Variable:                      y   R-squared:                       0.182
Model:                            OLS   Adj. R-squared:                  0.175
Method:                 Least Squares   F-statistic:                     26.45
Date:                Tue, 04 Dec 2018   Prob (F-statistic):           8.03e-20
Time:                        13:07:58   Log-Likelihood:                -5853.0
No. Observations:                 480   AIC:                         1.172e+04
Df Residuals:                     475   BIC:                         1.174e+04
Df Model:                           4                                         
Covariance Type:            nonrobust                                         
==============================================================================
                 coef    std err          t      P>|t|      [0.025      0.975]
------------------------------------------------------------------------------
const       2.331e+04   5857.214      3.980      0.000    1.18e+04    3.48e+04
x1           332.6143    201.146      1.654      0.099     -62.632     727.860
x2          1.355e+04   3070.168      4.414      0.000    7519.293    1.96e+04
x3          1.302e+04   2928.867      4.446      0.000    7266.499    1.88e+04
x4         -2.651e+04   9185.131     -2.886      0.004   -4.46e+04   -8459.064
==============================================================================
Omnibus:                      156.548   Durbin-Watson:                   1.976
Prob(Omnibus):                  0.000   Jarque-Bera (JB):              510.494
Skew:                           1.510   Prob(JB):                    1.40e-111
Kurtosis:                       7.050   Cond. No.                         88.6
==============================================================================

Warnings:
[1] Standard Errors assume that the covariance matrix of the errors is correctly specified.



[1, 4, 8, 9]
                            OLS Regression Results                            
==============================================================================
Dep. Variable:                      y   R-squared:                       0.156
Model:                            OLS   Adj. R-squared:                  0.149
Method:                 Least Squares   F-statistic:                     21.99
Date:                Tue, 04 Dec 2018   Prob (F-statistic):           1.14e-16
Time:                        13:07:58   Log-Likelihood:                -5860.5
No. Observations:                 480   AIC:                         1.173e+04
Df Residuals:                     475   BIC:                         1.175e+04
Df Model:                           4                                         
Covariance Type:            nonrobust                                         
==============================================================================
                 coef    std err          t      P>|t|      [0.025      0.975]
------------------------------------------------------------------------------
const       4.326e+04   3998.316     10.819      0.000    3.54e+04    5.11e+04
x1           563.1764    195.778      2.877      0.004     178.478     947.875
x2            2.1e+04   2675.145      7.850      0.000    1.57e+04    2.63e+04
x3         -3.715e+04   8990.294     -4.133      0.000   -5.48e+04   -1.95e+04
x4          -1.75e+04   8185.161     -2.138      0.033   -3.36e+04   -1417.363
==============================================================================
Omnibus:                      154.558   Durbin-Watson:                   1.982
Prob(Omnibus):                  0.000   Jarque-Bera (JB):              472.286
Skew:                           1.519   Prob(JB):                    2.78e-103
Kurtosis:                       6.793   Cond. No.                         85.4
==============================================================================

Warnings:
[1] Standard Errors assume that the covariance matrix of the errors is correctly specified.



[3, 4, 5, 8]
                            OLS Regression Results                            
==============================================================================
Dep. Variable:                      y   R-squared:                       0.190
Model:                            OLS   Adj. R-squared:                  0.183
Method:                 Least Squares   F-statistic:                     27.83
Date:                Tue, 04 Dec 2018   Prob (F-statistic):           8.88e-21
Time:                        13:07:58   Log-Likelihood:                -5850.7
No. Observations:                 480   AIC:                         1.171e+04
Df Residuals:                     475   BIC:                         1.173e+04
Df Model:                           4                                         
Covariance Type:            nonrobust                                         
==============================================================================
                 coef    std err          t      P>|t|      [0.025      0.975]
------------------------------------------------------------------------------
const       2.895e+04   5923.760      4.887      0.000    1.73e+04    4.06e+04
x1          -445.7831    165.355     -2.696      0.007    -770.702    -120.865
x2          1.395e+04   3061.200      4.557      0.000    7935.646       2e+04
x3          1.445e+04   2783.608      5.192      0.000    8982.965    1.99e+04
x4         -1.974e+04   9277.311     -2.127      0.034    -3.8e+04   -1506.130
==============================================================================
Omnibus:                      156.583   Durbin-Watson:                   1.967
Prob(Omnibus):                  0.000   Jarque-Bera (JB):              520.157
Skew:                           1.502   Prob(JB):                    1.12e-113
Kurtosis:                       7.121   Cond. No.                         99.5
==============================================================================

Warnings:
[1] Standard Errors assume that the covariance matrix of the errors is correctly specified.



[4, 5, 8, 9]
                            OLS Regression Results                            
==============================================================================
Dep. Variable:                      y   R-squared:                       0.190
Model:                            OLS   Adj. R-squared:                  0.183
Method:                 Least Squares   F-statistic:                     27.88
Date:                Tue, 04 Dec 2018   Prob (F-statistic):           8.22e-21
Time:                        13:07:58   Log-Likelihood:                -5850.6
No. Observations:                 480   AIC:                         1.171e+04
Df Residuals:                     475   BIC:                         1.173e+04
Df Model:                           4                                         
Covariance Type:            nonrobust                                         
==============================================================================
                 coef    std err          t      P>|t|      [0.025      0.975]
------------------------------------------------------------------------------
const        2.45e+04   5742.060      4.267      0.000    1.32e+04    3.58e+04
x1          1.354e+04   3054.216      4.435      0.000    7543.527    1.95e+04
x2          1.488e+04   2787.344      5.337      0.000    9399.311    2.04e+04
x3         -1.626e+04   9608.802     -1.693      0.091   -3.51e+04    2616.286
x4         -2.181e+04   8003.223     -2.725      0.007   -3.75e+04   -6084.890
==============================================================================
Omnibus:                      154.178   Durbin-Watson:                   1.967
Prob(Omnibus):                  0.000   Jarque-Bera (JB):              501.798
Skew:                           1.486   Prob(JB):                    1.09e-109
Kurtosis:                       7.032   Cond. No.                         13.8
==============================================================================

Warnings:
[1] Standard Errors assume that the covariance matrix of the errors is correctly specified.



