[0, 1, 3, 4, 5]
                            OLS Regression Results                            
==============================================================================
Dep. Variable:                      y   R-squared:                       0.146
Model:                            OLS   Adj. R-squared:                  0.142
Method:                 Least Squares   F-statistic:                     39.17
Date:                Tue, 04 Dec 2018   Prob (F-statistic):           3.17e-37
Time:                        13:17:41   Log-Likelihood:                -13968.
No. Observations:                1155   AIC:                         2.795e+04
Df Residuals:                    1149   BIC:                         2.798e+04
Df Model:                           5                                         
Covariance Type:            nonrobust                                         
==============================================================================
                 coef    std err          t      P>|t|      [0.025      0.975]
------------------------------------------------------------------------------
const       2.068e+04   3079.058      6.717      0.000    1.46e+04    2.67e+04
x1          5644.3487   1714.251      3.293      0.001    2280.936    9007.761
x2           218.1097    137.859      1.582      0.114     -52.374     488.593
x3          -232.5541     73.814     -3.151      0.002    -377.379     -87.729
x4          6940.7143   1504.671      4.613      0.000    3988.503    9892.926
x5          7816.6458   3042.001      2.570      0.010    1848.147    1.38e+04
==============================================================================
Omnibus:                      409.729   Durbin-Watson:                   1.995
Prob(Omnibus):                  0.000   Jarque-Bera (JB):             1586.621
Skew:                           1.680   Prob(JB):                         0.00
Kurtosis:                       7.656   Cond. No.                         82.7
==============================================================================

Warnings:
[1] Standard Errors assume that the covariance matrix of the errors is correctly specified.



[0, 1, 3, 5, 8]
                            OLS Regression Results                            
==============================================================================
Dep. Variable:                      y   R-squared:                       0.140
Model:                            OLS   Adj. R-squared:                  0.136
Method:                 Least Squares   F-statistic:                     37.41
Date:                Tue, 04 Dec 2018   Prob (F-statistic):           1.28e-35
Time:                        13:17:41   Log-Likelihood:                -13971.
No. Observations:                1155   AIC:                         2.795e+04
Df Residuals:                    1149   BIC:                         2.798e+04
Df Model:                           5                                         
Covariance Type:            nonrobust                                         
==============================================================================
                 coef    std err          t      P>|t|      [0.025      0.975]
------------------------------------------------------------------------------
const       1.403e+04   3394.579      4.134      0.000    7372.058    2.07e+04
x1          7952.3765   1762.457      4.512      0.000    4494.382    1.14e+04
x2           194.7563    140.184      1.389      0.165     -80.288     469.801
x3          -237.5837     76.629     -3.100      0.002    -387.931     -87.236
x4          9449.6305   3013.397      3.136      0.002    3537.252    1.54e+04
x5          1.172e+04   3172.589      3.694      0.000    5494.942    1.79e+04
==============================================================================
Omnibus:                      414.554   Durbin-Watson:                   1.994
Prob(Omnibus):                  0.000   Jarque-Bera (JB):             1600.725
Skew:                           1.704   Prob(JB):                         0.00
Kurtosis:                       7.653   Cond. No.                         87.3
==============================================================================

Warnings:
[1] Standard Errors assume that the covariance matrix of the errors is correctly specified.



[0, 1, 4, 5, 9]
                            OLS Regression Results                            
==============================================================================
Dep. Variable:                      y   R-squared:                       0.153
Model:                            OLS   Adj. R-squared:                  0.150
Method:                 Least Squares   F-statistic:                     41.59
Date:                Tue, 04 Dec 2018   Prob (F-statistic):           2.00e-39
Time:                        13:17:41   Log-Likelihood:                -13962.
No. Observations:                1155   AIC:                         2.794e+04
Df Residuals:                    1149   BIC:                         2.797e+04
Df Model:                           5                                         
Covariance Type:            nonrobust                                         
==============================================================================
                 coef    std err          t      P>|t|      [0.025      0.975]
------------------------------------------------------------------------------
const       2.091e+04   2923.779      7.152      0.000    1.52e+04    2.66e+04
x1          4820.3360   1725.642      2.793      0.005    1434.574    8206.098
x2           222.5908    137.248      1.622      0.105     -46.694     491.875
x3          7972.1327   1527.617      5.219      0.000    4974.902     1.1e+04
x4          8025.9219   3028.267      2.650      0.008    2084.369     1.4e+04
x5         -1.439e+04   3190.782     -4.511      0.000   -2.07e+04   -8132.008
==============================================================================
Omnibus:                      401.799   Durbin-Watson:                   2.006
Prob(Omnibus):                  0.000   Jarque-Bera (JB):             1539.224
Skew:                           1.648   Prob(JB):                         0.00
Kurtosis:                       7.596   Cond. No.                         45.6
==============================================================================

Warnings:
[1] Standard Errors assume that the covariance matrix of the errors is correctly specified.



[0, 1, 5, 8, 9]
                            OLS Regression Results                            
==============================================================================
Dep. Variable:                      y   R-squared:                       0.149
Model:                            OLS   Adj. R-squared:                  0.145
Method:                 Least Squares   F-statistic:                     40.12
Date:                Tue, 04 Dec 2018   Prob (F-statistic):           4.28e-38
Time:                        13:17:41   Log-Likelihood:                -13965.
No. Observations:                1155   AIC:                         2.794e+04
Df Residuals:                    1149   BIC:                         2.797e+04
Df Model:                           5                                         
Covariance Type:            nonrobust                                         
==============================================================================
                 coef    std err          t      P>|t|      [0.025      0.975]
------------------------------------------------------------------------------
const       1.257e+04   3314.833      3.791      0.000    6062.859    1.91e+04
x1          7617.2326   1755.126      4.340      0.000    4173.621    1.11e+04
x2           182.6292    139.511      1.309      0.191     -91.096     456.354
x3          9843.2538   3000.080      3.281      0.001    3957.004    1.57e+04
x4          1.504e+04   3291.792      4.570      0.000    8584.091    2.15e+04
x5         -1.564e+04   3385.285     -4.621      0.000   -2.23e+04   -8999.721
==============================================================================
Omnibus:                      404.714   Durbin-Watson:                   2.002
Prob(Omnibus):                  0.000   Jarque-Bera (JB):             1541.655
Skew:                           1.664   Prob(JB):                         0.00
Kurtosis:                       7.578   Cond. No.                         50.5
==============================================================================

Warnings:
[1] Standard Errors assume that the covariance matrix of the errors is correctly specified.



[0, 1, 3, 4]
                            OLS Regression Results                            
==============================================================================
Dep. Variable:                      y   R-squared:                       0.141
Model:                            OLS   Adj. R-squared:                  0.138
Method:                 Least Squares   F-statistic:                     47.08
Date:                Tue, 04 Dec 2018   Prob (F-statistic):           1.10e-36
Time:                        13:17:41   Log-Likelihood:                -13971.
No. Observations:                1155   AIC:                         2.795e+04
Df Residuals:                    1150   BIC:                         2.798e+04
Df Model:                           4                                         
Covariance Type:            nonrobust                                         
==============================================================================
                 coef    std err          t      P>|t|      [0.025      0.975]
------------------------------------------------------------------------------
const       2.459e+04   2683.112      9.166      0.000    1.93e+04    2.99e+04
x1          8923.4554   1147.403      7.777      0.000    6672.217    1.12e+04
x2           255.1806    137.435      1.857      0.064     -14.472     524.833
x3          -234.8458     73.988     -3.174      0.002    -380.013     -89.679
x4          7613.1085   1485.348      5.125      0.000    4698.813    1.05e+04
==============================================================================
Omnibus:                      405.433   Durbin-Watson:                   1.994
Prob(Omnibus):                  0.000   Jarque-Bera (JB):             1531.194
Skew:                           1.671   Prob(JB):                         0.00
Kurtosis:                       7.544   Cond. No.                         59.1
==============================================================================

Warnings:
[1] Standard Errors assume that the covariance matrix of the errors is correctly specified.



[0, 1, 3, 5]
                            OLS Regression Results                            
==============================================================================
Dep. Variable:                      y   R-squared:                       0.130
Model:                            OLS   Adj. R-squared:                  0.127
Method:                 Least Squares   F-statistic:                     42.88
Date:                Tue, 04 Dec 2018   Prob (F-statistic):           1.44e-33
Time:                        13:17:41   Log-Likelihood:                -13978.
No. Observations:                1155   AIC:                         2.797e+04
Df Residuals:                    1150   BIC:                         2.799e+04
Df Model:                           4                                         
Covariance Type:            nonrobust                                         
==============================================================================
                 coef    std err          t      P>|t|      [0.025      0.975]
------------------------------------------------------------------------------
const       1.934e+04   3092.191      6.255      0.000    1.33e+04    2.54e+04
x1          6404.2812   1721.294      3.721      0.000    3027.053    9781.509
x2           303.4986    137.809      2.202      0.028      33.112     573.885
x3          -124.0478     70.580     -1.758      0.079    -262.527      14.432
x4          1.026e+04   3021.941      3.394      0.001    4327.808    1.62e+04
==============================================================================
Omnibus:                      432.467   Durbin-Watson:                   2.020
Prob(Omnibus):                  0.000   Jarque-Bera (JB):             1707.610
Skew:                           1.778   Prob(JB):                         0.00
Kurtosis:                       7.779   Cond. No.                         81.8
==============================================================================

Warnings:
[1] Standard Errors assume that the covariance matrix of the errors is correctly specified.



[0, 1, 3, 8]
                            OLS Regression Results                            
==============================================================================
Dep. Variable:                      y   R-squared:                       0.133
Model:                            OLS   Adj. R-squared:                  0.130
Method:                 Least Squares   F-statistic:                     43.97
Date:                Tue, 04 Dec 2018   Prob (F-statistic):           2.23e-34
Time:                        13:17:41   Log-Likelihood:                -13976.
No. Observations:                1155   AIC:                         2.796e+04
Df Residuals:                    1150   BIC:                         2.799e+04
Df Model:                           4                                         
Covariance Type:            nonrobust                                         
==============================================================================
                 coef    std err          t      P>|t|      [0.025      0.975]
------------------------------------------------------------------------------
const       1.839e+04   3108.425      5.917      0.000    1.23e+04    2.45e+04
x1          1.221e+04   1129.910     10.802      0.000    9988.343    1.44e+04
x2           244.2895    139.825      1.747      0.081     -30.051     518.630
x3          -234.3804     76.916     -3.047      0.002    -385.291     -83.470
x4          1.244e+04   3176.364      3.917      0.000    6209.075    1.87e+04
==============================================================================
Omnibus:                      407.977   Durbin-Watson:                   1.994
Prob(Omnibus):                  0.000   Jarque-Bera (JB):             1519.062
Skew:                           1.689   Prob(JB):                         0.00
Kurtosis:                       7.489   Cond. No.                         83.0
==============================================================================

Warnings:
[1] Standard Errors assume that the covariance matrix of the errors is correctly specified.



[0, 1, 4, 5]
                            OLS Regression Results                            
==============================================================================
Dep. Variable:                      y   R-squared:                       0.138
Model:                            OLS   Adj. R-squared:                  0.135
Method:                 Least Squares   F-statistic:                     46.12
Date:                Tue, 04 Dec 2018   Prob (F-statistic):           5.65e-36
Time:                        13:17:41   Log-Likelihood:                -13972.
No. Observations:                1155   AIC:                         2.795e+04
Df Residuals:                    1150   BIC:                         2.798e+04
Df Model:                           4                                         
Covariance Type:            nonrobust                                         
==============================================================================
                 coef    std err          t      P>|t|      [0.025      0.975]
------------------------------------------------------------------------------
const       1.636e+04   2767.367      5.912      0.000    1.09e+04    2.18e+04
x1          6359.3875   1705.742      3.728      0.000    3012.673    9706.102
x2           217.3771    138.393      1.571      0.117     -54.153     488.907
x3          5430.0092   1431.746      3.793      0.000    2620.882    8239.137
x4          7932.4473   3053.560      2.598      0.010    1941.274    1.39e+04
==============================================================================
Omnibus:                      409.730   Durbin-Watson:                   1.999
Prob(Omnibus):                  0.000   Jarque-Bera (JB):             1560.478
Skew:                           1.687   Prob(JB):                         0.00
Kurtosis:                       7.587   Cond. No.                         44.0
==============================================================================

Warnings:
[1] Standard Errors assume that the covariance matrix of the errors is correctly specified.



[0, 1, 4, 9]
                            OLS Regression Results                            
==============================================================================
Dep. Variable:                      y   R-squared:                       0.148
Model:                            OLS   Adj. R-squared:                  0.145
Method:                 Least Squares   F-statistic:                     49.97
Date:                Tue, 04 Dec 2018   Prob (F-statistic):           8.32e-39
Time:                        13:17:41   Log-Likelihood:                -13966.
No. Observations:                1155   AIC:                         2.794e+04
Df Residuals:                    1150   BIC:                         2.797e+04
Df Model:                           4                                         
Covariance Type:            nonrobust                                         
==============================================================================
                 coef    std err          t      P>|t|      [0.025      0.975]
------------------------------------------------------------------------------
const       2.486e+04   2521.106      9.863      0.000    1.99e+04    2.98e+04
x1          8200.9929   1165.276      7.038      0.000    5914.689    1.05e+04
x2           260.6296    136.852      1.904      0.057      -7.879     529.138
x3          8637.0880   1510.814      5.717      0.000    5672.827    1.16e+04
x4         -1.433e+04   3199.054     -4.481      0.000   -2.06e+04   -8057.914
==============================================================================
Omnibus:                      398.135   Durbin-Watson:                   2.005
Prob(Omnibus):                  0.000   Jarque-Bera (JB):             1488.941
Skew:                           1.642   Prob(JB):                         0.00
Kurtosis:                       7.490   Cond. No.                         41.5
==============================================================================

Warnings:
[1] Standard Errors assume that the covariance matrix of the errors is correctly specified.



[0, 1, 5, 8]
                            OLS Regression Results                            
==============================================================================
Dep. Variable:                      y   R-squared:                       0.133
Model:                            OLS   Adj. R-squared:                  0.130
Method:                 Least Squares   F-statistic:                     44.03
Date:                Tue, 04 Dec 2018   Prob (F-statistic):           2.00e-34
Time:                        13:17:41   Log-Likelihood:                -13976.
No. Observations:                1155   AIC:                         2.796e+04
Df Residuals:                    1150   BIC:                         2.799e+04
Df Model:                           4                                         
Covariance Type:            nonrobust                                         
==============================================================================
                 coef    std err          t      P>|t|      [0.025      0.975]
------------------------------------------------------------------------------
const       1.198e+04   3341.536      3.584      0.000    5418.816    1.85e+04
x1          7955.6750   1769.044      4.497      0.000    4484.760    1.14e+04
x2           212.9303    140.584      1.515      0.130     -62.901     488.761
x3          9325.0859   3024.392      3.083      0.002    3391.142    1.53e+04
x4          7774.3608   2917.078      2.665      0.008    2050.969    1.35e+04
==============================================================================
Omnibus:                      415.498   Durbin-Watson:                   2.001
Prob(Omnibus):                  0.000   Jarque-Bera (JB):             1582.346
Skew:                           1.714   Prob(JB):                         0.00
Kurtosis:                       7.596   Cond. No.                         47.4
==============================================================================

Warnings:
[1] Standard Errors assume that the covariance matrix of the errors is correctly specified.



[0, 1, 5, 9]
                            OLS Regression Results                            
==============================================================================
Dep. Variable:                      y   R-squared:                       0.133
Model:                            OLS   Adj. R-squared:                  0.130
Method:                 Least Squares   F-statistic:                     44.17
Date:                Tue, 04 Dec 2018   Prob (F-statistic):           1.59e-34
Time:                        13:17:41   Log-Likelihood:                -13976.
No. Observations:                1155   AIC:                         2.796e+04
Df Residuals:                    1150   BIC:                         2.799e+04
Df Model:                           4                                         
Covariance Type:            nonrobust                                         
==============================================================================
                 coef    std err          t      P>|t|      [0.025      0.975]
------------------------------------------------------------------------------
const       1.971e+04   2947.831      6.688      0.000    1.39e+04    2.55e+04
x1          5948.0954   1731.475      3.435      0.001    2550.890    9345.300
x2           315.0488    137.643      2.289      0.022      44.989     585.109
x3          1.062e+04   3021.025      3.516      0.000    4694.147    1.65e+04
x4         -8249.1040   2999.330     -2.750      0.006   -1.41e+04   -2364.331
==============================================================================
Omnibus:                      430.535   Durbin-Watson:                   2.028
Prob(Omnibus):                  0.000   Jarque-Bera (JB):             1695.399
Skew:                           1.770   Prob(JB):                         0.00
Kurtosis:                       7.765   Cond. No.                         44.3
==============================================================================

Warnings:
[1] Standard Errors assume that the covariance matrix of the errors is correctly specified.



[0, 1, 8, 9]
                            OLS Regression Results                            
==============================================================================
Dep. Variable:                      y   R-squared:                       0.141
Model:                            OLS   Adj. R-squared:                  0.138
Method:                 Least Squares   F-statistic:                     47.06
Date:                Tue, 04 Dec 2018   Prob (F-statistic):           1.14e-36
Time:                        13:17:41   Log-Likelihood:                -13971.
No. Observations:                1155   AIC:                         2.795e+04
Df Residuals:                    1150   BIC:                         2.798e+04
Df Model:                           4                                         
Covariance Type:            nonrobust                                         
==============================================================================
                 coef    std err          t      P>|t|      [0.025      0.975]
------------------------------------------------------------------------------
const       1.712e+04   3023.442      5.662      0.000    1.12e+04     2.3e+04
x1          1.205e+04   1124.786     10.714      0.000    9843.940    1.43e+04
x2           234.7121    139.192      1.686      0.092     -38.387     507.811
x3          1.566e+04   3300.408      4.744      0.000    9180.278    2.21e+04
x4         -1.523e+04   3397.252     -4.482      0.000   -2.19e+04   -8561.058
==============================================================================
Omnibus:                      398.786   Durbin-Watson:                   2.001
Prob(Omnibus):                  0.000   Jarque-Bera (JB):             1463.948
Skew:                           1.653   Prob(JB):                         0.00
Kurtosis:                       7.415   Cond. No.                         49.6
==============================================================================

Warnings:
[1] Standard Errors assume that the covariance matrix of the errors is correctly specified.



[0, 3, 4, 5]
                            OLS Regression Results                            
==============================================================================
Dep. Variable:                      y   R-squared:                       0.144
Model:                            OLS   Adj. R-squared:                  0.141
Method:                 Least Squares   F-statistic:                     48.27
Date:                Tue, 04 Dec 2018   Prob (F-statistic):           1.46e-37
Time:                        13:17:41   Log-Likelihood:                -13969.
No. Observations:                1155   AIC:                         2.795e+04
Df Residuals:                    1150   BIC:                         2.797e+04
Df Model:                           4                                         
Covariance Type:            nonrobust                                         
==============================================================================
                 coef    std err          t      P>|t|      [0.025      0.975]
------------------------------------------------------------------------------
const       2.142e+04   3045.371      7.035      0.000    1.54e+04    2.74e+04
x1          5984.8981   1701.794      3.517      0.000    2645.929    9323.868
x2          -232.3571     73.862     -3.146      0.002    -377.277     -87.437
x3          7260.3730   1492.019      4.866      0.000    4332.989    1.02e+04
x4          8320.3057   3027.274      2.748      0.006    2380.707    1.43e+04
==============================================================================
Omnibus:                      410.339   Durbin-Watson:                   1.997
Prob(Omnibus):                  0.000   Jarque-Bera (JB):             1584.102
Skew:                           1.684   Prob(JB):                         0.00
Kurtosis:                       7.644   Cond. No.                         78.5
==============================================================================

Warnings:
[1] Standard Errors assume that the covariance matrix of the errors is correctly specified.



[0, 3, 5, 8]
                            OLS Regression Results                            
==============================================================================
Dep. Variable:                      y   R-squared:                       0.139
Model:                            OLS   Adj. R-squared:                  0.136
Method:                 Least Squares   F-statistic:                     46.25
Date:                Tue, 04 Dec 2018   Prob (F-statistic):           4.55e-36
Time:                        13:17:41   Log-Likelihood:                -13972.
No. Observations:                1155   AIC:                         2.795e+04
Df Residuals:                    1150   BIC:                         2.798e+04
Df Model:                           4                                         
Covariance Type:            nonrobust                                         
==============================================================================
                 coef    std err          t      P>|t|      [0.025      0.975]
------------------------------------------------------------------------------
const        1.42e+04   3393.752      4.185      0.000    7543.399    2.09e+04
x1          8401.0751   1733.313      4.847      0.000    5000.265    1.18e+04
x2          -242.0352     76.593     -3.160      0.002    -392.312     -91.758
x3          9921.3588   2995.417      3.312      0.001    4044.264    1.58e+04
x4          1.265e+04   3103.105      4.075      0.000    6556.845    1.87e+04
==============================================================================
Omnibus:                      412.602   Durbin-Watson:                   1.994
Prob(Omnibus):                  0.000   Jarque-Bera (JB):             1576.214
Skew:                           1.699   Prob(JB):                         0.00
Kurtosis:                       7.605   Cond. No.                         82.6
==============================================================================

Warnings:
[1] Standard Errors assume that the covariance matrix of the errors is correctly specified.



[0, 4, 5, 9]
                            OLS Regression Results                            
==============================================================================
Dep. Variable:                      y   R-squared:                       0.151
Model:                            OLS   Adj. R-squared:                  0.148
Method:                 Least Squares   F-statistic:                     51.25
Date:                Tue, 04 Dec 2018   Prob (F-statistic):           9.51e-40
Time:                        13:17:41   Log-Likelihood:                -13964.
No. Observations:                1155   AIC:                         2.794e+04
Df Residuals:                    1150   BIC:                         2.796e+04
Df Model:                           4                                         
Covariance Type:            nonrobust                                         
==============================================================================
                 coef    std err          t      P>|t|      [0.025      0.975]
------------------------------------------------------------------------------
const       2.166e+04   2889.562      7.494      0.000     1.6e+04    2.73e+04
x1          5171.9008   1713.185      3.019      0.003    1810.581    8533.220
x2          8291.9446   1515.909      5.470      0.000    5317.687    1.13e+04
x3          8539.5116   3013.797      2.833      0.005    2626.354    1.45e+04
x4         -1.435e+04   3192.930     -4.494      0.000   -2.06e+04   -8084.219
==============================================================================
Omnibus:                      402.560   Durbin-Watson:                   2.008
Prob(Omnibus):                  0.000   Jarque-Bera (JB):             1537.754
Skew:                           1.653   Prob(JB):                         0.00
Kurtosis:                       7.585   Cond. No.                         9.08
==============================================================================

Warnings:
[1] Standard Errors assume that the covariance matrix of the errors is correctly specified.



[0, 5, 8, 9]
                            OLS Regression Results                            
==============================================================================
Dep. Variable:                      y   R-squared:                       0.147
Model:                            OLS   Adj. R-squared:                  0.144
Method:                 Least Squares   F-statistic:                     49.69
Date:                Tue, 04 Dec 2018   Prob (F-statistic):           1.32e-38
Time:                        13:17:41   Log-Likelihood:                -13966.
No. Observations:                1155   AIC:                         2.794e+04
Df Residuals:                    1150   BIC:                         2.797e+04
Df Model:                           4                                         
Covariance Type:            nonrobust                                         
==============================================================================
                 coef    std err          t      P>|t|      [0.025      0.975]
------------------------------------------------------------------------------
const        1.27e+04   3314.354      3.831      0.000    6194.624    1.92e+04
x1          8033.3477   1726.637      4.653      0.000    4645.637    1.14e+04
x2          1.029e+04   2981.521      3.451      0.001    4440.287    1.61e+04
x3          1.594e+04   3221.001      4.948      0.000    9618.035    2.23e+04
x4         -1.585e+04   3382.592     -4.686      0.000   -2.25e+04   -9213.324
==============================================================================
Omnibus:                      402.622   Durbin-Watson:                   2.003
Prob(Omnibus):                  0.000   Jarque-Bera (JB):             1517.169
Skew:                           1.659   Prob(JB):                         0.00
Kurtosis:                       7.529   Cond. No.                         9.51
==============================================================================

Warnings:
[1] Standard Errors assume that the covariance matrix of the errors is correctly specified.



[1, 3, 4, 5]
                            OLS Regression Results                            
==============================================================================
Dep. Variable:                      y   R-squared:                       0.138
Model:                            OLS   Adj. R-squared:                  0.135
Method:                 Least Squares   F-statistic:                     45.86
Date:                Tue, 04 Dec 2018   Prob (F-statistic):           8.85e-36
Time:                        13:17:41   Log-Likelihood:                -13973.
No. Observations:                1155   AIC:                         2.796e+04
Df Residuals:                    1150   BIC:                         2.798e+04
Df Model:                           4                                         
Covariance Type:            nonrobust                                         
==============================================================================
                 coef    std err          t      P>|t|      [0.025      0.975]
------------------------------------------------------------------------------
const       2.003e+04   3085.857      6.492      0.000     1.4e+04    2.61e+04
x1           275.1050    137.352      2.003      0.045       5.617     544.593
x2          -264.7313     73.477     -3.603      0.000    -408.895    -120.568
x3          7416.8375   1504.102      4.931      0.000    4465.747    1.04e+04
x4          1.527e+04   2039.840      7.487      0.000    1.13e+04    1.93e+04
==============================================================================
Omnibus:                      409.819   Durbin-Watson:                   1.989
Prob(Omnibus):                  0.000   Jarque-Bera (JB):             1615.026
Skew:                           1.673   Prob(JB):                         0.00
Kurtosis:                       7.729   Cond. No.                         73.8
==============================================================================

Warnings:
[1] Standard Errors assume that the covariance matrix of the errors is correctly specified.



[1, 3, 4, 6]
                            OLS Regression Results                            
==============================================================================
Dep. Variable:                      y   R-squared:                       0.100
Model:                            OLS   Adj. R-squared:                  0.097
Method:                 Least Squares   F-statistic:                     31.98
Date:                Tue, 04 Dec 2018   Prob (F-statistic):           2.68e-25
Time:                        13:17:41   Log-Likelihood:                -13997.
No. Observations:                1155   AIC:                         2.800e+04
Df Residuals:                    1150   BIC:                         2.803e+04
Df Model:                           4                                         
Covariance Type:            nonrobust                                         
==============================================================================
                 coef    std err          t      P>|t|      [0.025      0.975]
------------------------------------------------------------------------------
const       3.643e+04   2369.179     15.376      0.000    3.18e+04    4.11e+04
x1           651.0588    136.828      4.758      0.000     382.599     919.519
x2          -352.0486     74.024     -4.756      0.000    -497.286    -206.811
x3          1.165e+04   1428.111      8.156      0.000    8845.893    1.44e+04
x4            -6.8932      2.848     -2.421      0.016     -12.480      -1.306
==============================================================================
Omnibus:                      410.806   Durbin-Watson:                   1.967
Prob(Omnibus):                  0.000   Jarque-Bera (JB):             1580.361
Skew:                           1.688   Prob(JB):                         0.00
Kurtosis:                       7.631   Cond. No.                         986.
==============================================================================

Warnings:
[1] Standard Errors assume that the covariance matrix of the errors is correctly specified.



[1, 3, 4, 8]
                            OLS Regression Results                            
==============================================================================
Dep. Variable:                      y   R-squared:                       0.115
Model:                            OLS   Adj. R-squared:                  0.111
Method:                 Least Squares   F-statistic:                     37.19
Date:                Tue, 04 Dec 2018   Prob (F-statistic):           2.78e-29
Time:                        13:17:41   Log-Likelihood:                -13988.
No. Observations:                1155   AIC:                         2.799e+04
Df Residuals:                    1150   BIC:                         2.801e+04
Df Model:                           4                                         
Covariance Type:            nonrobust                                         
==============================================================================
                 coef    std err          t      P>|t|      [0.025      0.975]
------------------------------------------------------------------------------
const       4.031e+04   2512.835     16.043      0.000    3.54e+04    4.52e+04
x1           530.2766    133.219      3.980      0.000     268.896     791.657
x2          -229.8759     77.710     -2.958      0.003    -382.345     -77.407
x3          1.678e+04   1760.846      9.528      0.000    1.33e+04    2.02e+04
x4         -1.901e+04   3823.803     -4.971      0.000   -2.65e+04   -1.15e+04
==============================================================================
Omnibus:                      418.125   Durbin-Watson:                   1.997
Prob(Omnibus):                  0.000   Jarque-Bera (JB):             1640.797
Skew:                           1.713   Prob(JB):                         0.00
Kurtosis:                       7.728   Cond. No.                         87.2
==============================================================================

Warnings:
[1] Standard Errors assume that the covariance matrix of the errors is correctly specified.



[1, 3, 5, 8]
                            OLS Regression Results                            
==============================================================================
Dep. Variable:                      y   R-squared:                       0.125
Model:                            OLS   Adj. R-squared:                  0.122
Method:                 Least Squares   F-statistic:                     40.99
Date:                Tue, 04 Dec 2018   Prob (F-statistic):           3.80e-32
Time:                        13:17:41   Log-Likelihood:                -13981.
No. Observations:                1155   AIC:                         2.797e+04
Df Residuals:                    1150   BIC:                         2.800e+04
Df Model:                           4                                         
Covariance Type:            nonrobust                                         
==============================================================================
                 coef    std err          t      P>|t|      [0.025      0.975]
------------------------------------------------------------------------------
const       1.458e+04   3420.845      4.262      0.000    7867.914    2.13e+04
x1           310.6654    138.965      2.236      0.026      38.012     583.318
x2          -237.7924     77.271     -3.077      0.002    -389.400     -86.185
x3          1.991e+04   1940.641     10.261      0.000    1.61e+04    2.37e+04
x4          8315.8092   3107.424      2.676      0.008    2218.953    1.44e+04
==============================================================================
Omnibus:                      430.529   Durbin-Watson:                   1.995
Prob(Omnibus):                  0.000   Jarque-Bera (JB):             1780.855
Skew:                           1.748   Prob(JB):                         0.00
Kurtosis:                       7.979   Cond. No.                         86.8
==============================================================================

Warnings:
[1] Standard Errors assume that the covariance matrix of the errors is correctly specified.



[1, 4, 5, 8]
                            OLS Regression Results                            
==============================================================================
Dep. Variable:                      y   R-squared:                       0.132
Model:                            OLS   Adj. R-squared:                  0.129
Method:                 Least Squares   F-statistic:                     43.55
Date:                Tue, 04 Dec 2018   Prob (F-statistic):           4.60e-34
Time:                        13:17:41   Log-Likelihood:                -13977.
No. Observations:                1155   AIC:                         2.796e+04
Df Residuals:                    1150   BIC:                         2.799e+04
Df Model:                           4                                         
Covariance Type:            nonrobust                                         
==============================================================================
                 coef    std err          t      P>|t|      [0.025      0.975]
------------------------------------------------------------------------------
const       2.101e+04   3880.527      5.414      0.000    1.34e+04    2.86e+04
x1           310.1214    138.369      2.241      0.025      38.637     581.606
x2          9381.3698   2180.380      4.303      0.000    5103.401    1.37e+04
x3          1.355e+04   2416.667      5.607      0.000    8808.088    1.83e+04
x4         -9510.6625   4283.402     -2.220      0.027   -1.79e+04   -1106.503
==============================================================================
Omnibus:                      413.599   Durbin-Watson:                   2.003
Prob(Omnibus):                  0.000   Jarque-Bera (JB):             1612.902
Skew:                           1.695   Prob(JB):                         0.00
Kurtosis:                       7.693   Cond. No.                         67.6
==============================================================================

Warnings:
[1] Standard Errors assume that the covariance matrix of the errors is correctly specified.



[1, 4, 5, 9]
                            OLS Regression Results                            
==============================================================================
Dep. Variable:                      y   R-squared:                       0.147
Model:                            OLS   Adj. R-squared:                  0.145
Method:                 Least Squares   F-statistic:                     49.74
Date:                Tue, 04 Dec 2018   Prob (F-statistic):           1.22e-38
Time:                        13:17:41   Log-Likelihood:                -13966.
No. Observations:                1155   AIC:                         2.794e+04
Df Residuals:                    1150   BIC:                         2.797e+04
Df Model:                           4                                         
Covariance Type:            nonrobust                                         
==============================================================================
                 coef    std err          t      P>|t|      [0.025      0.975]
------------------------------------------------------------------------------
const       2.043e+04   2927.245      6.978      0.000    1.47e+04    2.62e+04
x1           270.7507    136.563      1.983      0.048       2.810     538.691
x2          8506.5083   1520.067      5.596      0.000    5524.093    1.15e+04
x3          1.428e+04   2045.589      6.980      0.000    1.03e+04    1.83e+04
x4         -1.615e+04   3137.025     -5.150      0.000   -2.23e+04   -9999.827
==============================================================================
Omnibus:                      400.581   Durbin-Watson:                   2.003
Prob(Omnibus):                  0.000   Jarque-Bera (JB):             1554.509
Skew:                           1.637   Prob(JB):                         0.00
Kurtosis:                       7.646   Cond. No.                         44.1
==============================================================================

Warnings:
[1] Standard Errors assume that the covariance matrix of the errors is correctly specified.



[1, 4, 8, 9]
                            OLS Regression Results                            
==============================================================================
Dep. Variable:                      y   R-squared:                       0.123
Model:                            OLS   Adj. R-squared:                  0.120
Method:                 Least Squares   F-statistic:                     40.22
Date:                Tue, 04 Dec 2018   Prob (F-statistic):           1.45e-31
Time:                        13:17:41   Log-Likelihood:                -13983.
No. Observations:                1155   AIC:                         2.798e+04
Df Residuals:                    1150   BIC:                         2.800e+04
Df Model:                           4                                         
Covariance Type:            nonrobust                                         
==============================================================================
                 coef    std err          t      P>|t|      [0.025      0.975]
------------------------------------------------------------------------------
const        3.88e+04   2399.704     16.167      0.000    3.41e+04    4.35e+04
x1           517.6330    132.654      3.902      0.000     257.362     777.904
x2          1.653e+04   1753.126      9.429      0.000    1.31e+04       2e+04
x3          -1.53e+04   3967.607     -3.857      0.000   -2.31e+04   -7519.054
x4         -1.517e+04   3432.861     -4.420      0.000   -2.19e+04   -8438.990
==============================================================================
Omnibus:                      409.120   Durbin-Watson:                   2.005
Prob(Omnibus):                  0.000   Jarque-Bera (JB):             1584.429
Skew:                           1.677   Prob(JB):                         0.00
Kurtosis:                       7.655   Cond. No.                         52.8
==============================================================================

Warnings:
[1] Standard Errors assume that the covariance matrix of the errors is correctly specified.



[1, 5, 8, 9]
                            OLS Regression Results                            
==============================================================================
Dep. Variable:                      y   R-squared:                       0.135
Model:                            OLS   Adj. R-squared:                  0.132
Method:                 Least Squares   F-statistic:                     44.75
Date:                Tue, 04 Dec 2018   Prob (F-statistic):           5.89e-35
Time:                        13:17:41   Log-Likelihood:                -13975.
No. Observations:                1155   AIC:                         2.796e+04
Df Residuals:                    1150   BIC:                         2.799e+04
Df Model:                           4                                         
Covariance Type:            nonrobust                                         
==============================================================================
                 coef    std err          t      P>|t|      [0.025      0.975]
------------------------------------------------------------------------------
const       1.311e+04   3338.043      3.928      0.000    6562.195    1.97e+04
x1           292.2875    138.264      2.114      0.035      21.010     563.565
x2          1.987e+04   1929.302     10.298      0.000    1.61e+04    2.37e+04
x3          1.207e+04   3244.592      3.720      0.000    5703.589    1.84e+04
x4         -1.625e+04   3408.464     -4.769      0.000   -2.29e+04   -9567.406
==============================================================================
Omnibus:                      419.829   Durbin-Watson:                   2.003
Prob(Omnibus):                  0.000   Jarque-Bera (JB):             1712.319
Skew:                           1.704   Prob(JB):                         0.00
Kurtosis:                       7.895   Cond. No.                         50.2
==============================================================================

Warnings:
[1] Standard Errors assume that the covariance matrix of the errors is correctly specified.



