[0, 1, 2, 3, 4, 5, 6, 7]
                            OLS Regression Results                            
==============================================================================
Dep. Variable:                      y   R-squared:                       0.248
Model:                            OLS   Adj. R-squared:                  0.236
Method:                 Least Squares   F-statistic:                     19.66
Date:                Tue, 04 Dec 2018   Prob (F-statistic):           1.13e-25
Time:                        13:38:59   Log-Likelihood:                -6001.2
No. Observations:                 485   AIC:                         1.202e+04
Df Residuals:                     476   BIC:                         1.206e+04
Df Model:                           8                                         
Covariance Type:            nonrobust                                         
==============================================================================
                 coef    std err          t      P>|t|      [0.025      0.975]
------------------------------------------------------------------------------
const      -7191.6180   8706.413     -0.826      0.409   -2.43e+04    9916.136
x1          1.627e+04   2747.933      5.920      0.000    1.09e+04    2.17e+04
x2          -173.6394    282.426     -0.615      0.539    -728.596     381.317
x3             0.7658      0.110      6.994      0.000       0.551       0.981
x4           195.4256    190.067      1.028      0.304    -178.049     568.901
x5         -1263.3374   2490.975     -0.507      0.612   -6158.005    3631.330
x6         -1126.8256   4164.344     -0.271      0.787   -9309.597    7055.945
x7            -5.0319      3.380     -1.489      0.137     -11.673       1.609
x8         -3083.4368   3893.056     -0.792      0.429   -1.07e+04    4566.264
==============================================================================
Omnibus:                      196.191   Durbin-Watson:                   2.063
Prob(Omnibus):                  0.000   Jarque-Bera (JB):              987.829
Skew:                           1.720   Prob(JB):                    3.13e-215
Kurtosis:                       9.086   Cond. No.                     1.97e+05
==============================================================================

Warnings:
[1] Standard Errors assume that the covariance matrix of the errors is correctly specified.
[2] The condition number is large, 1.97e+05. This might indicate that there are
strong multicollinearity or other numerical problems.



