[0, 4, 5, 8, 9]
                            OLS Regression Results                            
==============================================================================
Dep. Variable:                      y   R-squared:                       0.109
Model:                            OLS   Adj. R-squared:                  0.105
Method:                 Least Squares   F-statistic:                     28.91
Date:                Tue, 04 Dec 2018   Prob (F-statistic):           9.52e-28
Time:                        13:27:56   Log-Likelihood:                -14335.
No. Observations:                1191   AIC:                         2.868e+04
Df Residuals:                    1185   BIC:                         2.871e+04
Df Model:                           5                                         
Covariance Type:            nonrobust                                         
==============================================================================
                 coef    std err          t      P>|t|      [0.025      0.975]
------------------------------------------------------------------------------
const       1.664e+04   3598.351      4.623      0.000    9575.423    2.37e+04
x1          2740.7456   1534.727      1.786      0.074    -270.339    5751.830
x2          5637.8870   2035.430      2.770      0.006    1644.439    9631.334
x3          7489.1476   2551.531      2.935      0.003    2483.126    1.25e+04
x4          6685.2742   4598.554      1.454      0.146   -2336.941    1.57e+04
x5         -1.352e+04   3170.972     -4.264      0.000   -1.97e+04   -7299.079
==============================================================================
Omnibus:                     1046.276   Durbin-Watson:                   2.027
Prob(Omnibus):                  0.000   Jarque-Bera (JB):            68326.011
Skew:                           3.700   Prob(JB):                         0.00
Kurtosis:                      39.360   Cond. No.                         15.5
==============================================================================

Warnings:
[1] Standard Errors assume that the covariance matrix of the errors is correctly specified.



[0, 1, 3, 7]
                            OLS Regression Results                            
==============================================================================
Dep. Variable:                      y   R-squared:                       0.072
Model:                            OLS   Adj. R-squared:                  0.069
Method:                 Least Squares   F-statistic:                     22.97
Date:                Tue, 04 Dec 2018   Prob (F-statistic):           2.67e-18
Time:                        13:27:56   Log-Likelihood:                -14359.
No. Observations:                1191   AIC:                         2.873e+04
Df Residuals:                    1186   BIC:                         2.875e+04
Df Model:                           4                                         
Covariance Type:            nonrobust                                         
==============================================================================
                 coef    std err          t      P>|t|      [0.025      0.975]
------------------------------------------------------------------------------
const       2.561e+04   2663.710      9.613      0.000    2.04e+04    3.08e+04
x1          6863.2319    922.726      7.438      0.000    5052.874    8673.590
x2           199.3546    117.491      1.697      0.090     -31.159     429.868
x3          -126.7906     69.205     -1.832      0.067    -262.569       8.987
x4         -1864.5973   1442.632     -1.292      0.196   -4694.992     965.798
==============================================================================
Omnibus:                     1056.657   Durbin-Watson:                   2.032
Prob(Omnibus):                  0.000   Jarque-Bera (JB):            64220.564
Skew:                           3.791   Prob(JB):                         0.00
Kurtosis:                      38.166   Cond. No.                         61.5
==============================================================================

Warnings:
[1] Standard Errors assume that the covariance matrix of the errors is correctly specified.



[0, 1, 5, 9]
                            OLS Regression Results                            
==============================================================================
Dep. Variable:                      y   R-squared:                       0.083
Model:                            OLS   Adj. R-squared:                  0.080
Method:                 Least Squares   F-statistic:                     26.78
Date:                Tue, 04 Dec 2018   Prob (F-statistic):           2.68e-21
Time:                        13:27:56   Log-Likelihood:                -14352.
No. Observations:                1191   AIC:                         2.871e+04
Df Residuals:                    1186   BIC:                         2.874e+04
Df Model:                           4                                         
Covariance Type:            nonrobust                                         
==============================================================================
                 coef    std err          t      P>|t|      [0.025      0.975]
------------------------------------------------------------------------------
const         1.9e+04   2708.252      7.014      0.000    1.37e+04    2.43e+04
x1          2217.2508   1444.615      1.535      0.125    -617.034    5051.536
x2           152.5403    117.543      1.298      0.195     -78.074     383.155
x3          1.002e+04   2535.056      3.951      0.000    5043.224     1.5e+04
x4         -6014.0869   2844.368     -2.114      0.035   -1.16e+04    -433.534
==============================================================================
Omnibus:                     1065.227   Durbin-Watson:                   2.023
Prob(Omnibus):                  0.000   Jarque-Bera (JB):            68201.307
Skew:                           3.822   Prob(JB):                         0.00
Kurtosis:                      39.275   Cond. No.                         47.0
==============================================================================

Warnings:
[1] Standard Errors assume that the covariance matrix of the errors is correctly specified.



[0, 1, 7, 9]
                            OLS Regression Results                            
==============================================================================
Dep. Variable:                      y   R-squared:                       0.072
Model:                            OLS   Adj. R-squared:                  0.069
Method:                 Least Squares   F-statistic:                     23.03
Date:                Tue, 04 Dec 2018   Prob (F-statistic):           2.38e-18
Time:                        13:27:56   Log-Likelihood:                -14359.
No. Observations:                1191   AIC:                         2.873e+04
Df Residuals:                    1186   BIC:                         2.875e+04
Df Model:                           4                                         
Covariance Type:            nonrobust                                         
==============================================================================
                 coef    std err          t      P>|t|      [0.025      0.975]
------------------------------------------------------------------------------
const       2.512e+04   2512.265      9.999      0.000    2.02e+04       3e+04
x1          6732.6171    932.900      7.217      0.000    4902.298    8562.936
x2           203.5641    117.557      1.732      0.084     -27.079     434.207
x3         -1855.6800   1442.463     -1.286      0.199   -4685.743     974.383
x4         -5413.0889   2856.773     -1.895      0.058    -1.1e+04     191.802
==============================================================================
Omnibus:                     1058.128   Durbin-Watson:                   2.032
Prob(Omnibus):                  0.000   Jarque-Bera (JB):            64764.667
Skew:                           3.797   Prob(JB):                         0.00
Kurtosis:                      38.319   Cond. No.                         44.7
==============================================================================

Warnings:
[1] Standard Errors assume that the covariance matrix of the errors is correctly specified.



[0, 3, 4, 5]
                            OLS Regression Results                            
==============================================================================
Dep. Variable:                      y   R-squared:                       0.105
Model:                            OLS   Adj. R-squared:                  0.102
Method:                 Least Squares   F-statistic:                     34.67
Date:                Tue, 04 Dec 2018   Prob (F-statistic):           2.08e-27
Time:                        13:27:56   Log-Likelihood:                -14338.
No. Observations:                1191   AIC:                         2.869e+04
Df Residuals:                    1186   BIC:                         2.871e+04
Df Model:                           4                                         
Covariance Type:            nonrobust                                         
==============================================================================
                 coef    std err          t      P>|t|      [0.025      0.975]
------------------------------------------------------------------------------
const       2.092e+04   2789.782      7.500      0.000    1.54e+04    2.64e+04
x1          2308.9076   1401.386      1.648      0.100    -440.565    5058.380
x2          -255.1527     71.414     -3.573      0.000    -395.264    -115.041
x3          7414.1052   1327.074      5.587      0.000    4810.431       1e+04
x4          7054.6736   2546.287      2.771      0.006    2058.945    1.21e+04
==============================================================================
Omnibus:                     1052.818   Durbin-Watson:                   2.021
Prob(Omnibus):                  0.000   Jarque-Bera (JB):            68708.578
Skew:                           3.740   Prob(JB):                         0.00
Kurtosis:                      39.450   Cond. No.                         71.3
==============================================================================

Warnings:
[1] Standard Errors assume that the covariance matrix of the errors is correctly specified.



[0, 3, 4, 7]
                            OLS Regression Results                            
==============================================================================
Dep. Variable:                      y   R-squared:                       0.100
Model:                            OLS   Adj. R-squared:                  0.097
Method:                 Least Squares   F-statistic:                     33.00
Date:                Tue, 04 Dec 2018   Prob (F-statistic):           3.99e-26
Time:                        13:27:56   Log-Likelihood:                -14341.
No. Observations:                1191   AIC:                         2.869e+04
Df Residuals:                    1186   BIC:                         2.872e+04
Df Model:                           4                                         
Covariance Type:            nonrobust                                         
==============================================================================
                 coef    std err          t      P>|t|      [0.025      0.975]
------------------------------------------------------------------------------
const       2.563e+04   2539.023     10.096      0.000    2.07e+04    3.06e+04
x1          5407.1223    891.039      6.068      0.000    3658.934    7155.311
x2          -262.3702     71.547     -3.667      0.000    -402.744    -121.997
x3          8214.4007   1295.025      6.343      0.000    5673.605    1.08e+04
x4         -1821.9141   1415.342     -1.287      0.198   -4598.767     954.939
==============================================================================
Omnibus:                     1047.983   Durbin-Watson:                   2.026
Prob(Omnibus):                  0.000   Jarque-Bera (JB):            66319.496
Skew:                           3.723   Prob(JB):                         0.00
Kurtosis:                      38.791   Cond. No.                         56.1
==============================================================================

Warnings:
[1] Standard Errors assume that the covariance matrix of the errors is correctly specified.



[0, 3, 5, 8]
                            OLS Regression Results                            
==============================================================================
Dep. Variable:                      y   R-squared:                       0.099
Model:                            OLS   Adj. R-squared:                  0.096
Method:                 Least Squares   F-statistic:                     32.53
Date:                Tue, 04 Dec 2018   Prob (F-statistic):           9.16e-26
Time:                        13:27:56   Log-Likelihood:                -14342.
No. Observations:                1191   AIC:                         2.869e+04
Df Residuals:                    1186   BIC:                         2.872e+04
Df Model:                           4                                         
Covariance Type:            nonrobust                                         
==============================================================================
                 coef    std err          t      P>|t|      [0.025      0.975]
------------------------------------------------------------------------------
const       1.305e+04   3144.578      4.151      0.000    6883.611    1.92e+04
x1          4434.1118   1449.501      3.059      0.002    1590.240    7277.984
x2          -269.1236     73.792     -3.647      0.000    -413.901    -124.347
x3          8892.2570   2503.486      3.552      0.000    3980.501    1.38e+04
x4          1.414e+04   2925.600      4.832      0.000    8397.366    1.99e+04
==============================================================================
Omnibus:                     1039.993   Durbin-Watson:                   2.025
Prob(Omnibus):                  0.000   Jarque-Bera (JB):            64664.572
Skew:                           3.682   Prob(JB):                         0.00
Kurtosis:                      38.339   Cond. No.                         79.4
==============================================================================

Warnings:
[1] Standard Errors assume that the covariance matrix of the errors is correctly specified.



[0, 3, 7, 8]
                            OLS Regression Results                            
==============================================================================
Dep. Variable:                      y   R-squared:                       0.091
Model:                            OLS   Adj. R-squared:                  0.088
Method:                 Least Squares   F-statistic:                     29.58
Date:                Tue, 04 Dec 2018   Prob (F-statistic):           1.77e-23
Time:                        13:27:56   Log-Likelihood:                -14347.
No. Observations:                1191   AIC:                         2.870e+04
Df Residuals:                    1186   BIC:                         2.873e+04
Df Model:                           4                                         
Covariance Type:            nonrobust                                         
==============================================================================
                 coef    std err          t      P>|t|      [0.025      0.975]
------------------------------------------------------------------------------
const        1.83e+04   3016.442      6.066      0.000    1.24e+04    2.42e+04
x1          8669.8895    860.125     10.080      0.000    6982.353    1.04e+04
x2          -272.3293     74.120     -3.674      0.000    -417.751    -126.908
x3         -1939.1765   1422.411     -1.363      0.173   -4729.898     851.545
x4           1.53e+04   2918.257      5.244      0.000    9577.623     2.1e+04
==============================================================================
Omnibus:                     1032.083   Durbin-Watson:                   2.033
Prob(Omnibus):                  0.000   Jarque-Bera (JB):            61343.108
Skew:                           3.653   Prob(JB):                         0.00
Kurtosis:                      37.391   Cond. No.                         78.7
==============================================================================

Warnings:
[1] Standard Errors assume that the covariance matrix of the errors is correctly specified.



[0, 4, 5, 9]
                            OLS Regression Results                            
==============================================================================
Dep. Variable:                      y   R-squared:                       0.107
Model:                            OLS   Adj. R-squared:                  0.104
Method:                 Least Squares   F-statistic:                     35.58
Date:                Tue, 04 Dec 2018   Prob (F-statistic):           4.19e-28
Time:                        13:27:56   Log-Likelihood:                -14336.
No. Observations:                1191   AIC:                         2.868e+04
Df Residuals:                    1186   BIC:                         2.871e+04
Df Model:                           4                                         
Covariance Type:            nonrobust                                         
==============================================================================
                 coef    std err          t      P>|t|      [0.025      0.975]
------------------------------------------------------------------------------
const       2.019e+04   2641.622      7.643      0.000     1.5e+04    2.54e+04
x1          1867.6943   1413.015      1.322      0.186    -904.593    4639.982
x2          7856.7374   1347.290      5.832      0.000    5213.400    1.05e+04
x3          7146.5945   2541.820      2.812      0.005    2159.630    1.21e+04
x4           -1.2e+04   2994.674     -4.007      0.000   -1.79e+04   -6123.431
==============================================================================
Omnibus:                     1054.755   Durbin-Watson:                   2.025
Prob(Omnibus):                  0.000   Jarque-Bera (JB):            69992.547
Skew:                           3.745   Prob(JB):                         0.00
Kurtosis:                      39.801   Cond. No.                         9.43
==============================================================================

Warnings:
[1] Standard Errors assume that the covariance matrix of the errors is correctly specified.



[0, 5, 8, 9]
                            OLS Regression Results                            
==============================================================================
Dep. Variable:                      y   R-squared:                       0.103
Model:                            OLS   Adj. R-squared:                  0.100
Method:                 Least Squares   F-statistic:                     34.03
Date:                Tue, 04 Dec 2018   Prob (F-statistic):           6.43e-27
Time:                        13:27:57   Log-Likelihood:                -14339.
No. Observations:                1191   AIC:                         2.869e+04
Df Residuals:                    1186   BIC:                         2.871e+04
Df Model:                           4                                         
Covariance Type:            nonrobust                                         
==============================================================================
                 coef    std err          t      P>|t|      [0.025      0.975]
------------------------------------------------------------------------------
const       1.136e+04   3060.589      3.710      0.000    5350.759    1.74e+04
x1          4187.2707   1447.195      2.893      0.004    1347.923    7026.619
x2          9023.8997   2497.638      3.613      0.000    4123.618    1.39e+04
x3          1.624e+04   3050.989      5.322      0.000    1.03e+04    2.22e+04
x4         -1.377e+04   3178.594     -4.332      0.000      -2e+04   -7533.771
==============================================================================
Omnibus:                     1038.841   Durbin-Watson:                   2.030
Prob(Omnibus):                  0.000   Jarque-Bera (JB):            65435.527
Skew:                           3.670   Prob(JB):                         0.00
Kurtosis:                      38.563   Cond. No.                         10.2
==============================================================================

Warnings:
[1] Standard Errors assume that the covariance matrix of the errors is correctly specified.



[0, 7, 8, 9]
                            OLS Regression Results                            
==============================================================================
Dep. Variable:                      y   R-squared:                       0.094
Model:                            OLS   Adj. R-squared:                  0.091
Method:                 Least Squares   F-statistic:                     30.94
Date:                Tue, 04 Dec 2018   Prob (F-statistic):           1.57e-24
Time:                        13:27:57   Log-Likelihood:                -14344.
No. Observations:                1191   AIC:                         2.870e+04
Df Residuals:                    1186   BIC:                         2.872e+04
Df Model:                           4                                         
Covariance Type:            nonrobust                                         
==============================================================================
                 coef    std err          t      P>|t|      [0.025      0.975]
------------------------------------------------------------------------------
const       1.662e+04   2932.427      5.666      0.000    1.09e+04    2.24e+04
x1          8484.6911    859.816      9.868      0.000    6797.760    1.02e+04
x2         -1914.8013   1419.466     -1.349      0.178   -4699.745     870.142
x3          1.736e+04   3047.707      5.695      0.000    1.14e+04    2.33e+04
x4         -1.373e+04   3193.592     -4.300      0.000      -2e+04   -7465.869
==============================================================================
Omnibus:                     1031.208   Durbin-Watson:                   2.037
Prob(Omnibus):                  0.000   Jarque-Bera (JB):            62082.244
Skew:                           3.643   Prob(JB):                         0.00
Kurtosis:                      37.611   Cond. No.                         8.85
==============================================================================

Warnings:
[1] Standard Errors assume that the covariance matrix of the errors is correctly specified.



[1, 3, 4, 8]
                            OLS Regression Results                            
==============================================================================
Dep. Variable:                      y   R-squared:                       0.084
Model:                            OLS   Adj. R-squared:                  0.081
Method:                 Least Squares   F-statistic:                     27.25
Date:                Tue, 04 Dec 2018   Prob (F-statistic):           1.16e-21
Time:                        13:27:57   Log-Likelihood:                -14351.
No. Observations:                1191   AIC:                         2.871e+04
Df Residuals:                    1186   BIC:                         2.874e+04
Df Model:                           4                                         
Covariance Type:            nonrobust                                         
==============================================================================
                 coef    std err          t      P>|t|      [0.025      0.975]
------------------------------------------------------------------------------
const       3.366e+04   2380.156     14.143      0.000     2.9e+04    3.83e+04
x1           265.4014    111.771      2.375      0.018      46.110     484.692
x2          -269.8437     74.500     -3.622      0.000    -416.010    -123.678
x3          1.284e+04   1572.288      8.165      0.000    9753.516    1.59e+04
x4         -1.029e+04   3517.696     -2.925      0.004   -1.72e+04   -3386.112
==============================================================================
Omnibus:                     1036.498   Durbin-Watson:                   2.012
Prob(Omnibus):                  0.000   Jarque-Bera (JB):            62939.629
Skew:                           3.671   Prob(JB):                         0.00
Kurtosis:                      37.848   Cond. No.                         86.0
==============================================================================

Warnings:
[1] Standard Errors assume that the covariance matrix of the errors is correctly specified.



[1, 4, 8, 9]
                            OLS Regression Results                            
==============================================================================
Dep. Variable:                      y   R-squared:                       0.087
Model:                            OLS   Adj. R-squared:                  0.084
Method:                 Least Squares   F-statistic:                     28.40
Date:                Tue, 04 Dec 2018   Prob (F-statistic):           1.47e-22
Time:                        13:27:57   Log-Likelihood:                -14349.
No. Observations:                1191   AIC:                         2.871e+04
Df Residuals:                    1186   BIC:                         2.873e+04
Df Model:                           4                                         
Covariance Type:            nonrobust                                         
==============================================================================
                 coef    std err          t      P>|t|      [0.025      0.975]
------------------------------------------------------------------------------
const       3.167e+04   2258.759     14.020      0.000    2.72e+04    3.61e+04
x1           259.1943    111.613      2.322      0.020      40.214     478.175
x2           1.25e+04   1570.444      7.957      0.000    9414.227    1.56e+04
x3         -7711.6729   3688.268     -2.091      0.037   -1.49e+04    -475.415
x4         -1.339e+04   3212.340     -4.170      0.000   -1.97e+04   -7092.258
==============================================================================
Omnibus:                     1035.398   Durbin-Watson:                   2.016
Prob(Omnibus):                  0.000   Jarque-Bera (JB):            63560.215
Skew:                           3.660   Prob(JB):                         0.00
Kurtosis:                      38.032   Cond. No.                         58.7
==============================================================================

Warnings:
[1] Standard Errors assume that the covariance matrix of the errors is correctly specified.



