[1, 4, 5, 8]
                            OLS Regression Results                            
==============================================================================
Dep. Variable:                      y   R-squared:                       0.150
Model:                            OLS   Adj. R-squared:                  0.145
Method:                 Least Squares   F-statistic:                     30.38
Date:                Mon, 03 Dec 2018   Prob (F-statistic):           2.57e-23
Time:                        20:56:02   Log-Likelihood:                -8630.6
No. Observations:                 696   AIC:                         1.727e+04
Df Residuals:                     691   BIC:                         1.729e+04
Df Model:                           4                                         
Covariance Type:            nonrobust                                         
==============================================================================
                 coef    std err          t      P>|t|      [0.025      0.975]
------------------------------------------------------------------------------
const       3.099e+04   6544.933      4.735      0.000    1.81e+04    4.38e+04
x1           904.4520    234.223      3.862      0.000     444.578    1364.326
x2          1.963e+04   3388.111      5.793      0.000     1.3e+04    2.63e+04
x3          8180.9704   3080.675      2.656      0.008    2132.364    1.42e+04
x4          -6.36e+04   9747.774     -6.525      0.000   -8.27e+04   -4.45e+04
==============================================================================
Omnibus:                      286.067   Durbin-Watson:                   1.957
Prob(Omnibus):                  0.000   Jarque-Bera (JB):             1459.134
Skew:                           1.807   Prob(JB):                         0.00
Kurtosis:                       9.104   Cond. No.                         82.9
==============================================================================

Warnings:
[1] Standard Errors assume that the covariance matrix of the errors is correctly specified.



[1, 4, 8]
                            OLS Regression Results                            
==============================================================================
Dep. Variable:                      y   R-squared:                       0.141
Model:                            OLS   Adj. R-squared:                  0.137
Method:                 Least Squares   F-statistic:                     37.83
Date:                Mon, 03 Dec 2018   Prob (F-statistic):           1.20e-22
Time:                        20:56:02   Log-Likelihood:                -8634.2
No. Observations:                 696   AIC:                         1.728e+04
Df Residuals:                     692   BIC:                         1.729e+04
Df Model:                           3                                         
Covariance Type:            nonrobust                                         
==============================================================================
                 coef    std err          t      P>|t|      [0.025      0.975]
------------------------------------------------------------------------------
const       4.416e+04   4290.951     10.291      0.000    3.57e+04    5.26e+04
x1          1047.7357    228.918      4.577      0.000     598.279    1497.193
x2          2.433e+04   2901.625      8.384      0.000    1.86e+04       3e+04
x3           -7.5e+04   8791.263     -8.531      0.000   -9.23e+04   -5.77e+04
==============================================================================
Omnibus:                      291.899   Durbin-Watson:                   1.972
Prob(Omnibus):                  0.000   Jarque-Bera (JB):             1512.455
Skew:                           1.844   Prob(JB):                         0.00
Kurtosis:                       9.209   Cond. No.                         68.4
==============================================================================

Warnings:
[1] Standard Errors assume that the covariance matrix of the errors is correctly specified.



[3, 4, 5, 8]
                            OLS Regression Results                            
==============================================================================
Dep. Variable:                      y   R-squared:                       0.136
Model:                            OLS   Adj. R-squared:                  0.131
Method:                 Least Squares   F-statistic:                     27.08
Date:                Mon, 03 Dec 2018   Prob (F-statistic):           6.72e-21
Time:                        20:56:02   Log-Likelihood:                -8636.3
No. Observations:                 696   AIC:                         1.728e+04
Df Residuals:                     691   BIC:                         1.731e+04
Df Model:                           4                                         
Covariance Type:            nonrobust                                         
==============================================================================
                 coef    std err          t      P>|t|      [0.025      0.975]
------------------------------------------------------------------------------
const       3.796e+04   6586.556      5.764      0.000     2.5e+04    5.09e+04
x1          -268.7601    144.983     -1.854      0.064    -553.420      15.900
x2          2.035e+04   3416.106      5.958      0.000    1.36e+04    2.71e+04
x3           1.09e+04   3022.507      3.607      0.000    4966.819    1.68e+04
x4         -5.794e+04   9988.294     -5.800      0.000   -7.75e+04   -3.83e+04
==============================================================================
Omnibus:                      278.285   Durbin-Watson:                   1.947
Prob(Omnibus):                  0.000   Jarque-Bera (JB):             1336.667
Skew:                           1.774   Prob(JB):                    5.58e-291
Kurtosis:                       8.788   Cond. No.                         117.
==============================================================================

Warnings:
[1] Standard Errors assume that the covariance matrix of the errors is correctly specified.



[4, 5, 8]
                            OLS Regression Results                            
==============================================================================
Dep. Variable:                      y   R-squared:                       0.131
Model:                            OLS   Adj. R-squared:                  0.127
Method:                 Least Squares   F-statistic:                     34.84
Date:                Mon, 03 Dec 2018   Prob (F-statistic):           5.58e-21
Time:                        20:56:02   Log-Likelihood:                -8638.1
No. Observations:                 696   AIC:                         1.728e+04
Df Residuals:                     692   BIC:                         1.730e+04
Df Model:                           3                                         
Covariance Type:            nonrobust                                         
==============================================================================
                 coef    std err          t      P>|t|      [0.025      0.975]
------------------------------------------------------------------------------
const       3.577e+04   6491.041      5.511      0.000     2.3e+04    4.85e+04
x1          2.011e+04   3419.647      5.881      0.000    1.34e+04    2.68e+04
x2          1.092e+04   3027.804      3.607      0.000    4976.571    1.69e+04
x3         -6.141e+04   9828.501     -6.248      0.000   -8.07e+04   -4.21e+04
==============================================================================
Omnibus:                      276.742   Durbin-Watson:                   1.931
Prob(Omnibus):                  0.000   Jarque-Bera (JB):             1319.699
Skew:                           1.765   Prob(JB):                    2.70e-287
Kurtosis:                       8.748   Cond. No.                         14.2
==============================================================================

Warnings:
[1] Standard Errors assume that the covariance matrix of the errors is correctly specified.



[3, 4, 8]
                            OLS Regression Results                            
==============================================================================
Dep. Variable:                      y   R-squared:                       0.119
Model:                            OLS   Adj. R-squared:                  0.115
Method:                 Least Squares   F-statistic:                     31.23
Date:                Mon, 03 Dec 2018   Prob (F-statistic):           6.08e-19
Time:                        20:56:02   Log-Likelihood:                -8642.8
No. Observations:                 696   AIC:                         1.729e+04
Df Residuals:                     692   BIC:                         1.731e+04
Df Model:                           3                                         
Covariance Type:            nonrobust                                         
==============================================================================
                 coef    std err          t      P>|t|      [0.025      0.975]
------------------------------------------------------------------------------
const       5.757e+04   3750.105     15.352      0.000    5.02e+04    6.49e+04
x1          -270.6393    146.235     -1.851      0.065    -557.756      16.477
x2          2.708e+04   2887.279      9.378      0.000    2.14e+04    3.27e+04
x3         -7.345e+04   9092.137     -8.079      0.000   -9.13e+04   -5.56e+04
==============================================================================
Omnibus:                      288.483   Durbin-Watson:                   1.962
Prob(Omnibus):                  0.000   Jarque-Bera (JB):             1423.322
Skew:                           1.839   Prob(JB):                    8.50e-310
Kurtosis:                       8.962   Cond. No.                         97.1
==============================================================================

Warnings:
[1] Standard Errors assume that the covariance matrix of the errors is correctly specified.



[4, 8]
                            OLS Regression Results                            
==============================================================================
Dep. Variable:                      y   R-squared:                       0.115
Model:                            OLS   Adj. R-squared:                  0.112
Method:                 Least Squares   F-statistic:                     44.98
Date:                Mon, 03 Dec 2018   Prob (F-statistic):           4.30e-19
Time:                        20:56:02   Log-Likelihood:                -8644.6
No. Observations:                 696   AIC:                         1.730e+04
Df Residuals:                     693   BIC:                         1.731e+04
Df Model:                           2                                         
Covariance Type:            nonrobust                                         
==============================================================================
                 coef    std err          t      P>|t|      [0.025      0.975]
------------------------------------------------------------------------------
const        5.54e+04   3568.348     15.526      0.000    4.84e+04    6.24e+04
x1          2.685e+04   2889.656      9.291      0.000    2.12e+04    3.25e+04
x2         -7.698e+04   8906.068     -8.643      0.000   -9.45e+04   -5.95e+04
==============================================================================
Omnibus:                      286.981   Durbin-Watson:                   1.948
Prob(Omnibus):                  0.000   Jarque-Bera (JB):             1405.266
Skew:                           1.831   Prob(JB):                    7.09e-306
Kurtosis:                       8.920   Cond. No.                         8.82
==============================================================================

Warnings:
[1] Standard Errors assume that the covariance matrix of the errors is correctly specified.



[1, 5, 8]
                            OLS Regression Results                            
==============================================================================
Dep. Variable:                      y   R-squared:                       0.108
Model:                            OLS   Adj. R-squared:                  0.104
Method:                 Least Squares   F-statistic:                     28.01
Date:                Mon, 03 Dec 2018   Prob (F-statistic):           4.21e-17
Time:                        20:56:02   Log-Likelihood:                -8647.1
No. Observations:                 696   AIC:                         1.730e+04
Df Residuals:                     692   BIC:                         1.732e+04
Df Model:                           3                                         
Covariance Type:            nonrobust                                         
==============================================================================
                 coef    std err          t      P>|t|      [0.025      0.975]
------------------------------------------------------------------------------
const       1.438e+04   6020.485      2.389      0.017    2561.965    2.62e+04
x1           954.7287    239.505      3.986      0.000     484.485    1424.972
x2           1.75e+04   2687.959      6.512      0.000    1.22e+04    2.28e+04
x3         -1.588e+04   5331.554     -2.978      0.003   -2.63e+04   -5409.988
==============================================================================
Omnibus:                      313.325   Durbin-Watson:                   1.923
Prob(Omnibus):                  0.000   Jarque-Bera (JB):             1734.986
Skew:                           1.980   Prob(JB):                         0.00
Kurtosis:                       9.644   Cond. No.                         49.8
==============================================================================

Warnings:
[1] Standard Errors assume that the covariance matrix of the errors is correctly specified.



[1, 3, 5]
                            OLS Regression Results                            
==============================================================================
Dep. Variable:                      y   R-squared:                       0.104
Model:                            OLS   Adj. R-squared:                  0.101
Method:                 Least Squares   F-statistic:                     26.91
Date:                Mon, 03 Dec 2018   Prob (F-statistic):           1.80e-16
Time:                        20:56:02   Log-Likelihood:                -8648.6
No. Observations:                 696   AIC:                         1.731e+04
Df Residuals:                     692   BIC:                         1.732e+04
Df Model:                           3                                         
Covariance Type:            nonrobust                                         
==============================================================================
                 coef    std err          t      P>|t|      [0.025      0.975]
------------------------------------------------------------------------------
const        1.24e+04   5924.634      2.093      0.037     770.606     2.4e+04
x1           842.0005    236.628      3.558      0.000     377.406    1306.595
x2          -329.5596    135.750     -2.428      0.015    -596.091     -63.029
x3          1.771e+04   2695.324      6.570      0.000    1.24e+04     2.3e+04
==============================================================================
Omnibus:                      311.010   Durbin-Watson:                   1.943
Prob(Omnibus):                  0.000   Jarque-Bera (JB):             1747.232
Skew:                           1.956   Prob(JB):                         0.00
Kurtosis:                       9.704   Cond. No.                         70.0
==============================================================================

Warnings:
[1] Standard Errors assume that the covariance matrix of the errors is correctly specified.



[3, 4, 5]
                            OLS Regression Results                            
==============================================================================
Dep. Variable:                      y   R-squared:                       0.093
Model:                            OLS   Adj. R-squared:                  0.090
Method:                 Least Squares   F-statistic:                     23.77
Date:                Mon, 03 Dec 2018   Prob (F-statistic):           1.18e-14
Time:                        20:56:02   Log-Likelihood:                -8652.9
No. Observations:                 696   AIC:                         1.731e+04
Df Residuals:                     692   BIC:                         1.733e+04
Df Model:                           3                                         
Covariance Type:            nonrobust                                         
==============================================================================
                 coef    std err          t      P>|t|      [0.025      0.975]
------------------------------------------------------------------------------
const       1.809e+04   5757.138      3.143      0.002    6791.344    2.94e+04
x1          -426.3992    145.734     -2.926      0.004    -712.532    -140.266
x2          3974.1540   1967.520      2.020      0.044     111.129    7837.179
x3          1.845e+04   2791.360      6.611      0.000     1.3e+04    2.39e+04
==============================================================================
Omnibus:                      288.398   Durbin-Watson:                   1.936
Prob(Omnibus):                  0.000   Jarque-Bera (JB):             1422.167
Skew:                           1.839   Prob(JB):                    1.51e-309
Kurtosis:                       8.959   Cond. No.                         62.7
==============================================================================

Warnings:
[1] Standard Errors assume that the covariance matrix of the errors is correctly specified.



[3, 5]
                            OLS Regression Results                            
==============================================================================
Dep. Variable:                      y   R-squared:                       0.088
Model:                            OLS   Adj. R-squared:                  0.085
Method:                 Least Squares   F-statistic:                     33.47
Date:                Mon, 03 Dec 2018   Prob (F-statistic):           1.33e-14
Time:                        20:56:02   Log-Likelihood:                -8654.9
No. Observations:                 696   AIC:                         1.732e+04
Df Residuals:                     693   BIC:                         1.733e+04
Df Model:                           2                                         
Covariance Type:            nonrobust                                         
==============================================================================
                 coef    std err          t      P>|t|      [0.025      0.975]
------------------------------------------------------------------------------
const       1.788e+04   5768.954      3.100      0.002    6555.709    2.92e+04
x1          -323.6868    136.877     -2.365      0.018    -592.431     -54.943
x2          2.056e+04   2595.114      7.922      0.000    1.55e+04    2.57e+04
==============================================================================
Omnibus:                      297.801   Durbin-Watson:                   1.918
Prob(Omnibus):                  0.000   Jarque-Bera (JB):             1516.798
Skew:                           1.897   Prob(JB):                         0.00
Kurtosis:                       9.157   Cond. No.                         62.4
==============================================================================

Warnings:
[1] Standard Errors assume that the covariance matrix of the errors is correctly specified.



[5, 8]
                            OLS Regression Results                            
==============================================================================
Dep. Variable:                      y   R-squared:                       0.088
Model:                            OLS   Adj. R-squared:                  0.085
Method:                 Least Squares   F-statistic:                     33.35
Date:                Mon, 03 Dec 2018   Prob (F-statistic):           1.48e-14
Time:                        20:56:02   Log-Likelihood:                -8655.0
No. Observations:                 696   AIC:                         1.732e+04
Df Residuals:                     693   BIC:                         1.733e+04
Df Model:                           2                                         
Covariance Type:            nonrobust                                         
==============================================================================
                 coef    std err          t      P>|t|      [0.025      0.975]
------------------------------------------------------------------------------
const         1.9e+04   5971.011      3.182      0.002    7279.089    3.07e+04
x1          2.064e+04   2597.405      7.948      0.000    1.55e+04    2.57e+04
x2         -1.231e+04   5312.092     -2.318      0.021   -2.27e+04   -1881.227
==============================================================================
Omnibus:                      296.225   Durbin-Watson:                   1.895
Prob(Omnibus):                  0.000   Jarque-Bera (JB):             1464.852
Skew:                           1.898   Prob(JB):                         0.00
Kurtosis:                       9.009   Cond. No.                         7.01
==============================================================================

Warnings:
[1] Standard Errors assume that the covariance matrix of the errors is correctly specified.



[1, 3, 4, 11]
                            OLS Regression Results                            
==============================================================================
Dep. Variable:                      y   R-squared:                       0.068
Model:                            OLS   Adj. R-squared:                  0.063
Method:                 Least Squares   F-statistic:                     12.64
Date:                Mon, 03 Dec 2018   Prob (F-statistic):           6.25e-10
Time:                        20:56:02   Log-Likelihood:                -8662.5
No. Observations:                 696   AIC:                         1.733e+04
Df Residuals:                     691   BIC:                         1.736e+04
Df Model:                           4                                         
Covariance Type:            nonrobust                                         
==============================================================================
                 coef    std err          t      P>|t|      [0.025      0.975]
------------------------------------------------------------------------------
const       3.663e+04   4496.843      8.146      0.000    2.78e+04    4.55e+04
x1          1098.1625    238.879      4.597      0.000     629.147    1567.178
x2          -477.6521    147.567     -3.237      0.001    -767.385    -187.919
x3          6580.7105   1917.731      3.432      0.001    2815.432    1.03e+04
x4          -200.5847    119.372     -1.680      0.093    -434.959      33.790
==============================================================================
Omnibus:                      328.068   Durbin-Watson:                   1.985
Prob(Omnibus):                  0.000   Jarque-Bera (JB):             2000.407
Skew:                           2.053   Prob(JB):                         0.00
Kurtosis:                      10.220   Cond. No.                         50.3
==============================================================================

Warnings:
[1] Standard Errors assume that the covariance matrix of the errors is correctly specified.



[1, 3, 4]
                            OLS Regression Results                            
==============================================================================
Dep. Variable:                      y   R-squared:                       0.064
Model:                            OLS   Adj. R-squared:                  0.060
Method:                 Least Squares   F-statistic:                     15.87
Date:                Mon, 03 Dec 2018   Prob (F-statistic):           5.48e-10
Time:                        20:56:02   Log-Likelihood:                -8663.9
No. Observations:                 696   AIC:                         1.734e+04
Df Residuals:                     692   BIC:                         1.735e+04
Df Model:                           3                                         
Covariance Type:            nonrobust                                         
==============================================================================
                 coef    std err          t      P>|t|      [0.025      0.975]
------------------------------------------------------------------------------
const       3.595e+04   4484.314      8.017      0.000    2.71e+04    4.48e+04
x1          1091.8412    239.164      4.565      0.000     622.268    1561.414
x2          -472.0830    147.724     -3.196      0.001    -762.124    -182.042
x3          6553.2010   1920.186      3.413      0.001    2783.112    1.03e+04
==============================================================================
Omnibus:                      327.107   Durbin-Watson:                   1.980
Prob(Omnibus):                  0.000   Jarque-Bera (JB):             1985.712
Skew:                           2.047   Prob(JB):                         0.00
Kurtosis:                      10.191   Cond. No.                         49.5
==============================================================================

Warnings:
[1] Standard Errors assume that the covariance matrix of the errors is correctly specified.



[1, 8]
                            OLS Regression Results                            
==============================================================================
Dep. Variable:                      y   R-squared:                       0.054
Model:                            OLS   Adj. R-squared:                  0.051
Method:                 Least Squares   F-statistic:                     19.64
Date:                Mon, 03 Dec 2018   Prob (F-statistic):           5.07e-09
Time:                        20:56:02   Log-Likelihood:                -8667.8
No. Observations:                 696   AIC:                         1.734e+04
Df Residuals:                     693   BIC:                         1.736e+04
Df Model:                           2                                         
Covariance Type:            nonrobust                                         
==============================================================================
                 coef    std err          t      P>|t|      [0.025      0.975]
------------------------------------------------------------------------------
const       4.143e+04   4487.380      9.232      0.000    3.26e+04    5.02e+04
x1          1411.8065    235.731      5.989      0.000     948.973    1874.640
x2         -1.577e+04   5488.498     -2.873      0.004   -2.65e+04   -4992.664
==============================================================================
Omnibus:                      365.539   Durbin-Watson:                   1.939
Prob(Omnibus):                  0.000   Jarque-Bera (JB):             2660.565
Skew:                           2.273   Prob(JB):                         0.00
Kurtosis:                      11.431   Cond. No.                         43.8
==============================================================================

Warnings:
[1] Standard Errors assume that the covariance matrix of the errors is correctly specified.



[1, 4]
                            OLS Regression Results                            
==============================================================================
Dep. Variable:                      y   R-squared:                       0.051
Model:                            OLS   Adj. R-squared:                  0.048
Method:                 Least Squares   F-statistic:                     18.45
Date:                Mon, 03 Dec 2018   Prob (F-statistic):           1.56e-08
Time:                        20:56:02   Log-Likelihood:                -8669.0
No. Observations:                 696   AIC:                         1.734e+04
Df Residuals:                     693   BIC:                         1.736e+04
Df Model:                           2                                         
Covariance Type:            nonrobust                                         
==============================================================================
                 coef    std err          t      P>|t|      [0.025      0.975]
------------------------------------------------------------------------------
const       3.059e+04   4186.753      7.307      0.000    2.24e+04    3.88e+04
x1          1143.9343    240.188      4.763      0.000     672.351    1615.518
x2          4438.1523   1814.463      2.446      0.015     875.649    8000.656
==============================================================================
Omnibus:                      325.755   Durbin-Watson:                   1.958
Prob(Omnibus):                  0.000   Jarque-Bera (JB):             1940.148
Skew:                           2.045   Prob(JB):                         0.00
Kurtosis:                      10.083   Cond. No.                         29.9
==============================================================================

Warnings:
[1] Standard Errors assume that the covariance matrix of the errors is correctly specified.



[1, 3]
                            OLS Regression Results                            
==============================================================================
Dep. Variable:                      y   R-squared:                       0.049
Model:                            OLS   Adj. R-squared:                  0.046
Method:                 Least Squares   F-statistic:                     17.71
Date:                Mon, 03 Dec 2018   Prob (F-statistic):           3.16e-08
Time:                        20:56:02   Log-Likelihood:                -8669.7
No. Observations:                 696   AIC:                         1.735e+04
Df Residuals:                     693   BIC:                         1.736e+04
Df Model:                           2                                         
Covariance Type:            nonrobust                                         
==============================================================================
                 coef    std err          t      P>|t|      [0.025      0.975]
------------------------------------------------------------------------------
const       3.932e+04   4407.422      8.922      0.000    3.07e+04     4.8e+04
x1          1304.0135    232.709      5.604      0.000     847.114    1760.913
x2          -298.3149    139.733     -2.135      0.033    -572.665     -23.964
==============================================================================
Omnibus:                      364.222   Durbin-Watson:                   1.957
Prob(Omnibus):                  0.000   Jarque-Bera (JB):             2704.999
Skew:                           2.253   Prob(JB):                         0.00
Kurtosis:                      11.542   Cond. No.                         48.0
==============================================================================

Warnings:
[1] Standard Errors assume that the covariance matrix of the errors is correctly specified.



[3, 4]
                            OLS Regression Results                            
==============================================================================
Dep. Variable:                      y   R-squared:                       0.036
Model:                            OLS   Adj. R-squared:                  0.033
Method:                 Least Squares   F-statistic:                     13.01
Date:                Mon, 03 Dec 2018   Prob (F-statistic):           2.84e-06
Time:                        20:56:02   Log-Likelihood:                -8674.2
No. Observations:                 696   AIC:                         1.735e+04
Df Residuals:                     693   BIC:                         1.737e+04
Df Model:                           2                                         
Covariance Type:            nonrobust                                         
==============================================================================
                 coef    std err          t      P>|t|      [0.025      0.975]
------------------------------------------------------------------------------
const       4.779e+04   3710.213     12.881      0.000    4.05e+04    5.51e+04
x1          -518.0485    149.475     -3.466      0.001    -811.527    -224.570
x2          8831.9227   1880.532      4.697      0.000    5139.699    1.25e+04
==============================================================================
Omnibus:                      317.038   Durbin-Watson:                   1.964
Prob(Omnibus):                  0.000   Jarque-Bera (JB):             1737.923
Skew:                           2.013   Prob(JB):                         0.00
Kurtosis:                       9.612   Cond. No.                         37.7
==============================================================================

Warnings:
[1] Standard Errors assume that the covariance matrix of the errors is correctly specified.



