[1, 3]
                            OLS Regression Results                            
==============================================================================
Dep. Variable:                      y   R-squared:                       0.072
Model:                            OLS   Adj. R-squared:                  0.068
Method:                 Least Squares   F-statistic:                     18.03
Date:                Mon, 03 Dec 2018   Prob (F-statistic):           2.89e-08
Time:                        18:21:07   Log-Likelihood:                -6339.2
No. Observations:                 466   AIC:                         1.268e+04
Df Residuals:                     463   BIC:                         1.270e+04
Df Model:                           2                                         
Covariance Type:            nonrobust                                         
==============================================================================
                 coef    std err          t      P>|t|      [0.025      0.975]
------------------------------------------------------------------------------
const       1.121e+05   1.67e+04      6.715      0.000    7.93e+04    1.45e+05
x1          7186.2709   1254.546      5.728      0.000    4720.962    9651.580
x2         -1107.8295    534.040     -2.074      0.039   -2157.271     -58.388
==============================================================================
Omnibus:                      334.785   Durbin-Watson:                   1.928
Prob(Omnibus):                  0.000   Jarque-Bera (JB):             6151.085
Skew:                           2.879   Prob(JB):                         0.00
Kurtosis:                      19.842   Cond. No.                         44.3
==============================================================================

Warnings:
[1] Standard Errors assume that the covariance matrix of the errors is correctly specified.



[1, 11]
                            OLS Regression Results                            
==============================================================================
Dep. Variable:                      y   R-squared:                       0.071
Model:                            OLS   Adj. R-squared:                  0.067
Method:                 Least Squares   F-statistic:                     17.65
Date:                Mon, 03 Dec 2018   Prob (F-statistic):           4.11e-08
Time:                        18:21:07   Log-Likelihood:                -6339.5
No. Observations:                 466   AIC:                         1.269e+04
Df Residuals:                     463   BIC:                         1.270e+04
Df Model:                           2                                         
Covariance Type:            nonrobust                                         
==============================================================================
                 coef    std err          t      P>|t|      [0.025      0.975]
------------------------------------------------------------------------------
const       9.947e+04   1.49e+04      6.663      0.000    7.01e+04    1.29e+05
x1          6991.5155   1254.560      5.573      0.000    4526.178    9456.853
x2          -283.9673    149.785     -1.896      0.059    -578.311      10.376
==============================================================================
Omnibus:                      326.856   Durbin-Watson:                   1.907
Prob(Omnibus):                  0.000   Jarque-Bera (JB):             5621.133
Skew:                           2.806   Prob(JB):                         0.00
Kurtosis:                      19.063   Cond. No.                         101.
==============================================================================

Warnings:
[1] Standard Errors assume that the covariance matrix of the errors is correctly specified.



[3, 4]
                            OLS Regression Results                            
==============================================================================
Dep. Variable:                      y   R-squared:                       0.028
Model:                            OLS   Adj. R-squared:                  0.023
Method:                 Least Squares   F-statistic:                     6.561
Date:                Mon, 03 Dec 2018   Prob (F-statistic):            0.00155
Time:                        18:21:07   Log-Likelihood:                -6350.1
No. Observations:                 466   AIC:                         1.271e+04
Df Residuals:                     463   BIC:                         1.272e+04
Df Model:                           2                                         
Covariance Type:            nonrobust                                         
==============================================================================
                 coef    std err          t      P>|t|      [0.025      0.975]
------------------------------------------------------------------------------
const       1.539e+05   1.45e+04     10.610      0.000    1.25e+05    1.82e+05
x1         -1544.0403    576.401     -2.679      0.008   -2676.725    -411.355
x2          2.465e+04   7783.131      3.167      0.002    9356.545    3.99e+04
==============================================================================
Omnibus:                      295.435   Durbin-Watson:                   1.920
Prob(Omnibus):                  0.000   Jarque-Bera (JB):             3650.726
Skew:                           2.556   Prob(JB):                         0.00
Kurtosis:                      15.723   Cond. No.                         37.5
==============================================================================

Warnings:
[1] Standard Errors assume that the covariance matrix of the errors is correctly specified.



[3, 5]
                            OLS Regression Results                            
==============================================================================
Dep. Variable:                      y   R-squared:                       0.062
Model:                            OLS   Adj. R-squared:                  0.058
Method:                 Least Squares   F-statistic:                     15.21
Date:                Mon, 03 Dec 2018   Prob (F-statistic):           4.01e-07
Time:                        18:21:07   Log-Likelihood:                -6341.8
No. Observations:                 466   AIC:                         1.269e+04
Df Residuals:                     463   BIC:                         1.270e+04
Df Model:                           2                                         
Covariance Type:            nonrobust                                         
==============================================================================
                 coef    std err          t      P>|t|      [0.025      0.975]
------------------------------------------------------------------------------
const       7.504e+04   2.31e+04      3.250      0.001    2.97e+04     1.2e+05
x1         -1135.8744    537.512     -2.113      0.035   -2192.141     -79.608
x2          5.763e+04    1.1e+04      5.216      0.000    3.59e+04    7.93e+04
==============================================================================
Omnibus:                      309.860   Durbin-Watson:                   1.874
Prob(Omnibus):                  0.000   Jarque-Bera (JB):             4613.966
Skew:                           2.654   Prob(JB):                         0.00
Kurtosis:                      17.473   Cond. No.                         63.1
==============================================================================

Warnings:
[1] Standard Errors assume that the covariance matrix of the errors is correctly specified.



[3, 7]
                            OLS Regression Results                            
==============================================================================
Dep. Variable:                      y   R-squared:                       0.014
Model:                            OLS   Adj. R-squared:                  0.010
Method:                 Least Squares   F-statistic:                     3.241
Date:                Mon, 03 Dec 2018   Prob (F-statistic):             0.0400
Time:                        18:21:07   Log-Likelihood:                -6353.4
No. Observations:                 466   AIC:                         1.271e+04
Df Residuals:                     463   BIC:                         1.273e+04
Df Model:                           2                                         
Covariance Type:            nonrobust                                         
==============================================================================
                 coef    std err          t      P>|t|      [0.025      0.975]
------------------------------------------------------------------------------
const       1.864e+05   1.37e+04     13.635      0.000     1.6e+05    2.13e+05
x1          -958.9912    549.958     -1.744      0.082   -2039.713     121.731
x2         -3.686e+04   1.99e+04     -1.853      0.064    -7.6e+04    2222.531
==============================================================================
Omnibus:                      310.807   Durbin-Watson:                   1.906
Prob(Omnibus):                  0.000   Jarque-Bera (JB):             4222.601
Skew:                           2.706   Prob(JB):                         0.00
Kurtosis:                      16.718   Cond. No.                         51.4
==============================================================================

Warnings:
[1] Standard Errors assume that the covariance matrix of the errors is correctly specified.



[3, 11]
                            OLS Regression Results                            
==============================================================================
Dep. Variable:                      y   R-squared:                       0.015
Model:                            OLS   Adj. R-squared:                  0.011
Method:                 Least Squares   F-statistic:                     3.533
Date:                Mon, 03 Dec 2018   Prob (F-statistic):             0.0300
Time:                        18:21:07   Log-Likelihood:                -6353.1
No. Observations:                 466   AIC:                         1.271e+04
Df Residuals:                     463   BIC:                         1.272e+04
Df Model:                           2                                         
Covariance Type:            nonrobust                                         
==============================================================================
                 coef    std err          t      P>|t|      [0.025      0.975]
------------------------------------------------------------------------------
const       1.798e+05   1.27e+04     14.114      0.000    1.55e+05    2.05e+05
x1          -962.7369    549.618     -1.752      0.080   -2042.791     117.317
x2          -308.8520    154.153     -2.004      0.046    -611.778      -5.926
==============================================================================
Omnibus:                      313.789   Durbin-Watson:                   1.915
Prob(Omnibus):                  0.000   Jarque-Bera (JB):             4355.175
Skew:                           2.734   Prob(JB):                         0.00
Kurtosis:                      16.943   Cond. No.                         83.8
==============================================================================

Warnings:
[1] Standard Errors assume that the covariance matrix of the errors is correctly specified.



[4, 8]
                            OLS Regression Results                            
==============================================================================
Dep. Variable:                      y   R-squared:                       0.067
Model:                            OLS   Adj. R-squared:                  0.063
Method:                 Least Squares   F-statistic:                     16.71
Date:                Mon, 03 Dec 2018   Prob (F-statistic):           9.84e-08
Time:                        18:21:07   Log-Likelihood:                -6340.4
No. Observations:                 466   AIC:                         1.269e+04
Df Residuals:                     463   BIC:                         1.270e+04
Df Model:                           2                                         
Covariance Type:            nonrobust                                         
==============================================================================
                 coef    std err          t      P>|t|      [0.025      0.975]
------------------------------------------------------------------------------
const        1.64e+05   1.39e+04     11.764      0.000    1.37e+05    1.91e+05
x1          8.375e+04   1.45e+04      5.765      0.000    5.52e+04    1.12e+05
x2         -2.167e+05   4.15e+04     -5.217      0.000   -2.98e+05   -1.35e+05
==============================================================================
Omnibus:                      278.387   Durbin-Watson:                   1.872
Prob(Omnibus):                  0.000   Jarque-Bera (JB):             3119.730
Skew:                           2.393   Prob(JB):                         0.00
Kurtosis:                      14.738   Cond. No.                         9.91
==============================================================================

Warnings:
[1] Standard Errors assume that the covariance matrix of the errors is correctly specified.



[4, 11]
                            OLS Regression Results                            
==============================================================================
Dep. Variable:                      y   R-squared:                       0.022
Model:                            OLS   Adj. R-squared:                  0.018
Method:                 Least Squares   F-statistic:                     5.156
Date:                Mon, 03 Dec 2018   Prob (F-statistic):            0.00610
Time:                        18:21:07   Log-Likelihood:                -6351.5
No. Observations:                 466   AIC:                         1.271e+04
Df Residuals:                     463   BIC:                         1.272e+04
Df Model:                           2                                         
Covariance Type:            nonrobust                                         
==============================================================================
                 coef    std err          t      P>|t|      [0.025      0.975]
------------------------------------------------------------------------------
const        1.41e+05   1.34e+04     10.499      0.000    1.15e+05    1.67e+05
x1          1.856e+04   7401.056      2.507      0.013    4013.046    3.31e+04
x2          -322.4726    153.729     -2.098      0.036    -624.565     -20.381
==============================================================================
Omnibus:                      292.127   Durbin-Watson:                   1.889
Prob(Omnibus):                  0.000   Jarque-Bera (JB):             3442.220
Skew:                           2.537   Prob(JB):                         0.00
Kurtosis:                      15.310   Cond. No.                         96.0
==============================================================================

Warnings:
[1] Standard Errors assume that the covariance matrix of the errors is correctly specified.



[7, 11]
                            OLS Regression Results                            
==============================================================================
Dep. Variable:                      y   R-squared:                       0.017
Model:                            OLS   Adj. R-squared:                  0.013
Method:                 Least Squares   F-statistic:                     3.947
Date:                Mon, 03 Dec 2018   Prob (F-statistic):             0.0200
Time:                        18:21:08   Log-Likelihood:                -6352.7
No. Observations:                 466   AIC:                         1.271e+04
Df Residuals:                     463   BIC:                         1.272e+04
Df Model:                           2                                         
Covariance Type:            nonrobust                                         
==============================================================================
                 coef    std err          t      P>|t|      [0.025      0.975]
------------------------------------------------------------------------------
const       1.753e+05   1.08e+04     16.177      0.000    1.54e+05    1.97e+05
x1         -3.923e+04   1.99e+04     -1.972      0.049   -7.83e+04    -139.452
x2          -325.0849    154.255     -2.107      0.036    -628.212     -21.958
==============================================================================
Omnibus:                      306.120   Durbin-Watson:                   1.890
Prob(Omnibus):                  0.000   Jarque-Bera (JB):             3969.453
Skew:                           2.667   Prob(JB):                         0.00
Kurtosis:                      16.266   Cond. No.                         136.
==============================================================================

Warnings:
[1] Standard Errors assume that the covariance matrix of the errors is correctly specified.



[1, 3, 4]
                            OLS Regression Results                            
==============================================================================
Dep. Variable:                      y   R-squared:                       0.080
Model:                            OLS   Adj. R-squared:                  0.074
Method:                 Least Squares   F-statistic:                     13.31
Date:                Mon, 03 Dec 2018   Prob (F-statistic):           2.40e-08
Time:                        18:21:08   Log-Likelihood:                -6337.3
No. Observations:                 466   AIC:                         1.268e+04
Df Residuals:                     462   BIC:                         1.270e+04
Df Model:                           3                                         
Covariance Type:            nonrobust                                         
==============================================================================
                 coef    std err          t      P>|t|      [0.025      0.975]
------------------------------------------------------------------------------
const       1.036e+05   1.72e+04      6.011      0.000    6.97e+04    1.37e+05
x1          6587.0496   1289.465      5.108      0.000    4053.106    9120.993
x2         -1450.1172    561.688     -2.582      0.010   -2553.898    -346.337
x3          1.497e+04   7813.829      1.916      0.056    -387.347    3.03e+04
==============================================================================
Omnibus:                      321.018   Durbin-Watson:                   1.935
Prob(Omnibus):                  0.000   Jarque-Bera (JB):             5389.092
Skew:                           2.742   Prob(JB):                         0.00
Kurtosis:                      18.731   Cond. No.                         46.3
==============================================================================

Warnings:
[1] Standard Errors assume that the covariance matrix of the errors is correctly specified.



[1, 3, 5]
                            OLS Regression Results                            
==============================================================================
Dep. Variable:                      y   R-squared:                       0.098
Model:                            OLS   Adj. R-squared:                  0.093
Method:                 Least Squares   F-statistic:                     16.83
Date:                Mon, 03 Dec 2018   Prob (F-statistic):           2.18e-10
Time:                        18:21:08   Log-Likelihood:                -6332.5
No. Observations:                 466   AIC:                         1.267e+04
Df Residuals:                     462   BIC:                         1.269e+04
Df Model:                           3                                         
Covariance Type:            nonrobust                                         
==============================================================================
                 coef    std err          t      P>|t|      [0.025      0.975]
------------------------------------------------------------------------------
const       5.168e+04   2.33e+04      2.220      0.027    5924.467    9.74e+04
x1          5671.7289   1305.036      4.346      0.000    3107.187    8236.271
x2         -1204.5956    527.658     -2.283      0.023   -2241.502    -167.689
x3          4.192e+04   1.14e+04      3.668      0.000    1.95e+04    6.44e+04
==============================================================================
Omnibus:                      330.568   Durbin-Watson:                   1.902
Prob(Omnibus):                  0.000   Jarque-Bera (JB):             6159.089
Skew:                           2.819   Prob(JB):                         0.00
Kurtosis:                      19.895   Cond. No.                         66.8
==============================================================================

Warnings:
[1] Standard Errors assume that the covariance matrix of the errors is correctly specified.



[1, 3, 11]
                            OLS Regression Results                            
==============================================================================
Dep. Variable:                      y   R-squared:                       0.079
Model:                            OLS   Adj. R-squared:                  0.073
Method:                 Least Squares   F-statistic:                     13.29
Date:                Mon, 03 Dec 2018   Prob (F-statistic):           2.45e-08
Time:                        18:21:08   Log-Likelihood:                -6337.3
No. Observations:                 466   AIC:                         1.268e+04
Df Residuals:                     462   BIC:                         1.270e+04
Df Model:                           3                                         
Covariance Type:            nonrobust                                         
==============================================================================
                 coef    std err          t      P>|t|      [0.025      0.975]
------------------------------------------------------------------------------
const       1.154e+05   1.67e+04      6.898      0.000    8.26e+04    1.48e+05
x1          7117.3173   1251.523      5.687      0.000    4657.934    9576.701
x2         -1108.9249    532.530     -2.082      0.038   -2155.407     -62.443
x3          -284.3029    149.249     -1.905      0.057    -577.593       8.987
==============================================================================
Omnibus:                      335.941   Durbin-Watson:                   1.935
Prob(Omnibus):                  0.000   Jarque-Bera (JB):             6250.089
Skew:                           2.888   Prob(JB):                         0.00
Kurtosis:                      19.986   Cond. No.                         114.
==============================================================================

Warnings:
[1] Standard Errors assume that the covariance matrix of the errors is correctly specified.



[1, 4, 8]
                            OLS Regression Results                            
==============================================================================
Dep. Variable:                      y   R-squared:                       0.110
Model:                            OLS   Adj. R-squared:                  0.104
Method:                 Least Squares   F-statistic:                     19.04
Date:                Mon, 03 Dec 2018   Prob (F-statistic):           1.17e-11
Time:                        18:21:08   Log-Likelihood:                -6329.5
No. Observations:                 466   AIC:                         1.267e+04
Df Residuals:                     462   BIC:                         1.268e+04
Df Model:                           3                                         
Covariance Type:            nonrobust                                         
==============================================================================
                 coef    std err          t      P>|t|      [0.025      0.975]
------------------------------------------------------------------------------
const       1.164e+05    1.7e+04      6.857      0.000     8.3e+04     1.5e+05
x1          6006.7523   1275.467      4.709      0.000    3500.317    8513.188
x2          6.866e+04   1.46e+04      4.715      0.000       4e+04    9.73e+04
x3         -1.949e+05   4.09e+04     -4.767      0.000   -2.75e+05   -1.15e+05
==============================================================================
Omnibus:                      301.974   Durbin-Watson:                   1.896
Prob(Omnibus):                  0.000   Jarque-Bera (JB):             4555.366
Skew:                           2.552   Prob(JB):                         0.00
Kurtosis:                      17.442   Cond. No.                         57.8
==============================================================================

Warnings:
[1] Standard Errors assume that the covariance matrix of the errors is correctly specified.



[3, 4, 8]
                            OLS Regression Results                            
==============================================================================
Dep. Variable:                      y   R-squared:                       0.076
Model:                            OLS   Adj. R-squared:                  0.070
Method:                 Least Squares   F-statistic:                     12.59
Date:                Mon, 03 Dec 2018   Prob (F-statistic):           6.30e-08
Time:                        18:21:09   Log-Likelihood:                -6338.3
No. Observations:                 466   AIC:                         1.268e+04
Df Residuals:                     462   BIC:                         1.270e+04
Df Model:                           3                                         
Covariance Type:            nonrobust                                         
==============================================================================
                 coef    std err          t      P>|t|      [0.025      0.975]
------------------------------------------------------------------------------
const        1.74e+05   1.47e+04     11.805      0.000    1.45e+05    2.03e+05
x1         -1155.2564    568.160     -2.033      0.043   -2271.755     -38.758
x2          8.514e+04   1.45e+04      5.874      0.000    5.67e+04    1.14e+05
x3         -2.049e+05   4.18e+04     -4.900      0.000   -2.87e+05   -1.23e+05
==============================================================================
Omnibus:                      282.363   Durbin-Watson:                   1.907
Prob(Omnibus):                  0.000   Jarque-Bera (JB):             3299.310
Skew:                           2.422   Prob(JB):                         0.00
Kurtosis:                      15.102   Cond. No.                         111.
==============================================================================

Warnings:
[1] Standard Errors assume that the covariance matrix of the errors is correctly specified.



[3, 4, 11]
                            OLS Regression Results                            
==============================================================================
Dep. Variable:                      y   R-squared:                       0.037
Model:                            OLS   Adj. R-squared:                  0.031
Method:                 Least Squares   F-statistic:                     5.954
Date:                Mon, 03 Dec 2018   Prob (F-statistic):           0.000546
Time:                        18:21:09   Log-Likelihood:                -6347.8
No. Observations:                 466   AIC:                         1.270e+04
Df Residuals:                     462   BIC:                         1.272e+04
Df Model:                           3                                         
Covariance Type:            nonrobust                                         
==============================================================================
                 coef    std err          t      P>|t|      [0.025      0.975]
------------------------------------------------------------------------------
const       1.565e+05   1.45e+04     10.792      0.000    1.28e+05    1.85e+05
x1         -1562.7665    574.216     -2.722      0.007   -2691.166    -434.367
x2          2.532e+04   7758.949      3.263      0.001    1.01e+04    4.06e+04
x3          -328.7669    152.693     -2.153      0.032    -628.826     -28.707
==============================================================================
Omnibus:                      296.405   Durbin-Watson:                   1.928
Prob(Omnibus):                  0.000   Jarque-Bera (JB):             3708.785
Skew:                           2.563   Prob(JB):                         0.00
Kurtosis:                      15.835   Cond. No.                         100.
==============================================================================

Warnings:
[1] Standard Errors assume that the covariance matrix of the errors is correctly specified.



[3, 7, 11]
                            OLS Regression Results                            
==============================================================================
Dep. Variable:                      y   R-squared:                       0.023
Model:                            OLS   Adj. R-squared:                  0.017
Method:                 Least Squares   F-statistic:                     3.670
Date:                Mon, 03 Dec 2018   Prob (F-statistic):             0.0123
Time:                        18:21:09   Log-Likelihood:                -6351.1
No. Observations:                 466   AIC:                         1.271e+04
Df Residuals:                     462   BIC:                         1.273e+04
Df Model:                           3                                         
Covariance Type:            nonrobust                                         
==============================================================================
                 coef    std err          t      P>|t|      [0.025      0.975]
------------------------------------------------------------------------------
const       1.901e+05   1.37e+04     13.845      0.000    1.63e+05    2.17e+05
x1          -961.8072    547.904     -1.755      0.080   -2038.501     114.886
x2          -3.92e+04   1.98e+04     -1.975      0.049   -7.82e+04    -196.855
x3          -325.7409    153.910     -2.116      0.035    -628.191     -23.291
==============================================================================
Omnibus:                      312.140   Durbin-Watson:                   1.915
Prob(Omnibus):                  0.000   Jarque-Bera (JB):             4302.808
Skew:                           2.716   Prob(JB):                         0.00
Kurtosis:                      16.860   Cond. No.                         138.
==============================================================================

Warnings:
[1] Standard Errors assume that the covariance matrix of the errors is correctly specified.



[4, 5, 8]
                            OLS Regression Results                            
==============================================================================
Dep. Variable:                      y   R-squared:                       0.081
Model:                            OLS   Adj. R-squared:                  0.075
Method:                 Least Squares   F-statistic:                     13.51
Date:                Mon, 03 Dec 2018   Prob (F-statistic):           1.82e-08
Time:                        18:21:09   Log-Likelihood:                -6337.0
No. Observations:                 466   AIC:                         1.268e+04
Df Residuals:                     462   BIC:                         1.270e+04
Df Model:                           3                                         
Covariance Type:            nonrobust                                         
==============================================================================
                 coef    std err          t      P>|t|      [0.025      0.975]
------------------------------------------------------------------------------
const       1.077e+05   2.58e+04      4.175      0.000     5.7e+04    1.58e+05
x1          6.124e+04   1.69e+04      3.634      0.000    2.81e+04    9.44e+04
x2          3.319e+04   1.28e+04      2.590      0.010    8006.583    5.84e+04
x3         -1.671e+05   4.55e+04     -3.671      0.000   -2.57e+05   -7.76e+04
==============================================================================
Omnibus:                      284.358   Durbin-Watson:                   1.853
Prob(Omnibus):                  0.000   Jarque-Bera (JB):             3510.457
Skew:                           2.423   Prob(JB):                         0.00
Kurtosis:                      15.542   Cond. No.                         15.3
==============================================================================

Warnings:
[1] Standard Errors assume that the covariance matrix of the errors is correctly specified.



[4, 7, 8]
                            OLS Regression Results                            
==============================================================================
Dep. Variable:                      y   R-squared:                       0.075
Model:                            OLS   Adj. R-squared:                  0.069
Method:                 Least Squares   F-statistic:                     12.43
Date:                Mon, 03 Dec 2018   Prob (F-statistic):           7.88e-08
Time:                        18:21:10   Log-Likelihood:                -6338.6
No. Observations:                 466   AIC:                         1.269e+04
Df Residuals:                     462   BIC:                         1.270e+04
Df Model:                           3                                         
Covariance Type:            nonrobust                                         
==============================================================================
                 coef    std err          t      P>|t|      [0.025      0.975]
------------------------------------------------------------------------------
const        1.77e+05   1.55e+04     11.441      0.000    1.47e+05    2.07e+05
x1           8.33e+04   1.45e+04      5.750      0.000    5.48e+04    1.12e+05
x2         -3.745e+04   1.95e+04     -1.916      0.056   -7.59e+04     960.496
x3          -2.22e+05   4.15e+04     -5.349      0.000   -3.04e+05    -1.4e+05
==============================================================================
Omnibus:                      278.108   Durbin-Watson:                   1.877
Prob(Omnibus):                  0.000   Jarque-Bera (JB):             3124.313
Skew:                           2.388   Prob(JB):                         0.00
Kurtosis:                      14.751   Cond. No.                         9.98
==============================================================================

Warnings:
[1] Standard Errors assume that the covariance matrix of the errors is correctly specified.



[1, 3, 4, 8]
                            OLS Regression Results                            
==============================================================================
Dep. Variable:                      y   R-squared:                       0.118
Model:                            OLS   Adj. R-squared:                  0.110
Method:                 Least Squares   F-statistic:                     15.37
Date:                Mon, 03 Dec 2018   Prob (F-statistic):           8.23e-12
Time:                        18:21:12   Log-Likelihood:                -6327.5
No. Observations:                 466   AIC:                         1.266e+04
Df Residuals:                     461   BIC:                         1.269e+04
Df Model:                           4                                         
Covariance Type:            nonrobust                                         
==============================================================================
                 coef    std err          t      P>|t|      [0.025      0.975]
------------------------------------------------------------------------------
const       1.264e+05   1.76e+04      7.163      0.000    9.17e+04    1.61e+05
x1          5963.1036   1271.544      4.690      0.000    3464.363    8461.844
x2         -1110.4808    555.758     -1.998      0.046   -2202.613     -18.348
x3          7.011e+04   1.45e+04      4.824      0.000    4.15e+04    9.87e+04
x4         -1.836e+05   4.11e+04     -4.464      0.000   -2.64e+05   -1.03e+05
==============================================================================
Omnibus:                      306.659   Durbin-Watson:                   1.929
Prob(Omnibus):                  0.000   Jarque-Bera (JB):             4811.504
Skew:                           2.592   Prob(JB):                         0.00
Kurtosis:                      17.863   Cond. No.                         118.
==============================================================================

Warnings:
[1] Standard Errors assume that the covariance matrix of the errors is correctly specified.



[1, 3, 4, 11]
                            OLS Regression Results                            
==============================================================================
Dep. Variable:                      y   R-squared:                       0.088
Model:                            OLS   Adj. R-squared:                  0.080
Method:                 Least Squares   F-statistic:                     11.05
Date:                Mon, 03 Dec 2018   Prob (F-statistic):           1.44e-08
Time:                        18:21:12   Log-Likelihood:                -6335.3
No. Observations:                 466   AIC:                         1.268e+04
Df Residuals:                     461   BIC:                         1.270e+04
Df Model:                           4                                         
Covariance Type:            nonrobust                                         
==============================================================================
                 coef    std err          t      P>|t|      [0.025      0.975]
------------------------------------------------------------------------------
const       1.067e+05   1.72e+04      6.187      0.000    7.28e+04    1.41e+05
x1          6484.2150   1286.283      5.041      0.000    3956.510    9011.920
x2         -1468.6061    559.933     -2.623      0.009   -2568.944    -368.269
x3          1.573e+04   7797.516      2.017      0.044     402.759     3.1e+04
x4          -298.8560    148.931     -2.007      0.045    -591.523      -6.189
==============================================================================
Omnibus:                      321.562   Durbin-Watson:                   1.942
Prob(Omnibus):                  0.000   Jarque-Bera (JB):             5445.399
Skew:                           2.745   Prob(JB):                         0.00
Kurtosis:                      18.821   Cond. No.                         119.
==============================================================================

Warnings:
[1] Standard Errors assume that the covariance matrix of the errors is correctly specified.



[3, 4, 5, 8]
                            OLS Regression Results                            
==============================================================================
Dep. Variable:                      y   R-squared:                       0.089
Model:                            OLS   Adj. R-squared:                  0.081
Method:                 Least Squares   F-statistic:                     11.27
Date:                Mon, 03 Dec 2018   Prob (F-statistic):           9.81e-09
Time:                        18:21:14   Log-Likelihood:                -6334.9
No. Observations:                 466   AIC:                         1.268e+04
Df Residuals:                     461   BIC:                         1.270e+04
Df Model:                           4                                         
Covariance Type:            nonrobust                                         
==============================================================================
                 coef    std err          t      P>|t|      [0.025      0.975]
------------------------------------------------------------------------------
const       1.174e+05   2.61e+04      4.494      0.000    6.61e+04    1.69e+05
x1         -1165.9837    564.622     -2.065      0.039   -2275.536     -56.431
x2          6.251e+04   1.68e+04      3.720      0.000    2.95e+04    9.55e+04
x3          3.338e+04   1.28e+04      2.614      0.009    8285.976    5.85e+04
x4         -1.548e+05   4.57e+04     -3.384      0.001   -2.45e+05   -6.49e+04
==============================================================================
Omnibus:                      288.873   Durbin-Watson:                   1.886
Prob(Omnibus):                  0.000   Jarque-Bera (JB):             3728.866
Skew:                           2.458   Prob(JB):                         0.00
Kurtosis:                      15.956   Cond. No.                         130.
==============================================================================

Warnings:
[1] Standard Errors assume that the covariance matrix of the errors is correctly specified.



[3, 4, 5, 11]
                            OLS Regression Results                            
==============================================================================
Dep. Variable:                      y   R-squared:                       0.072
Model:                            OLS   Adj. R-squared:                  0.064
Method:                 Least Squares   F-statistic:                     8.955
Date:                Mon, 03 Dec 2018   Prob (F-statistic):           5.69e-07
Time:                        18:21:14   Log-Likelihood:                -6339.2
No. Observations:                 466   AIC:                         1.269e+04
Df Residuals:                     461   BIC:                         1.271e+04
Df Model:                           4                                         
Covariance Type:            nonrobust                                         
==============================================================================
                 coef    std err          t      P>|t|      [0.025      0.975]
------------------------------------------------------------------------------
const       7.991e+04   2.33e+04      3.435      0.001    3.42e+04    1.26e+05
x1         -1434.5870    565.170     -2.538      0.011   -2545.216    -323.958
x2          1.361e+04   8127.307      1.675      0.095   -2357.560    2.96e+04
x3          4.909e+04   1.18e+04      4.163      0.000    2.59e+04    7.23e+04
x4          -252.9668    151.165     -1.673      0.095    -550.025      44.091
==============================================================================
Omnibus:                      300.986   Durbin-Watson:                   1.892
Prob(Omnibus):                  0.000   Jarque-Bera (JB):             4230.399
Skew:                           2.569   Prob(JB):                         0.00
Kurtosis:                      16.837   Cond. No.                         170.
==============================================================================

Warnings:
[1] Standard Errors assume that the covariance matrix of the errors is correctly specified.



[3, 4, 7, 8]
                            OLS Regression Results                            
==============================================================================
Dep. Variable:                      y   R-squared:                       0.082
Model:                            OLS   Adj. R-squared:                  0.074
Method:                 Least Squares   F-statistic:                     10.30
Date:                Mon, 03 Dec 2018   Prob (F-statistic):           5.36e-08
Time:                        18:21:14   Log-Likelihood:                -6336.7
No. Observations:                 466   AIC:                         1.268e+04
Df Residuals:                     461   BIC:                         1.270e+04
Df Model:                           4                                         
Covariance Type:            nonrobust                                         
==============================================================================
                 coef    std err          t      P>|t|      [0.025      0.975]
------------------------------------------------------------------------------
const       1.857e+05   1.61e+04     11.554      0.000    1.54e+05    2.17e+05
x1         -1092.5426    567.858     -1.924      0.055   -2208.454      23.369
x2          8.464e+04   1.45e+04      5.852      0.000    5.62e+04    1.13e+05
x3         -3.514e+04   1.95e+04     -1.800      0.073   -7.35e+04    3226.038
x4         -2.105e+05   4.18e+04     -5.032      0.000   -2.93e+05   -1.28e+05
==============================================================================
Omnibus:                      281.918   Durbin-Watson:                   1.911
Prob(Omnibus):                  0.000   Jarque-Bera (JB):             3294.051
Skew:                           2.417   Prob(JB):                         0.00
Kurtosis:                      15.095   Cond. No.                         112.
==============================================================================

Warnings:
[1] Standard Errors assume that the covariance matrix of the errors is correctly specified.



[3, 4, 8, 11]
                            OLS Regression Results                            
==============================================================================
Dep. Variable:                      y   R-squared:                       0.081
Model:                            OLS   Adj. R-squared:                  0.073
Method:                 Least Squares   F-statistic:                     10.16
Date:                Mon, 03 Dec 2018   Prob (F-statistic):           6.82e-08
Time:                        18:21:14   Log-Likelihood:                -6336.9
No. Observations:                 466   AIC:                         1.268e+04
Df Residuals:                     461   BIC:                         1.270e+04
Df Model:                           4                                         
Covariance Type:            nonrobust                                         
==============================================================================
                 coef    std err          t      P>|t|      [0.025      0.975]
------------------------------------------------------------------------------
const       1.752e+05   1.47e+04     11.892      0.000    1.46e+05    2.04e+05
x1         -1184.4246    567.373     -2.088      0.037   -2299.383     -69.467
x2           8.33e+04   1.45e+04      5.741      0.000    5.48e+04    1.12e+05
x3         -1.969e+05    4.2e+04     -4.688      0.000   -2.79e+05   -1.14e+05
x4          -248.4369    150.319     -1.653      0.099    -543.833      46.959
==============================================================================
Omnibus:                      283.380   Durbin-Watson:                   1.915
Prob(Omnibus):                  0.000   Jarque-Bera (JB):             3351.445
Skew:                           2.429   Prob(JB):                         0.00
Kurtosis:                      15.207   Cond. No.                         299.
==============================================================================

Warnings:
[1] Standard Errors assume that the covariance matrix of the errors is correctly specified.



[4, 7, 8, 11]
                            OLS Regression Results                            
==============================================================================
Dep. Variable:                      y   R-squared:                       0.080
Model:                            OLS   Adj. R-squared:                  0.072
Method:                 Least Squares   F-statistic:                     10.06
Date:                Mon, 03 Dec 2018   Prob (F-statistic):           8.22e-08
Time:                        18:21:15   Log-Likelihood:                -6337.1
No. Observations:                 466   AIC:                         1.268e+04
Df Residuals:                     461   BIC:                         1.271e+04
Df Model:                           4                                         
Covariance Type:            nonrobust                                         
==============================================================================
                 coef    std err          t      P>|t|      [0.025      0.975]
------------------------------------------------------------------------------
const       1.784e+05   1.55e+04     11.538      0.000    1.48e+05    2.09e+05
x1          8.139e+04   1.45e+04      5.611      0.000    5.29e+04     1.1e+05
x2         -3.887e+04   1.95e+04     -1.991      0.047   -7.72e+04    -503.989
x3         -2.145e+05   4.17e+04     -5.147      0.000   -2.96e+05   -1.33e+05
x4          -251.7568    150.454     -1.673      0.095    -547.417      43.904
==============================================================================
Omnibus:                      278.968   Durbin-Watson:                   1.883
Prob(Omnibus):                  0.000   Jarque-Bera (JB):             3168.288
Skew:                           2.394   Prob(JB):                         0.00
Kurtosis:                      14.843   Cond. No.                         298.
==============================================================================

Warnings:
[1] Standard Errors assume that the covariance matrix of the errors is correctly specified.



[3, 4, 7, 8, 11]
                            OLS Regression Results                            
==============================================================================
Dep. Variable:                      y   R-squared:                       0.088
Model:                            OLS   Adj. R-squared:                  0.078
Method:                 Least Squares   F-statistic:                     8.878
Date:                Mon, 03 Dec 2018   Prob (F-statistic):           4.64e-08
Time:                        18:21:22   Log-Likelihood:                -6335.2
No. Observations:                 466   AIC:                         1.268e+04
Df Residuals:                     460   BIC:                         1.271e+04
Df Model:                           5                                         
Covariance Type:            nonrobust                                         
==============================================================================
                 coef    std err          t      P>|t|      [0.025      0.975]
------------------------------------------------------------------------------
const       1.874e+05   1.61e+04     11.663      0.000    1.56e+05    2.19e+05
x1         -1120.5672    566.856     -1.977      0.049   -2234.516      -6.619
x2           8.27e+04   1.45e+04      5.714      0.000    5.43e+04    1.11e+05
x3         -3.656e+04   1.95e+04     -1.875      0.061   -7.49e+04    1761.068
x4         -2.024e+05    4.2e+04     -4.820      0.000   -2.85e+05    -1.2e+05
x5          -260.2122    150.043     -1.734      0.084    -555.066      34.642
==============================================================================
Omnibus:                      283.021   Durbin-Watson:                   1.919
Prob(Omnibus):                  0.000   Jarque-Bera (JB):             3349.125
Skew:                           2.425   Prob(JB):                         0.00
Kurtosis:                      15.205   Cond. No.                         300.
==============================================================================

Warnings:
[1] Standard Errors assume that the covariance matrix of the errors is correctly specified.



