[1, 4, 5, 8, 9]
                            OLS Regression Results                            
==============================================================================
Dep. Variable:                      y   R-squared:                       0.143
Model:                            OLS   Adj. R-squared:                  0.137
Method:                 Least Squares   F-statistic:                     23.07
Date:                Mon, 03 Dec 2018   Prob (F-statistic):           1.84e-21
Time:                        21:13:07   Log-Likelihood:                -8636.0
No. Observations:                 696   AIC:                         1.728e+04
Df Residuals:                     690   BIC:                         1.731e+04
Df Model:                           5                                         
Covariance Type:            nonrobust                                         
==============================================================================
                 coef    std err          t      P>|t|      [0.025      0.975]
------------------------------------------------------------------------------
const       2.941e+04   6601.518      4.456      0.000    1.65e+04    4.24e+04
x1           816.5695    236.713      3.450      0.001     351.805    1281.334
x2          2.069e+04   3416.741      6.054      0.000     1.4e+04    2.74e+04
x3          6667.1727   3112.762      2.142      0.033     555.551    1.28e+04
x4         -5.074e+04   1.03e+04     -4.908      0.000    -7.1e+04   -3.04e+04
x5         -2.074e+04   7515.512     -2.760      0.006   -3.55e+04   -5985.221
==============================================================================
Omnibus:                      277.324   Durbin-Watson:                   1.975
Prob(Omnibus):                  0.000   Jarque-Bera (JB):             1288.488
Skew:                           1.781   Prob(JB):                    1.62e-280
Kurtosis:                       8.634   Cond. No.                         87.3
==============================================================================

Warnings:
[1] Standard Errors assume that the covariance matrix of the errors is correctly specified.



[1, 4, 8, 9]
                            OLS Regression Results                            
==============================================================================
Dep. Variable:                      y   R-squared:                       0.138
Model:                            OLS   Adj. R-squared:                  0.133
Method:                 Least Squares   F-statistic:                     27.55
Date:                Mon, 03 Dec 2018   Prob (F-statistic):           3.03e-21
Time:                        21:13:07   Log-Likelihood:                -8638.3
No. Observations:                 696   AIC:                         1.729e+04
Df Residuals:                     691   BIC:                         1.731e+04
Df Model:                           4                                         
Covariance Type:            nonrobust                                         
==============================================================================
                 coef    std err          t      P>|t|      [0.025      0.975]
------------------------------------------------------------------------------
const       4.012e+04   4323.072      9.281      0.000    3.16e+04    4.86e+04
x1           934.9819    230.764      4.052      0.000     481.900    1388.064
x2           2.45e+04   2924.095      8.378      0.000    1.88e+04    3.02e+04
x3         -6.042e+04   9322.110     -6.481      0.000   -7.87e+04   -4.21e+04
x4         -1.973e+04   7520.154     -2.624      0.009   -3.45e+04   -4966.245
==============================================================================
Omnibus:                      284.563   Durbin-Watson:                   1.986
Prob(Omnibus):                  0.000   Jarque-Bera (JB):             1361.597
Skew:                           1.823   Prob(JB):                    2.15e-296
Kurtosis:                       8.802   Cond. No.                         74.6
==============================================================================

Warnings:
[1] Standard Errors assume that the covariance matrix of the errors is correctly specified.



[1, 3, 4, 5, 8]
                            OLS Regression Results                            
==============================================================================
Dep. Variable:                      y   R-squared:                       0.137
Model:                            OLS   Adj. R-squared:                  0.131
Method:                 Least Squares   F-statistic:                     21.94
Date:                Mon, 03 Dec 2018   Prob (F-statistic):           1.97e-20
Time:                        21:13:07   Log-Likelihood:                -8638.4
No. Observations:                 696   AIC:                         1.729e+04
Df Residuals:                     690   BIC:                         1.732e+04
Df Model:                           5                                         
Covariance Type:            nonrobust                                         
==============================================================================
                 coef    std err          t      P>|t|      [0.025      0.975]
------------------------------------------------------------------------------
const       3.188e+04   6742.869      4.728      0.000    1.86e+04    4.51e+04
x1           836.2384    237.458      3.522      0.000     370.012    1302.465
x2          -240.2763    145.786     -1.648      0.100    -526.514      45.961
x3          2.085e+04   3431.497      6.075      0.000    1.41e+04    2.76e+04
x4          6181.3856   3117.765      1.983      0.048      59.940    1.23e+04
x5         -5.641e+04      1e+04     -5.614      0.000   -7.61e+04   -3.67e+04
==============================================================================
Omnibus:                      282.732   Durbin-Watson:                   1.965
Prob(Omnibus):                  0.000   Jarque-Bera (JB):             1346.179
Skew:                           1.811   Prob(JB):                    4.80e-293
Kurtosis:                       8.771   Cond. No.                         129.
==============================================================================

Warnings:
[1] Standard Errors assume that the covariance matrix of the errors is correctly specified.



[1, 4, 5, 8]
                            OLS Regression Results                            
==============================================================================
Dep. Variable:                      y   R-squared:                       0.134
Model:                            OLS   Adj. R-squared:                  0.129
Method:                 Least Squares   F-statistic:                     26.68
Date:                Mon, 03 Dec 2018   Prob (F-statistic):           1.32e-20
Time:                        21:13:07   Log-Likelihood:                -8639.8
No. Observations:                 696   AIC:                         1.729e+04
Df Residuals:                     691   BIC:                         1.731e+04
Df Model:                           4                                         
Covariance Type:            nonrobust                                         
==============================================================================
                 coef    std err          t      P>|t|      [0.025      0.975]
------------------------------------------------------------------------------
const        2.98e+04   6631.597      4.493      0.000    1.68e+04    4.28e+04
x1           859.7249    237.324      3.623      0.000     393.762    1325.688
x2          2.062e+04   3432.975      6.006      0.000    1.39e+04    2.74e+04
x3          6128.2256   3121.468      1.963      0.050      -0.474    1.23e+04
x4         -5.957e+04   9876.850     -6.032      0.000    -7.9e+04   -4.02e+04
==============================================================================
Omnibus:                      281.421   Durbin-Watson:                   1.954
Prob(Omnibus):                  0.000   Jarque-Bera (JB):             1329.975
Skew:                           1.804   Prob(JB):                    1.58e-289
Kurtosis:                       8.730   Cond. No.                         82.9
==============================================================================

Warnings:
[1] Standard Errors assume that the covariance matrix of the errors is correctly specified.



[1, 4, 8]
                            OLS Regression Results                            
==============================================================================
Dep. Variable:                      y   R-squared:                       0.129
Model:                            OLS   Adj. R-squared:                  0.125
Method:                 Least Squares   F-statistic:                     34.15
Date:                Mon, 03 Dec 2018   Prob (F-statistic):           1.36e-20
Time:                        21:13:07   Log-Likelihood:                -8641.7
No. Observations:                 696   AIC:                         1.729e+04
Df Residuals:                     692   BIC:                         1.731e+04
Df Model:                           3                                         
Covariance Type:            nonrobust                                         
==============================================================================
                 coef    std err          t      P>|t|      [0.025      0.975]
------------------------------------------------------------------------------
const       3.966e+04   4337.800      9.142      0.000    3.11e+04    4.82e+04
x1           967.0564    231.417      4.179      0.000     512.692    1421.420
x2          2.414e+04   2933.305      8.230      0.000    1.84e+04    2.99e+04
x3         -6.811e+04   8887.246     -7.663      0.000   -8.56e+04   -5.07e+04
==============================================================================
Omnibus:                      287.596   Durbin-Watson:                   1.965
Prob(Omnibus):                  0.000   Jarque-Bera (JB):             1394.272
Skew:                           1.840   Prob(JB):                    1.73e-303
Kurtosis:                       8.876   Cond. No.                         68.4
==============================================================================

Warnings:
[1] Standard Errors assume that the covariance matrix of the errors is correctly specified.



[4, 5, 8, 9]
                            OLS Regression Results                            
==============================================================================
Dep. Variable:                      y   R-squared:                       0.128
Model:                            OLS   Adj. R-squared:                  0.123
Method:                 Least Squares   F-statistic:                     25.47
Date:                Mon, 03 Dec 2018   Prob (F-statistic):           1.06e-19
Time:                        21:13:07   Log-Likelihood:                -8641.9
No. Observations:                 696   AIC:                         1.729e+04
Df Residuals:                     691   BIC:                         1.732e+04
Df Model:                           4                                         
Covariance Type:            nonrobust                                         
==============================================================================
                 coef    std err          t      P>|t|      [0.025      0.975]
------------------------------------------------------------------------------
const       3.368e+04   6535.596      5.153      0.000    2.08e+04    4.65e+04
x1          2.113e+04   3441.169      6.139      0.000    1.44e+04    2.79e+04
x2          9174.9883   3050.456      3.008      0.003    3185.713    1.52e+04
x3         -4.804e+04   1.04e+04     -4.624      0.000   -6.84e+04   -2.76e+04
x4         -2.245e+04   7558.010     -2.971      0.003   -3.73e+04   -7614.459
==============================================================================
Omnibus:                      266.706   Durbin-Watson:                   1.954
Prob(Omnibus):                  0.000   Jarque-Bera (JB):             1152.152
Skew:                           1.732   Prob(JB):                    6.51e-251
Kurtosis:                       8.266   Cond. No.                         15.0
==============================================================================

Warnings:
[1] Standard Errors assume that the covariance matrix of the errors is correctly specified.



[3, 4, 5, 8]
                            OLS Regression Results                            
==============================================================================
Dep. Variable:                      y   R-squared:                       0.122
Model:                            OLS   Adj. R-squared:                  0.117
Method:                 Least Squares   F-statistic:                     23.93
Date:                Mon, 03 Dec 2018   Prob (F-statistic):           1.46e-18
Time:                        21:13:07   Log-Likelihood:                -8644.6
No. Observations:                 696   AIC:                         1.730e+04
Df Residuals:                     691   BIC:                         1.732e+04
Df Model:                           4                                         
Covariance Type:            nonrobust                                         
==============================================================================
                 coef    std err          t      P>|t|      [0.025      0.975]
------------------------------------------------------------------------------
const       3.655e+04   6665.422      5.483      0.000    2.35e+04    4.96e+04
x1          -271.0866    146.719     -1.848      0.065    -559.155      16.982
x2          2.132e+04   3457.010      6.168      0.000    1.45e+04    2.81e+04
x3          8712.7822   3058.698      2.849      0.005    2707.326    1.47e+04
x4         -5.398e+04   1.01e+04     -5.341      0.000   -7.38e+04   -3.41e+04
==============================================================================
Omnibus:                      272.973   Durbin-Watson:                   1.943
Prob(Omnibus):                  0.000   Jarque-Bera (JB):             1209.222
Skew:                           1.769   Prob(JB):                    2.63e-263
Kurtosis:                       8.402   Cond. No.                         117.
==============================================================================

Warnings:
[1] Standard Errors assume that the covariance matrix of the errors is correctly specified.



[4, 5, 8]
                            OLS Regression Results                            
==============================================================================
Dep. Variable:                      y   R-squared:                       0.117
Model:                            OLS   Adj. R-squared:                  0.114
Method:                 Least Squares   F-statistic:                     30.67
Date:                Mon, 03 Dec 2018   Prob (F-statistic):           1.28e-18
Time:                        21:13:07   Log-Likelihood:                -8646.3
No. Observations:                 696   AIC:                         1.730e+04
Df Residuals:                     692   BIC:                         1.732e+04
Df Model:                           3                                         
Covariance Type:            nonrobust                                         
==============================================================================
                 coef    std err          t      P>|t|      [0.025      0.975]
------------------------------------------------------------------------------
const       3.434e+04   6568.657      5.228      0.000    2.14e+04    4.72e+04
x1          2.108e+04   3460.537      6.091      0.000    1.43e+04    2.79e+04
x2          8733.0920   3064.008      2.850      0.004    2717.225    1.47e+04
x3         -5.749e+04   9946.024     -5.780      0.000    -7.7e+04    -3.8e+04
==============================================================================
Omnibus:                      271.134   Durbin-Watson:                   1.930
Prob(Omnibus):                  0.000   Jarque-Bera (JB):             1188.674
Skew:                           1.759   Prob(JB):                    7.63e-259
Kurtosis:                       8.349   Cond. No.                         14.2
==============================================================================

Warnings:
[1] Standard Errors assume that the covariance matrix of the errors is correctly specified.



[4, 8, 9]
                            OLS Regression Results                            
==============================================================================
Dep. Variable:                      y   R-squared:                       0.117
Model:                            OLS   Adj. R-squared:                  0.113
Method:                 Least Squares   F-statistic:                     30.58
Date:                Mon, 03 Dec 2018   Prob (F-statistic):           1.42e-18
Time:                        21:13:07   Log-Likelihood:                -8646.5
No. Observations:                 696   AIC:                         1.730e+04
Df Residuals:                     692   BIC:                         1.732e+04
Df Model:                           3                                         
Covariance Type:            nonrobust                                         
==============================================================================
                 coef    std err          t      P>|t|      [0.025      0.975]
------------------------------------------------------------------------------
const       5.016e+04   3580.979     14.009      0.000    4.31e+04    5.72e+04
x1          2.677e+04   2901.662      9.225      0.000    2.11e+04    3.25e+04
x2         -6.155e+04   9421.120     -6.534      0.000   -8.01e+04   -4.31e+04
x3         -2.135e+04   7592.782     -2.811      0.005   -3.63e+04   -6437.765
==============================================================================
Omnibus:                      277.501   Durbin-Watson:                   1.967
Prob(Omnibus):                  0.000   Jarque-Bera (JB):             1244.702
Skew:                           1.797   Prob(JB):                    5.20e-271
Kurtosis:                       8.477   Cond. No.                         9.76
==============================================================================

Warnings:
[1] Standard Errors assume that the covariance matrix of the errors is correctly specified.



[1, 4, 5, 9]
                            OLS Regression Results                            
==============================================================================
Dep. Variable:                      y   R-squared:                       0.113
Model:                            OLS   Adj. R-squared:                  0.108
Method:                 Least Squares   F-statistic:                     22.08
Date:                Mon, 03 Dec 2018   Prob (F-statistic):           3.58e-17
Time:                        21:13:07   Log-Likelihood:                -8647.9
No. Observations:                 696   AIC:                         1.731e+04
Df Residuals:                     691   BIC:                         1.733e+04
Df Model:                           4                                         
Covariance Type:            nonrobust                                         
==============================================================================
                 coef    std err          t      P>|t|      [0.025      0.975]
------------------------------------------------------------------------------
const       1.224e+04   5691.189      2.151      0.032    1069.286    2.34e+04
x1           728.5035    239.944      3.036      0.002     257.397    1199.610
x2          7244.6699   2077.341      3.487      0.001    3166.012    1.13e+04
x3          1.334e+04   2846.106      4.689      0.000    7756.859    1.89e+04
x4         -3.216e+04   7264.792     -4.427      0.000   -4.64e+04   -1.79e+04
==============================================================================
Omnibus:                      283.264   Durbin-Watson:                   1.967
Prob(Omnibus):                  0.000   Jarque-Bera (JB):             1333.846
Skew:                           1.820   Prob(JB):                    2.29e-290
Kurtosis:                       8.722   Cond. No.                         54.7
==============================================================================

Warnings:
[1] Standard Errors assume that the covariance matrix of the errors is correctly specified.



[3, 4, 8]
                            OLS Regression Results                            
==============================================================================
Dep. Variable:                      y   R-squared:                       0.111
Model:                            OLS   Adj. R-squared:                  0.108
Method:                 Least Squares   F-statistic:                     28.91
Date:                Mon, 03 Dec 2018   Prob (F-statistic):           1.28e-17
Time:                        21:13:07   Log-Likelihood:                -8648.7
No. Observations:                 696   AIC:                         1.731e+04
Df Residuals:                     692   BIC:                         1.732e+04
Df Model:                           3                                         
Covariance Type:            nonrobust                                         
==============================================================================
                 coef    std err          t      P>|t|      [0.025      0.975]
------------------------------------------------------------------------------
const       5.222e+04   3781.794     13.809      0.000    4.48e+04    5.96e+04
x1          -272.5885    147.470     -1.848      0.065    -562.131      16.954
x2           2.67e+04   2911.677      9.169      0.000     2.1e+04    3.24e+04
x3         -6.639e+04   9168.967     -7.240      0.000   -8.44e+04   -4.84e+04
==============================================================================
Omnibus:                      282.601   Durbin-Watson:                   1.957
Prob(Omnibus):                  0.000   Jarque-Bera (JB):             1295.389
Skew:                           1.827   Prob(JB):                    5.13e-282
Kurtosis:                       8.597   Cond. No.                         97.1
==============================================================================

Warnings:
[1] Standard Errors assume that the covariance matrix of the errors is correctly specified.



[4, 8]
                            OLS Regression Results                            
==============================================================================
Dep. Variable:                      y   R-squared:                       0.107
Model:                            OLS   Adj. R-squared:                  0.104
Method:                 Least Squares   F-statistic:                     41.51
Date:                Mon, 03 Dec 2018   Prob (F-statistic):           9.40e-18
Time:                        21:13:07   Log-Likelihood:                -8650.4
No. Observations:                 696   AIC:                         1.731e+04
Df Residuals:                     693   BIC:                         1.732e+04
Df Model:                           2                                         
Covariance Type:            nonrobust                                         
==============================================================================
                 coef    std err          t      P>|t|      [0.025      0.975]
------------------------------------------------------------------------------
const       5.004e+04   3598.479     13.905      0.000     4.3e+04    5.71e+04
x1          2.646e+04   2914.056      9.082      0.000    2.07e+04    3.22e+04
x2         -6.994e+04   8981.271     -7.787      0.000   -8.76e+04   -5.23e+04
==============================================================================
Omnibus:                      280.790   Durbin-Watson:                   1.944
Prob(Omnibus):                  0.000   Jarque-Bera (JB):             1273.438
Skew:                           1.818   Prob(JB):                    3.00e-277
Kurtosis:                       8.540   Cond. No.                         8.82
==============================================================================

Warnings:
[1] Standard Errors assume that the covariance matrix of the errors is correctly specified.



[4, 5, 9]
                            OLS Regression Results                            
==============================================================================
Dep. Variable:                      y   R-squared:                       0.102
Model:                            OLS   Adj. R-squared:                  0.098
Method:                 Least Squares   F-statistic:                     26.06
Date:                Mon, 03 Dec 2018   Prob (F-statistic):           5.58e-16
Time:                        21:13:07   Log-Likelihood:                -8652.5
No. Observations:                 696   AIC:                         1.731e+04
Df Residuals:                     692   BIC:                         1.733e+04
Df Model:                           3                                         
Covariance Type:            nonrobust                                         
==============================================================================
                 coef    std err          t      P>|t|      [0.025      0.975]
------------------------------------------------------------------------------
const       1.689e+04   5513.814      3.064      0.002    6066.249    2.77e+04
x1          8283.0717   2061.124      4.019      0.000    4236.265    1.23e+04
x2          1.528e+04   2790.552      5.474      0.000    9797.035    2.08e+04
x3         -3.315e+04   7300.424     -4.541      0.000   -4.75e+04   -1.88e+04
==============================================================================
Omnibus:                      270.191   Durbin-Watson:                   1.949
Prob(Omnibus):                  0.000   Jarque-Bera (JB):             1168.806
Skew:                           1.758   Prob(JB):                    1.57e-254
Kurtosis:                       8.286   Cond. No.                         9.17
==============================================================================

Warnings:
[1] Standard Errors assume that the covariance matrix of the errors is correctly specified.



[1, 3, 4, 5]
                            OLS Regression Results                            
==============================================================================
Dep. Variable:                      y   R-squared:                       0.098
Model:                            OLS   Adj. R-squared:                  0.093
Method:                 Least Squares   F-statistic:                     18.72
Date:                Mon, 03 Dec 2018   Prob (F-statistic):           1.26e-14
Time:                        21:13:07   Log-Likelihood:                -8654.0
No. Observations:                 696   AIC:                         1.732e+04
Df Residuals:                     691   BIC:                         1.734e+04
Df Model:                           4                                         
Covariance Type:            nonrobust                                         
==============================================================================
                 coef    std err          t      P>|t|      [0.025      0.975]
------------------------------------------------------------------------------
const       1.314e+04   5986.193      2.194      0.029    1382.181    2.49e+04
x1           744.7827    242.072      3.077      0.002     269.497    1220.068
x2          -396.4153    146.234     -2.711      0.007    -683.531    -109.300
x3          5025.6975   2000.496      2.512      0.012    1097.918    8953.477
x4          1.378e+04   2870.254      4.800      0.000    8140.975    1.94e+04
==============================================================================
Omnibus:                      295.785   Durbin-Watson:                   1.949
Prob(Omnibus):                  0.000   Jarque-Bera (JB):             1468.040
Skew:                           1.893   Prob(JB):                         0.00
Kurtosis:                       9.024   Cond. No.                         70.6
==============================================================================

Warnings:
[1] Standard Errors assume that the covariance matrix of the errors is correctly specified.



[1, 5, 9]
                            OLS Regression Results                            
==============================================================================
Dep. Variable:                      y   R-squared:                       0.098
Model:                            OLS   Adj. R-squared:                  0.094
Method:                 Least Squares   F-statistic:                     24.99
Date:                Mon, 03 Dec 2018   Prob (F-statistic):           2.34e-15
Time:                        21:13:07   Log-Likelihood:                -8654.0
No. Observations:                 696   AIC:                         1.732e+04
Df Residuals:                     692   BIC:                         1.733e+04
Df Model:                           3                                         
Covariance Type:            nonrobust                                         
==============================================================================
                 coef    std err          t      P>|t|      [0.025      0.975]
------------------------------------------------------------------------------
const       1.173e+04   5735.001      2.046      0.041     471.757     2.3e+04
x1           866.2737    238.571      3.631      0.000     397.865    1334.683
x2          1.649e+04   2720.785      6.062      0.000    1.12e+04    2.18e+04
x3         -2.079e+04   6544.763     -3.177      0.002   -3.36e+04   -7943.532
==============================================================================
Omnibus:                      306.616   Durbin-Watson:                   1.939
Prob(Omnibus):                  0.000   Jarque-Bera (JB):             1596.074
Skew:                           1.955   Prob(JB):                         0.00
Kurtosis:                       9.304   Cond. No.                         49.2
==============================================================================

Warnings:
[1] Standard Errors assume that the covariance matrix of the errors is correctly specified.



[1, 3, 5]
                            OLS Regression Results                            
==============================================================================
Dep. Variable:                      y   R-squared:                       0.090
Model:                            OLS   Adj. R-squared:                  0.086
Method:                 Least Squares   F-statistic:                     22.69
Date:                Mon, 03 Dec 2018   Prob (F-statistic):           5.10e-14
Time:                        21:13:07   Log-Likelihood:                -8657.1
No. Observations:                 696   AIC:                         1.732e+04
Df Residuals:                     692   BIC:                         1.734e+04
Df Model:                           3                                         
Covariance Type:            nonrobust                                         
==============================================================================
                 coef    std err          t      P>|t|      [0.025      0.975]
------------------------------------------------------------------------------
const        1.22e+04   5997.516      2.034      0.042     425.758     2.4e+04
x1           847.0539    239.539      3.536      0.000     376.744    1317.364
x2          -267.2390    137.420     -1.945      0.052    -537.049       2.571
x3          1.609e+04   2728.480      5.898      0.000    1.07e+04    2.15e+04
==============================================================================
Omnibus:                      310.258   Durbin-Watson:                   1.933
Prob(Omnibus):                  0.000   Jarque-Bera (JB):             1641.979
Skew:                           1.976   Prob(JB):                         0.00
Kurtosis:                       9.403   Cond. No.                         70.0
==============================================================================

Warnings:
[1] Standard Errors assume that the covariance matrix of the errors is correctly specified.



[1, 5, 8]
                            OLS Regression Results                            
==============================================================================
Dep. Variable:                      y   R-squared:                       0.089
Model:                            OLS   Adj. R-squared:                  0.085
Method:                 Least Squares   F-statistic:                     22.42
Date:                Mon, 03 Dec 2018   Prob (F-statistic):           7.34e-14
Time:                        21:13:07   Log-Likelihood:                -8657.5
No. Observations:                 696   AIC:                         1.732e+04
Df Residuals:                     692   BIC:                         1.734e+04
Df Model:                           3                                         
Covariance Type:            nonrobust                                         
==============================================================================
                 coef    std err          t      P>|t|      [0.025      0.975]
------------------------------------------------------------------------------
const       1.235e+04   6110.778      2.021      0.044     350.851    2.43e+04
x1           912.5408    243.097      3.754      0.000     435.245    1389.837
x2          1.592e+04   2728.272      5.836      0.000    1.06e+04    2.13e+04
x3         -9436.9646   5411.515     -1.744      0.082   -2.01e+04    1187.992
==============================================================================
Omnibus:                      309.000   Durbin-Watson:                   1.920
Prob(Omnibus):                  0.000   Jarque-Bera (JB):             1598.929
Skew:                           1.976   Prob(JB):                         0.00
Kurtosis:                       9.286   Cond. No.                         49.8
==============================================================================

Warnings:
[1] Standard Errors assume that the covariance matrix of the errors is correctly specified.



[3, 4, 5]
                            OLS Regression Results                            
==============================================================================
Dep. Variable:                      y   R-squared:                       0.085
Model:                            OLS   Adj. R-squared:                  0.081
Method:                 Least Squares   F-statistic:                     21.55
Date:                Mon, 03 Dec 2018   Prob (F-statistic):           2.38e-13
Time:                        21:13:07   Log-Likelihood:                -8658.7
No. Observations:                 696   AIC:                         1.733e+04
Df Residuals:                     692   BIC:                         1.734e+04
Df Model:                           3                                         
Covariance Type:            nonrobust                                         
==============================================================================
                 coef    std err          t      P>|t|      [0.025      0.975]
------------------------------------------------------------------------------
const       1.804e+04   5805.450      3.107      0.002    6639.174    2.94e+04
x1          -417.9722    146.956     -2.844      0.005    -706.506    -129.438
x2          6060.7714   1984.031      3.055      0.002    2165.329    9956.214
x3          1.575e+04   2814.785      5.595      0.000    1.02e+04    2.13e+04
==============================================================================
Omnibus:                      282.836   Durbin-Watson:                   1.932
Prob(Omnibus):                  0.000   Jarque-Bera (JB):             1283.676
Skew:                           1.833   Prob(JB):                    1.79e-279
Kurtosis:                       8.552   Cond. No.                         62.7
==============================================================================

Warnings:
[1] Standard Errors assume that the covariance matrix of the errors is correctly specified.



[1, 4, 9]
                            OLS Regression Results                            
==============================================================================
Dep. Variable:                      y   R-squared:                       0.085
Model:                            OLS   Adj. R-squared:                  0.081
Method:                 Least Squares   F-statistic:                     21.46
Date:                Mon, 03 Dec 2018   Prob (F-statistic):           2.66e-13
Time:                        21:13:07   Log-Likelihood:                -8658.8
No. Observations:                 696   AIC:                         1.733e+04
Df Residuals:                     692   BIC:                         1.734e+04
Df Model:                           3                                         
Covariance Type:            nonrobust                                         
==============================================================================
                 coef    std err          t      P>|t|      [0.025      0.975]
------------------------------------------------------------------------------
const       3.063e+04   4186.373      7.317      0.000    2.24e+04    3.89e+04
x1           979.9248    237.395      4.128      0.000     513.824    1446.026
x2          1.033e+04   1999.693      5.168      0.000    6408.373    1.43e+04
x3         -3.505e+04   7347.537     -4.770      0.000   -4.95e+04   -2.06e+04
==============================================================================
Omnibus:                      306.576   Durbin-Watson:                   1.992
Prob(Omnibus):                  0.000   Jarque-Bera (JB):             1607.483
Skew:                           1.952   Prob(JB):                         0.00
Kurtosis:                       9.340   Cond. No.                         53.0
==============================================================================

Warnings:
[1] Standard Errors assume that the covariance matrix of the errors is correctly specified.



[5, 9]
                            OLS Regression Results                            
==============================================================================
Dep. Variable:                      y   R-squared:                       0.081
Model:                            OLS   Adj. R-squared:                  0.078
Method:                 Least Squares   F-statistic:                     30.35
Date:                Mon, 03 Dec 2018   Prob (F-statistic):           2.31e-13
Time:                        21:13:07   Log-Likelihood:                -8660.6
No. Observations:                 696   AIC:                         1.733e+04
Df Residuals:                     693   BIC:                         1.734e+04
Df Model:                           2                                         
Covariance Type:            nonrobust                                         
==============================================================================
                 coef    std err          t      P>|t|      [0.025      0.975]
------------------------------------------------------------------------------
const       1.732e+04   5572.699      3.109      0.002    6382.653    2.83e+04
x1          1.941e+04   2622.678      7.399      0.000    1.43e+04    2.46e+04
x2         -2.001e+04   6598.491     -3.033      0.003    -3.3e+04   -7057.903
==============================================================================
Omnibus:                      289.988   Durbin-Watson:                   1.913
Prob(Omnibus):                  0.000   Jarque-Bera (JB):             1345.517
Skew:                           1.878   Prob(JB):                    6.68e-293
Kurtosis:                       8.682   Cond. No.                         6.78
==============================================================================

Warnings:
[1] Standard Errors assume that the covariance matrix of the errors is correctly specified.



[4, 5]
                            OLS Regression Results                            
==============================================================================
Dep. Variable:                      y   R-squared:                       0.075
Model:                            OLS   Adj. R-squared:                  0.072
Method:                 Least Squares   F-statistic:                     27.99
Date:                Mon, 03 Dec 2018   Prob (F-statistic):           2.05e-12
Time:                        21:13:07   Log-Likelihood:                -8662.8
No. Observations:                 696   AIC:                         1.733e+04
Df Residuals:                     693   BIC:                         1.735e+04
Df Model:                           2                                         
Covariance Type:            nonrobust                                         
==============================================================================
                 coef    std err          t      P>|t|      [0.025      0.975]
------------------------------------------------------------------------------
const       1.259e+04   5508.088      2.285      0.023    1773.285    2.34e+04
x1          4091.7756   1868.819      2.189      0.029     422.549    7761.002
x2          1.651e+04   2816.315      5.863      0.000     1.1e+04     2.2e+04
==============================================================================
Omnibus:                      279.643   Durbin-Watson:                   1.908
Prob(Omnibus):                  0.000   Jarque-Bera (JB):             1235.867
Skew:                           1.820   Prob(JB):                    4.31e-269
Kurtosis:                       8.419   Cond. No.                         7.16
==============================================================================

Warnings:
[1] Standard Errors assume that the covariance matrix of the errors is correctly specified.



[3, 5]
                            OLS Regression Results                            
==============================================================================
Dep. Variable:                      y   R-squared:                       0.073
Model:                            OLS   Adj. R-squared:                  0.070
Method:                 Least Squares   F-statistic:                     27.32
Date:                Mon, 03 Dec 2018   Prob (F-statistic):           3.78e-12
Time:                        21:13:07   Log-Likelihood:                -8663.4
No. Observations:                 696   AIC:                         1.733e+04
Df Residuals:                     693   BIC:                         1.735e+04
Df Model:                           2                                         
Covariance Type:            nonrobust                                         
==============================================================================
                 coef    std err          t      P>|t|      [0.025      0.975]
------------------------------------------------------------------------------
const       1.771e+04   5839.270      3.034      0.003    6248.786    2.92e+04
x1          -261.3310    138.546     -1.886      0.060    -533.350      10.688
x2          1.896e+04   2626.745      7.218      0.000    1.38e+04    2.41e+04
==============================================================================
Omnibus:                      294.873   Durbin-Watson:                   1.908
Prob(Omnibus):                  0.000   Jarque-Bera (JB):             1397.504
Skew:                           1.906   Prob(JB):                    3.43e-304
Kurtosis:                       8.801   Cond. No.                         62.4
==============================================================================

Warnings:
[1] Standard Errors assume that the covariance matrix of the errors is correctly specified.



[1, 3, 4]
                            OLS Regression Results                            
==============================================================================
Dep. Variable:                      y   R-squared:                       0.068
Model:                            OLS   Adj. R-squared:                  0.064
Method:                 Least Squares   F-statistic:                     16.75
Date:                Mon, 03 Dec 2018   Prob (F-statistic):           1.63e-10
Time:                        21:13:07   Log-Likelihood:                -8665.4
No. Observations:                 696   AIC:                         1.734e+04
Df Residuals:                     692   BIC:                         1.736e+04
Df Model:                           3                                         
Covariance Type:            nonrobust                                         
==============================================================================
                 coef    std err          t      P>|t|      [0.025      0.975]
------------------------------------------------------------------------------
const       3.249e+04   4494.052      7.230      0.000    2.37e+04    4.13e+04
x1          1004.3300    239.683      4.190      0.000     533.737    1474.923
x2          -453.9123    148.045     -3.066      0.002    -744.583    -163.242
x3          8110.7303   1924.356      4.215      0.000    4332.454    1.19e+04
==============================================================================
Omnibus:                      321.209   Durbin-Watson:                   1.972
Prob(Omnibus):                  0.000   Jarque-Bera (JB):             1804.841
Skew:                           2.035   Prob(JB):                         0.00
Kurtosis:                       9.758   Cond. No.                         49.5
==============================================================================

Warnings:
[1] Standard Errors assume that the covariance matrix of the errors is correctly specified.



[4, 9]
                            OLS Regression Results                            
==============================================================================
Dep. Variable:                      y   R-squared:                       0.063
Model:                            OLS   Adj. R-squared:                  0.060
Method:                 Least Squares   F-statistic:                     23.14
Date:                Mon, 03 Dec 2018   Prob (F-statistic):           1.87e-10
Time:                        21:13:07   Log-Likelihood:                -8667.3
No. Observations:                 696   AIC:                         1.734e+04
Df Residuals:                     693   BIC:                         1.735e+04
Df Model:                           2                                         
Covariance Type:            nonrobust                                         
==============================================================================
                 coef    std err          t      P>|t|      [0.025      0.975]
------------------------------------------------------------------------------
const       4.098e+04   3391.173     12.085      0.000    3.43e+04    4.76e+04
x1          1.244e+04   1955.937      6.359      0.000    8597.544    1.63e+04
x2         -3.705e+04   7415.980     -4.995      0.000   -5.16e+04   -2.25e+04
==============================================================================
Omnibus:                      295.403   Durbin-Watson:                   1.976
Prob(Omnibus):                  0.000   Jarque-Bera (JB):             1408.296
Skew:                           1.908   Prob(JB):                    1.56e-306
Kurtosis:                       8.831   Cond. No.                         6.61
==============================================================================

Warnings:
[1] Standard Errors assume that the covariance matrix of the errors is correctly specified.



[1, 4]
                            OLS Regression Results                            
==============================================================================
Dep. Variable:                      y   R-squared:                       0.055
Model:                            OLS   Adj. R-squared:                  0.052
Method:                 Least Squares   F-statistic:                     20.18
Date:                Mon, 03 Dec 2018   Prob (F-statistic):           3.02e-09
Time:                        21:13:07   Log-Likelihood:                -8670.1
No. Observations:                 696   AIC:                         1.735e+04
Df Residuals:                     693   BIC:                         1.736e+04
Df Model:                           2                                         
Covariance Type:            nonrobust                                         
==============================================================================
                 coef    std err          t      P>|t|      [0.025      0.975]
------------------------------------------------------------------------------
const       2.734e+04   4193.418      6.520      0.000    1.91e+04    3.56e+04
x1          1054.4180    240.571      4.383      0.000     582.083    1526.753
x2          6077.0909   1817.352      3.344      0.001    2508.915    9645.266
==============================================================================
Omnibus:                      319.848   Durbin-Watson:                   1.953
Prob(Omnibus):                  0.000   Jarque-Bera (JB):             1762.365
Skew:                           2.033   Prob(JB):                         0.00
Kurtosis:                       9.651   Cond. No.                         29.9
==============================================================================

Warnings:
[1] Standard Errors assume that the covariance matrix of the errors is correctly specified.



[1, 9]
                            OLS Regression Results                            
==============================================================================
Dep. Variable:                      y   R-squared:                       0.050
Model:                            OLS   Adj. R-squared:                  0.047
Method:                 Least Squares   F-statistic:                     18.17
Date:                Mon, 03 Dec 2018   Prob (F-statistic):           2.04e-08
Time:                        21:13:07   Log-Likelihood:                -8672.0
No. Observations:                 696   AIC:                         1.735e+04
Df Residuals:                     693   BIC:                         1.736e+04
Df Model:                           2                                         
Covariance Type:            nonrobust                                         
==============================================================================
                 coef    std err          t      P>|t|      [0.025      0.975]
------------------------------------------------------------------------------
const        3.67e+04   4092.075      8.969      0.000    2.87e+04    4.47e+04
x1          1292.5382    233.779      5.529      0.000     833.539    1751.538
x2          -1.81e+04   6695.993     -2.703      0.007   -3.12e+04   -4955.692
==============================================================================
Omnibus:                      363.300   Durbin-Watson:                   1.955
Prob(Omnibus):                  0.000   Jarque-Bera (JB):             2578.953
Skew:                           2.266   Prob(JB):                         0.00
Kurtosis:                      11.270   Cond. No.                         48.1
==============================================================================

Warnings:
[1] Standard Errors assume that the covariance matrix of the errors is correctly specified.



[3, 4]
                            OLS Regression Results                            
==============================================================================
Dep. Variable:                      y   R-squared:                       0.044
Model:                            OLS   Adj. R-squared:                  0.041
Method:                 Least Squares   F-statistic:                     15.97
Date:                Mon, 03 Dec 2018   Prob (F-statistic):           1.66e-07
Time:                        21:13:07   Log-Likelihood:                -8674.1
No. Observations:                 696   AIC:                         1.735e+04
Df Residuals:                     693   BIC:                         1.737e+04
Df Model:                           2                                         
Covariance Type:            nonrobust                                         
==============================================================================
                 coef    std err          t      P>|t|      [0.025      0.975]
------------------------------------------------------------------------------
const       4.338e+04   3709.698     11.694      0.000    3.61e+04    5.07e+04
x1          -496.1937    149.454     -3.320      0.001    -789.632    -202.756
x2          1.021e+04   1880.271      5.428      0.000    6515.102    1.39e+04
==============================================================================
Omnibus:                      310.328   Durbin-Watson:                   1.957
Prob(Omnibus):                  0.000   Jarque-Bera (JB):             1576.011
Skew:                           1.995   Prob(JB):                         0.00
Kurtosis:                       9.198   Cond. No.                         37.7
==============================================================================

Warnings:
[1] Standard Errors assume that the covariance matrix of the errors is correctly specified.



[1, 3]
                            OLS Regression Results                            
==============================================================================
Dep. Variable:                      y   R-squared:                       0.044
Model:                            OLS   Adj. R-squared:                  0.041
Method:                 Least Squares   F-statistic:                     15.86
Date:                Mon, 03 Dec 2018   Prob (F-statistic):           1.84e-07
Time:                        21:13:07   Log-Likelihood:                -8674.2
No. Observations:                 696   AIC:                         1.735e+04
Df Residuals:                     693   BIC:                         1.737e+04
Df Model:                           2                                         
Covariance Type:            nonrobust                                         
==============================================================================
                 coef    std err          t      P>|t|      [0.025      0.975]
------------------------------------------------------------------------------
const       3.667e+04   4436.152      8.265      0.000     2.8e+04    4.54e+04
x1          1266.9303    234.226      5.409      0.000     807.052    1726.808
x2          -238.8440    140.644     -1.698      0.090    -514.983      37.295
==============================================================================
Omnibus:                      364.101   Durbin-Watson:                   1.949
Prob(Omnibus):                  0.000   Jarque-Bera (JB):             2590.354
Skew:                           2.272   Prob(JB):                         0.00
Kurtosis:                      11.288   Cond. No.                         48.0
==============================================================================

Warnings:
[1] Standard Errors assume that the covariance matrix of the errors is correctly specified.



[1, 8]
                            OLS Regression Results                            
==============================================================================
Dep. Variable:                      y   R-squared:                       0.044
Model:                            OLS   Adj. R-squared:                  0.041
Method:                 Least Squares   F-statistic:                     15.84
Date:                Mon, 03 Dec 2018   Prob (F-statistic):           1.88e-07
Time:                        21:13:07   Log-Likelihood:                -8674.2
No. Observations:                 696   AIC:                         1.735e+04
Df Residuals:                     693   BIC:                         1.737e+04
Df Model:                           2                                         
Covariance Type:            nonrobust                                         
==============================================================================
                 coef    std err          t      P>|t|      [0.025      0.975]
------------------------------------------------------------------------------
const       3.695e+04   4528.720      8.159      0.000    2.81e+04    4.58e+04
x1          1328.3113    237.903      5.583      0.000     861.214    1795.408
x2         -9337.6258   5539.061     -1.686      0.092   -2.02e+04    1537.727
==============================================================================
Omnibus:                      362.026   Durbin-Watson:                   1.938
Prob(Omnibus):                  0.000   Jarque-Bera (JB):             2501.538
Skew:                           2.268   Prob(JB):                         0.00
Kurtosis:                      11.105   Cond. No.                         43.8
==============================================================================

Warnings:
[1] Standard Errors assume that the covariance matrix of the errors is correctly specified.



