[1, 6]
                            OLS Regression Results                            
==============================================================================
Dep. Variable:                      y   R-squared:                       0.049
Model:                            OLS   Adj. R-squared:                  0.047
Method:                 Least Squares   F-statistic:                     22.77
Date:                Tue, 04 Dec 2018   Prob (F-statistic):           2.29e-10
Time:                        01:51:24   Log-Likelihood:                -10718.
No. Observations:                 878   AIC:                         2.144e+04
Df Residuals:                     875   BIC:                         2.146e+04
Df Model:                           2                                         
Covariance Type:            nonrobust                                         
==============================================================================
                 coef    std err          t      P>|t|      [0.025      0.975]
------------------------------------------------------------------------------
const       2.779e+04   2771.828     10.027      0.000    2.24e+04    3.32e+04
x1           882.7047    145.741      6.057      0.000     596.662    1168.747
x2         -1.556e+04   4663.258     -3.337      0.001   -2.47e+04   -6407.198
==============================================================================
Omnibus:                      404.823   Durbin-Watson:                   1.895
Prob(Omnibus):                  0.000   Jarque-Bera (JB):             2198.325
Skew:                           2.082   Prob(JB):                         0.00
Kurtosis:                       9.539   Cond. No.                         52.5
==============================================================================

Warnings:
[1] Standard Errors assume that the covariance matrix of the errors is correctly specified.



[1, 3]
                            OLS Regression Results                            
==============================================================================
Dep. Variable:                      y   R-squared:                       0.048
Model:                            OLS   Adj. R-squared:                  0.046
Method:                 Least Squares   F-statistic:                     22.16
Date:                Tue, 04 Dec 2018   Prob (F-statistic):           4.07e-10
Time:                        01:51:24   Log-Likelihood:                -10718.
No. Observations:                 878   AIC:                         2.144e+04
Df Residuals:                     875   BIC:                         2.146e+04
Df Model:                           2                                         
Covariance Type:            nonrobust                                         
==============================================================================
                 coef    std err          t      P>|t|      [0.025      0.975]
------------------------------------------------------------------------------
const       2.966e+04   3056.058      9.706      0.000    2.37e+04    3.57e+04
x1           858.0235    145.577      5.894      0.000     572.303    1143.744
x2          -309.7908     98.112     -3.158      0.002    -502.353    -117.228
==============================================================================
Omnibus:                      406.803   Durbin-Watson:                   1.893
Prob(Omnibus):                  0.000   Jarque-Bera (JB):             2251.270
Skew:                           2.086   Prob(JB):                         0.00
Kurtosis:                       9.644   Cond. No.                         49.2
==============================================================================

Warnings:
[1] Standard Errors assume that the covariance matrix of the errors is correctly specified.



