[1, 3, 4, 5, 7, 8, 9, 11]
                            OLS Regression Results                            
==============================================================================
Dep. Variable:                      y   R-squared:                       0.153
Model:                            OLS   Adj. R-squared:                  0.150
Method:                 Least Squares   F-statistic:                     53.31
Date:                Wed, 05 Dec 2018   Prob (F-statistic):           7.15e-80
Time:                        00:48:32   Log-Likelihood:                -28303.
No. Observations:                2373   AIC:                         5.662e+04
Df Residuals:                    2364   BIC:                         5.668e+04
Df Model:                           8                                         
Covariance Type:            nonrobust                                         
==============================================================================
                 coef    std err          t      P>|t|      [0.025      0.975]
------------------------------------------------------------------------------
const       7160.3773   2714.671      2.638      0.008    1836.995    1.25e+04
x1           378.2117    103.420      3.657      0.000     175.408     581.016
x2           -82.4740     49.839     -1.655      0.098    -180.207      15.259
x3          9399.6998   1607.008      5.849      0.000    6248.409    1.26e+04
x4           1.29e+04   1745.822      7.388      0.000    9474.472    1.63e+04
x5            79.2292   1059.218      0.075      0.940   -1997.863    2156.321
x6         -1.473e+04   2925.347     -5.035      0.000   -2.05e+04   -8993.777
x7         -5132.1752   2596.875     -1.976      0.048   -1.02e+04     -39.787
x8           405.1800    231.031      1.754      0.080     -47.865     858.225
==============================================================================
Omnibus:                     1252.335   Durbin-Watson:                   1.969
Prob(Omnibus):                  0.000   Jarque-Bera (JB):             9931.881
Skew:                           2.388   Prob(JB):                         0.00
Kurtosis:                      11.811   Cond. No.                         177.
==============================================================================

Warnings:
[1] Standard Errors assume that the covariance matrix of the errors is correctly specified.



