[1, 3, 4, 5, 7, 8, 9, 11]
                            OLS Regression Results                            
==============================================================================
Dep. Variable:                      y   R-squared:                       0.158
Model:                            OLS   Adj. R-squared:                  0.155
Method:                 Least Squares   F-statistic:                     45.58
Date:                Wed, 05 Dec 2018   Prob (F-statistic):           1.68e-67
Time:                        00:47:07   Log-Likelihood:                -23688.
No. Observations:                1950   AIC:                         4.739e+04
Df Residuals:                    1941   BIC:                         4.745e+04
Df Model:                           8                                         
Covariance Type:            nonrobust                                         
==============================================================================
                 coef    std err          t      P>|t|      [0.025      0.975]
------------------------------------------------------------------------------
const       1.163e+04   3861.675      3.011      0.003    4054.559    1.92e+04
x1           704.8880    156.378      4.508      0.000     398.202    1011.574
x2           -20.9717     67.741     -0.310      0.757    -153.825     111.881
x3          1.242e+04   2411.748      5.150      0.000    7689.981    1.71e+04
x4          1.594e+04   2601.367      6.128      0.000    1.08e+04     2.1e+04
x5          1376.5546   1624.820      0.847      0.397   -1810.021    4563.131
x6         -2.204e+04   4146.165     -5.315      0.000   -3.02e+04   -1.39e+04
x7         -1.063e+04   3574.780     -2.972      0.003   -1.76e+04   -3615.146
x8           337.7476    346.461      0.975      0.330    -341.728    1017.223
==============================================================================
Omnibus:                     1070.796   Durbin-Watson:                   1.916
Prob(Omnibus):                  0.000   Jarque-Bera (JB):            10368.991
Skew:                           2.416   Prob(JB):                         0.00
Kurtosis:                      13.211   Cond. No.                         186.
==============================================================================

Warnings:
[1] Standard Errors assume that the covariance matrix of the errors is correctly specified.



