[1, 3, 4, 5, 7, 8, 9, 11]
                            OLS Regression Results                            
==============================================================================
Dep. Variable:                      y   R-squared:                       0.149
Model:                            OLS   Adj. R-squared:                  0.143
Method:                 Least Squares   F-statistic:                     26.45
Date:                Wed, 05 Dec 2018   Prob (F-statistic):           5.87e-38
Time:                        00:43:57   Log-Likelihood:                -15215.
No. Observations:                1217   AIC:                         3.045e+04
Df Residuals:                    1208   BIC:                         3.049e+04
Df Model:                           8                                         
Covariance Type:            nonrobust                                         
==============================================================================
                 coef    std err          t      P>|t|      [0.025      0.975]
------------------------------------------------------------------------------
const        1.95e+04   7591.077      2.568      0.010    4604.001    3.44e+04
x1          2253.8645    407.718      5.528      0.000    1453.951    3053.778
x2           -31.1365    117.079     -0.266      0.790    -260.837     198.564
x3          2.812e+04   6457.995      4.355      0.000    1.55e+04    4.08e+04
x4          1.858e+04   5667.010      3.279      0.001    7465.004    2.97e+04
x5          2015.3814   4362.919      0.462      0.644   -6544.359    1.06e+04
x6         -3.986e+04   9084.912     -4.388      0.000   -5.77e+04    -2.2e+04
x7         -1.438e+04   6340.067     -2.268      0.024   -2.68e+04   -1939.631
x8           -81.6881    858.272     -0.095      0.924   -1765.557    1602.181
==============================================================================
Omnibus:                      772.671   Durbin-Watson:                   1.959
Prob(Omnibus):                  0.000   Jarque-Bera (JB):            13319.095
Skew:                           2.643   Prob(JB):                         0.00
Kurtosis:                      18.321   Cond. No.                         225.
==============================================================================

Warnings:
[1] Standard Errors assume that the covariance matrix of the errors is correctly specified.



