[1, 3, 4, 5, 7, 8, 9, 11]
                            OLS Regression Results                            
==============================================================================
Dep. Variable:                      y   R-squared:                       0.178
Model:                            OLS   Adj. R-squared:                  0.173
Method:                 Least Squares   F-statistic:                     41.97
Date:                Wed, 05 Dec 2018   Prob (F-statistic):           4.37e-61
Time:                        00:45:22   Log-Likelihood:                -19278.
No. Observations:                1564   AIC:                         3.857e+04
Df Residuals:                    1555   BIC:                         3.862e+04
Df Model:                           8                                         
Covariance Type:            nonrobust                                         
==============================================================================
                 coef    std err          t      P>|t|      [0.025      0.975]
------------------------------------------------------------------------------
const       1.279e+04   5281.662      2.422      0.016    2430.977    2.32e+04
x1          1146.7950    241.579      4.747      0.000     672.940    1620.650
x2           -40.8922     91.193     -0.448      0.654    -219.767     137.982
x3          2.271e+04   3833.849      5.923      0.000    1.52e+04    3.02e+04
x4          1.985e+04   3654.585      5.432      0.000    1.27e+04     2.7e+04
x5           982.0702   2580.266      0.381      0.704   -4079.099    6043.239
x6         -3.455e+04   6011.176     -5.748      0.000   -4.63e+04   -2.28e+04
x7         -1.157e+04   4782.105     -2.420      0.016    -2.1e+04   -2193.043
x8           278.1974    527.676      0.527      0.598    -756.834    1313.229
==============================================================================
Omnibus:                      942.121   Durbin-Watson:                   1.918
Prob(Omnibus):                  0.000   Jarque-Bera (JB):            12731.353
Skew:                           2.576   Prob(JB):                         0.00
Kurtosis:                      15.993   Cond. No.                         194.
==============================================================================

Warnings:
[1] Standard Errors assume that the covariance matrix of the errors is correctly specified.



