[1, 3, 4, 5, 7, 8, 9, 11]
                            OLS Regression Results                            
==============================================================================
Dep. Variable:                      y   R-squared:                       0.111
Model:                            OLS   Adj. R-squared:                  0.109
Method:                 Least Squares   F-statistic:                     44.04
Date:                Wed, 05 Dec 2018   Prob (F-statistic):           5.37e-67
Time:                        00:50:05   Log-Likelihood:                -33247.
No. Observations:                2821   AIC:                         6.651e+04
Df Residuals:                    2812   BIC:                         6.656e+04
Df Model:                           8                                         
Covariance Type:            nonrobust                                         
==============================================================================
                 coef    std err          t      P>|t|      [0.025      0.975]
------------------------------------------------------------------------------
const       2839.9100   2129.327      1.334      0.182   -1335.292    7015.112
x1           193.1216     75.730      2.550      0.011      44.630     341.613
x2           -86.7512     39.928     -2.173      0.030    -165.043      -8.459
x3          3999.0496   1206.409      3.315      0.001    1633.513    6364.586
x4          1.111e+04   1293.796      8.587      0.000    8572.945    1.36e+04
x5           -26.0477    758.260     -0.034      0.973   -1512.850    1460.755
x6         -6112.3826   2289.605     -2.670      0.008   -1.06e+04   -1622.908
x7         -3216.4904   2014.711     -1.597      0.110   -7166.951     733.970
x8           264.4573    169.866      1.557      0.120     -68.617     597.531
==============================================================================
Omnibus:                     2893.890   Durbin-Watson:                   2.012
Prob(Omnibus):                  0.000   Jarque-Bera (JB):           361546.668
Skew:                           4.737   Prob(JB):                         0.00
Kurtosis:                      57.646   Cond. No.                         170.
==============================================================================

Warnings:
[1] Standard Errors assume that the covariance matrix of the errors is correctly specified.



