[1, 3, 4, 5, 7, 8, 9, 11]
                            OLS Regression Results                            
==============================================================================
Dep. Variable:                      y   R-squared:                       0.174
Model:                            OLS   Adj. R-squared:                  0.170
Method:                 Least Squares   F-statistic:                     40.91
Date:                Wed, 05 Dec 2018   Prob (F-statistic):           1.36e-59
Time:                        00:45:22   Log-Likelihood:                -19273.
No. Observations:                1564   AIC:                         3.856e+04
Df Residuals:                    1555   BIC:                         3.861e+04
Df Model:                           8                                         
Covariance Type:            nonrobust                                         
==============================================================================
                 coef    std err          t      P>|t|      [0.025      0.975]
------------------------------------------------------------------------------
const       1.288e+04   5264.207      2.447      0.015    2554.351    2.32e+04
x1          1191.4578    240.781      4.948      0.000     719.169    1663.747
x2           -40.3858     90.892     -0.444      0.657    -218.669     137.898
x3          2.257e+04   3821.179      5.907      0.000    1.51e+04    3.01e+04
x4          1.957e+04   3642.507      5.372      0.000    1.24e+04    2.67e+04
x5          1329.7437   2571.739      0.517      0.605   -3714.699    6374.186
x6         -3.528e+04   5991.310     -5.888      0.000    -4.7e+04   -2.35e+04
x7         -1.127e+04   4766.301     -2.365      0.018   -2.06e+04   -1922.607
x8          -309.0028    525.932     -0.588      0.557   -1340.614     722.608
==============================================================================
Omnibus:                      948.235   Durbin-Watson:                   1.912
Prob(Omnibus):                  0.000   Jarque-Bera (JB):            12923.242
Skew:                           2.596   Prob(JB):                         0.00
Kurtosis:                      16.090   Cond. No.                         194.
==============================================================================

Warnings:
[1] Standard Errors assume that the covariance matrix of the errors is correctly specified.



