[1, 3, 4, 5, 7, 8, 9, 11]
                            OLS Regression Results                            
==============================================================================
Dep. Variable:                      y   R-squared:                       0.110
Model:                            OLS   Adj. R-squared:                  0.107
Method:                 Least Squares   F-statistic:                     43.28
Date:                Wed, 05 Dec 2018   Prob (F-statistic):           7.88e-66
Time:                        00:50:05   Log-Likelihood:                -33232.
No. Observations:                2821   AIC:                         6.648e+04
Df Residuals:                    2812   BIC:                         6.654e+04
Df Model:                           8                                         
Covariance Type:            nonrobust                                         
==============================================================================
                 coef    std err          t      P>|t|      [0.025      0.975]
------------------------------------------------------------------------------
const       2676.2892   2118.362      1.263      0.207   -1477.413    6829.991
x1           208.0176     75.340      2.761      0.006      60.291     355.744
x2           -81.8774     39.723     -2.061      0.039    -159.766      -3.989
x3          3986.6988   1200.197      3.322      0.001    1633.344    6340.054
x4          1.107e+04   1287.133      8.600      0.000    8545.629    1.36e+04
x5            52.2703    754.355      0.069      0.945   -1426.876    1531.416
x6         -6425.6374   2277.814     -2.821      0.005   -1.09e+04   -1959.281
x7         -3252.8550   2004.336     -1.623      0.105   -7182.973     677.263
x8            58.3253    168.991      0.345      0.730    -273.034     389.684
==============================================================================
Omnibus:                     2909.955   Durbin-Watson:                   2.011
Prob(Omnibus):                  0.000   Jarque-Bera (JB):           374973.327
Skew:                           4.771   Prob(JB):                         0.00
Kurtosis:                      58.669   Cond. No.                         170.
==============================================================================

Warnings:
[1] Standard Errors assume that the covariance matrix of the errors is correctly specified.



