[1, 3, 4, 5, 7, 8, 9, 11]
                            OLS Regression Results                            
==============================================================================
Dep. Variable:                      y   R-squared:                       0.145
Model:                            OLS   Adj. R-squared:                  0.139
Method:                 Least Squares   F-statistic:                     25.58
Date:                Wed, 05 Dec 2018   Prob (F-statistic):           1.03e-36
Time:                        00:43:57   Log-Likelihood:                -15211.
No. Observations:                1217   AIC:                         3.044e+04
Df Residuals:                    1208   BIC:                         3.049e+04
Df Model:                           8                                         
Covariance Type:            nonrobust                                         
==============================================================================
                 coef    std err          t      P>|t|      [0.025      0.975]
------------------------------------------------------------------------------
const        1.98e+04   7562.300      2.619      0.009    4965.561    3.46e+04
x1          2330.2404    406.172      5.737      0.000    1533.359    3127.122
x2           -43.0252    116.635     -0.369      0.712    -271.855     185.805
x3          2.813e+04   6433.512      4.372      0.000    1.55e+04    4.07e+04
x4          1.801e+04   5645.527      3.190      0.001    6933.469    2.91e+04
x5          2299.3087   4346.379      0.529      0.597   -6227.982    1.08e+04
x6         -4.096e+04   9050.471     -4.526      0.000   -5.87e+04   -2.32e+04
x7         -1.328e+04   6316.032     -2.102      0.036   -2.57e+04    -884.699
x8          -855.5821    855.018     -1.001      0.317   -2533.068     821.904
==============================================================================
Omnibus:                      781.521   Durbin-Watson:                   1.956
Prob(Omnibus):                  0.000   Jarque-Bera (JB):            13741.831
Skew:                           2.679   Prob(JB):                         0.00
Kurtosis:                      18.566   Cond. No.                         225.
==============================================================================

Warnings:
[1] Standard Errors assume that the covariance matrix of the errors is correctly specified.



