[1, 3, 4, 5, 7, 8, 9, 11]
                            OLS Regression Results                            
==============================================================================
Dep. Variable:                      y   R-squared:                       0.150
Model:                            OLS   Adj. R-squared:                  0.147
Method:                 Least Squares   F-statistic:                     52.25
Date:                Wed, 05 Dec 2018   Prob (F-statistic):           2.49e-78
Time:                        00:48:32   Log-Likelihood:                -28290.
No. Observations:                2373   AIC:                         5.660e+04
Df Residuals:                    2364   BIC:                         5.665e+04
Df Model:                           8                                         
Covariance Type:            nonrobust                                         
==============================================================================
                 coef    std err          t      P>|t|      [0.025      0.975]
------------------------------------------------------------------------------
const       6908.9163   2699.721      2.559      0.011    1614.849    1.22e+04
x1           399.4211    102.851      3.883      0.000     197.734     601.108
x2           -72.1232     49.565     -1.455      0.146    -169.318      25.071
x3          9328.2939   1598.158      5.837      0.000    6194.357    1.25e+04
x4          1.289e+04   1736.208      7.426      0.000    9488.129    1.63e+04
x5           180.6697   1053.385      0.172      0.864   -1884.984    2246.323
x6         -1.505e+04   2909.237     -5.175      0.000   -2.08e+04   -9349.990
x7         -5354.8143   2582.574     -2.073      0.038   -1.04e+04    -290.470
x8            83.7182    229.759      0.364      0.716    -366.832     534.269
==============================================================================
Omnibus:                     1254.187   Durbin-Watson:                   1.967
Prob(Omnibus):                  0.000   Jarque-Bera (JB):             9988.121
Skew:                           2.391   Prob(JB):                         0.00
Kurtosis:                      11.840   Cond. No.                         177.
==============================================================================

Warnings:
[1] Standard Errors assume that the covariance matrix of the errors is correctly specified.



