[1, 3, 4, 5, 7, 8, 9, 11]
                            OLS Regression Results                            
==============================================================================
Dep. Variable:                      y   R-squared:                       0.231
Model:                            OLS   Adj. R-squared:                  0.227
Method:                 Least Squares   F-statistic:                     58.29
Date:                Wed, 05 Dec 2018   Prob (F-statistic):           2.71e-83
Time:                        00:45:22   Log-Likelihood:                -14866.
No. Observations:                1564   AIC:                         2.975e+04
Df Residuals:                    1555   BIC:                         2.980e+04
Df Model:                           8                                         
Covariance Type:            nonrobust                                         
==============================================================================
                 coef    std err          t      P>|t|      [0.025      0.975]
------------------------------------------------------------------------------
const        -89.1358    314.479     -0.283      0.777    -705.983     527.711
x1           -44.6628     14.384     -3.105      0.002     -72.877     -16.449
x2            -0.5063      5.430     -0.093      0.926     -11.157      10.144
x3           133.5676    228.274      0.585      0.559    -314.189     581.324
x4           286.9955    217.600      1.319      0.187    -139.825     713.816
x5          -347.6735    153.633     -2.263      0.024    -649.024     -46.323
x6           722.8439    357.915      2.020      0.044      20.797    1424.891
x7          -301.4363    284.734     -1.059      0.290    -859.940     257.067
x8           587.2002     31.419     18.690      0.000     525.573     648.828
==============================================================================
Omnibus:                     1702.590   Durbin-Watson:                   2.016
Prob(Omnibus):                  0.000   Jarque-Bera (JB):           154422.072
Skew:                           5.299   Prob(JB):                         0.00
Kurtosis:                      50.511   Cond. No.                         194.
==============================================================================

Warnings:
[1] Standard Errors assume that the covariance matrix of the errors is correctly specified.



