[1, 3, 4, 5, 7, 8, 9, 11]
                            OLS Regression Results                            
==============================================================================
Dep. Variable:                      y   R-squared:                       0.273
Model:                            OLS   Adj. R-squared:                  0.270
Method:                 Least Squares   F-statistic:                     110.8
Date:                Wed, 05 Dec 2018   Prob (F-statistic):          1.97e-157
Time:                        00:48:32   Log-Likelihood:                -21288.
No. Observations:                2373   AIC:                         4.259e+04
Df Residuals:                    2364   BIC:                         4.265e+04
Df Model:                           8                                         
Covariance Type:            nonrobust                                         
==============================================================================
                 coef    std err          t      P>|t|      [0.025      0.975]
------------------------------------------------------------------------------
const        251.4609    141.205      1.781      0.075     -25.438     528.359
x1           -21.2093      5.379     -3.943      0.000     -31.758     -10.660
x2           -10.3508      2.592     -3.993      0.000     -15.434      -5.267
x3            71.4059     83.589      0.854      0.393     -92.510     235.322
x4             5.1961     90.810      0.057      0.954    -172.879     183.271
x5          -101.4405     55.096     -1.841      0.066    -209.482       6.601
x6           324.6216    152.163      2.133      0.033      26.234     623.009
x7           222.6391    135.078      1.648      0.099     -42.244     487.522
x8           321.4618     12.017     26.750      0.000     297.896     345.027
==============================================================================
Omnibus:                     2127.712   Durbin-Watson:                   2.019
Prob(Omnibus):                  0.000   Jarque-Bera (JB):            92233.604
Skew:                           4.131   Prob(JB):                         0.00
Kurtosis:                      32.404   Cond. No.                         177.
==============================================================================

Warnings:
[1] Standard Errors assume that the covariance matrix of the errors is correctly specified.



