[1, 3, 4, 5, 7, 8, 9, 11]
                            OLS Regression Results                            
==============================================================================
Dep. Variable:                      y   R-squared:                       0.203
Model:                            OLS   Adj. R-squared:                  0.200
Method:                 Least Squares   F-statistic:                     89.37
Date:                Wed, 05 Dec 2018   Prob (F-statistic):          1.85e-132
Time:                        00:50:05   Log-Likelihood:                -24800.
No. Observations:                2821   AIC:                         4.962e+04
Df Residuals:                    2812   BIC:                         4.967e+04
Df Model:                           8                                         
Covariance Type:            nonrobust                                         
==============================================================================
                 coef    std err          t      P>|t|      [0.025      0.975]
------------------------------------------------------------------------------
const        163.6208    106.610      1.535      0.125     -45.422     372.663
x1           -14.8959      3.792     -3.929      0.000     -22.331      -7.461
x2            -4.8738      1.999     -2.438      0.015      -8.794      -0.954
x3            12.3508     60.402      0.204      0.838    -106.086     130.788
x4            40.3798     64.777      0.623      0.533     -86.636     167.396
x5           -78.3180     37.964     -2.063      0.039    -152.759      -3.877
x6           313.2548    114.635      2.733      0.006      88.478     538.032
x7            36.3646    100.872      0.361      0.718    -161.425     234.155
x8           206.1319      8.505     24.237      0.000     189.456     222.808
==============================================================================
Omnibus:                     3170.514   Durbin-Watson:                   2.012
Prob(Omnibus):                  0.000   Jarque-Bera (JB):           354998.229
Skew:                           5.648   Prob(JB):                         0.00
Kurtosis:                      56.783   Cond. No.                         170.
==============================================================================

Warnings:
[1] Standard Errors assume that the covariance matrix of the errors is correctly specified.



