[1, 3, 4, 5, 7, 8, 9, 11]
                            OLS Regression Results                            
==============================================================================
Dep. Variable:                      y   R-squared:                       0.205
Model:                            OLS   Adj. R-squared:                  0.199
Method:                 Least Squares   F-statistic:                     38.85
Date:                Wed, 05 Dec 2018   Prob (F-statistic):           2.82e-55
Time:                        00:43:57   Log-Likelihood:                -11786.
No. Observations:                1217   AIC:                         2.359e+04
Df Residuals:                    1208   BIC:                         2.364e+04
Df Model:                           8                                         
Covariance Type:            nonrobust                                         
==============================================================================
                 coef    std err          t      P>|t|      [0.025      0.975]
------------------------------------------------------------------------------
const       -305.1006    453.608     -0.673      0.501   -1195.048     584.846
x1           -76.3759     24.363     -3.135      0.002    -124.175     -28.577
x2            11.8886      6.996      1.699      0.090      -1.837      25.615
x3            -2.9748    385.900     -0.008      0.994    -760.084     754.134
x4           573.6842    338.635      1.694      0.091     -90.693    1238.061
x5          -283.9273    260.708     -1.089      0.276    -795.418     227.564
x6          1094.5516    542.873      2.016      0.044      29.473    2159.630
x7         -1102.0878    378.853     -2.909      0.004   -1845.371    -358.804
x8           773.8939     51.286     15.090      0.000     673.274     874.514
==============================================================================
Omnibus:                     1309.015   Durbin-Watson:                   2.002
Prob(Omnibus):                  0.000   Jarque-Bera (JB):           100480.236
Skew:                           5.187   Prob(JB):                         0.00
Kurtosis:                      46.289   Cond. No.                         225.
==============================================================================

Warnings:
[1] Standard Errors assume that the covariance matrix of the errors is correctly specified.



